#
# There is insufficient memory for the Java Runtime Environment to continue.
# Native memory allocation (malloc) failed to allocate 1164608 bytes for Chunk::new
# Possible reasons:
#   The system is out of physical RAM or swap space
#   The process is running with CompressedOops enabled, and the Java Heap may be blocking the growth of the native heap
# Possible solutions:
#   Reduce memory load on the system
#   Increase physical memory or swap space
#   Check if swap backing store is full
#   Decrease Java heap size (-Xmx/-Xms)
#   Decrease number of Java threads
#   Decrease Java thread stack sizes (-Xss)
#   Set larger code cache with -XX:ReservedCodeCacheSize=
#   JVM is running with Unscaled Compressed Oops mode in which the Java heap is
#     placed in the first 4GB address space. The Java Heap base address is the
#     maximum limit for the native heap growth. Please use -XX:HeapBaseMinAddress
#     to set the Java Heap base and to place the Java Heap above 4GB virtual address.
# This output file may be truncated or incomplete.
#
#  Out of Memory Error (arena.cpp:189), pid=13512, tid=9432
#
# JRE version: OpenJDK Runtime Environment Temurin-17.0.1+12 (17.0.1+12) (build 17.0.1+12)
# Java VM: OpenJDK 64-Bit Server VM Temurin-17.0.1+12 (17.0.1+12, mixed mode, tiered, compressed oops, compressed class ptrs, g1 gc, windows-amd64)
# No core dump will be written. Minidumps are not enabled by default on client versions of Windows
#

---------------  S U M M A R Y ------------

Command Line: -ea -Dfile.encoding=Cp1252 -XX:+ShowCodeDetailsInExceptionMessages org.testng.remote.RemoteTestNG -serport 51906 -protocol json -d C:\Users\anamendra.y(2420)\eclipse-workspace\automateDemo\test-output C:\Users\ANAMEN~1.Y(2\AppData\Local\Temp\testng-eclipse--1173075248\testng-customsuite.xml

Host: Intel(R) Core(TM) i5-4590T CPU @ 2.00GHz, 4 cores, 3G,  Windows 10 , 64 bit Build 19041 (10.0.19041.1348)
Time: Mon Mar  7 19:26:23 2022 India Standard Time elapsed time: 16.724512 seconds (0d 0h 0m 16s)

---------------  T H R E A D  ---------------

Current thread (0x000001fef948c330):  JavaThread "C2 CompilerThread0" daemon [_thread_in_native, id=9432, stack(0x000000b6ff700000,0x000000b6ff800000)]


Current CompileTask:
C2:  16724 2060       4       java.lang.invoke.MethodType::makeImpl (109 bytes)

Stack: [0x000000b6ff700000,0x000000b6ff800000]
Native frames: (J=compiled Java code, j=interpreted, Vv=VM code, C=native code)
V  [jvm.dll+0x6744da]
V  [jvm.dll+0x82e144]
V  [jvm.dll+0x82f8ee]
V  [jvm.dll+0x82ff53]
V  [jvm.dll+0x245175]
V  [jvm.dll+0xab85b]
V  [jvm.dll+0xabdec]
V  [jvm.dll+0x362f07]
V  [jvm.dll+0x1bb698]
V  [jvm.dll+0x218189]
V  [jvm.dll+0x217451]
V  [jvm.dll+0x1a355d]
V  [jvm.dll+0x226e38]
V  [jvm.dll+0x224f7c]
V  [jvm.dll+0x7e3f5b]
V  [jvm.dll+0x7de51a]
V  [jvm.dll+0x673305]
C  [ucrtbase.dll+0x21bb2]
C  [KERNEL32.DLL+0x17034]
C  [ntdll.dll+0x52651]


---------------  P R O C E S S  ---------------

Threads class SMR info:
_java_thread_list=0x000001fefbd21ed0, length=26, elements={
0x000001fef138f0c0, 0x000001fef940b4d0, 0x000001fef940cef0, 0x000001fef9453840,
0x000001fef94568b0, 0x000001fef94833a0, 0x000001fef9485550, 0x000001fef948c330,
0x000001fef94913f0, 0x000001fef94a2c50, 0x000001fef9483870, 0x000001fef9485080,
0x000001fef9484bb0, 0x000001fef9482060, 0x000001fef9484210, 0x000001fef9482a00,
0x000001fef9482530, 0x000001fef9485a20, 0x000001fef9482ed0, 0x000001fef94846e0,
0x000001fefba47550, 0x000001fefba47080, 0x000001fefba44a00, 0x000001fefba466e0,
0x000001fefba47a20, 0x000001fefba48890
}

Java Threads: ( => current thread )
  0x000001fef138f0c0 JavaThread "main" [_thread_in_native, id=11004, stack(0x000000b6fea00000,0x000000b6feb00000)]
  0x000001fef940b4d0 JavaThread "Reference Handler" daemon [_thread_blocked, id=6544, stack(0x000000b6ff100000,0x000000b6ff200000)]
  0x000001fef940cef0 JavaThread "Finalizer" daemon [_thread_blocked, id=8348, stack(0x000000b6ff200000,0x000000b6ff300000)]
  0x000001fef9453840 JavaThread "Signal Dispatcher" daemon [_thread_blocked, id=3292, stack(0x000000b6ff300000,0x000000b6ff400000)]
  0x000001fef94568b0 JavaThread "Attach Listener" daemon [_thread_blocked, id=10524, stack(0x000000b6ff400000,0x000000b6ff500000)]
  0x000001fef94833a0 JavaThread "Service Thread" daemon [_thread_blocked, id=15456, stack(0x000000b6ff500000,0x000000b6ff600000)]
  0x000001fef9485550 JavaThread "Monitor Deflation Thread" daemon [_thread_blocked, id=18156, stack(0x000000b6ff600000,0x000000b6ff700000)]
=>0x000001fef948c330 JavaThread "C2 CompilerThread0" daemon [_thread_in_native, id=9432, stack(0x000000b6ff700000,0x000000b6ff800000)]
  0x000001fef94913f0 JavaThread "C1 CompilerThread0" daemon [_thread_blocked, id=18244, stack(0x000000b6ff800000,0x000000b6ff900000)]
  0x000001fef94a2c50 JavaThread "Sweeper thread" daemon [_thread_blocked, id=320, stack(0x000000b6ff900000,0x000000b6ffa00000)]
  0x000001fef9483870 JavaThread "Notification Thread" daemon [_thread_blocked, id=15536, stack(0x000000b6ffa00000,0x000000b6ffb00000)]
  0x000001fef9485080 JavaThread "Common-Cleaner" daemon [_thread_blocked, id=17460, stack(0x000000b6ffc00000,0x000000b6ffd00000)]
  0x000001fef9484bb0 JavaThread "ReaderThread" [_thread_in_native, id=1712, stack(0x000000b6ffe00000,0x000000b6fff00000)]
  0x000001fef9482060 JavaThread "ForkJoinPool.commonPool-worker-1" daemon [_thread_blocked, id=14980, stack(0x000000b680300000,0x000000b680400000)]
  0x000001fef9484210 JavaThread "ForkJoinPool.commonPool-worker-2" daemon [_thread_blocked, id=13580, stack(0x000000b680400000,0x000000b680500000)]
  0x000001fef9482a00 JavaThread "ForkJoinPool.commonPool-worker-3" daemon [_thread_blocked, id=7736, stack(0x000000b680500000,0x000000b680600000)]
  0x000001fef9482530 JavaThread "AsyncHttpClient-1-1" daemon [_thread_blocked, id=14996, stack(0x000000b680600000,0x000000b680700000)]
  0x000001fef9485a20 JavaThread "Exec Default Executor" daemon [_thread_in_native, id=4924, stack(0x000000b680700000,0x000000b680800000)]
  0x000001fef9482ed0 JavaThread "Driver Service Executor" daemon [_thread_blocked, id=14456, stack(0x000000b680800000,0x000000b680900000)]
  0x000001fef94846e0 JavaThread "Driver Service Executor" daemon [_thread_blocked, id=16216, stack(0x000000b680900000,0x000000b680a00000)]
  0x000001fefba47550 JavaThread "UrlChecker-2" daemon [_thread_blocked, id=9844, stack(0x000000b680a00000,0x000000b680b00000)]
  0x000001fefba47080 JavaThread "Exec Stream Pumper" daemon [_thread_in_native, id=11636, stack(0x000000b680b00000,0x000000b680c00000)]
  0x000001fefba44a00 JavaThread "Exec Stream Pumper" daemon [_thread_in_native, id=19356, stack(0x000000b680c00000,0x000000b680d00000)]
  0x000001fefba466e0 JavaThread "AsyncHttpClient-1-2" daemon [_thread_in_native, id=15952, stack(0x000000b680e00000,0x000000b680f00000)]
  0x000001fefba47a20 JavaThread "AsyncHttpClient-1-3" daemon [_thread_in_native, id=20384, stack(0x000000b680d00000,0x000000b680e00000)]
  0x000001fefba48890 JavaThread "AsyncHttpClient-1-4" daemon [_thread_in_native, id=17376, stack(0x000000b680f00000,0x000000b681000000)]

Other Threads:
  0x000001fef94277f0 VMThread "VM Thread" [stack: 0x000000b6ff000000,0x000000b6ff100000] [id=14740]
  0x000001fefa0ed270 WatcherThread [stack: 0x000000b6ffb00000,0x000000b6ffc00000] [id=2700]
  0x000001fef13bcfd0 GCTaskThread "GC Thread#0" [stack: 0x000000b6feb00000,0x000000b6fec00000] [id=7576]
  0x000001fefaa87d20 GCTaskThread "GC Thread#1" [stack: 0x000000b6fff00000,0x000000b700000000] [id=8208]
  0x000001fefab5a3d0 GCTaskThread "GC Thread#2" [stack: 0x000000b680000000,0x000000b680100000] [id=3256]
  0x000001fefab95050 GCTaskThread "GC Thread#3" [stack: 0x000000b680100000,0x000000b680200000] [id=18308]
  0x000001fef13c7750 ConcurrentGCThread "G1 Main Marker" [stack: 0x000000b6fec00000,0x000000b6fed00000] [id=4432]
  0x000001fef13c8810 ConcurrentGCThread "G1 Conc#0" [stack: 0x000000b6fed00000,0x000000b6fee00000] [id=16252]
  0x000001fef1418280 ConcurrentGCThread "G1 Refine#0" [stack: 0x000000b6fee00000,0x000000b6fef00000] [id=7116]
  0x000001fefab9e730 ConcurrentGCThread "G1 Refine#1" [stack: 0x000000b680200000,0x000000b680300000] [id=15100]
  0x000001fef1418bb0 ConcurrentGCThread "G1 Service" [stack: 0x000000b6fef00000,0x000000b6ff000000] [id=19676]

Threads with active compile tasks:
C2 CompilerThread0    16769 2060       4       java.lang.invoke.MethodType::makeImpl (109 bytes)

VM state: not at safepoint (normal execution)

VM Mutex/Monitor currently owned by a thread: None

Heap address: 0x00000000c1400000, size: 1004 MB, Compressed Oops mode: 32-bit

CDS archive(s) not mapped
Compressed class space mapped at: 0x0000000100000000-0x0000000140000000, reserved size: 1073741824
Narrow klass base: 0x0000000000000000, Narrow klass shift: 3, Narrow klass range: 0x140000000

GC Precious Log:
 CPUs: 4 total, 4 available
 Memory: 4013M
 Large Page Support: Disabled
 NUMA Support: Disabled
 Compressed Oops: Enabled (32-bit)
 Heap Region Size: 1M
 Heap Min Capacity: 8M
 Heap Initial Capacity: 64M
 Heap Max Capacity: 1004M
 Pre-touch: Disabled
 Parallel Workers: 4
 Concurrent Workers: 1
 Concurrent Refinement Workers: 4
 Periodic GC: Disabled

Heap:
 garbage-first heap   total 48128K, used 35628K [0x00000000c1400000, 0x0000000100000000)
  region size 1024K, 10 young (10240K), 1 survivors (1024K)
 Metaspace       used 31943K, committed 32192K, reserved 1081344K
  class space    used 3667K, committed 3776K, reserved 1048576K

Heap Regions: E=young(eden), S=young(survivor), O=old, HS=humongous(starts), HC=humongous(continues), CS=collection set, F=free, OA=open archive, CA=closed archive, TAMS=top-at-mark-start (previous, next)
|   0|0x00000000c1400000, 0x00000000c1500000, 0x00000000c1500000|100%| O|  |TAMS 0x00000000c1500000, 0x00000000c1500000| Untracked 
|   1|0x00000000c1500000, 0x00000000c1600000, 0x00000000c1600000|100%| O|  |TAMS 0x00000000c1600000, 0x00000000c1600000| Untracked 
|   2|0x00000000c1600000, 0x00000000c1700000, 0x00000000c1700000|100%| O|  |TAMS 0x00000000c1700000, 0x00000000c1700000| Untracked 
|   3|0x00000000c1700000, 0x00000000c1800000, 0x00000000c1800000|100%| O|  |TAMS 0x00000000c1800000, 0x00000000c1800000| Untracked 
|   4|0x00000000c1800000, 0x00000000c1800000, 0x00000000c1900000|  0%| F|  |TAMS 0x00000000c1800000, 0x00000000c1800000| Untracked 
|   5|0x00000000c1900000, 0x00000000c1a00000, 0x00000000c1a00000|100%| O|  |TAMS 0x00000000c1900000, 0x00000000c1a00000| Untracked 
|   6|0x00000000c1a00000, 0x00000000c1b00000, 0x00000000c1b00000|100%| O|  |TAMS 0x00000000c1a00000, 0x00000000c1b00000| Untracked 
|   7|0x00000000c1b00000, 0x00000000c1c00000, 0x00000000c1c00000|100%| O|  |TAMS 0x00000000c1b00000, 0x00000000c1c00000| Untracked 
|   8|0x00000000c1c00000, 0x00000000c1d00000, 0x00000000c1d00000|100%| O|  |TAMS 0x00000000c1c00000, 0x00000000c1d00000| Untracked 
|   9|0x00000000c1d00000, 0x00000000c1d00000, 0x00000000c1e00000|  0%| F|  |TAMS 0x00000000c1d00000, 0x00000000c1d00000| Untracked 
|  10|0x00000000c1e00000, 0x00000000c1e00000, 0x00000000c1f00000|  0%| F|  |TAMS 0x00000000c1e00000, 0x00000000c1e00000| Untracked 
|  11|0x00000000c1f00000, 0x00000000c1f00000, 0x00000000c2000000|  0%| F|  |TAMS 0x00000000c1f00000, 0x00000000c1f00000| Untracked 
|  12|0x00000000c2000000, 0x00000000c20db200, 0x00000000c2100000| 85%| O|  |TAMS 0x00000000c2000000, 0x00000000c20db200| Untracked 
|  13|0x00000000c2100000, 0x00000000c2100000, 0x00000000c2200000|  0%| F|  |TAMS 0x00000000c2100000, 0x00000000c2100000| Untracked 
|  14|0x00000000c2200000, 0x00000000c2200000, 0x00000000c2300000|  0%| F|  |TAMS 0x00000000c2200000, 0x00000000c2200000| Untracked 
|  15|0x00000000c2300000, 0x00000000c2300000, 0x00000000c2400000|  0%| F|  |TAMS 0x00000000c2300000, 0x00000000c2300000| Untracked 
|  16|0x00000000c2400000, 0x00000000c2400000, 0x00000000c2500000|  0%| F|  |TAMS 0x00000000c2400000, 0x00000000c2400000| Untracked 
|  17|0x00000000c2500000, 0x00000000c2500000, 0x00000000c2600000|  0%| F|  |TAMS 0x00000000c2500000, 0x00000000c2500000| Untracked 
|  18|0x00000000c2600000, 0x00000000c2600000, 0x00000000c2700000|  0%| F|  |TAMS 0x00000000c2600000, 0x00000000c2600000| Untracked 
|  19|0x00000000c2700000, 0x00000000c2700000, 0x00000000c2800000|  0%| F|  |TAMS 0x00000000c2700000, 0x00000000c2700000| Untracked 
|  20|0x00000000c2800000, 0x00000000c28dbca8, 0x00000000c2900000| 85%| E|  |TAMS 0x00000000c2800000, 0x00000000c2800000| Complete 
|  21|0x00000000c2900000, 0x00000000c2a00000, 0x00000000c2a00000|100%| E|CS|TAMS 0x00000000c2900000, 0x00000000c2900000| Complete 
|  22|0x00000000c2a00000, 0x00000000c2b00000, 0x00000000c2b00000|100%| E|CS|TAMS 0x00000000c2a00000, 0x00000000c2a00000| Complete 
|  23|0x00000000c2b00000, 0x00000000c2c00000, 0x00000000c2c00000|100%| E|CS|TAMS 0x00000000c2b00000, 0x00000000c2b00000| Complete 
|  24|0x00000000c2c00000, 0x00000000c2d00000, 0x00000000c2d00000|100%| E|CS|TAMS 0x00000000c2c00000, 0x00000000c2c00000| Complete 
|  25|0x00000000c2d00000, 0x00000000c2defed0, 0x00000000c2e00000| 93%| S|CS|TAMS 0x00000000c2d00000, 0x00000000c2d00000| Complete 
|  26|0x00000000c2e00000, 0x00000000c2f00000, 0x00000000c2f00000|100%|HS|  |TAMS 0x00000000c2e00000, 0x00000000c2e00000| Complete 
|  27|0x00000000c2f00000, 0x00000000c3000000, 0x00000000c3000000|100%|HC|  |TAMS 0x00000000c2f00000, 0x00000000c2f00000| Complete 
|  28|0x00000000c3000000, 0x00000000c3100000, 0x00000000c3100000|100%|HC|  |TAMS 0x00000000c3000000, 0x00000000c3000000| Complete 
|  29|0x00000000c3100000, 0x00000000c3200000, 0x00000000c3200000|100%|HC|  |TAMS 0x00000000c3100000, 0x00000000c3100000| Complete 
|  30|0x00000000c3200000, 0x00000000c3300000, 0x00000000c3300000|100%|HC|  |TAMS 0x00000000c3200000, 0x00000000c3200000| Complete 
|  31|0x00000000c3300000, 0x00000000c3400000, 0x00000000c3400000|100%|HC|  |TAMS 0x00000000c3300000, 0x00000000c3300000| Complete 
|  32|0x00000000c3400000, 0x00000000c3500000, 0x00000000c3500000|100%|HC|  |TAMS 0x00000000c3400000, 0x00000000c3400000| Complete 
|  33|0x00000000c3500000, 0x00000000c3600000, 0x00000000c3600000|100%|HC|  |TAMS 0x00000000c3500000, 0x00000000c3500000| Complete 
|  34|0x00000000c3600000, 0x00000000c3700000, 0x00000000c3700000|100%|HC|  |TAMS 0x00000000c3600000, 0x00000000c3600000| Complete 
|  35|0x00000000c3700000, 0x00000000c3800000, 0x00000000c3800000|100%|HC|  |TAMS 0x00000000c3700000, 0x00000000c3700000| Complete 
|  36|0x00000000c3800000, 0x00000000c3900000, 0x00000000c3900000|100%|HC|  |TAMS 0x00000000c3800000, 0x00000000c3800000| Complete 
|  37|0x00000000c3900000, 0x00000000c3a00000, 0x00000000c3a00000|100%|HC|  |TAMS 0x00000000c3900000, 0x00000000c3900000| Complete 
|  38|0x00000000c3a00000, 0x00000000c3b00000, 0x00000000c3b00000|100%|HC|  |TAMS 0x00000000c3a00000, 0x00000000c3a00000| Complete 
|  39|0x00000000c3b00000, 0x00000000c3c00000, 0x00000000c3c00000|100%|HC|  |TAMS 0x00000000c3b00000, 0x00000000c3b00000| Complete 
|  40|0x00000000c3c00000, 0x00000000c3d00000, 0x00000000c3d00000|100%|HC|  |TAMS 0x00000000c3c00000, 0x00000000c3c00000| Complete 
|  41|0x00000000c3d00000, 0x00000000c3e00000, 0x00000000c3e00000|100%|HC|  |TAMS 0x00000000c3d00000, 0x00000000c3d00000| Complete 
|  42|0x00000000c3e00000, 0x00000000c3f00000, 0x00000000c3f00000|100%|HC|  |TAMS 0x00000000c3e00000, 0x00000000c3e00000| Complete 
|  45|0x00000000c4100000, 0x00000000c4200000, 0x00000000c4200000|100%| E|CS|TAMS 0x00000000c4100000, 0x00000000c4100000| Complete 
|  46|0x00000000c4200000, 0x00000000c4300000, 0x00000000c4300000|100%| E|CS|TAMS 0x00000000c4200000, 0x00000000c4200000| Complete 
|  47|0x00000000c4300000, 0x00000000c4400000, 0x00000000c4400000|100%| E|CS|TAMS 0x00000000c4300000, 0x00000000c4300000| Complete 
|  63|0x00000000c5300000, 0x00000000c5400000, 0x00000000c5400000|100%| E|CS|TAMS 0x00000000c5300000, 0x00000000c5300000| Complete 

Card table byte_map: [0x000001fef4c30000,0x000001fef4e30000] _byte_map_base: 0x000001fef4626000

Marking Bits (Prev, Next): (CMBitMap*) 0x000001fef13be940, (CMBitMap*) 0x000001fef13be900
 Prev Bits: [0x000001fef5fe0000, 0x000001fef6f90000)
 Next Bits: [0x000001fef5030000, 0x000001fef5fe0000)

Polling page: 0x000001feef530000

Metaspace:

Usage:
  Non-class:     27.61 MB used.
      Class:      3.58 MB used.
       Both:     31.20 MB used.

Virtual space:
  Non-class space:       32.00 MB reserved,      27.75 MB ( 87%) committed,  4 nodes.
      Class space:        1.00 GB reserved,       3.69 MB ( <1%) committed,  1 nodes.
             Both:        1.03 GB reserved,      31.44 MB (  3%) committed. 

Chunk freelists:
   Non-Class:  3.70 MB
       Class:  39.00 KB
        Both:  3.74 MB

MaxMetaspaceSize: unlimited
CompressedClassSpaceSize: 1.00 GB
Initial GC threshold: 21.00 MB
Current GC threshold: 35.25 MB
CDS: off
MetaspaceReclaimPolicy: balanced
 - commit_granule_bytes: 65536.
 - commit_granule_words: 8192.
 - virtual_space_node_default_size: 1048576.
 - enlarge_chunks_in_place: 1.
 - new_chunks_are_fully_committed: 0.
 - uncommit_free_chunks: 1.
 - use_allocation_guard: 0.
 - handle_deallocations: 1.


Internal statistics:

num_allocs_failed_limit: 3.
num_arena_births: 208.
num_arena_deaths: 0.
num_vsnodes_births: 5.
num_vsnodes_deaths: 0.
num_space_committed: 503.
num_space_uncommitted: 0.
num_chunks_returned_to_freelist: 3.
num_chunks_taken_from_freelist: 808.
num_chunk_merges: 0.
num_chunk_splits: 537.
num_chunks_enlarged: 428.
num_purges: 0.
num_inconsistent_stats: 0.

CodeHeap 'non-profiled nmethods': size=120000Kb used=850Kb max_used=850Kb free=119149Kb
 bounds [0x000001fe87ad0000, 0x000001fe87d40000, 0x000001fe8f000000]
CodeHeap 'profiled nmethods': size=120000Kb used=4347Kb max_used=4347Kb free=115652Kb
 bounds [0x000001fe805a0000, 0x000001fe809e0000, 0x000001fe87ad0000]
CodeHeap 'non-nmethods': size=5760Kb used=1281Kb max_used=1304Kb free=4479Kb
 bounds [0x000001fe80000000, 0x000001fe80270000, 0x000001fe805a0000]
 total_blobs=2851 nmethods=2257 adapters=506
 compilation: enabled
              stopped_count=0, restarted_count=0
 full_count=0

Compilation events (20 events):
Event: 16.666 Thread 0x000001fef94913f0 nmethod 2221 0x000001fe809c9d90 code [0x000001fe809c9f20, 0x000001fe809ca098]
Event: 16.666 Thread 0x000001fef94913f0 2222       1       java.util.Formatter$FormatSpecifier::index (5 bytes)
Event: 16.666 Thread 0x000001fef94913f0 nmethod 2222 0x000001fe87ba3d90 code [0x000001fe87ba3f20, 0x000001fe87ba3ff8]
Event: 16.694 Thread 0x000001fef94913f0 2223       3       java.lang.String::trim (35 bytes)
Event: 16.695 Thread 0x000001fef94913f0 nmethod 2223 0x000001fe809ca110 code [0x000001fe809ca2e0, 0x000001fe809ca5d8]
Event: 16.695 Thread 0x000001fef94913f0 2224       1       java.util.Formatter$FixedString::index (3 bytes)
Event: 16.695 Thread 0x000001fef94913f0 nmethod 2224 0x000001fe87ba4090 code [0x000001fe87ba4220, 0x000001fe87ba42f8]
Event: 16.698 Thread 0x000001fef94913f0 2226   !   3       java.io.PrintWriter::println (34 bytes)
Event: 16.699 Thread 0x000001fef94913f0 nmethod 2226 0x000001fe809ca690 code [0x000001fe809ca8c0, 0x000001fe809cb078]
Event: 16.704 Thread 0x000001fef94913f0 2228       3       java.io.PrintWriter::append (10 bytes)
Event: 16.704 Thread 0x000001fef94913f0 nmethod 2228 0x000001fe809cb490 code [0x000001fe809cb680, 0x000001fe809cbad8]
Event: 16.708 Thread 0x000001fef94913f0 2229       3       java.lang.invoke.BootstrapMethodInvoker::widenAndCast (47 bytes)
Event: 16.709 Thread 0x000001fef94913f0 nmethod 2229 0x000001fe809cbd10 code [0x000001fe809cbf80, 0x000001fe809cc8f8]
Event: 16.713 Thread 0x000001fef94913f0 2230       3       jdk.internal.math.FDBigInteger::mult (64 bytes)
Event: 16.713 Thread 0x000001fef94913f0 nmethod 2230 0x000001fe809ccc10 code [0x000001fe809ccdc0, 0x000001fe809cd038]
Event: 16.713 Thread 0x000001fef94913f0 2231       3       jdk.internal.math.FDBigInteger::<init> (30 bytes)
Event: 16.713 Thread 0x000001fef94913f0 nmethod 2231 0x000001fe809cd210 code [0x000001fe809cd3c0, 0x000001fe809cd5c8]
Event: 16.713 Thread 0x000001fef94913f0 2232       3       jdk.internal.math.FDBigInteger::trimLeadingZeros (57 bytes)
Event: 16.715 Thread 0x000001fef94913f0 nmethod 2232 0x000001fe809cd710 code [0x000001fe809cd8c0, 0x000001fe809cdb98]
Event: 16.720 Thread 0x000001fef94913f0 2233       3       java.lang.StringBuilder::append (8 bytes)

GC Heap History (14 events):
Event: 2.382 GC heap before
{Heap before GC invocations=0 (full 0):
 garbage-first heap   total 65536K, used 13312K [0x00000000c1400000, 0x0000000100000000)
  region size 1024K, 13 young (13312K), 0 survivors (0K)
 Metaspace       used 12196K, committed 12416K, reserved 1064960K
  class space    used 1146K, committed 1280K, reserved 1048576K
}
Event: 2.389 GC heap after
{Heap after GC invocations=1 (full 0):
 garbage-first heap   total 65536K, used 4528K [0x00000000c1400000, 0x0000000100000000)
  region size 1024K, 2 young (2048K), 2 survivors (2048K)
 Metaspace       used 12196K, committed 12416K, reserved 1064960K
  class space    used 1146K, committed 1280K, reserved 1048576K
}
Event: 2.860 GC heap before
{Heap before GC invocations=1 (full 0):
 garbage-first heap   total 65536K, used 15792K [0x00000000c1400000, 0x0000000100000000)
  region size 1024K, 13 young (13312K), 2 survivors (2048K)
 Metaspace       used 16595K, committed 16768K, reserved 1064960K
  class space    used 1658K, committed 1728K, reserved 1048576K
}
Event: 2.866 GC heap after
{Heap after GC invocations=2 (full 0):
 garbage-first heap   total 65536K, used 6130K [0x00000000c1400000, 0x0000000100000000)
  region size 1024K, 2 young (2048K), 2 survivors (2048K)
 Metaspace       used 16595K, committed 16768K, reserved 1064960K
  class space    used 1658K, committed 1728K, reserved 1048576K
}
Event: 6.443 GC heap before
{Heap before GC invocations=2 (full 0):
 garbage-first heap   total 65536K, used 19442K [0x00000000c1400000, 0x0000000100000000)
  region size 1024K, 16 young (16384K), 2 survivors (2048K)
 Metaspace       used 21343K, committed 21504K, reserved 1073152K
  class space    used 2289K, committed 2368K, reserved 1048576K
}
Event: 6.449 GC heap after
{Heap after GC invocations=3 (full 0):
 garbage-first heap   total 65536K, used 7345K [0x00000000c1400000, 0x0000000100000000)
  region size 1024K, 3 young (3072K), 3 survivors (3072K)
 Metaspace       used 21343K, committed 21504K, reserved 1073152K
  class space    used 2289K, committed 2368K, reserved 1048576K
}
Event: 6.880 GC heap before
{Heap before GC invocations=4 (full 0):
 garbage-first heap   total 30720K, used 21681K [0x00000000c1400000, 0x0000000100000000)
  region size 1024K, 18 young (18432K), 3 survivors (3072K)
 Metaspace       used 25900K, committed 26112K, reserved 1073152K
  class space    used 2828K, committed 2944K, reserved 1048576K
}
Event: 6.887 GC heap after
{Heap after GC invocations=5 (full 0):
 garbage-first heap   total 30720K, used 9074K [0x00000000c1400000, 0x0000000100000000)
  region size 1024K, 3 young (3072K), 3 survivors (3072K)
 Metaspace       used 25900K, committed 26112K, reserved 1073152K
  class space    used 2828K, committed 2944K, reserved 1048576K
}
Event: 6.915 GC heap before
{Heap before GC invocations=5 (full 0):
 garbage-first heap   total 30720K, used 10098K [0x00000000c1400000, 0x0000000100000000)
  region size 1024K, 4 young (4096K), 3 survivors (3072K)
 Metaspace       used 26127K, committed 26368K, reserved 1073152K
  class space    used 2883K, committed 3008K, reserved 1048576K
}
Event: 6.918 GC heap after
{Heap after GC invocations=6 (full 0):
 garbage-first heap   total 30720K, used 9632K [0x00000000c1400000, 0x0000000100000000)
  region size 1024K, 1 young (1024K), 1 survivors (1024K)
 Metaspace       used 26127K, committed 26368K, reserved 1073152K
  class space    used 2883K, committed 3008K, reserved 1048576K
}
Event: 10.368 GC heap before
{Heap before GC invocations=6 (full 0):
 garbage-first heap   total 30720K, used 18848K [0x00000000c1400000, 0x0000000100000000)
  region size 1024K, 11 young (11264K), 1 survivors (1024K)
 Metaspace       used 28885K, committed 29056K, reserved 1081344K
  class space    used 3253K, committed 3328K, reserved 1048576K
}
Event: 10.370 GC heap after
{Heap after GC invocations=7 (full 0):
 garbage-first heap   total 30720K, used 9814K [0x00000000c1400000, 0x0000000100000000)
  region size 1024K, 1 young (1024K), 1 survivors (1024K)
 Metaspace       used 28885K, committed 29056K, reserved 1081344K
  class space    used 3253K, committed 3328K, reserved 1048576K
}
Event: 10.483 GC heap before
{Heap before GC invocations=7 (full 0):
 garbage-first heap   total 30720K, used 12886K [0x00000000c1400000, 0x0000000100000000)
  region size 1024K, 5 young (5120K), 1 survivors (1024K)
 Metaspace       used 29852K, committed 30080K, reserved 1081344K
  class space    used 3402K, committed 3520K, reserved 1048576K
}
Event: 10.486 GC heap after
{Heap after GC invocations=8 (full 0):
 garbage-first heap   total 30720K, used 10028K [0x00000000c1400000, 0x0000000100000000)
  region size 1024K, 1 young (1024K), 1 survivors (1024K)
 Metaspace       used 29852K, committed 30080K, reserved 1081344K
  class space    used 3402K, committed 3520K, reserved 1048576K
}

Deoptimization events (20 events):
Event: 6.930 Thread 0x000001fef9485a20 Uncommon trap: trap_request=0xffffffc6 fr.pc=0x000001fe87b73808 relative=0x00000000000013e8
Event: 6.930 Thread 0x000001fef9485a20 Uncommon trap: reason=bimorphic_or_optimized_type_check action=maybe_recompile pc=0x000001fe87b73808 method=java.util.HashMap.putVal(ILjava/lang/Object;Ljava/lang/Object;ZZ)Ljava/lang/Object; @ 56 c2
Event: 6.930 Thread 0x000001fef9485a20 DEOPT PACKING pc=0x000001fe87b73808 sp=0x000000b6807fef40
Event: 6.930 Thread 0x000001fef9485a20 DEOPT UNPACKING pc=0x000001fe800523a3 sp=0x000000b6807feec8 mode 2
Event: 6.930 Thread 0x000001fef9485a20 Uncommon trap: trap_request=0xffffffc6 fr.pc=0x000001fe87b73808 relative=0x00000000000013e8
Event: 6.930 Thread 0x000001fef9485a20 Uncommon trap: reason=bimorphic_or_optimized_type_check action=maybe_recompile pc=0x000001fe87b73808 method=java.util.HashMap.putVal(ILjava/lang/Object;Ljava/lang/Object;ZZ)Ljava/lang/Object; @ 56 c2
Event: 6.930 Thread 0x000001fef9485a20 DEOPT PACKING pc=0x000001fe87b73808 sp=0x000000b6807fef40
Event: 6.930 Thread 0x000001fef9485a20 DEOPT UNPACKING pc=0x000001fe800523a3 sp=0x000000b6807feec8 mode 2
Event: 6.943 Thread 0x000001fefba47550 Uncommon trap: trap_request=0xffffff45 fr.pc=0x000001fe87b5cef4 relative=0x00000000000000d4
Event: 6.943 Thread 0x000001fefba47550 Uncommon trap: reason=unstable_if action=reinterpret pc=0x000001fe87b5cef4 method=java.lang.CharacterDataLatin1.digit(II)I @ 12 c2
Event: 6.943 Thread 0x000001fefba47550 DEOPT PACKING pc=0x000001fe87b5cef4 sp=0x000000b680afed00
Event: 6.943 Thread 0x000001fefba47550 DEOPT UNPACKING pc=0x000001fe800523a3 sp=0x000000b680afebb8 mode 2
Event: 6.969 Thread 0x000001fefba47550 Uncommon trap: trap_request=0xffffff45 fr.pc=0x000001fe87b5f348 relative=0x00000000000000a8
Event: 6.969 Thread 0x000001fefba47550 Uncommon trap: reason=unstable_if action=reinterpret pc=0x000001fe87b5f348 method=java.lang.CharacterDataLatin1.digit(II)I @ 12 c2
Event: 6.969 Thread 0x000001fefba47550 DEOPT PACKING pc=0x000001fe87b5f348 sp=0x000000b680afec50
Event: 6.969 Thread 0x000001fefba47550 DEOPT UNPACKING pc=0x000001fe800523a3 sp=0x000000b680afebc8 mode 2
Event: 16.468 Thread 0x000001fef138f0c0 Uncommon trap: trap_request=0xffffff45 fr.pc=0x000001fe87b40dc4 relative=0x0000000000000fa4
Event: 16.468 Thread 0x000001fef138f0c0 Uncommon trap: reason=unstable_if action=reinterpret pc=0x000001fe87b40dc4 method=java.util.concurrent.ConcurrentHashMap.putVal(Ljava/lang/Object;Ljava/lang/Object;Z)Ljava/lang/Object; @ 231 c2
Event: 16.468 Thread 0x000001fef138f0c0 DEOPT PACKING pc=0x000001fe87b40dc4 sp=0x000000b6feafd530
Event: 16.468 Thread 0x000001fef138f0c0 DEOPT UNPACKING pc=0x000001fe800523a3 sp=0x000000b6feafd4a0 mode 2

Classes unloaded (0 events):
No events

Classes redefined (0 events):
No events

Internal exceptions (20 events):
Event: 7.154 Thread 0x000001fefba47550 Exception <a 'java/net/SocketException'{0x00000000c5395408}: Socket is not connected: shutdown> (0x00000000c5395408) 
thrown [e:\jenkins\tmp\workspace\build\src\src\hotspot\share\prims\jni.cpp, line 535]
Event: 7.327 Thread 0x000001fefba47550 Exception <a 'java/net/ConnectException'{0x00000000c53963a0}: Connection refused: no further information> (0x00000000c53963a0) 
thrown [e:\jenkins\tmp\workspace\build\src\src\hotspot\share\prims\jni.cpp, line 535]
Event: 7.327 Thread 0x000001fefba47550 Exception <a 'java/net/SocketException'{0x00000000c53966d8}: Socket is not connected: shutdown> (0x00000000c53966d8) 
thrown [e:\jenkins\tmp\workspace\build\src\src\hotspot\share\prims\jni.cpp, line 535]
Event: 7.652 Thread 0x000001fefba47550 Exception <a 'java/net/ConnectException'{0x00000000c5397670}: Connection refused: no further information> (0x00000000c5397670) 
thrown [e:\jenkins\tmp\workspace\build\src\src\hotspot\share\prims\jni.cpp, line 535]
Event: 7.652 Thread 0x000001fefba47550 Exception <a 'java/net/SocketException'{0x00000000c53979a8}: Socket is not connected: shutdown> (0x00000000c53979a8) 
thrown [e:\jenkins\tmp\workspace\build\src\src\hotspot\share\prims\jni.cpp, line 535]
Event: 9.213 Thread 0x000001fef138f0c0 Exception <a 'java/lang/NoSuchMethodError'{0x00000000c426c9e0}: 'double java.lang.invoke.DirectMethodHandle$Holder.invokeVirtual(java.lang.Object, java.lang.Object)'> (0x00000000c426c9e0) 
thrown [e:\jenkins\tmp\workspace\build\src\src\hotspot\share\interpreter\linkResolver.cpp, line 766]
Event: 9.214 Thread 0x000001fef138f0c0 Exception <a 'java/lang/NoSuchMethodError'{0x00000000c4273188}: 'float java.lang.invoke.DirectMethodHandle$Holder.invokeVirtual(java.lang.Object, java.lang.Object)'> (0x00000000c4273188) 
thrown [e:\jenkins\tmp\workspace\build\src\src\hotspot\share\interpreter\linkResolver.cpp, line 766]
Event: 9.214 Thread 0x000001fef138f0c0 Exception <a 'java/lang/NoSuchMethodError'{0x00000000c427c3c8}: 'long java.lang.invoke.DirectMethodHandle$Holder.invokeVirtual(java.lang.Object, java.lang.Object)'> (0x00000000c427c3c8) 
thrown [e:\jenkins\tmp\workspace\build\src\src\hotspot\share\interpreter\linkResolver.cpp, line 766]
Event: 9.633 Thread 0x000001fef138f0c0 Exception <a 'java/lang/NoSuchMethodError'{0x00000000c41cb0f0}: 'void java.lang.invoke.DirectMethodHandle$Holder.invokeSpecial(java.lang.Object, java.lang.Object, java.lang.Object, java.lang.Object, java.lang.Object)'> (0x00000000c41cb0f0) 
thrown [e:\jenkins\tmp\workspace\build\src\src\hotspot\share\interpreter\linkResolver.cpp, line 766]
Event: 9.634 Thread 0x000001fef138f0c0 Exception <a 'java/lang/NoSuchMethodError'{0x00000000c41d2240}: 'void java.lang.invoke.DirectMethodHandle$Holder.invokeStatic(java.lang.Object, java.lang.Object, int)'> (0x00000000c41d2240) 
thrown [e:\jenkins\tmp\workspace\build\src\src\hotspot\share\interpreter\linkResolver.cpp, line 766]
Event: 9.732 Thread 0x000001fef138f0c0 Exception <a 'java/lang/NoSuchMethodError'{0x00000000c2d8d580}: 'java.lang.Object java.lang.invoke.DirectMethodHandle$Holder.newInvokeSpecial(java.lang.Object, java.lang.Object, java.lang.Object, java.lang.Object, java.lang.Object)'> (0x00000000c2d8d580) 
thrown [e:\jenkins\tmp\workspace\build\src\src\hotspot\share\interpreter\linkResolver.cpp, line 766]
Event: 9.921 Thread 0x000001fef138f0c0 Exception <a 'java/lang/NoSuchMethodError'{0x00000000c2c63160}: 'int java.lang.invoke.DirectMethodHandle$Holder.invokeSpecialIFC(java.lang.Object, java.lang.Object, java.lang.Object)'> (0x00000000c2c63160) 
thrown [e:\jenkins\tmp\workspace\build\src\src\hotspot\share\interpreter\linkResolver.cpp, line 766]
Event: 10.224 Thread 0x000001fef138f0c0 Exception <a 'java/lang/NoSuchMethodError'{0x00000000c29c03a0}: 'void java.lang.invoke.DirectMethodHandle$Holder.invokeSpecial(java.lang.Object, java.lang.Object, java.lang.Object, java.lang.Object, java.lang.Object, java.lang.Object)'> (0x00000000c29c03a0) 
thrown [e:\jenkins\tmp\workspace\build\src\src\hotspot\share\interpreter\linkResolver.cpp, line 766]
Event: 16.381 Thread 0x000001fef138f0c0 Exception <a 'java/lang/NoSuchMethodError'{0x00000000c42a4c98}: 'java.lang.Object java.lang.invoke.DirectMethodHandle$Holder.invokeSpecialIFC(java.lang.Object, java.lang.Object, java.lang.Object)'> (0x00000000c42a4c98) 
thrown [e:\jenkins\tmp\workspace\build\src\src\hotspot\share\interpreter\linkResolver.cpp, line 766]
Event: 16.393 Thread 0x000001fef138f0c0 Exception <a 'java/lang/NoSuchMethodError'{0x00000000c42d07f8}: 'void java.lang.invoke.DirectMethodHandle$Holder.invokeSpecial(java.lang.Object, java.lang.Object, java.lang.Object)'> (0x00000000c42d07f8) 
thrown [e:\jenkins\tmp\workspace\build\src\src\hotspot\share\interpreter\linkResolver.cpp, line 766]
Event: 16.454 Thread 0x000001fef138f0c0 Exception <a 'java/lang/ClassNotFoundException'{0x00000000c416b2d0}: sun/util/logging/resources/spi/loggingProvider> (0x00000000c416b2d0) 
thrown [e:\jenkins\tmp\workspace\build\src\src\hotspot\share\classfile\systemDictionary.cpp, line 256]
Event: 16.580 Thread 0x000001fef138f0c0 Exception <a 'java/lang/reflect/InvocationTargetException'{0x00000000c2b78df0}> (0x00000000c2b78df0) 
thrown [e:\jenkins\tmp\workspace\build\src\src\hotspot\share\runtime\reflection.cpp, line 1121]
Event: 16.613 Thread 0x000001fef138f0c0 Exception <a 'java/lang/NoSuchMethodError'{0x00000000c2a4f758}: 'int java.lang.invoke.DirectMethodHandle$Holder.invokeInterface(java.lang.Object, java.lang.Object)'> (0x00000000c2a4f758) 
thrown [e:\jenkins\tmp\workspace\build\src\src\hotspot\share\interpreter\linkResolver.cpp, line 766]
Event: 16.617 Thread 0x000001fef138f0c0 Exception <a 'java/lang/NullPointerException'{0x00000000c2a64e18}> (0x00000000c2a64e18) 
thrown [e:\jenkins\tmp\workspace\build\src\src\hotspot\share\interpreter\linkResolver.cpp, line 1440]
Event: 16.617 Thread 0x000001fef138f0c0 Exception <a 'java/lang/reflect/InvocationTargetException'{0x00000000c2a650f0}> (0x00000000c2a650f0) 
thrown [e:\jenkins\tmp\workspace\build\src\src\hotspot\share\runtime\reflection.cpp, line 1121]

VM Operations (20 events):
Event: 7.929 Executing VM operation: Cleanup
Event: 7.929 Executing VM operation: Cleanup done
Event: 8.364 Executing VM operation: HandshakeAllThreads
Event: 8.364 Executing VM operation: HandshakeAllThreads done
Event: 8.365 Executing VM operation: HandshakeAllThreads
Event: 8.365 Executing VM operation: HandshakeAllThreads done
Event: 8.476 Executing VM operation: HandshakeAllThreads
Event: 8.476 Executing VM operation: HandshakeAllThreads done
Event: 9.485 Executing VM operation: Cleanup
Event: 9.485 Executing VM operation: Cleanup done
Event: 10.057 Executing VM operation: HandshakeAllThreads
Event: 10.057 Executing VM operation: HandshakeAllThreads done
Event: 10.368 Executing VM operation: G1CollectForAllocation
Event: 10.370 Executing VM operation: G1CollectForAllocation done
Event: 10.483 Executing VM operation: G1TryInitiateConcMark
Event: 10.486 Executing VM operation: G1TryInitiateConcMark done
Event: 11.496 Executing VM operation: Cleanup
Event: 11.496 Executing VM operation: Cleanup done
Event: 16.554 Executing VM operation: Cleanup
Event: 16.555 Executing VM operation: Cleanup done

Events (20 events):
Event: 16.651 loading class sun/util/resources/cldr/TimeZoneNames_en
Event: 16.654 loading class sun/util/resources/cldr/TimeZoneNames_en done
Event: 16.655 loading class sun/util/resources/cldr/TimeZoneNames_en_US
Event: 16.655 loading class sun/util/resources/cldr/TimeZoneNames_en_US done
Event: 16.657 loading class sun/util/resources/TimeZoneNames
Event: 16.659 loading class sun/util/resources/TimeZoneNames done
Event: 16.659 loading class sun/util/resources/TimeZoneNames_en
Event: 16.659 loading class sun/util/resources/TimeZoneNames_en done
Event: 16.710 loading class java/io/FileWriter
Event: 16.710 loading class java/io/FileWriter done
Event: 16.711 loading class jdk/internal/math/FDBigInteger
Event: 16.712 loading class jdk/internal/math/FDBigInteger done
Event: 16.714 loading class java/text/FieldPosition$Delegate
Event: 16.715 loading class java/text/Format$FieldDelegate
Event: 16.715 loading class java/text/Format$FieldDelegate done
Event: 16.715 loading class java/text/FieldPosition$Delegate done
Event: 16.718 loading class java/text/StringCharacterIterator
Event: 16.718 loading class java/text/CharacterIterator
Event: 16.718 loading class java/text/CharacterIterator done
Event: 16.718 loading class java/text/StringCharacterIterator done


Dynamic libraries:
0x00007ff714930000 - 0x00007ff71493e000 	C:\Users\anamendra.y(2420)\.p2\pool\plugins\org.eclipse.justj.openjdk.hotspot.jre.full.win32.x86_64_17.0.1.v20211116-1657\jre\bin\javaw.exe
0x00007ffe36bf0000 - 0x00007ffe36de5000 	C:\WINDOWS\SYSTEM32\ntdll.dll
0x00007ffe369b0000 - 0x00007ffe36a6e000 	C:\WINDOWS\System32\KERNEL32.DLL
0x00007ffe34410000 - 0x00007ffe346d8000 	C:\WINDOWS\System32\KERNELBASE.dll
0x00007ffe34a00000 - 0x00007ffe34b00000 	C:\WINDOWS\System32\ucrtbase.dll
0x00007ffe25090000 - 0x00007ffe250a8000 	C:\Users\anamendra.y(2420)\.p2\pool\plugins\org.eclipse.justj.openjdk.hotspot.jre.full.win32.x86_64_17.0.1.v20211116-1657\jre\bin\jli.dll
0x00007ffe35050000 - 0x00007ffe351f1000 	C:\WINDOWS\System32\USER32.dll
0x00007ffe34810000 - 0x00007ffe34832000 	C:\WINDOWS\System32\win32u.dll
0x00007ffe34ed0000 - 0x00007ffe34efb000 	C:\WINDOWS\System32\GDI32.dll
0x00007ffe34300000 - 0x00007ffe3440d000 	C:\WINDOWS\System32\gdi32full.dll
0x00007ffe34770000 - 0x00007ffe3480d000 	C:\WINDOWS\System32\msvcp_win.dll
0x00007ffe24570000 - 0x00007ffe2480a000 	C:\WINDOWS\WinSxS\amd64_microsoft.windows.common-controls_6595b64144ccf1df_6.0.19041.1110_none_60b5254171f9507e\COMCTL32.dll
0x00007ffe36610000 - 0x00007ffe366ae000 	C:\WINDOWS\System32\msvcrt.dll
0x00007ffe25040000 - 0x00007ffe25059000 	C:\Users\anamendra.y(2420)\.p2\pool\plugins\org.eclipse.justj.openjdk.hotspot.jre.full.win32.x86_64_17.0.1.v20211116-1657\jre\bin\VCRUNTIME140.dll
0x00007ffe36a70000 - 0x00007ffe36aa0000 	C:\WINDOWS\System32\IMM32.DLL
0x00007ffe2c370000 - 0x00007ffe2c37c000 	C:\Users\anamendra.y(2420)\.p2\pool\plugins\org.eclipse.justj.openjdk.hotspot.jre.full.win32.x86_64_17.0.1.v20211116-1657\jre\bin\vcruntime140_1.dll
0x00007ffe1a380000 - 0x00007ffe1a411000 	C:\Users\anamendra.y(2420)\.p2\pool\plugins\org.eclipse.justj.openjdk.hotspot.jre.full.win32.x86_64_17.0.1.v20211116-1657\jre\bin\msvcp140.dll
0x00007ffdf2810000 - 0x00007ffdf3456000 	C:\Users\anamendra.y(2420)\.p2\pool\plugins\org.eclipse.justj.openjdk.hotspot.jre.full.win32.x86_64_17.0.1.v20211116-1657\jre\bin\server\jvm.dll
0x00007ffe36aa0000 - 0x00007ffe36b4c000 	C:\WINDOWS\System32\ADVAPI32.dll
0x00007ffe35200000 - 0x00007ffe3529b000 	C:\WINDOWS\System32\sechost.dll
0x00007ffe35b50000 - 0x00007ffe35c7a000 	C:\WINDOWS\System32\RPCRT4.dll
0x00007ffe34f00000 - 0x00007ffe34f08000 	C:\WINDOWS\System32\PSAPI.DLL
0x00007ffe22610000 - 0x00007ffe22619000 	C:\WINDOWS\SYSTEM32\WSOCK32.dll
0x00007ffe36940000 - 0x00007ffe369ab000 	C:\WINDOWS\System32\WS2_32.dll
0x00007ffe26500000 - 0x00007ffe26527000 	C:\WINDOWS\SYSTEM32\WINMM.dll
0x00007ffe330f0000 - 0x00007ffe330fa000 	C:\WINDOWS\SYSTEM32\VERSION.dll
0x00007ffe330a0000 - 0x00007ffe330b2000 	C:\WINDOWS\SYSTEM32\kernel.appcore.dll
0x00007ffe0ec00000 - 0x00007ffe0ec0a000 	C:\Users\anamendra.y(2420)\.p2\pool\plugins\org.eclipse.justj.openjdk.hotspot.jre.full.win32.x86_64_17.0.1.v20211116-1657\jre\bin\jimage.dll
0x00007ffe22960000 - 0x00007ffe22b44000 	C:\WINDOWS\SYSTEM32\DBGHELP.DLL
0x00007ffe227f0000 - 0x00007ffe2281c000 	C:\WINDOWS\SYSTEM32\dbgcore.DLL
0x00007ffe346e0000 - 0x00007ffe34762000 	C:\WINDOWS\System32\bcryptPrimitives.dll
0x00007ffdf88b0000 - 0x00007ffdf88d5000 	C:\Users\anamendra.y(2420)\.p2\pool\plugins\org.eclipse.justj.openjdk.hotspot.jre.full.win32.x86_64_17.0.1.v20211116-1657\jre\bin\java.dll
0x00007ffdf8890000 - 0x00007ffdf88a8000 	C:\Users\anamendra.y(2420)\.p2\pool\plugins\org.eclipse.justj.openjdk.hotspot.jre.full.win32.x86_64_17.0.1.v20211116-1657\jre\bin\zip.dll
0x00007ffe35360000 - 0x00007ffe35aa4000 	C:\WINDOWS\System32\SHELL32.dll
0x00007ffe32230000 - 0x00007ffe329c4000 	C:\WINDOWS\SYSTEM32\windows.storage.dll
0x00007ffe35c80000 - 0x00007ffe35fd5000 	C:\WINDOWS\System32\combase.dll
0x00007ffe33c80000 - 0x00007ffe33cae000 	C:\WINDOWS\SYSTEM32\Wldp.dll
0x00007ffe34f20000 - 0x00007ffe34fcd000 	C:\WINDOWS\System32\SHCORE.dll
0x00007ffe34fd0000 - 0x00007ffe35025000 	C:\WINDOWS\System32\shlwapi.dll
0x00007ffe34240000 - 0x00007ffe3425f000 	C:\WINDOWS\SYSTEM32\profapi.dll
0x00007ffdf8870000 - 0x00007ffdf8889000 	C:\Users\anamendra.y(2420)\.p2\pool\plugins\org.eclipse.justj.openjdk.hotspot.jre.full.win32.x86_64_17.0.1.v20211116-1657\jre\bin\net.dll
0x00007ffe271e0000 - 0x00007ffe272ec000 	C:\WINDOWS\SYSTEM32\WINHTTP.dll
0x00007ffe339e0000 - 0x00007ffe33a4a000 	C:\WINDOWS\system32\mswsock.dll
0x00007ffdf8850000 - 0x00007ffdf8865000 	C:\Users\anamendra.y(2420)\.p2\pool\plugins\org.eclipse.justj.openjdk.hotspot.jre.full.win32.x86_64_17.0.1.v20211116-1657\jre\bin\nio.dll
0x00007ffe33710000 - 0x00007ffe337db000 	C:\WINDOWS\SYSTEM32\DNSAPI.dll
0x00007ffe336d0000 - 0x00007ffe3370b000 	C:\WINDOWS\SYSTEM32\IPHLPAPI.DLL
0x00007ffe34f10000 - 0x00007ffe34f18000 	C:\WINDOWS\System32\NSI.dll
0x00007ffe25a10000 - 0x00007ffe25a1a000 	C:\Windows\System32\rasadhlp.dll
0x00007ffe2f0a0000 - 0x00007ffe2f11f000 	C:\WINDOWS\System32\fwpuclnt.dll
0x00007ffe34b00000 - 0x00007ffe34b27000 	C:\WINDOWS\System32\bcrypt.dll
0x00007ffe33be0000 - 0x00007ffe33bf8000 	C:\WINDOWS\SYSTEM32\CRYPTSP.dll
0x00007ffe33360000 - 0x00007ffe33394000 	C:\WINDOWS\system32\rsaenh.dll
0x00007ffe34200000 - 0x00007ffe3422e000 	C:\WINDOWS\SYSTEM32\USERENV.dll
0x00007ffe33bd0000 - 0x00007ffe33bdc000 	C:\WINDOWS\SYSTEM32\CRYPTBASE.dll
0x00007ffe2eb90000 - 0x00007ffe2eba7000 	C:\WINDOWS\SYSTEM32\dhcpcsvc6.DLL
0x00007ffe2e760000 - 0x00007ffe2e77d000 	C:\WINDOWS\SYSTEM32\dhcpcsvc.DLL
0x00007ffe21d10000 - 0x00007ffe21d27000 	C:\WINDOWS\system32\napinsp.dll
0x00007ffe21ce0000 - 0x00007ffe21cfb000 	C:\WINDOWS\system32\pnrpnsp.dll
0x00007ffe21cc0000 - 0x00007ffe21cd5000 	C:\WINDOWS\system32\wshbth.dll
0x00007ffe2fd00000 - 0x00007ffe2fd1d000 	C:\WINDOWS\system32\NLAapi.dll
0x00007ffe21ca0000 - 0x00007ffe21cb2000 	C:\WINDOWS\System32\winrnr.dll
0x00007ffe04b30000 - 0x00007ffe04b40000 	C:\Users\anamendra.y(2420)\.p2\pool\plugins\org.eclipse.justj.openjdk.hotspot.jre.full.win32.x86_64_17.0.1.v20211116-1657\jre\bin\verify.dll
0x00007ffe26370000 - 0x00007ffe26379000 	C:\Users\anamendra.y(2420)\.p2\pool\plugins\org.eclipse.justj.openjdk.hotspot.jre.full.win32.x86_64_17.0.1.v20211116-1657\jre\bin\management.dll
0x00007ffdffa40000 - 0x00007ffdffa4b000 	C:\Users\anamendra.y(2420)\.p2\pool\plugins\org.eclipse.justj.openjdk.hotspot.jre.full.win32.x86_64_17.0.1.v20211116-1657\jre\bin\management_ext.dll
0x00007ffdffa30000 - 0x00007ffdffa3e000 	C:\Users\anamendra.y(2420)\.p2\pool\plugins\org.eclipse.justj.openjdk.hotspot.jre.full.win32.x86_64_17.0.1.v20211116-1657\jre\bin\sunmscapi.dll
0x00007ffe34840000 - 0x00007ffe34996000 	C:\WINDOWS\System32\CRYPT32.dll
0x00007ffe33cf0000 - 0x00007ffe33d17000 	C:\WINDOWS\SYSTEM32\ncrypt.dll
0x00007ffe33cb0000 - 0x00007ffe33ceb000 	C:\WINDOWS\SYSTEM32\NTASN1.dll
0x00007ffe25c40000 - 0x00007ffe25c47000 	C:\WINDOWS\system32\wshunix.dll

dbghelp: loaded successfully - version: 4.0.5 - missing functions: none
symbol engine: initialized successfully - sym options: 0x614 - pdb path: .;C:\Users\anamendra.y(2420)\.p2\pool\plugins\org.eclipse.justj.openjdk.hotspot.jre.full.win32.x86_64_17.0.1.v20211116-1657\jre\bin;C:\WINDOWS\SYSTEM32;C:\WINDOWS\WinSxS\amd64_microsoft.windows.common-controls_6595b64144ccf1df_6.0.19041.1110_none_60b5254171f9507e;C:\Users\anamendra.y(2420)\.p2\pool\plugins\org.eclipse.justj.openjdk.hotspot.jre.full.win32.x86_64_17.0.1.v20211116-1657\jre\bin\server

VM Arguments:
jvm_args: -ea -Dfile.encoding=Cp1252 -XX:+ShowCodeDetailsInExceptionMessages 
java_command: org.testng.remote.RemoteTestNG -serport 51906 -protocol json -d C:\Users\anamendra.y(2420)\eclipse-workspace\automateDemo\test-output C:\Users\ANAMEN~1.Y(2\AppData\Local\Temp\testng-eclipse--1173075248\testng-customsuite.xml
java_class_path (initial): C:\Users\anamendra.y(2420)\eclipse\java-2021-12\eclipse\configuration\org.eclipse.osgi\429\0\.cp\lib\testng-remote.jar;C:\Users\anamendra.y(2420)\eclipse-workspace\automateDemo\target\test-classes;C:\Users\anamendra.y(2420)\eclipse-workspace\automateDemo\target\classes;C:\Users\anamendra.y(2420)\.p2\pool\plugins\org.testng_7.4.0.r202105021533.jar;C:\Users\anamendra.y(2420)\.p2\pool\plugins\com.beust.jcommander_1.78.0.jar;C:\Users\anamendra.y(2420)\.p2\pool\plugins\org.apache-extras.beanshell.bsh_2.0.0.b6.jar;C:\Users\anamendra.y(2420)\.p2\pool\plugins\org.yaml.snakeyaml_1.21.0.jar;C:\Users\anamendra.y(2420)\.p2\pool\plugins\org.webjars.jquery_3.5.1.jar;C:\Users\anamendra.y(2420)\.m2\repository\org\seleniumhq\selenium\selenium-java\4.1.1\selenium-java-4.1.1.jar;C:\Users\anamendra.y(2420)\.m2\repository\org\seleniumhq\selenium\selenium-api\4.1.1\selenium-api-4.1.1.jar;C:\Users\anamendra.y(2420)\.m2\repository\org\seleniumhq\selenium\selenium-chrome-driver\4.1.1\selenium-chrome-driver-4.1.1.jar;C:\Users\anamendra.y(2420)\.m2\repository\com\google\auto\service\auto-service-annotations\1.0.1\auto-service-annotations-1.0.1.jar;C:\Users\anamendra.y(2420)\.m2\repository\com\google\auto\service\auto-service\1.0.1\auto-service-1.0.1.jar;C:\Users\anamendra.y(2420)\.m2\repository\com\google\auto\auto-common\1.2\auto-common-1.2.jar;C:\Users\anamendra.y(2420)\.m2\repository\com\google\guava\guava\31.0.1-jre\guava-31.0.1-jre.jar;C:\Users\anamendra.y(2420)\.m2\repository\com\google\guava\failureaccess\1.0.1\failureaccess-1.0.1.jar;C:\Users\anamendra.y(2420)\.m2\repository\com\google\guava\listenablefuture\9999.0-empty-to-avoid-conflict-with-guava\listenablefuture-9999.0-empty-to-avoid-conflict-with-guava.jar;C:\Users\anamendra.y(2420)\.m2\repository\com\google\code\findbugs\jsr305\3.0.2\jsr305-3.0.2.jar;C:\Users\anamendra.y(2420)\.m2\repository\org\checkerframework\checker-qual\3.12.0\checker-qual-3.12.0.jar;C:\Users\anamendra.y(2420)\.m2\repository\com
Launcher Type: SUN_STANDARD

[Global flags]
     intx CICompilerCount                          = 3                                         {product} {ergonomic}
     uint ConcGCThreads                            = 1                                         {product} {ergonomic}
     uint G1ConcRefinementThreads                  = 4                                         {product} {ergonomic}
   size_t G1HeapRegionSize                         = 1048576                                   {product} {ergonomic}
    uintx GCDrainStackTargetSize                   = 64                                        {product} {ergonomic}
   size_t InitialHeapSize                          = 67108864                                  {product} {ergonomic}
   size_t MarkStackSize                            = 4194304                                   {product} {ergonomic}
   size_t MaxHeapSize                              = 1052770304                                {product} {ergonomic}
   size_t MaxNewSize                               = 631242752                                 {product} {ergonomic}
   size_t MinHeapDeltaBytes                        = 1048576                                   {product} {ergonomic}
   size_t MinHeapSize                              = 8388608                                   {product} {ergonomic}
    uintx NonNMethodCodeHeapSize                   = 5832780                                {pd product} {ergonomic}
    uintx NonProfiledCodeHeapSize                  = 122912730                              {pd product} {ergonomic}
    uintx ProfiledCodeHeapSize                     = 122912730                              {pd product} {ergonomic}
    uintx ReservedCodeCacheSize                    = 251658240                              {pd product} {ergonomic}
     bool SegmentedCodeCache                       = true                                      {product} {ergonomic}
     bool ShowCodeDetailsInExceptionMessages       = true                                   {manageable} {command line}
   size_t SoftMaxHeapSize                          = 1052770304                             {manageable} {ergonomic}
     bool UseCompressedClassPointers               = true                           {product lp64_product} {ergonomic}
     bool UseCompressedOops                        = true                           {product lp64_product} {ergonomic}
     bool UseG1GC                                  = true                                      {product} {ergonomic}
     bool UseLargePagesIndividualAllocation        = false                                  {pd product} {ergonomic}

Logging:
Log output configuration:
 #0: stdout all=warning uptime,level,tags
 #1: stderr all=off uptime,level,tags

Environment Variables:
PATH=C:/Users/anamendra.y(2420)/.p2/pool/plugins/org.eclipse.justj.openjdk.hotspot.jre.full.win32.x86_64_17.0.1.v20211116-1657/jre/bin/server;C:/Users/anamendra.y(2420)/.p2/pool/plugins/org.eclipse.justj.openjdk.hotspot.jre.full.win32.x86_64_17.0.1.v20211116-1657/jre/bin;"C:\Program Files\nodejs\node_modules\npm\bin;C:\Users\anamendra.y(2420)\Downloads\chromedriver_win32;";C:\Python310\;C:\Program Files (x86)\Common Files\Oracle\Java\javapath;C:\Program Files (x86)\Intel\iCLS Client\;C:\Users\anamendra.y(2420)\Downloads\apache-ant-1.10.12\apache-ant-1.10.12\bin;C:\Program Files\Intel\iCLS Client\;C:\WINDOWS\system32;C:\WINDOWS;C:\WINDOWS\System32\Wbem;C:\WINDOWS\System32\WindowsPowerShell\v1.0\;C:\Program Files\Intel\Intel(R) Management Engine Components\DAL;C:\Program Files\Intel\Intel(R) Management Engine Components\IPT;C:\Program Files (x86)\Intel\Intel(R) Management Engine Components\DAL;C:\Program Files (x86)\Intel\Intel(R) Management Engine Components\IPT;C:\WINDOWS\System32\OpenSSH\;D:\Softwares\apache-jmeter-5.2.1\apache-jmeter-5.2.1\bin;D:\apache-ant-1.9.9\bin;C:\Program Files\Git\cmd;C:\Program Files\nodejs\;C:\Program Files (x86)\dotnet\;C:\ProgramData\chocolatey\bin;C:\Program Files\Microsoft VS Code\bin;C:\apache-maven-3.8.4\bin;C:\Program Files\dotnet\;C:\Users\anamendra.y(2420)\AppData\Local\Microsoft\WindowsApps;C:\Users\anamendra.y(2420)\AppData\Roaming\npm;C:\Users\anamendra.y(2420)\.dotnet\tools;C:\Users\anamendra.y(2420)\Desktop;
USERNAME=anamendra.y(2420)
OS=Windows_NT
PROCESSOR_IDENTIFIER=Intel64 Family 6 Model 60 Stepping 3, GenuineIntel



---------------  S Y S T E M  ---------------

OS:
 Windows 10 , 64 bit Build 19041 (10.0.19041.1348)
OS uptime: 0 days 4:57 hours

CPU: total 4 (initial active 4) (4 cores per cpu, 1 threads per core) family 6 model 60 stepping 3 microcode 0x27, cx8, cmov, fxsr, mmx, sse, sse2, sse3, ssse3, sse4.1, sse4.2, popcnt, lzcnt, tsc, tscinvbit, avx, avx2, aes, erms, clmul, bmi1, bmi2, fma, vzeroupper, clflush

Memory: 4k page, system-wide physical 4013M (246M free)
TotalPageFile size 10526M (AvailPageFile size 5M)
current process WorkingSet (physical memory assigned to process): 178M, peak: 179M
current process commit charge ("private bytes"): 204M, peak: 210M

vm_info: OpenJDK 64-Bit Server VM (17.0.1+12) for windows-amd64 JRE (17.0.1+12), built on Oct 20 2021 07:42:55 by "" with MS VC++ 16.7 (VS2019)

END.
