#
# There is insufficient memory for the Java Runtime Environment to continue.
# Native memory allocation (mmap) failed to map 1048576 bytes for G1 virtual space
# Possible reasons:
#   The system is out of physical RAM or swap space
#   The process is running with CompressedOops enabled, and the Java Heap may be blocking the growth of the native heap
# Possible solutions:
#   Reduce memory load on the system
#   Increase physical memory or swap space
#   Check if swap backing store is full
#   Decrease Java heap size (-Xmx/-Xms)
#   Decrease number of Java threads
#   Decrease Java thread stack sizes (-Xss)
#   Set larger code cache with -XX:ReservedCodeCacheSize=
#   JVM is running with Unscaled Compressed Oops mode in which the Java heap is
#     placed in the first 4GB address space. The Java Heap base address is the
#     maximum limit for the native heap growth. Please use -XX:HeapBaseMinAddress
#     to set the Java Heap base and to place the Java Heap above 4GB virtual address.
# This output file may be truncated or incomplete.
#
#  Out of Memory Error (os_windows.cpp:3469), pid=13436, tid=15016
#
# JRE version: OpenJDK Runtime Environment Temurin-17.0.1+12 (17.0.1+12) (build 17.0.1+12)
# Java VM: OpenJDK 64-Bit Server VM Temurin-17.0.1+12 (17.0.1+12, mixed mode, tiered, compressed oops, compressed class ptrs, g1 gc, windows-amd64)
# No core dump will be written. Minidumps are not enabled by default on client versions of Windows
#

---------------  S U M M A R Y ------------

Command Line: -ea -Dfile.encoding=Cp1252 -XX:+ShowCodeDetailsInExceptionMessages org.testng.remote.RemoteTestNG -serport 56855 -protocol json -d C:\Users\anamendra.y(2420)\eclipse-workspace\automateDemo\test-output C:\Users\anamendra.y(2420)\eclipse-workspace\automateDemo\testng.xml

Host: Intel(R) Core(TM) i5-4590T CPU @ 2.00GHz, 4 cores, 3G,  Windows 10 , 64 bit Build 19041 (10.0.19041.1348)
Time: Mon Mar 14 16:01:26 2022 India Standard Time elapsed time: 43.900978 seconds (0d 0h 0m 43s)

---------------  T H R E A D  ---------------

Current thread (0x000001c9473e9e00):  JavaThread "AsyncHttpClient-1-8" daemon [_thread_in_vm, id=15016, stack(0x00000018b5700000,0x00000018b5800000)]

Stack: [0x00000018b5700000,0x00000018b5800000]
Native frames: (J=compiled Java code, j=interpreted, Vv=VM code, C=native code)
V  [jvm.dll+0x6744da]
V  [jvm.dll+0x82e144]
V  [jvm.dll+0x82f8ee]
V  [jvm.dll+0x82ff53]
V  [jvm.dll+0x245175]
V  [jvm.dll+0x6714c9]
V  [jvm.dll+0x665f92]
V  [jvm.dll+0x303c3b]
V  [jvm.dll+0x30b176]
V  [jvm.dll+0x35ac0b]
V  [jvm.dll+0x35b230]
V  [jvm.dll+0x35ade6]
V  [jvm.dll+0x2db0c4]
V  [jvm.dll+0x2d7106]
V  [jvm.dll+0x607c73]
V  [jvm.dll+0x20fe95]
V  [jvm.dll+0x7f81f6]
V  [jvm.dll+0x380d5a]
C  0x000001c9320bb7ed

Java frames: (J=compiled Java code, j=interpreted, Vv=VM code)
j  io.netty.util.internal.PlatformDependent.allocateUninitializedArray(I)[B+14
j  io.netty.buffer.PoolArena$HeapArena.newByteArray(I)[B+1
j  io.netty.buffer.PoolArena$HeapArena.newChunk(IIII)Lio/netty/buffer/PoolChunk;+8
j  io.netty.buffer.PoolArena.allocateNormal(Lio/netty/buffer/PooledByteBuf;IILio/netty/buffer/PoolThreadCache;)V+93
j  io.netty.buffer.PoolArena.tcacheAllocateSmall(Lio/netty/buffer/PoolThreadCache;Lio/netty/buffer/PooledByteBuf;II)V+162
j  io.netty.buffer.PoolArena.allocate(Lio/netty/buffer/PoolThreadCache;Lio/netty/buffer/PooledByteBuf;I)V+22
j  io.netty.buffer.PoolArena.allocate(Lio/netty/buffer/PoolThreadCache;II)Lio/netty/buffer/PooledByteBuf;+12
j  io.netty.buffer.PooledByteBufAllocator.newHeapBuffer(II)Lio/netty/buffer/ByteBuf;+27
j  io.netty.buffer.AbstractByteBufAllocator.heapBuffer(II)Lio/netty/buffer/ByteBuf;+21
j  io.netty.buffer.AbstractByteBufAllocator.heapBuffer(I)Lio/netty/buffer/ByteBuf;+4
j  io.netty.buffer.UnsafeByteBufUtil.setBytes(Lio/netty/buffer/AbstractByteBuf;JILjava/io/InputStream;I)I+13
j  io.netty.buffer.PooledUnsafeDirectByteBuf.setBytes(ILjava/io/InputStream;I)I+9
j  io.netty.buffer.AbstractByteBuf.writeBytes(Ljava/io/InputStream;I)I+13
j  io.netty.handler.stream.ChunkedStream.readChunk(Lio/netty/buffer/ByteBufAllocator;)Lio/netty/buffer/ByteBuf;+68
j  io.netty.handler.stream.ChunkedStream.readChunk(Lio/netty/buffer/ByteBufAllocator;)Ljava/lang/Object;+2
j  io.netty.handler.stream.ChunkedWriteHandler.doFlush(Lio/netty/channel/ChannelHandlerContext;)V+118
j  io.netty.handler.stream.ChunkedWriteHandler.flush(Lio/netty/channel/ChannelHandlerContext;)V+2
j  io.netty.channel.AbstractChannelHandlerContext.invokeFlush0()V+8
j  io.netty.channel.AbstractChannelHandlerContext.invokeWriteAndFlush(Ljava/lang/Object;Lio/netty/channel/ChannelPromise;)V+14
j  io.netty.channel.AbstractChannelHandlerContext.write(Ljava/lang/Object;ZLio/netty/channel/ChannelPromise;)V+90
j  io.netty.channel.AbstractChannelHandlerContext.writeAndFlush(Ljava/lang/Object;Lio/netty/channel/ChannelPromise;)Lio/netty/channel/ChannelFuture;+4
j  io.netty.channel.DefaultChannelPipeline.writeAndFlush(Ljava/lang/Object;Lio/netty/channel/ChannelPromise;)Lio/netty/channel/ChannelFuture;+6
j  io.netty.channel.AbstractChannel.writeAndFlush(Ljava/lang/Object;Lio/netty/channel/ChannelPromise;)Lio/netty/channel/ChannelFuture;+6
j  org.asynchttpclient.netty.request.body.NettyInputStreamBody.write(Lio/netty/channel/Channel;Lorg/asynchttpclient/netty/NettyResponseFuture;)V+93
j  org.asynchttpclient.netty.request.NettyRequestSender.writeRequest(Lorg/asynchttpclient/netty/NettyResponseFuture;Lio/netty/channel/Channel;)V+209
j  org.asynchttpclient.netty.channel.NettyConnectListener.writeRequest(Lio/netty/channel/Channel;)V+101
j  org.asynchttpclient.netty.channel.NettyConnectListener.onSuccess(Lio/netty/channel/Channel;Ljava/net/InetSocketAddress;)V+232
j  org.asynchttpclient.netty.channel.NettyChannelConnector$1.onSuccess(Lio/netty/channel/Channel;)V+51
j  org.asynchttpclient.netty.SimpleChannelFutureListener.operationComplete(Lio/netty/channel/ChannelFuture;)V+18
j  org.asynchttpclient.netty.SimpleChannelFutureListener.operationComplete(Lio/netty/util/concurrent/Future;)V+5
j  io.netty.util.concurrent.DefaultPromise.notifyListener0(Lio/netty/util/concurrent/Future;Lio/netty/util/concurrent/GenericFutureListener;)V+2
j  io.netty.util.concurrent.DefaultPromise.notifyListeners0(Lio/netty/util/concurrent/DefaultFutureListeners;)V+24
j  io.netty.util.concurrent.DefaultPromise.notifyListenersNow()V+58
j  io.netty.util.concurrent.DefaultPromise.notifyListeners()V+38
j  io.netty.util.concurrent.DefaultPromise.setValue0(Ljava/lang/Object;)Z+34
j  io.netty.util.concurrent.DefaultPromise.setSuccess0(Ljava/lang/Object;)Z+12
j  io.netty.util.concurrent.DefaultPromise.trySuccess(Ljava/lang/Object;)Z+2
j  io.netty.channel.DefaultChannelPromise.trySuccess()Z+2
j  io.netty.channel.nio.AbstractNioChannel$AbstractNioUnsafe.fulfillConnectPromise(Lio/netty/channel/ChannelPromise;Z)V+14
j  io.netty.channel.nio.AbstractNioChannel$AbstractNioUnsafe.finishConnect()V+51
j  io.netty.channel.nio.NioEventLoop.processSelectedKey(Ljava/nio/channels/SelectionKey;Lio/netty/channel/nio/AbstractNioChannel;)V+78
j  io.netty.channel.nio.NioEventLoop.processSelectedKeysOptimized()V+51
j  io.netty.channel.nio.NioEventLoop.processSelectedKeys()V+8
j  io.netty.channel.nio.NioEventLoop.run()V+263
j  io.netty.util.concurrent.SingleThreadEventExecutor$4.run()V+44
j  io.netty.util.internal.ThreadExecutorMap$2.run()V+11
j  io.netty.util.concurrent.FastThreadLocalRunnable.run()V+4
j  java.lang.Thread.run()V+11 java.base@17.0.1
v  ~StubRoutines::call_stub

---------------  P R O C E S S  ---------------

Threads class SMR info:
_java_thread_list=0x000001c948c18870, length=41, elements={
0x000001c92d2305b0, 0x000001c94620f010, 0x000001c94620fdb0, 0x000001c946259a30,
0x000001c94625b5f0, 0x000001c946261fc0, 0x000001c94626d1b0, 0x000001c9462717a0,
0x000001c946272190, 0x000001c94627d360, 0x000001c946d3b640, 0x000001c946d52c00,
0x000001c9470aa160, 0x000001c9477fdde0, 0x000001c9477fe2b0, 0x000001c94844af90,
0x000001c9489b1010, 0x000001c9487ef840, 0x000001c948baa5d0, 0x000001c948901f20,
0x000001c948903c00, 0x000001c948904a70, 0x000001c9489010b0, 0x000001c948901a50,
0x000001c9489023f0, 0x000001c948901580, 0x000001c9489040d0, 0x000001c9489045a0,
0x000001c9489028c0, 0x000001c948902d90, 0x000001c948903260, 0x000001c9473e72b0,
0x000001c9473e5f70, 0x000001c9473e9460, 0x000001c9473e55d0, 0x000001c9473eb140,
0x000001c9473e9930, 0x000001c9473ea2d0, 0x000001c9473e6440, 0x000001c9473ea7a0,
0x000001c9473e9e00
}

Java Threads: ( => current thread )
  0x000001c92d2305b0 JavaThread "Forwarding newSession on session null to remote" [_thread_blocked, id=2592, stack(0x00000018b2100000,0x00000018b2200000)]
  0x000001c94620f010 JavaThread "Reference Handler" daemon [_thread_blocked, id=7724, stack(0x00000018b2800000,0x00000018b2900000)]
  0x000001c94620fdb0 JavaThread "Finalizer" daemon [_thread_blocked, id=16520, stack(0x00000018b2900000,0x00000018b2a00000)]
  0x000001c946259a30 JavaThread "Signal Dispatcher" daemon [_thread_blocked, id=15364, stack(0x00000018b2a00000,0x00000018b2b00000)]
  0x000001c94625b5f0 JavaThread "Attach Listener" daemon [_thread_blocked, id=2480, stack(0x00000018b2b00000,0x00000018b2c00000)]
  0x000001c946261fc0 JavaThread "Service Thread" daemon [_thread_blocked, id=9024, stack(0x00000018b2c00000,0x00000018b2d00000)]
  0x000001c94626d1b0 JavaThread "Monitor Deflation Thread" daemon [_thread_blocked, id=17556, stack(0x00000018b2d00000,0x00000018b2e00000)]
  0x000001c9462717a0 JavaThread "C2 CompilerThread0" daemon [_thread_blocked, id=10572, stack(0x00000018b2e00000,0x00000018b2f00000)]
  0x000001c946272190 JavaThread "C1 CompilerThread0" daemon [_thread_blocked, id=10928, stack(0x00000018b2f00000,0x00000018b3000000)]
  0x000001c94627d360 JavaThread "Sweeper thread" daemon [_thread_blocked, id=16952, stack(0x00000018b3000000,0x00000018b3100000)]
  0x000001c946d3b640 JavaThread "Notification Thread" daemon [_thread_blocked, id=17080, stack(0x00000018b3100000,0x00000018b3200000)]
  0x000001c946d52c00 JavaThread "Common-Cleaner" daemon [_thread_blocked, id=9236, stack(0x00000018b3300000,0x00000018b3400000)]
  0x000001c9470aa160 JavaThread "ReaderThread" [_thread_in_native, id=12848, stack(0x00000018b3500000,0x00000018b3600000)]
  0x000001c9477fdde0 JavaThread "ForkJoinPool.commonPool-worker-1" daemon [_thread_blocked, id=13808, stack(0x00000018b3a00000,0x00000018b3b00000)]
  0x000001c9477fe2b0 JavaThread "ForkJoinPool.commonPool-worker-2" daemon [_thread_blocked, id=17260, stack(0x00000018b3b00000,0x00000018b3c00000)]
  0x000001c94844af90 JavaThread "ForkJoinPool.commonPool-worker-3" daemon [_thread_blocked, id=16456, stack(0x00000018b3c00000,0x00000018b3d00000)]
  0x000001c9489b1010 JavaThread "AsyncHttpClient-1-1" daemon [_thread_blocked, id=9684, stack(0x00000018b3d00000,0x00000018b3e00000)]
  0x000001c9487ef840 JavaThread "Exec Default Executor" daemon [_thread_in_native, id=1784, stack(0x00000018b3e00000,0x00000018b3f00000)]
  0x000001c948baa5d0 JavaThread "Driver Service Executor" daemon [_thread_blocked, id=13256, stack(0x00000018b3f00000,0x00000018b4000000)]
  0x000001c948901f20 JavaThread "Driver Service Executor" daemon [_thread_blocked, id=9376, stack(0x00000018b4000000,0x00000018b4100000)]
  0x000001c948903c00 JavaThread "UrlChecker-2" daemon [_thread_blocked, id=10892, stack(0x00000018b4100000,0x00000018b4200000)]
  0x000001c948904a70 JavaThread "Exec Stream Pumper" daemon [_thread_in_native, id=9844, stack(0x00000018b4200000,0x00000018b4300000)]
  0x000001c9489010b0 JavaThread "Exec Stream Pumper" daemon [_thread_in_native, id=17020, stack(0x00000018b4300000,0x00000018b4400000)]
  0x000001c948901a50 JavaThread "AsyncHttpClient-1-2" daemon [_thread_in_native, id=10956, stack(0x00000018b4500000,0x00000018b4600000)]
  0x000001c9489023f0 JavaThread "AsyncHttpClient-1-3" daemon [_thread_in_native, id=14268, stack(0x00000018b4400000,0x00000018b4500000)]
  0x000001c948901580 JavaThread "AsyncHttpClient-1-4" daemon [_thread_in_native, id=18008, stack(0x00000018b4600000,0x00000018b4700000)]
  0x000001c9489040d0 JavaThread "Exec Default Executor" daemon [_thread_in_native, id=14848, stack(0x00000018b4700000,0x00000018b4800000)]
  0x000001c9489045a0 JavaThread "Driver Service Executor" daemon [_thread_blocked, id=12092, stack(0x00000018b4800000,0x00000018b4900000)]
  0x000001c9489028c0 JavaThread "Driver Service Executor" daemon [_thread_blocked, id=18400, stack(0x00000018b4900000,0x00000018b4a00000)]
  0x000001c948902d90 JavaThread "Exec Stream Pumper" daemon [_thread_in_native, id=13756, stack(0x00000018b4a00000,0x00000018b4b00000)]
  0x000001c948903260 JavaThread "Exec Stream Pumper" daemon [_thread_in_native, id=17540, stack(0x00000018b4b00000,0x00000018b4c00000)]
  0x000001c9473e72b0 JavaThread "AsyncHttpClient-1-5" daemon [_thread_in_native, id=11696, stack(0x00000018b4d00000,0x00000018b4e00000)]
  0x000001c9473e5f70 JavaThread "AsyncHttpClient-1-6" daemon [_thread_in_native, id=18672, stack(0x00000018b4e00000,0x00000018b4f00000)]
  0x000001c9473e9460 JavaThread "AsyncHttpClient-1-7" daemon [_thread_in_native, id=18676, stack(0x00000018b4f00000,0x00000018b5000000)]
  0x000001c9473e55d0 JavaThread "Exec Default Executor" daemon [_thread_in_native, id=19264, stack(0x00000018b4c00000,0x00000018b4d00000)]
  0x000001c9473eb140 JavaThread "Driver Service Executor" daemon [_thread_blocked, id=19268, stack(0x00000018b5200000,0x00000018b5300000)]
  0x000001c9473e9930 JavaThread "Driver Service Executor" daemon [_thread_blocked, id=19272, stack(0x00000018b5300000,0x00000018b5400000)]
  0x000001c9473ea2d0 JavaThread "Exec Stream Pumper" daemon [_thread_in_native, id=19304, stack(0x00000018b5400000,0x00000018b5500000)]
  0x000001c9473e6440 JavaThread "Exec Stream Pumper" daemon [_thread_in_native, id=19308, stack(0x00000018b5500000,0x00000018b5600000)]
  0x000001c9473ea7a0 JavaThread "Keep-Alive-Timer" daemon [_thread_blocked, id=18452, stack(0x00000018b5600000,0x00000018b5700000)]
=>0x000001c9473e9e00 JavaThread "AsyncHttpClient-1-8" daemon [_thread_in_vm, id=15016, stack(0x00000018b5700000,0x00000018b5800000)]

Other Threads:
  0x000001c92d2ea5e0 VMThread "VM Thread" [stack: 0x00000018b2700000,0x00000018b2800000] [id=11128]
  0x000001c946d3db20 WatcherThread [stack: 0x00000018b3200000,0x00000018b3300000] [id=10056]
  0x000001c92d265560 GCTaskThread "GC Thread#0" [stack: 0x00000018b2200000,0x00000018b2300000] [id=17484]
  0x000001c94773f690 GCTaskThread "GC Thread#1" [stack: 0x00000018b3600000,0x00000018b3700000] [id=10368]
  0x000001c94774bda0 GCTaskThread "GC Thread#2" [stack: 0x00000018b3700000,0x00000018b3800000] [id=14636]
  0x000001c947758220 GCTaskThread "GC Thread#3" [stack: 0x00000018b3800000,0x00000018b3900000] [id=10668]
  0x000001c92d26f230 ConcurrentGCThread "G1 Main Marker" [stack: 0x00000018b2300000,0x00000018b2400000] [id=16912]
  0x000001c92d26fc40 ConcurrentGCThread "G1 Conc#0" [stack: 0x00000018b2400000,0x00000018b2500000] [id=16636]
  0x000001c92d2bf6a0 ConcurrentGCThread "G1 Refine#0" [stack: 0x00000018b2500000,0x00000018b2600000] [id=13212]
  0x000001c94777e870 ConcurrentGCThread "G1 Refine#1" [stack: 0x00000018b3900000,0x00000018b3a00000] [id=16104]
  0x000001c92d2c0200 ConcurrentGCThread "G1 Service" [stack: 0x00000018b2600000,0x00000018b2700000] [id=12556]

Threads with active compile tasks:

VM state: not at safepoint (normal execution)

VM Mutex/Monitor currently owned by a thread:  ([mutex/lock_event])
[0x000001c92d229eb0] Heap_lock - owner thread: 0x000001c9473e9e00

Heap address: 0x00000000c1400000, size: 1004 MB, Compressed Oops mode: 32-bit

CDS archive(s) not mapped
Compressed class space mapped at: 0x0000000100000000-0x0000000140000000, reserved size: 1073741824
Narrow klass base: 0x0000000000000000, Narrow klass shift: 3, Narrow klass range: 0x140000000

GC Precious Log:
 CPUs: 4 total, 4 available
 Memory: 4013M
 Large Page Support: Disabled
 NUMA Support: Disabled
 Compressed Oops: Enabled (32-bit)
 Heap Region Size: 1M
 Heap Min Capacity: 8M
 Heap Initial Capacity: 64M
 Heap Max Capacity: 1004M
 Pre-touch: Disabled
 Parallel Workers: 4
 Concurrent Workers: 1
 Concurrent Refinement Workers: 4
 Periodic GC: Disabled

Heap:
 garbage-first heap   total 81920K, used 46859K [0x00000000c1400000, 0x0000000100000000)
  region size 1024K, 3 young (3072K), 3 survivors (3072K)
 Metaspace       used 32559K, committed 32768K, reserved 1081344K
  class space    used 3707K, committed 3840K, reserved 1048576K

Heap Regions: E=young(eden), S=young(survivor), O=old, HS=humongous(starts), HC=humongous(continues), CS=collection set, F=free, OA=open archive, CA=closed archive, TAMS=top-at-mark-start (previous, next)
|   0|0x00000000c1400000, 0x00000000c1500000, 0x00000000c1500000|100%| O|  |TAMS 0x00000000c1500000, 0x00000000c1500000| Untracked 
|   1|0x00000000c1500000, 0x00000000c1600000, 0x00000000c1600000|100%| O|  |TAMS 0x00000000c1600000, 0x00000000c1600000| Untracked 
|   2|0x00000000c1600000, 0x00000000c1700000, 0x00000000c1700000|100%| O|  |TAMS 0x00000000c1700000, 0x00000000c1700000| Untracked 
|   3|0x00000000c1700000, 0x00000000c1800000, 0x00000000c1800000|100%| O|  |TAMS 0x00000000c1800000, 0x00000000c1800000| Untracked 
|   4|0x00000000c1800000, 0x00000000c1888c00, 0x00000000c1900000| 53%| O|  |TAMS 0x00000000c1800000, 0x00000000c1888c00| Untracked 
|   5|0x00000000c1900000, 0x00000000c1a00000, 0x00000000c1a00000|100%| O|  |TAMS 0x00000000c1900000, 0x00000000c1a00000| Untracked 
|   6|0x00000000c1a00000, 0x00000000c1b00000, 0x00000000c1b00000|100%| O|  |TAMS 0x00000000c1a00000, 0x00000000c1b00000| Untracked 
|   7|0x00000000c1b00000, 0x00000000c1c00000, 0x00000000c1c00000|100%| O|  |TAMS 0x00000000c1b00000, 0x00000000c1c00000| Untracked 
|   8|0x00000000c1c00000, 0x00000000c1c00000, 0x00000000c1d00000|  0%| F|  |TAMS 0x00000000c1c00000, 0x00000000c1c00000| Untracked 
|   9|0x00000000c1d00000, 0x00000000c1d00000, 0x00000000c1e00000|  0%| F|  |TAMS 0x00000000c1d00000, 0x00000000c1d00000| Untracked 
|  10|0x00000000c1e00000, 0x00000000c1e00000, 0x00000000c1f00000|  0%| F|  |TAMS 0x00000000c1e00000, 0x00000000c1e00000| Untracked 
|  11|0x00000000c1f00000, 0x00000000c1f00000, 0x00000000c2000000|  0%| F|  |TAMS 0x00000000c1f00000, 0x00000000c1f00000| Untracked 
|  12|0x00000000c2000000, 0x00000000c2100000, 0x00000000c2100000|100%| O|  |TAMS 0x00000000c2000000, 0x00000000c2100000| Untracked 
|  13|0x00000000c2100000, 0x00000000c2200000, 0x00000000c2200000|100%| O|  |TAMS 0x00000000c2100000, 0x00000000c2200000| Untracked 
|  14|0x00000000c2200000, 0x00000000c2200000, 0x00000000c2300000|  0%| F|  |TAMS 0x00000000c2200000, 0x00000000c2200000| Untracked 
|  15|0x00000000c2300000, 0x00000000c2300000, 0x00000000c2400000|  0%| F|  |TAMS 0x00000000c2300000, 0x00000000c2300000| Untracked 
|  16|0x00000000c2400000, 0x00000000c2400000, 0x00000000c2500000|  0%| F|  |TAMS 0x00000000c2400000, 0x00000000c2400000| Untracked 
|  17|0x00000000c2500000, 0x00000000c2500000, 0x00000000c2600000|  0%| F|  |TAMS 0x00000000c2500000, 0x00000000c2500000| Untracked 
|  18|0x00000000c2600000, 0x00000000c2600000, 0x00000000c2700000|  0%| F|  |TAMS 0x00000000c2600000, 0x00000000c2600000| Untracked 
|  19|0x00000000c2700000, 0x00000000c2700000, 0x00000000c2800000|  0%| F|  |TAMS 0x00000000c2700000, 0x00000000c2700000| Untracked 
|  20|0x00000000c2800000, 0x00000000c2800000, 0x00000000c2900000|  0%| F|  |TAMS 0x00000000c2800000, 0x00000000c2800000| Untracked 
|  21|0x00000000c2900000, 0x00000000c2900000, 0x00000000c2a00000|  0%| F|  |TAMS 0x00000000c2900000, 0x00000000c2900000| Untracked 
|  22|0x00000000c2a00000, 0x00000000c2a00000, 0x00000000c2b00000|  0%| F|  |TAMS 0x00000000c2a00000, 0x00000000c2a00000| Untracked 
|  23|0x00000000c2b00000, 0x00000000c2b00000, 0x00000000c2c00000|  0%| F|  |TAMS 0x00000000c2b00000, 0x00000000c2b00000| Untracked 
|  24|0x00000000c2c00000, 0x00000000c2c00000, 0x00000000c2d00000|  0%| F|  |TAMS 0x00000000c2c00000, 0x00000000c2c00000| Untracked 
|  25|0x00000000c2d00000, 0x00000000c2e00000, 0x00000000c2e00000|100%|HS|  |TAMS 0x00000000c2d00000, 0x00000000c2e00000| Complete 
|  26|0x00000000c2e00000, 0x00000000c2f00000, 0x00000000c2f00000|100%|HC|  |TAMS 0x00000000c2e00000, 0x00000000c2f00000| Complete 
|  27|0x00000000c2f00000, 0x00000000c3000000, 0x00000000c3000000|100%|HC|  |TAMS 0x00000000c2f00000, 0x00000000c3000000| Complete 
|  28|0x00000000c3000000, 0x00000000c3100000, 0x00000000c3100000|100%|HC|  |TAMS 0x00000000c3000000, 0x00000000c3100000| Complete 
|  29|0x00000000c3100000, 0x00000000c3200000, 0x00000000c3200000|100%|HC|  |TAMS 0x00000000c3100000, 0x00000000c3200000| Complete 
|  30|0x00000000c3200000, 0x00000000c3300000, 0x00000000c3300000|100%|HC|  |TAMS 0x00000000c3200000, 0x00000000c3300000| Complete 
|  31|0x00000000c3300000, 0x00000000c3400000, 0x00000000c3400000|100%|HC|  |TAMS 0x00000000c3300000, 0x00000000c3400000| Complete 
|  32|0x00000000c3400000, 0x00000000c3500000, 0x00000000c3500000|100%|HC|  |TAMS 0x00000000c3400000, 0x00000000c3500000| Complete 
|  33|0x00000000c3500000, 0x00000000c3600000, 0x00000000c3600000|100%|HC|  |TAMS 0x00000000c3500000, 0x00000000c3600000| Complete 
|  34|0x00000000c3600000, 0x00000000c3700000, 0x00000000c3700000|100%|HC|  |TAMS 0x00000000c3600000, 0x00000000c3700000| Complete 
|  35|0x00000000c3700000, 0x00000000c3800000, 0x00000000c3800000|100%|HC|  |TAMS 0x00000000c3700000, 0x00000000c3800000| Complete 
|  36|0x00000000c3800000, 0x00000000c3900000, 0x00000000c3900000|100%|HC|  |TAMS 0x00000000c3800000, 0x00000000c3900000| Complete 
|  37|0x00000000c3900000, 0x00000000c3a00000, 0x00000000c3a00000|100%|HC|  |TAMS 0x00000000c3900000, 0x00000000c3a00000| Complete 
|  38|0x00000000c3a00000, 0x00000000c3b00000, 0x00000000c3b00000|100%|HC|  |TAMS 0x00000000c3a00000, 0x00000000c3b00000| Complete 
|  39|0x00000000c3b00000, 0x00000000c3c00000, 0x00000000c3c00000|100%|HC|  |TAMS 0x00000000c3b00000, 0x00000000c3c00000| Complete 
|  40|0x00000000c3c00000, 0x00000000c3d00000, 0x00000000c3d00000|100%|HC|  |TAMS 0x00000000c3c00000, 0x00000000c3d00000| Complete 
|  41|0x00000000c3d00000, 0x00000000c3e00000, 0x00000000c3e00000|100%|HC|  |TAMS 0x00000000c3d00000, 0x00000000c3e00000| Complete 
|  42|0x00000000c3e00000, 0x00000000c3e00000, 0x00000000c3f00000|  0%| F|  |TAMS 0x00000000c3e00000, 0x00000000c3e00000| Untracked 
|  43|0x00000000c3f00000, 0x00000000c3f00000, 0x00000000c4000000|  0%| F|  |TAMS 0x00000000c3f00000, 0x00000000c3f00000| Untracked 
|  44|0x00000000c4000000, 0x00000000c4000000, 0x00000000c4100000|  0%| F|  |TAMS 0x00000000c4000000, 0x00000000c4000000| Untracked 
|  45|0x00000000c4100000, 0x00000000c4100000, 0x00000000c4200000|  0%| F|  |TAMS 0x00000000c4100000, 0x00000000c4100000| Untracked 
|  46|0x00000000c4200000, 0x00000000c4200000, 0x00000000c4300000|  0%| F|  |TAMS 0x00000000c4200000, 0x00000000c4200000| Untracked 
|  47|0x00000000c4300000, 0x00000000c4300000, 0x00000000c4400000|  0%| F|  |TAMS 0x00000000c4300000, 0x00000000c4300000| Untracked 
|  48|0x00000000c4400000, 0x00000000c4400000, 0x00000000c4500000|  0%| F|  |TAMS 0x00000000c4400000, 0x00000000c4400000| Untracked 
|  49|0x00000000c4500000, 0x00000000c4500000, 0x00000000c4600000|  0%| F|  |TAMS 0x00000000c4500000, 0x00000000c4500000| Untracked 
|  50|0x00000000c4600000, 0x00000000c463a110, 0x00000000c4700000| 22%| S|CS|TAMS 0x00000000c4600000, 0x00000000c4600000| Complete 
|  51|0x00000000c4700000, 0x00000000c4800000, 0x00000000c4800000|100%| S|CS|TAMS 0x00000000c4700000, 0x00000000c4700000| Complete 
|  52|0x00000000c4800000, 0x00000000c4900000, 0x00000000c4900000|100%| S|CS|TAMS 0x00000000c4800000, 0x00000000c4800000| Complete 
|  53|0x00000000c4900000, 0x00000000c4900000, 0x00000000c4a00000|  0%| F|  |TAMS 0x00000000c4900000, 0x00000000c4900000| Untracked 
|  54|0x00000000c4a00000, 0x00000000c4a00000, 0x00000000c4b00000|  0%| F|  |TAMS 0x00000000c4a00000, 0x00000000c4a00000| Untracked 
|  55|0x00000000c4b00000, 0x00000000c4b00000, 0x00000000c4c00000|  0%| F|  |TAMS 0x00000000c4b00000, 0x00000000c4b00000| Untracked 
|  56|0x00000000c4c00000, 0x00000000c4c00000, 0x00000000c4d00000|  0%| F|  |TAMS 0x00000000c4c00000, 0x00000000c4c00000| Untracked 
|  57|0x00000000c4d00000, 0x00000000c4d00000, 0x00000000c4e00000|  0%| F|  |TAMS 0x00000000c4d00000, 0x00000000c4d00000| Untracked 
|  58|0x00000000c4e00000, 0x00000000c4e00000, 0x00000000c4f00000|  0%| F|  |TAMS 0x00000000c4e00000, 0x00000000c4e00000| Untracked 
|  59|0x00000000c4f00000, 0x00000000c4f00000, 0x00000000c5000000|  0%| F|  |TAMS 0x00000000c4f00000, 0x00000000c4f00000| Untracked 
|  60|0x00000000c5000000, 0x00000000c5100000, 0x00000000c5100000|100%|HS|  |TAMS 0x00000000c5000000, 0x00000000c5100000| Complete 
|  61|0x00000000c5100000, 0x00000000c5200000, 0x00000000c5200000|100%|HC|  |TAMS 0x00000000c5100000, 0x00000000c5200000| Complete 
|  62|0x00000000c5200000, 0x00000000c5300000, 0x00000000c5300000|100%|HC|  |TAMS 0x00000000c5200000, 0x00000000c5300000| Complete 
|  63|0x00000000c5300000, 0x00000000c5400000, 0x00000000c5400000|100%|HC|  |TAMS 0x00000000c5300000, 0x00000000c5400000| Complete 
|  64|0x00000000c5400000, 0x00000000c5500000, 0x00000000c5500000|100%|HC|  |TAMS 0x00000000c5400000, 0x00000000c5500000| Complete 
|  65|0x00000000c5500000, 0x00000000c5600000, 0x00000000c5600000|100%|HC|  |TAMS 0x00000000c5500000, 0x00000000c5600000| Complete 
|  66|0x00000000c5600000, 0x00000000c5700000, 0x00000000c5700000|100%|HC|  |TAMS 0x00000000c5600000, 0x00000000c5700000| Complete 
|  67|0x00000000c5700000, 0x00000000c5800000, 0x00000000c5800000|100%|HC|  |TAMS 0x00000000c5700000, 0x00000000c5800000| Complete 
|  68|0x00000000c5800000, 0x00000000c5900000, 0x00000000c5900000|100%|HC|  |TAMS 0x00000000c5800000, 0x00000000c5900000| Complete 
|  69|0x00000000c5900000, 0x00000000c5a00000, 0x00000000c5a00000|100%|HC|  |TAMS 0x00000000c5900000, 0x00000000c5a00000| Complete 
|  70|0x00000000c5a00000, 0x00000000c5b00000, 0x00000000c5b00000|100%|HC|  |TAMS 0x00000000c5a00000, 0x00000000c5b00000| Complete 
|  71|0x00000000c5b00000, 0x00000000c5c00000, 0x00000000c5c00000|100%|HC|  |TAMS 0x00000000c5b00000, 0x00000000c5c00000| Complete 
|  72|0x00000000c5c00000, 0x00000000c5d00000, 0x00000000c5d00000|100%|HC|  |TAMS 0x00000000c5c00000, 0x00000000c5d00000| Complete 
|  73|0x00000000c5d00000, 0x00000000c5e00000, 0x00000000c5e00000|100%|HC|  |TAMS 0x00000000c5d00000, 0x00000000c5e00000| Complete 
|  74|0x00000000c5e00000, 0x00000000c5f00000, 0x00000000c5f00000|100%|HC|  |TAMS 0x00000000c5e00000, 0x00000000c5f00000| Complete 
|  75|0x00000000c5f00000, 0x00000000c6000000, 0x00000000c6000000|100%|HC|  |TAMS 0x00000000c5f00000, 0x00000000c6000000| Complete 
|  76|0x00000000c6000000, 0x00000000c6100000, 0x00000000c6100000|100%|HC|  |TAMS 0x00000000c6000000, 0x00000000c6100000| Complete 
|  77|0x00000000c6100000, 0x00000000c6100000, 0x00000000c6200000|  0%| F|  |TAMS 0x00000000c6100000, 0x00000000c6100000| Untracked 
|  78|0x00000000c6200000, 0x00000000c6200000, 0x00000000c6300000|  0%| F|  |TAMS 0x00000000c6200000, 0x00000000c6200000| Untracked 
|  79|0x00000000c6300000, 0x00000000c6300000, 0x00000000c6400000|  0%| F|  |TAMS 0x00000000c6300000, 0x00000000c6300000| Untracked 

Card table byte_map: [0x000001c9418d0000,0x000001c941ad0000] _byte_map_base: 0x000001c9412c6000

Marking Bits (Prev, Next): (CMBitMap*) 0x000001c92d266bc0, (CMBitMap*) 0x000001c92d266b80
 Prev Bits: [0x000001c942c80000, 0x000001c943c30000)
 Next Bits: [0x000001c941cd0000, 0x000001c942c80000)

Polling page: 0x000001c92d300000

Metaspace:

Usage:
  Non-class:     28.18 MB used.
      Class:      3.62 MB used.
       Both:     31.80 MB used.

Virtual space:
  Non-class space:       32.00 MB reserved,      28.25 MB ( 88%) committed,  4 nodes.
      Class space:        1.00 GB reserved,       3.75 MB ( <1%) committed,  1 nodes.
             Both:        1.03 GB reserved,      32.00 MB (  3%) committed. 

Chunk freelists:
   Non-Class:  3.19 MB
       Class:  272.00 KB
        Both:  3.45 MB

MaxMetaspaceSize: unlimited
CompressedClassSpaceSize: 1.00 GB
Initial GC threshold: 21.00 MB
Current GC threshold: 35.31 MB
CDS: off
MetaspaceReclaimPolicy: balanced
 - commit_granule_bytes: 65536.
 - commit_granule_words: 8192.
 - virtual_space_node_default_size: 1048576.
 - enlarge_chunks_in_place: 1.
 - new_chunks_are_fully_committed: 0.
 - uncommit_free_chunks: 1.
 - use_allocation_guard: 0.
 - handle_deallocations: 1.


Internal statistics:

num_allocs_failed_limit: 3.
num_arena_births: 214.
num_arena_deaths: 0.
num_vsnodes_births: 5.
num_vsnodes_deaths: 0.
num_space_committed: 512.
num_space_uncommitted: 0.
num_chunks_returned_to_freelist: 3.
num_chunks_taken_from_freelist: 857.
num_chunk_merges: 0.
num_chunk_splits: 569.
num_chunks_enlarged: 436.
num_purges: 0.
num_inconsistent_stats: 0.

CodeHeap 'non-profiled nmethods': size=120000Kb used=1160Kb max_used=1160Kb free=118839Kb
 bounds [0x000001c939b70000, 0x000001c939de0000, 0x000001c9410a0000]
CodeHeap 'profiled nmethods': size=120000Kb used=5418Kb max_used=5418Kb free=114582Kb
 bounds [0x000001c932640000, 0x000001c932b90000, 0x000001c939b70000]
CodeHeap 'non-nmethods': size=5760Kb used=1280Kb max_used=1321Kb free=4479Kb
 bounds [0x000001c9320a0000, 0x000001c932310000, 0x000001c932640000]
 total_blobs=3514 nmethods=2919 adapters=507
 compilation: enabled
              stopped_count=0, restarted_count=0
 full_count=0

Compilation events (20 events):
Event: 43.802 Thread 0x000001c946272190 2911       3       java.nio.CharBuffer::limit (6 bytes)
Event: 43.803 Thread 0x000001c946272190 nmethod 2911 0x000001c932b87110 code [0x000001c932b872c0, 0x000001c932b87468]
Event: 43.803 Thread 0x000001c946272190 2912       3       java.nio.CharBuffer::limit (8 bytes)
Event: 43.803 Thread 0x000001c946272190 nmethod 2912 0x000001c932b87510 code [0x000001c932b876a0, 0x000001c932b877e8]
Event: 43.803 Thread 0x000001c946272190 2913       1       com.google.common.collect.Maps$KeySet::map (5 bytes)
Event: 43.803 Thread 0x000001c946272190 nmethod 2913 0x000001c939c91990 code [0x000001c939c91b20, 0x000001c939c91bf8]
Event: 43.803 Thread 0x000001c946272190 2914       3       org.asynchttpclient.util.MiscUtils::isEmpty (17 bytes)
Event: 43.803 Thread 0x000001c946272190 nmethod 2914 0x000001c932b87890 code [0x000001c932b87a40, 0x000001c932b87c98]
Event: 43.803 Thread 0x000001c946272190 2915       3       java.util.concurrent.locks.ReentrantLock::lock (8 bytes)
Event: 43.804 Thread 0x000001c946272190 nmethod 2915 0x000001c932b87d90 code [0x000001c932b87f40, 0x000001c932b881f8]
Event: 43.804 Thread 0x000001c946272190 2916       3       java.util.concurrent.locks.ReentrantLock$Sync::lock (13 bytes)
Event: 43.804 Thread 0x000001c946272190 nmethod 2916 0x000001c932b88310 code [0x000001c932b884c0, 0x000001c932b886f8]
Event: 43.804 Thread 0x000001c946272190 2917       3       java.util.concurrent.locks.ReentrantLock::unlock (10 bytes)
Event: 43.804 Thread 0x000001c946272190 nmethod 2917 0x000001c932b88790 code [0x000001c932b88960, 0x000001c932b88c38]
Event: 43.805 Thread 0x000001c946272190 2918   !   3       io.netty.channel.ChannelHandlerMask$2::run (78 bytes)
Event: 43.806 Thread 0x000001c946272190 nmethod 2918 0x000001c932b88d90 code [0x000001c932b89060, 0x000001c932b8a2d8]
Event: 43.806 Thread 0x000001c946272190 2919       1       io.netty.channel.DefaultChannelPromise::channel (5 bytes)
Event: 43.806 Thread 0x000001c946272190 nmethod 2919 0x000001c939c91c90 code [0x000001c939c91e20, 0x000001c939c91ef8]
Event: 43.815 Thread 0x000001c9462717a0 2920       4       java.lang.Integer::numberOfLeadingZeros (79 bytes)
Event: 43.815 Thread 0x000001c9462717a0 nmethod 2920 0x000001c939c91f90 code [0x000001c939c92100, 0x000001c939c921b8]

GC Heap History (20 events):
Event: 1.213 GC heap before
{Heap before GC invocations=0 (full 0):
 garbage-first heap   total 65536K, used 13312K [0x00000000c1400000, 0x0000000100000000)
  region size 1024K, 13 young (13312K), 0 survivors (0K)
 Metaspace       used 11799K, committed 11904K, reserved 1064960K
  class space    used 1113K, committed 1152K, reserved 1048576K
}
Event: 1.221 GC heap after
{Heap after GC invocations=1 (full 0):
 garbage-first heap   total 65536K, used 4413K [0x00000000c1400000, 0x0000000100000000)
  region size 1024K, 2 young (2048K), 2 survivors (2048K)
 Metaspace       used 11799K, committed 11904K, reserved 1064960K
  class space    used 1113K, committed 1152K, reserved 1048576K
}
Event: 1.773 GC heap before
{Heap before GC invocations=1 (full 0):
 garbage-first heap   total 65536K, used 15677K [0x00000000c1400000, 0x0000000100000000)
  region size 1024K, 13 young (13312K), 2 survivors (2048K)
 Metaspace       used 15906K, committed 16128K, reserved 1064960K
  class space    used 1573K, committed 1664K, reserved 1048576K
}
Event: 1.777 GC heap after
{Heap after GC invocations=2 (full 0):
 garbage-first heap   total 65536K, used 5934K [0x00000000c1400000, 0x0000000100000000)
  region size 1024K, 2 young (2048K), 2 survivors (2048K)
 Metaspace       used 15906K, committed 16128K, reserved 1064960K
  class space    used 1573K, committed 1664K, reserved 1048576K
}
Event: 2.672 GC heap before
{Heap before GC invocations=2 (full 0):
 garbage-first heap   total 65536K, used 22318K [0x00000000c1400000, 0x0000000100000000)
  region size 1024K, 19 young (19456K), 2 survivors (2048K)
 Metaspace       used 21305K, committed 21504K, reserved 1073152K
  class space    used 2271K, committed 2368K, reserved 1048576K
}
Event: 2.677 GC heap after
{Heap after GC invocations=3 (full 0):
 garbage-first heap   total 65536K, used 7499K [0x00000000c1400000, 0x0000000100000000)
  region size 1024K, 3 young (3072K), 3 survivors (3072K)
 Metaspace       used 21305K, committed 21504K, reserved 1073152K
  class space    used 2271K, committed 2368K, reserved 1048576K
}
Event: 3.211 GC heap before
{Heap before GC invocations=4 (full 0):
 garbage-first heap   total 30720K, used 21835K [0x00000000c1400000, 0x0000000100000000)
  region size 1024K, 18 young (18432K), 3 survivors (3072K)
 Metaspace       used 25950K, committed 26176K, reserved 1073152K
  class space    used 2824K, committed 2944K, reserved 1048576K
}
Event: 3.217 GC heap after
{Heap after GC invocations=5 (full 0):
 garbage-first heap   total 30720K, used 9508K [0x00000000c1400000, 0x0000000100000000)
  region size 1024K, 4 young (4096K), 4 survivors (4096K)
 Metaspace       used 25950K, committed 26176K, reserved 1073152K
  class space    used 2824K, committed 2944K, reserved 1048576K
}
Event: 3.251 GC heap before
{Heap before GC invocations=5 (full 0):
 garbage-first heap   total 30720K, used 10532K [0x00000000c1400000, 0x0000000100000000)
  region size 1024K, 5 young (5120K), 4 survivors (4096K)
 Metaspace       used 26190K, committed 26432K, reserved 1073152K
  class space    used 2867K, committed 3008K, reserved 1048576K
}
Event: 3.254 GC heap after
{Heap after GC invocations=6 (full 0):
 garbage-first heap   total 30720K, used 9596K [0x00000000c1400000, 0x0000000100000000)
  region size 1024K, 1 young (1024K), 1 survivors (1024K)
 Metaspace       used 26190K, committed 26432K, reserved 1073152K
  class space    used 2867K, committed 3008K, reserved 1048576K
}
Event: 4.448 GC heap before
{Heap before GC invocations=6 (full 0):
 garbage-first heap   total 30720K, used 19836K [0x00000000c1400000, 0x0000000100000000)
  region size 1024K, 11 young (11264K), 1 survivors (1024K)
 Metaspace       used 28973K, committed 29248K, reserved 1081344K
  class space    used 3248K, committed 3392K, reserved 1048576K
}
Event: 4.450 GC heap after
{Heap after GC invocations=7 (full 0):
 garbage-first heap   total 30720K, used 9899K [0x00000000c1400000, 0x0000000100000000)
  region size 1024K, 1 young (1024K), 1 survivors (1024K)
 Metaspace       used 28973K, committed 29248K, reserved 1081344K
  class space    used 3248K, committed 3392K, reserved 1048576K
}
Event: 4.647 GC heap before
{Heap before GC invocations=7 (full 0):
 garbage-first heap   total 30720K, used 12971K [0x00000000c1400000, 0x0000000100000000)
  region size 1024K, 6 young (6144K), 1 survivors (1024K)
 Metaspace       used 30055K, committed 30272K, reserved 1081344K
  class space    used 3416K, committed 3520K, reserved 1048576K
}
Event: 4.650 GC heap after
{Heap after GC invocations=8 (full 0):
 garbage-first heap   total 30720K, used 10094K [0x00000000c1400000, 0x0000000100000000)
  region size 1024K, 1 young (1024K), 1 survivors (1024K)
 Metaspace       used 30055K, committed 30272K, reserved 1081344K
  class space    used 3416K, committed 3520K, reserved 1048576K
}
Event: 26.215 GC heap before
{Heap before GC invocations=8 (full 0):
 garbage-first heap   total 47104K, used 38766K [0x00000000c1400000, 0x0000000100000000)
  region size 1024K, 12 young (12288K), 1 survivors (1024K)
 Metaspace       used 32340K, committed 32640K, reserved 1081344K
  class space    used 3706K, committed 3840K, reserved 1048576K
}
Event: 26.217 GC heap after
{Heap after GC invocations=9 (full 0):
 garbage-first heap   total 62464K, used 28609K [0x00000000c1400000, 0x0000000100000000)
  region size 1024K, 2 young (2048K), 2 survivors (2048K)
 Metaspace       used 32340K, committed 32640K, reserved 1081344K
  class space    used 3706K, committed 3840K, reserved 1048576K
}
Event: 26.227 GC heap before
{Heap before GC invocations=9 (full 0):
 garbage-first heap   total 62464K, used 28609K [0x00000000c1400000, 0x0000000100000000)
  region size 1024K, 3 young (3072K), 2 survivors (2048K)
 Metaspace       used 32346K, committed 32640K, reserved 1081344K
  class space    used 3706K, committed 3840K, reserved 1048576K
}
Event: 26.230 GC heap after
{Heap after GC invocations=10 (full 0):
 garbage-first heap   total 62464K, used 28859K [0x00000000c1400000, 0x0000000100000000)
  region size 1024K, 2 young (2048K), 2 survivors (2048K)
 Metaspace       used 32346K, committed 32640K, reserved 1081344K
  class space    used 3706K, committed 3840K, reserved 1048576K
}
Event: 43.845 GC heap before
{Heap before GC invocations=10 (full 0):
 garbage-first heap   total 78848K, used 50363K [0x00000000c1400000, 0x0000000100000000)
  region size 1024K, 7 young (7168K), 2 survivors (2048K)
 Metaspace       used 32559K, committed 32768K, reserved 1081344K
  class space    used 3707K, committed 3840K, reserved 1048576K
}
Event: 43.850 GC heap after
{Heap after GC invocations=11 (full 0):
 garbage-first heap   total 78848K, used 46859K [0x00000000c1400000, 0x0000000100000000)
  region size 1024K, 3 young (3072K), 3 survivors (3072K)
 Metaspace       used 32559K, committed 32768K, reserved 1081344K
  class space    used 3707K, committed 3840K, reserved 1048576K
}

Deoptimization events (20 events):
Event: 3.347 Thread 0x000001c948903c00 Uncommon trap: trap_request=0xffffff45 fr.pc=0x000001c939c142f8 relative=0x00000000000000d8
Event: 3.347 Thread 0x000001c948903c00 Uncommon trap: reason=unstable_if action=reinterpret pc=0x000001c939c142f8 method=java.lang.CharacterDataLatin1.digit(II)I @ 12 c2
Event: 3.347 Thread 0x000001c948903c00 DEOPT PACKING pc=0x000001c939c142f8 sp=0x00000018b41fe7c0
Event: 3.347 Thread 0x000001c948903c00 DEOPT UNPACKING pc=0x000001c9320f23a3 sp=0x00000018b41fe678 mode 2
Event: 3.373 Thread 0x000001c948903c00 Uncommon trap: trap_request=0xffffff45 fr.pc=0x000001c939c13f48 relative=0x00000000000000a8
Event: 3.373 Thread 0x000001c948903c00 Uncommon trap: reason=unstable_if action=reinterpret pc=0x000001c939c13f48 method=java.lang.CharacterDataLatin1.digit(II)I @ 12 c2
Event: 3.373 Thread 0x000001c948903c00 DEOPT PACKING pc=0x000001c939c13f48 sp=0x00000018b41fe710
Event: 3.373 Thread 0x000001c948903c00 DEOPT UNPACKING pc=0x000001c9320f23a3 sp=0x00000018b41fe688 mode 2
Event: 9.705 Thread 0x000001c92d2305b0 Uncommon trap: trap_request=0xffffff45 fr.pc=0x000001c939c33558 relative=0x0000000000001238
Event: 9.705 Thread 0x000001c92d2305b0 Uncommon trap: reason=unstable_if action=reinterpret pc=0x000001c939c33558 method=java.util.concurrent.ConcurrentHashMap.putVal(Ljava/lang/Object;Ljava/lang/Object;Z)Ljava/lang/Object; @ 231 c2
Event: 9.705 Thread 0x000001c92d2305b0 DEOPT PACKING pc=0x000001c939c33558 sp=0x00000018b21fd480
Event: 9.705 Thread 0x000001c92d2305b0 DEOPT UNPACKING pc=0x000001c9320f23a3 sp=0x00000018b21fd400 mode 2
Event: 10.055 Thread 0x000001c948901580 Uncommon trap: trap_request=0xffffff45 fr.pc=0x000001c939bae684 relative=0x0000000000000ee4
Event: 10.055 Thread 0x000001c948901580 Uncommon trap: reason=unstable_if action=reinterpret pc=0x000001c939bae684 method=sun.security.provider.SHA.implCompress0([BI)V @ 4 c2
Event: 10.055 Thread 0x000001c948901580 DEOPT PACKING pc=0x000001c939bae684 sp=0x00000018b46fdef0
Event: 10.055 Thread 0x000001c948901580 DEOPT UNPACKING pc=0x000001c9320f23a3 sp=0x00000018b46fde60 mode 2
Event: 11.061 Thread 0x000001c92d2305b0 Uncommon trap: trap_request=0xffffff45 fr.pc=0x000001c939c6b0b0 relative=0x0000000000000110
Event: 11.061 Thread 0x000001c92d2305b0 Uncommon trap: reason=unstable_if action=reinterpret pc=0x000001c939c6b0b0 method=java.util.Arrays.hashCode([Ljava/lang/Object;)I @ 34 c2
Event: 11.061 Thread 0x000001c92d2305b0 DEOPT PACKING pc=0x000001c939c6b0b0 sp=0x00000018b21fd160
Event: 11.061 Thread 0x000001c92d2305b0 DEOPT UNPACKING pc=0x000001c9320f23a3 sp=0x00000018b21fd0d8 mode 2

Classes unloaded (0 events):
No events

Classes redefined (0 events):
No events

Internal exceptions (20 events):
Event: 25.035 Thread 0x000001c948903c00 Exception <a 'java/net/SocketException'{0x00000000c2513910}: Socket is not connected: shutdown> (0x00000000c2513910) 
thrown [e:\jenkins\tmp\workspace\build\src\src\hotspot\share\prims\jni.cpp, line 535]
Event: 25.172 Thread 0x000001c948903c00 Exception <a 'java/net/ConnectException'{0x00000000c2514958}: Connection refused: no further information> (0x00000000c2514958) 
thrown [e:\jenkins\tmp\workspace\build\src\src\hotspot\share\prims\jni.cpp, line 535]
Event: 25.172 Thread 0x000001c948903c00 Exception <a 'java/net/SocketException'{0x00000000c2514c90}: Socket is not connected: shutdown> (0x00000000c2514c90) 
thrown [e:\jenkins\tmp\workspace\build\src\src\hotspot\share\prims\jni.cpp, line 535]
Event: 25.505 Thread 0x000001c948903c00 Exception <a 'java/net/ConnectException'{0x00000000c2515cd8}: Connection refused: no further information> (0x00000000c2515cd8) 
thrown [e:\jenkins\tmp\workspace\build\src\src\hotspot\share\prims\jni.cpp, line 535]
Event: 25.505 Thread 0x000001c948903c00 Exception <a 'java/net/SocketException'{0x00000000c2516010}: Socket is not connected: shutdown> (0x00000000c2516010) 
thrown [e:\jenkins\tmp\workspace\build\src\src\hotspot\share\prims\jni.cpp, line 535]
Event: 25.871 Thread 0x000001c948903c00 Exception <a 'java/net/ConnectException'{0x00000000c2517058}: Connection refused: no further information> (0x00000000c2517058) 
thrown [e:\jenkins\tmp\workspace\build\src\src\hotspot\share\prims\jni.cpp, line 535]
Event: 25.872 Thread 0x000001c948903c00 Exception <a 'java/net/SocketException'{0x00000000c2517390}: Socket is not connected: shutdown> (0x00000000c2517390) 
thrown [e:\jenkins\tmp\workspace\build\src\src\hotspot\share\prims\jni.cpp, line 535]
Event: 43.015 Thread 0x000001c92d2305b0 Exception <a 'java/net/SocketException'{0x00000000c4bcc080}: Socket is not connected: shutdown> (0x00000000c4bcc080) 
thrown [e:\jenkins\tmp\workspace\build\src\src\hotspot\share\prims\jni.cpp, line 535]
Event: 43.042 Thread 0x000001c948903c00 Exception <a 'java/net/ConnectException'{0x00000000c4a21cc0}: Connection refused: no further information> (0x00000000c4a21cc0) 
thrown [e:\jenkins\tmp\workspace\build\src\src\hotspot\share\prims\jni.cpp, line 535]
Event: 43.042 Thread 0x000001c948903c00 Exception <a 'java/net/SocketException'{0x00000000c4a21ff8}: Socket is not connected: shutdown> (0x00000000c4a21ff8) 
thrown [e:\jenkins\tmp\workspace\build\src\src\hotspot\share\prims\jni.cpp, line 535]
Event: 43.067 Thread 0x000001c948903c00 Exception <a 'java/net/ConnectException'{0x00000000c4a23040}: Connection refused: no further information> (0x00000000c4a23040) 
thrown [e:\jenkins\tmp\workspace\build\src\src\hotspot\share\prims\jni.cpp, line 535]
Event: 43.067 Thread 0x000001c948903c00 Exception <a 'java/net/SocketException'{0x00000000c4a23378}: Socket is not connected: shutdown> (0x00000000c4a23378) 
thrown [e:\jenkins\tmp\workspace\build\src\src\hotspot\share\prims\jni.cpp, line 535]
Event: 43.101 Thread 0x000001c948903c00 Exception <a 'java/net/ConnectException'{0x00000000c4a243c0}: Connection refused: no further information> (0x00000000c4a243c0) 
thrown [e:\jenkins\tmp\workspace\build\src\src\hotspot\share\prims\jni.cpp, line 535]
Event: 43.101 Thread 0x000001c948903c00 Exception <a 'java/net/SocketException'{0x00000000c4a246f8}: Socket is not connected: shutdown> (0x00000000c4a246f8) 
thrown [e:\jenkins\tmp\workspace\build\src\src\hotspot\share\prims\jni.cpp, line 535]
Event: 43.172 Thread 0x000001c948903c00 Exception <a 'java/net/ConnectException'{0x00000000c4a25740}: Connection refused: no further information> (0x00000000c4a25740) 
thrown [e:\jenkins\tmp\workspace\build\src\src\hotspot\share\prims\jni.cpp, line 535]
Event: 43.173 Thread 0x000001c948903c00 Exception <a 'java/net/SocketException'{0x00000000c4a25a78}: Socket is not connected: shutdown> (0x00000000c4a25a78) 
thrown [e:\jenkins\tmp\workspace\build\src\src\hotspot\share\prims\jni.cpp, line 535]
Event: 43.268 Thread 0x000001c948903c00 Exception <a 'java/net/ConnectException'{0x00000000c4a26ac0}: Connection refused: no further information> (0x00000000c4a26ac0) 
thrown [e:\jenkins\tmp\workspace\build\src\src\hotspot\share\prims\jni.cpp, line 535]
Event: 43.268 Thread 0x000001c948903c00 Exception <a 'java/net/SocketException'{0x00000000c4a26df8}: Socket is not connected: shutdown> (0x00000000c4a26df8) 
thrown [e:\jenkins\tmp\workspace\build\src\src\hotspot\share\prims\jni.cpp, line 535]
Event: 43.455 Thread 0x000001c948903c00 Exception <a 'java/net/ConnectException'{0x00000000c4a27e40}: Connection refused: no further information> (0x00000000c4a27e40) 
thrown [e:\jenkins\tmp\workspace\build\src\src\hotspot\share\prims\jni.cpp, line 535]
Event: 43.455 Thread 0x000001c948903c00 Exception <a 'java/net/SocketException'{0x00000000c4a28178}: Socket is not connected: shutdown> (0x00000000c4a28178) 
thrown [e:\jenkins\tmp\workspace\build\src\src\hotspot\share\prims\jni.cpp, line 535]

VM Operations (20 events):
Event: 25.825 Executing VM operation: Cleanup
Event: 25.825 Executing VM operation: Cleanup done
Event: 26.215 Executing VM operation: G1CollectForAllocation
Event: 26.217 Executing VM operation: G1CollectForAllocation done
Event: 26.227 Executing VM operation: G1TryInitiateConcMark
Event: 26.230 Executing VM operation: G1TryInitiateConcMark done
Event: 28.250 Executing VM operation: Cleanup
Event: 28.251 Executing VM operation: Cleanup done
Event: 29.258 Executing VM operation: Cleanup
Event: 29.258 Executing VM operation: Cleanup done
Event: 33.287 Executing VM operation: Cleanup
Event: 33.287 Executing VM operation: Cleanup done
Event: 34.295 Executing VM operation: Cleanup
Event: 34.296 Executing VM operation: Cleanup done
Event: 38.332 Executing VM operation: Cleanup
Event: 38.378 Executing VM operation: Cleanup done
Event: 43.416 Executing VM operation: Cleanup
Event: 43.416 Executing VM operation: Cleanup done
Event: 43.845 Executing VM operation: G1TryInitiateConcMark
Event: 43.850 Executing VM operation: G1TryInitiateConcMark done

Events (20 events):
Event: 18.493 loading class java/io/CharArrayWriter done
Event: 24.922 loading class java/util/concurrent/ConcurrentLinkedQueue$Itr
Event: 24.922 loading class java/util/concurrent/ConcurrentLinkedQueue$Itr done
Event: 24.938 Thread 0x000001c9489040d0 Thread added: 0x000001c9489040d0
Event: 24.938 Thread 0x000001c9489045a0 Thread added: 0x000001c9489045a0
Event: 24.938 Thread 0x000001c9489028c0 Thread added: 0x000001c9489028c0
Event: 24.959 Thread 0x000001c948902d90 Thread added: 0x000001c948902d90
Event: 24.959 Thread 0x000001c948903260 Thread added: 0x000001c948903260
Event: 26.201 Thread 0x000001c948903730 Thread added: 0x000001c948903730
Event: 26.207 Thread 0x000001c9473e72b0 Thread added: 0x000001c9473e72b0
Event: 28.260 Thread 0x000001c9473e5f70 Thread added: 0x000001c9473e5f70
Event: 28.288 Thread 0x000001c9473e9460 Thread added: 0x000001c9473e9460
Event: 31.203 Thread 0x000001c948903730 Thread exited: 0x000001c948903730
Event: 43.032 Thread 0x000001c9473e55d0 Thread added: 0x000001c9473e55d0
Event: 43.032 Thread 0x000001c9473eb140 Thread added: 0x000001c9473eb140
Event: 43.033 Thread 0x000001c9473e9930 Thread added: 0x000001c9473e9930
Event: 43.051 Thread 0x000001c9473ea2d0 Thread added: 0x000001c9473ea2d0
Event: 43.051 Thread 0x000001c9473e6440 Thread added: 0x000001c9473e6440
Event: 43.787 Thread 0x000001c9473ea7a0 Thread added: 0x000001c9473ea7a0
Event: 43.804 Thread 0x000001c9473e9e00 Thread added: 0x000001c9473e9e00


Dynamic libraries:
0x00007ff749470000 - 0x00007ff74947e000 	C:\Users\anamendra.y(2420)\.p2\pool\plugins\org.eclipse.justj.openjdk.hotspot.jre.full.win32.x86_64_17.0.1.v20211116-1657\jre\bin\javaw.exe
0x00007ffd974b0000 - 0x00007ffd976a5000 	C:\WINDOWS\SYSTEM32\ntdll.dll
0x00007ffd95ca0000 - 0x00007ffd95d5e000 	C:\WINDOWS\System32\KERNEL32.DLL
0x00007ffd94f40000 - 0x00007ffd95208000 	C:\WINDOWS\System32\KERNELBASE.dll
0x00007ffd94e40000 - 0x00007ffd94f40000 	C:\WINDOWS\System32\ucrtbase.dll
0x00007ffd867e0000 - 0x00007ffd867f9000 	C:\Users\anamendra.y(2420)\.p2\pool\plugins\org.eclipse.justj.openjdk.hotspot.jre.full.win32.x86_64_17.0.1.v20211116-1657\jre\bin\VCRUNTIME140.dll
0x00007ffd8ccb0000 - 0x00007ffd8ccc8000 	C:\Users\anamendra.y(2420)\.p2\pool\plugins\org.eclipse.justj.openjdk.hotspot.jre.full.win32.x86_64_17.0.1.v20211116-1657\jre\bin\jli.dll
0x00007ffd97200000 - 0x00007ffd973a1000 	C:\WINDOWS\System32\USER32.dll
0x00007ffd84b90000 - 0x00007ffd84e2a000 	C:\WINDOWS\WinSxS\amd64_microsoft.windows.common-controls_6595b64144ccf1df_6.0.19041.1110_none_60b5254171f9507e\COMCTL32.dll
0x00007ffd96520000 - 0x00007ffd965be000 	C:\WINDOWS\System32\msvcrt.dll
0x00007ffd95710000 - 0x00007ffd9573b000 	C:\WINDOWS\System32\GDI32.dll
0x00007ffd94bc0000 - 0x00007ffd94be2000 	C:\WINDOWS\System32\win32u.dll
0x00007ffd94d30000 - 0x00007ffd94e3d000 	C:\WINDOWS\System32\gdi32full.dll
0x00007ffd95210000 - 0x00007ffd952ad000 	C:\WINDOWS\System32\msvcp_win.dll
0x00007ffd965d0000 - 0x00007ffd96600000 	C:\WINDOWS\System32\IMM32.DLL
0x00007ffd92280000 - 0x00007ffd9228c000 	C:\Users\anamendra.y(2420)\.p2\pool\plugins\org.eclipse.justj.openjdk.hotspot.jre.full.win32.x86_64_17.0.1.v20211116-1657\jre\bin\vcruntime140_1.dll
0x00007ffd7fcb0000 - 0x00007ffd7fd41000 	C:\Users\anamendra.y(2420)\.p2\pool\plugins\org.eclipse.justj.openjdk.hotspot.jre.full.win32.x86_64_17.0.1.v20211116-1657\jre\bin\msvcp140.dll
0x00007ffd54a00000 - 0x00007ffd55646000 	C:\Users\anamendra.y(2420)\.p2\pool\plugins\org.eclipse.justj.openjdk.hotspot.jre.full.win32.x86_64_17.0.1.v20211116-1657\jre\bin\server\jvm.dll
0x00007ffd96600000 - 0x00007ffd966ac000 	C:\WINDOWS\System32\ADVAPI32.dll
0x00007ffd973b0000 - 0x00007ffd9744b000 	C:\WINDOWS\System32\sechost.dll
0x00007ffd95580000 - 0x00007ffd956aa000 	C:\WINDOWS\System32\RPCRT4.dll
0x00007ffd966b0000 - 0x00007ffd966b8000 	C:\WINDOWS\System32\PSAPI.DLL
0x00007ffd82b40000 - 0x00007ffd82b49000 	C:\WINDOWS\SYSTEM32\WSOCK32.dll
0x00007ffd939b0000 - 0x00007ffd939ba000 	C:\WINDOWS\SYSTEM32\VERSION.dll
0x00007ffd87b40000 - 0x00007ffd87b67000 	C:\WINDOWS\SYSTEM32\WINMM.dll
0x00007ffd961a0000 - 0x00007ffd9620b000 	C:\WINDOWS\System32\WS2_32.dll
0x00007ffd93960000 - 0x00007ffd93972000 	C:\WINDOWS\SYSTEM32\kernel.appcore.dll
0x00007ffd87230000 - 0x00007ffd8723a000 	C:\Users\anamendra.y(2420)\.p2\pool\plugins\org.eclipse.justj.openjdk.hotspot.jre.full.win32.x86_64_17.0.1.v20211116-1657\jre\bin\jimage.dll
0x00007ffd84260000 - 0x00007ffd84444000 	C:\WINDOWS\SYSTEM32\DBGHELP.DLL
0x00007ffd84110000 - 0x00007ffd8413c000 	C:\WINDOWS\SYSTEM32\dbgcore.DLL
0x00007ffd94bf0000 - 0x00007ffd94c72000 	C:\WINDOWS\System32\bcryptPrimitives.dll
0x00007ffd51e10000 - 0x00007ffd51e35000 	C:\Users\anamendra.y(2420)\.p2\pool\plugins\org.eclipse.justj.openjdk.hotspot.jre.full.win32.x86_64_17.0.1.v20211116-1657\jre\bin\java.dll
0x00007ffd7fb30000 - 0x00007ffd7fb48000 	C:\Users\anamendra.y(2420)\.p2\pool\plugins\org.eclipse.justj.openjdk.hotspot.jre.full.win32.x86_64_17.0.1.v20211116-1657\jre\bin\zip.dll
0x00007ffd966c0000 - 0x00007ffd96e04000 	C:\WINDOWS\System32\SHELL32.dll
0x00007ffd92af0000 - 0x00007ffd93284000 	C:\WINDOWS\SYSTEM32\windows.storage.dll
0x00007ffd96e10000 - 0x00007ffd97165000 	C:\WINDOWS\System32\combase.dll
0x00007ffd94540000 - 0x00007ffd9456e000 	C:\WINDOWS\SYSTEM32\Wldp.dll
0x00007ffd95f70000 - 0x00007ffd9601d000 	C:\WINDOWS\System32\SHCORE.dll
0x00007ffd95f10000 - 0x00007ffd95f65000 	C:\WINDOWS\System32\shlwapi.dll
0x00007ffd94b00000 - 0x00007ffd94b1f000 	C:\WINDOWS\SYSTEM32\profapi.dll
0x00007ffd79680000 - 0x00007ffd79699000 	C:\Users\anamendra.y(2420)\.p2\pool\plugins\org.eclipse.justj.openjdk.hotspot.jre.full.win32.x86_64_17.0.1.v20211116-1657\jre\bin\net.dll
0x00007ffd862e0000 - 0x00007ffd863ec000 	C:\WINDOWS\SYSTEM32\WINHTTP.dll
0x00007ffd942a0000 - 0x00007ffd9430a000 	C:\WINDOWS\system32\mswsock.dll
0x00007ffd51180000 - 0x00007ffd51195000 	C:\Users\anamendra.y(2420)\.p2\pool\plugins\org.eclipse.justj.openjdk.hotspot.jre.full.win32.x86_64_17.0.1.v20211116-1657\jre\bin\nio.dll
0x00007ffd93fd0000 - 0x00007ffd9409b000 	C:\WINDOWS\SYSTEM32\DNSAPI.dll
0x00007ffd93f90000 - 0x00007ffd93fcb000 	C:\WINDOWS\SYSTEM32\IPHLPAPI.DLL
0x00007ffd97170000 - 0x00007ffd97178000 	C:\WINDOWS\System32\NSI.dll
0x00007ffd85f30000 - 0x00007ffd85f3a000 	C:\Windows\System32\rasadhlp.dll
0x00007ffd8fbb0000 - 0x00007ffd8fc2f000 	C:\WINDOWS\System32\fwpuclnt.dll
0x00007ffd952b0000 - 0x00007ffd952d7000 	C:\WINDOWS\System32\bcrypt.dll
0x00007ffd944a0000 - 0x00007ffd944b8000 	C:\WINDOWS\SYSTEM32\CRYPTSP.dll
0x00007ffd93c20000 - 0x00007ffd93c54000 	C:\WINDOWS\system32\rsaenh.dll
0x00007ffd94a80000 - 0x00007ffd94aae000 	C:\WINDOWS\SYSTEM32\USERENV.dll
0x00007ffd94490000 - 0x00007ffd9449c000 	C:\WINDOWS\SYSTEM32\CRYPTBASE.dll
0x00007ffd8fb20000 - 0x00007ffd8fb37000 	C:\WINDOWS\SYSTEM32\dhcpcsvc6.DLL
0x00007ffd8fac0000 - 0x00007ffd8fadd000 	C:\WINDOWS\SYSTEM32\dhcpcsvc.DLL
0x00007ffd87100000 - 0x00007ffd87110000 	C:\Users\anamendra.y(2420)\.p2\pool\plugins\org.eclipse.justj.openjdk.hotspot.jre.full.win32.x86_64_17.0.1.v20211116-1657\jre\bin\verify.dll
0x00007ffd81d20000 - 0x00007ffd81d37000 	C:\WINDOWS\system32\napinsp.dll
0x00007ffd81d00000 - 0x00007ffd81d1b000 	C:\WINDOWS\system32\pnrpnsp.dll
0x00007ffd81c90000 - 0x00007ffd81ca5000 	C:\WINDOWS\system32\wshbth.dll
0x00007ffd904a0000 - 0x00007ffd904bd000 	C:\WINDOWS\system32\NLAapi.dll
0x00007ffd81c70000 - 0x00007ffd81c82000 	C:\WINDOWS\System32\winrnr.dll
0x00007ffd714f0000 - 0x00007ffd714f9000 	C:\Users\anamendra.y(2420)\.p2\pool\plugins\org.eclipse.justj.openjdk.hotspot.jre.full.win32.x86_64_17.0.1.v20211116-1657\jre\bin\management.dll
0x00007ffd6e190000 - 0x00007ffd6e19b000 	C:\Users\anamendra.y(2420)\.p2\pool\plugins\org.eclipse.justj.openjdk.hotspot.jre.full.win32.x86_64_17.0.1.v20211116-1657\jre\bin\management_ext.dll
0x00007ffd6e180000 - 0x00007ffd6e18e000 	C:\Users\anamendra.y(2420)\.p2\pool\plugins\org.eclipse.justj.openjdk.hotspot.jre.full.win32.x86_64_17.0.1.v20211116-1657\jre\bin\sunmscapi.dll
0x00007ffd95330000 - 0x00007ffd95486000 	C:\WINDOWS\System32\CRYPT32.dll
0x00007ffd945b0000 - 0x00007ffd945d7000 	C:\WINDOWS\SYSTEM32\ncrypt.dll
0x00007ffd94570000 - 0x00007ffd945ab000 	C:\WINDOWS\SYSTEM32\NTASN1.dll
0x00007ffd87620000 - 0x00007ffd87627000 	C:\WINDOWS\system32\wshunix.dll

dbghelp: loaded successfully - version: 4.0.5 - missing functions: none
symbol engine: initialized successfully - sym options: 0x614 - pdb path: .;C:\Users\anamendra.y(2420)\.p2\pool\plugins\org.eclipse.justj.openjdk.hotspot.jre.full.win32.x86_64_17.0.1.v20211116-1657\jre\bin;C:\WINDOWS\SYSTEM32;C:\WINDOWS\WinSxS\amd64_microsoft.windows.common-controls_6595b64144ccf1df_6.0.19041.1110_none_60b5254171f9507e;C:\Users\anamendra.y(2420)\.p2\pool\plugins\org.eclipse.justj.openjdk.hotspot.jre.full.win32.x86_64_17.0.1.v20211116-1657\jre\bin\server

VM Arguments:
jvm_args: -ea -Dfile.encoding=Cp1252 -XX:+ShowCodeDetailsInExceptionMessages 
java_command: org.testng.remote.RemoteTestNG -serport 56855 -protocol json -d C:\Users\anamendra.y(2420)\eclipse-workspace\automateDemo\test-output C:\Users\anamendra.y(2420)\eclipse-workspace\automateDemo\testng.xml
java_class_path (initial): C:\Users\anamendra.y(2420)\eclipse\java-2021-12\eclipse\configuration\org.eclipse.osgi\429\0\.cp\lib\testng-remote.jar;C:\Users\anamendra.y(2420)\eclipse-workspace\automateDemo\target\test-classes;C:\Users\anamendra.y(2420)\eclipse-workspace\automateDemo\target\classes;C:\Users\anamendra.y(2420)\.p2\pool\plugins\org.testng_7.4.0.r202105021533.jar;C:\Users\anamendra.y(2420)\.p2\pool\plugins\com.beust.jcommander_1.78.0.jar;C:\Users\anamendra.y(2420)\.p2\pool\plugins\org.apache-extras.beanshell.bsh_2.0.0.b6.jar;C:\Users\anamendra.y(2420)\.p2\pool\plugins\org.yaml.snakeyaml_1.21.0.jar;C:\Users\anamendra.y(2420)\.p2\pool\plugins\org.webjars.jquery_3.5.1.jar;C:\Users\anamendra.y(2420)\.m2\repository\org\seleniumhq\selenium\selenium-java\4.1.1\selenium-java-4.1.1.jar;C:\Users\anamendra.y(2420)\.m2\repository\org\seleniumhq\selenium\selenium-api\4.1.1\selenium-api-4.1.1.jar;C:\Users\anamendra.y(2420)\.m2\repository\org\seleniumhq\selenium\selenium-chrome-driver\4.1.1\selenium-chrome-driver-4.1.1.jar;C:\Users\anamendra.y(2420)\.m2\repository\com\google\auto\service\auto-service-annotations\1.0.1\auto-service-annotations-1.0.1.jar;C:\Users\anamendra.y(2420)\.m2\repository\com\google\auto\service\auto-service\1.0.1\auto-service-1.0.1.jar;C:\Users\anamendra.y(2420)\.m2\repository\com\google\auto\auto-common\1.2\auto-common-1.2.jar;C:\Users\anamendra.y(2420)\.m2\repository\com\google\guava\guava\31.0.1-jre\guava-31.0.1-jre.jar;C:\Users\anamendra.y(2420)\.m2\repository\com\google\guava\failureaccess\1.0.1\failureaccess-1.0.1.jar;C:\Users\anamendra.y(2420)\.m2\repository\com\google\guava\listenablefuture\9999.0-empty-to-avoid-conflict-with-guava\listenablefuture-9999.0-empty-to-avoid-conflict-with-guava.jar;C:\Users\anamendra.y(2420)\.m2\repository\com\google\code\findbugs\jsr305\3.0.2\jsr305-3.0.2.jar;C:\Users\anamendra.y(2420)\.m2\repository\org\checkerframework\checker-qual\3.12.0\checker-qual-3.12.0.jar;C:\Users\anamendra.y(2420)\.m2\repository\com
Launcher Type: SUN_STANDARD

[Global flags]
     intx CICompilerCount                          = 3                                         {product} {ergonomic}
     uint ConcGCThreads                            = 1                                         {product} {ergonomic}
     uint G1ConcRefinementThreads                  = 4                                         {product} {ergonomic}
   size_t G1HeapRegionSize                         = 1048576                                   {product} {ergonomic}
    uintx GCDrainStackTargetSize                   = 64                                        {product} {ergonomic}
   size_t InitialHeapSize                          = 67108864                                  {product} {ergonomic}
   size_t MarkStackSize                            = 4194304                                   {product} {ergonomic}
   size_t MaxHeapSize                              = 1052770304                                {product} {ergonomic}
   size_t MaxNewSize                               = 631242752                                 {product} {ergonomic}
   size_t MinHeapDeltaBytes                        = 1048576                                   {product} {ergonomic}
   size_t MinHeapSize                              = 8388608                                   {product} {ergonomic}
    uintx NonNMethodCodeHeapSize                   = 5832780                                {pd product} {ergonomic}
    uintx NonProfiledCodeHeapSize                  = 122912730                              {pd product} {ergonomic}
    uintx ProfiledCodeHeapSize                     = 122912730                              {pd product} {ergonomic}
    uintx ReservedCodeCacheSize                    = 251658240                              {pd product} {ergonomic}
     bool SegmentedCodeCache                       = true                                      {product} {ergonomic}
     bool ShowCodeDetailsInExceptionMessages       = true                                   {manageable} {command line}
   size_t SoftMaxHeapSize                          = 1052770304                             {manageable} {ergonomic}
     bool UseCompressedClassPointers               = true                           {product lp64_product} {ergonomic}
     bool UseCompressedOops                        = true                           {product lp64_product} {ergonomic}
     bool UseG1GC                                  = true                                      {product} {ergonomic}
     bool UseLargePagesIndividualAllocation        = false                                  {pd product} {ergonomic}

Logging:
Log output configuration:
 #0: stdout all=warning uptime,level,tags
 #1: stderr all=off uptime,level,tags

Environment Variables:
PATH=C:/Users/anamendra.y(2420)/.p2/pool/plugins/org.eclipse.justj.openjdk.hotspot.jre.full.win32.x86_64_17.0.1.v20211116-1657/jre/bin/server;C:/Users/anamendra.y(2420)/.p2/pool/plugins/org.eclipse.justj.openjdk.hotspot.jre.full.win32.x86_64_17.0.1.v20211116-1657/jre/bin;"C:\Program Files\nodejs\node_modules\npm\bin;C:\Users\anamendra.y(2420)\Downloads\chromedriver_win32;";C:\Python310\;C:\Program Files (x86)\Common Files\Oracle\Java\javapath;C:\Program Files (x86)\Intel\iCLS Client\;C:\Users\anamendra.y(2420)\Downloads\apache-ant-1.10.12\apache-ant-1.10.12\bin;C:\Program Files\Intel\iCLS Client\;C:\WINDOWS\system32;C:\WINDOWS;C:\WINDOWS\System32\Wbem;C:\WINDOWS\System32\WindowsPowerShell\v1.0\;C:\Program Files\Intel\Intel(R) Management Engine Components\DAL;C:\Program Files\Intel\Intel(R) Management Engine Components\IPT;C:\Program Files (x86)\Intel\Intel(R) Management Engine Components\DAL;C:\Program Files (x86)\Intel\Intel(R) Management Engine Components\IPT;C:\WINDOWS\System32\OpenSSH\;D:\Softwares\apache-jmeter-5.2.1\apache-jmeter-5.2.1\bin;D:\apache-ant-1.9.9\bin;C:\Program Files\Git\cmd;C:\Program Files\nodejs\;C:\Program Files (x86)\dotnet\;C:\ProgramData\chocolatey\bin;C:\Program Files\Microsoft VS Code\bin;C:\apache-maven-3.8.4\bin;C:\Program Files\dotnet\;C:\Users\anamendra.y(2420)\AppData\Local\Microsoft\WindowsApps;C:\Users\anamendra.y(2420)\AppData\Roaming\npm;C:\Users\anamendra.y(2420)\.dotnet\tools;C:\Users\anamendra.y(2420)\Desktop;
USERNAME=anamendra.y(2420)
OS=Windows_NT
PROCESSOR_IDENTIFIER=Intel64 Family 6 Model 60 Stepping 3, GenuineIntel



---------------  S Y S T E M  ---------------

OS:
 Windows 10 , 64 bit Build 19041 (10.0.19041.1348)
OS uptime: 0 days 2:50 hours

CPU: total 4 (initial active 4) (4 cores per cpu, 1 threads per core) family 6 model 60 stepping 3 microcode 0x27, cx8, cmov, fxsr, mmx, sse, sse2, sse3, ssse3, sse4.1, sse4.2, popcnt, lzcnt, tsc, tscinvbit, avx, avx2, aes, erms, clmul, bmi1, bmi2, fma, vzeroupper, clflush

Memory: 4k page, system-wide physical 4013M (169M free)
TotalPageFile size 10526M (AvailPageFile size 5M)
current process WorkingSet (physical memory assigned to process): 163M, peak: 232M
current process commit charge ("private bytes"): 305M, peak: 306M

vm_info: OpenJDK 64-Bit Server VM (17.0.1+12) for windows-amd64 JRE (17.0.1+12), built on Oct 20 2021 07:42:55 by "" with MS VC++ 16.7 (VS2019)

END.
