#
# There is insufficient memory for the Java Runtime Environment to continue.
# Native memory allocation (mmap) failed to map 1048576 bytes for G1 virtual space
# Possible reasons:
#   The system is out of physical RAM or swap space
#   The process is running with CompressedOops enabled, and the Java Heap may be blocking the growth of the native heap
# Possible solutions:
#   Reduce memory load on the system
#   Increase physical memory or swap space
#   Check if swap backing store is full
#   Decrease Java heap size (-Xmx/-Xms)
#   Decrease number of Java threads
#   Decrease Java thread stack sizes (-Xss)
#   Set larger code cache with -XX:ReservedCodeCacheSize=
#   JVM is running with Unscaled Compressed Oops mode in which the Java heap is
#     placed in the first 4GB address space. The Java Heap base address is the
#     maximum limit for the native heap growth. Please use -XX:HeapBaseMinAddress
#     to set the Java Heap base and to place the Java Heap above 4GB virtual address.
# This output file may be truncated or incomplete.
#
#  Out of Memory Error (os_windows.cpp:3469), pid=4588, tid=14904
#
# JRE version: OpenJDK Runtime Environment Temurin-17.0.1+12 (17.0.1+12) (build 17.0.1+12)
# Java VM: OpenJDK 64-Bit Server VM Temurin-17.0.1+12 (17.0.1+12, mixed mode, tiered, compressed oops, compressed class ptrs, g1 gc, windows-amd64)
# No core dump will be written. Minidumps are not enabled by default on client versions of Windows
#

---------------  S U M M A R Y ------------

Command Line: -ea -Dfile.encoding=Cp1252 -XX:+ShowCodeDetailsInExceptionMessages org.testng.remote.RemoteTestNG -serport 58666 -protocol json -d C:\Users\anamendra.y(2420)\eclipse-workspace\automateDemo\test-output C:\Users\anamendra.y(2420)\eclipse-workspace\automateDemo\testng.xml

Host: Intel(R) Core(TM) i5-4590T CPU @ 2.00GHz, 4 cores, 3G,  Windows 10 , 64 bit Build 19041 (10.0.19041.1348)
Time: Tue Mar  8 14:38:33 2022 India Standard Time elapsed time: 3.220344 seconds (0d 0h 0m 3s)

---------------  T H R E A D  ---------------

Current thread (0x0000015d497dad40):  JavaThread "AsyncHttpClient-1-2" daemon [_thread_in_vm, id=14904, stack(0x0000000641000000,0x0000000641100000)]

Stack: [0x0000000641000000,0x0000000641100000]
Native frames: (J=compiled Java code, j=interpreted, Vv=VM code, C=native code)
V  [jvm.dll+0x6744da]
V  [jvm.dll+0x82e144]
V  [jvm.dll+0x82f8ee]
V  [jvm.dll+0x82ff53]
V  [jvm.dll+0x245175]
V  [jvm.dll+0x6714c9]
V  [jvm.dll+0x665f92]
V  [jvm.dll+0x303c3b]
V  [jvm.dll+0x30b176]
V  [jvm.dll+0x35ac0b]
V  [jvm.dll+0x35b230]
V  [jvm.dll+0x35ade6]
V  [jvm.dll+0x2db0c4]
V  [jvm.dll+0x2d7106]
V  [jvm.dll+0x607c73]
V  [jvm.dll+0x20fe95]
V  [jvm.dll+0x7f81f6]
V  [jvm.dll+0x380d5a]
C  0x0000015d3370b7ed

Java frames: (J=compiled Java code, j=interpreted, Vv=VM code)
j  io.netty.util.internal.PlatformDependent.allocateUninitializedArray(I)[B+14
j  io.netty.buffer.PoolArena$HeapArena.newByteArray(I)[B+1
j  io.netty.buffer.PoolArena$HeapArena.newChunk(IIII)Lio/netty/buffer/PoolChunk;+8
j  io.netty.buffer.PoolArena.allocateNormal(Lio/netty/buffer/PooledByteBuf;IILio/netty/buffer/PoolThreadCache;)V+93
j  io.netty.buffer.PoolArena.tcacheAllocateSmall(Lio/netty/buffer/PoolThreadCache;Lio/netty/buffer/PooledByteBuf;II)V+162
j  io.netty.buffer.PoolArena.allocate(Lio/netty/buffer/PoolThreadCache;Lio/netty/buffer/PooledByteBuf;I)V+22
j  io.netty.buffer.PoolArena.allocate(Lio/netty/buffer/PoolThreadCache;II)Lio/netty/buffer/PooledByteBuf;+12
j  io.netty.buffer.PooledByteBufAllocator.newHeapBuffer(II)Lio/netty/buffer/ByteBuf;+27
j  io.netty.buffer.AbstractByteBufAllocator.heapBuffer(II)Lio/netty/buffer/ByteBuf;+21
j  io.netty.buffer.AbstractByteBufAllocator.heapBuffer(I)Lio/netty/buffer/ByteBuf;+4
j  io.netty.buffer.UnsafeByteBufUtil.setBytes(Lio/netty/buffer/AbstractByteBuf;JILjava/io/InputStream;I)I+13
j  io.netty.buffer.PooledUnsafeDirectByteBuf.setBytes(ILjava/io/InputStream;I)I+9
j  io.netty.buffer.AbstractByteBuf.writeBytes(Ljava/io/InputStream;I)I+13
j  io.netty.handler.stream.ChunkedStream.readChunk(Lio/netty/buffer/ByteBufAllocator;)Lio/netty/buffer/ByteBuf;+68
j  io.netty.handler.stream.ChunkedStream.readChunk(Lio/netty/buffer/ByteBufAllocator;)Ljava/lang/Object;+2
j  io.netty.handler.stream.ChunkedWriteHandler.doFlush(Lio/netty/channel/ChannelHandlerContext;)V+118
j  io.netty.handler.stream.ChunkedWriteHandler.flush(Lio/netty/channel/ChannelHandlerContext;)V+2
j  io.netty.channel.AbstractChannelHandlerContext.invokeFlush0()V+8
j  io.netty.channel.AbstractChannelHandlerContext.invokeWriteAndFlush(Ljava/lang/Object;Lio/netty/channel/ChannelPromise;)V+14
j  io.netty.channel.AbstractChannelHandlerContext.write(Ljava/lang/Object;ZLio/netty/channel/ChannelPromise;)V+90
j  io.netty.channel.AbstractChannelHandlerContext.writeAndFlush(Ljava/lang/Object;Lio/netty/channel/ChannelPromise;)Lio/netty/channel/ChannelFuture;+4
j  io.netty.channel.DefaultChannelPipeline.writeAndFlush(Ljava/lang/Object;Lio/netty/channel/ChannelPromise;)Lio/netty/channel/ChannelFuture;+6
j  io.netty.channel.AbstractChannel.writeAndFlush(Ljava/lang/Object;Lio/netty/channel/ChannelPromise;)Lio/netty/channel/ChannelFuture;+6
j  org.asynchttpclient.netty.request.body.NettyInputStreamBody.write(Lio/netty/channel/Channel;Lorg/asynchttpclient/netty/NettyResponseFuture;)V+93
j  org.asynchttpclient.netty.request.NettyRequestSender.writeRequest(Lorg/asynchttpclient/netty/NettyResponseFuture;Lio/netty/channel/Channel;)V+209
j  org.asynchttpclient.netty.channel.NettyConnectListener.writeRequest(Lio/netty/channel/Channel;)V+101
j  org.asynchttpclient.netty.channel.NettyConnectListener.onSuccess(Lio/netty/channel/Channel;Ljava/net/InetSocketAddress;)V+232
j  org.asynchttpclient.netty.channel.NettyChannelConnector$1.onSuccess(Lio/netty/channel/Channel;)V+51
j  org.asynchttpclient.netty.SimpleChannelFutureListener.operationComplete(Lio/netty/channel/ChannelFuture;)V+18
j  org.asynchttpclient.netty.SimpleChannelFutureListener.operationComplete(Lio/netty/util/concurrent/Future;)V+5
j  io.netty.util.concurrent.DefaultPromise.notifyListener0(Lio/netty/util/concurrent/Future;Lio/netty/util/concurrent/GenericFutureListener;)V+2
j  io.netty.util.concurrent.DefaultPromise.notifyListeners0(Lio/netty/util/concurrent/DefaultFutureListeners;)V+24
j  io.netty.util.concurrent.DefaultPromise.notifyListenersNow()V+58
j  io.netty.util.concurrent.DefaultPromise.notifyListeners()V+38
j  io.netty.util.concurrent.DefaultPromise.setValue0(Ljava/lang/Object;)Z+34
j  io.netty.util.concurrent.DefaultPromise.setSuccess0(Ljava/lang/Object;)Z+12
j  io.netty.util.concurrent.DefaultPromise.trySuccess(Ljava/lang/Object;)Z+2
j  io.netty.channel.DefaultChannelPromise.trySuccess()Z+2
j  io.netty.channel.nio.AbstractNioChannel$AbstractNioUnsafe.fulfillConnectPromise(Lio/netty/channel/ChannelPromise;Z)V+14
j  io.netty.channel.nio.AbstractNioChannel$AbstractNioUnsafe.finishConnect()V+51
j  io.netty.channel.nio.NioEventLoop.processSelectedKey(Ljava/nio/channels/SelectionKey;Lio/netty/channel/nio/AbstractNioChannel;)V+78
j  io.netty.channel.nio.NioEventLoop.processSelectedKeysOptimized()V+51
j  io.netty.channel.nio.NioEventLoop.processSelectedKeys()V+8
j  io.netty.channel.nio.NioEventLoop.run()V+263
j  io.netty.util.concurrent.SingleThreadEventExecutor$4.run()V+44
j  io.netty.util.internal.ThreadExecutorMap$2.run()V+11
j  io.netty.util.concurrent.FastThreadLocalRunnable.run()V+4
j  java.lang.Thread.run()V+11 java.base@17.0.1
v  ~StubRoutines::call_stub

---------------  P R O C E S S  ---------------

Threads class SMR info:
_java_thread_list=0x0000015d4984a9e0, length=25, elements={
0x0000015d2dfec7f0, 0x0000015d470fe830, 0x0000015d470ffba0, 0x0000015d47133a30,
0x0000015d471355f0, 0x0000015d47137fb0, 0x0000015d47139970, 0x0000015d4713a650,
0x0000015d47c1d410, 0x0000015d47c29950, 0x0000015d47d3c450, 0x0000015d47d425a0,
0x0000015d47ff7830, 0x0000015d494813b0, 0x0000015d49481880, 0x0000015d49482570,
0x0000015d49672c50, 0x0000015d49aca6d0, 0x0000015d49658950, 0x0000015d497dbbb0,
0x0000015d497d81f0, 0x0000015d497d9060, 0x0000015d497d8b90, 0x0000015d497d86c0,
0x0000015d497dad40
}

Java Threads: ( => current thread )
  0x0000015d2dfec7f0 JavaThread "Forwarding newSession on session null to remote" [_thread_blocked, id=9140, stack(0x000000063ec00000,0x000000063ed00000)]
  0x0000015d470fe830 JavaThread "Reference Handler" daemon [_thread_blocked, id=14360, stack(0x000000063f400000,0x000000063f500000)]
  0x0000015d470ffba0 JavaThread "Finalizer" daemon [_thread_blocked, id=6048, stack(0x000000063f500000,0x000000063f600000)]
  0x0000015d47133a30 JavaThread "Signal Dispatcher" daemon [_thread_blocked, id=5556, stack(0x000000063f600000,0x000000063f700000)]
  0x0000015d471355f0 JavaThread "Attach Listener" daemon [_thread_blocked, id=5312, stack(0x000000063f700000,0x000000063f800000)]
  0x0000015d47137fb0 JavaThread "Service Thread" daemon [_thread_blocked, id=14856, stack(0x000000063f800000,0x000000063f900000)]
  0x0000015d47139970 JavaThread "Monitor Deflation Thread" daemon [_thread_blocked, id=18960, stack(0x000000063f900000,0x000000063fa00000)]
  0x0000015d4713a650 JavaThread "C2 CompilerThread0" daemon [_thread_in_native, id=15108, stack(0x000000063fa00000,0x000000063fb00000)]
  0x0000015d47c1d410 JavaThread "C1 CompilerThread0" daemon [_thread_blocked, id=2424, stack(0x000000063fb00000,0x000000063fc00000)]
  0x0000015d47c29950 JavaThread "Sweeper thread" daemon [_thread_blocked, id=14884, stack(0x000000063fc00000,0x000000063fd00000)]
  0x0000015d47d3c450 JavaThread "Notification Thread" daemon [_thread_blocked, id=16144, stack(0x000000063fd00000,0x000000063fe00000)]
  0x0000015d47d425a0 JavaThread "Common-Cleaner" daemon [_thread_blocked, id=18688, stack(0x000000063ff00000,0x0000000640000000)]
  0x0000015d47ff7830 JavaThread "ReaderThread" [_thread_in_native, id=7988, stack(0x0000000640100000,0x0000000640200000)]
  0x0000015d494813b0 JavaThread "ForkJoinPool.commonPool-worker-1" daemon [_thread_blocked, id=16128, stack(0x0000000640500000,0x0000000640600000)]
  0x0000015d49481880 JavaThread "ForkJoinPool.commonPool-worker-2" daemon [_thread_blocked, id=15052, stack(0x0000000640600000,0x0000000640700000)]
  0x0000015d49482570 JavaThread "ForkJoinPool.commonPool-worker-3" daemon [_thread_blocked, id=16368, stack(0x0000000640700000,0x0000000640800000)]
  0x0000015d49672c50 JavaThread "AsyncHttpClient-1-1" daemon [_thread_blocked, id=14384, stack(0x0000000640800000,0x0000000640900000)]
  0x0000015d49aca6d0 JavaThread "Exec Default Executor" daemon [_thread_in_native, id=18820, stack(0x0000000640900000,0x0000000640a00000)]
  0x0000015d49658950 JavaThread "Driver Service Executor" daemon [_thread_blocked, id=17500, stack(0x0000000640a00000,0x0000000640b00000)]
  0x0000015d497dbbb0 JavaThread "Driver Service Executor" daemon [_thread_blocked, id=8508, stack(0x0000000640b00000,0x0000000640c00000)]
  0x0000015d497d81f0 JavaThread "UrlChecker-2" daemon [_thread_blocked, id=2228, stack(0x0000000640c00000,0x0000000640d00000)]
  0x0000015d497d9060 JavaThread "Exec Stream Pumper" daemon [_thread_in_native, id=13088, stack(0x0000000640d00000,0x0000000640e00000)]
  0x0000015d497d8b90 JavaThread "Exec Stream Pumper" daemon [_thread_in_native, id=15156, stack(0x0000000640e00000,0x0000000640f00000)]
  0x0000015d497d86c0 JavaThread "Keep-Alive-Timer" daemon [_thread_blocked, id=9640, stack(0x0000000640f00000,0x0000000641000000)]
=>0x0000015d497dad40 JavaThread "AsyncHttpClient-1-2" daemon [_thread_in_vm, id=14904, stack(0x0000000641000000,0x0000000641100000)]

Other Threads:
  0x0000015d470d9750 VMThread "VM Thread" [stack: 0x000000063f300000,0x000000063f400000] [id=11776]
  0x0000015d47d3e930 WatcherThread [stack: 0x000000063fe00000,0x000000063ff00000] [id=9336]
  0x0000015d3007b4c0 GCTaskThread "GC Thread#0" [stack: 0x000000063ee00000,0x000000063ef00000] [id=16028]
  0x0000015d48539890 GCTaskThread "GC Thread#1" [stack: 0x0000000640200000,0x0000000640300000] [id=12248]
  0x0000015d48539b40 GCTaskThread "GC Thread#2" [stack: 0x0000000640300000,0x0000000640400000] [id=14984]
  0x0000015d48539df0 GCTaskThread "GC Thread#3" [stack: 0x0000000640400000,0x0000000640500000] [id=16092]
  0x0000015d30085190 ConcurrentGCThread "G1 Main Marker" [stack: 0x000000063ef00000,0x000000063f000000] [id=13420]
  0x0000015d30086480 ConcurrentGCThread "G1 Conc#0" [stack: 0x000000063f000000,0x000000063f100000] [id=17600]
  0x0000015d300d5be0 ConcurrentGCThread "G1 Refine#0" [stack: 0x000000063f100000,0x000000063f200000] [id=14208]
  0x0000015d300d6ee0 ConcurrentGCThread "G1 Service" [stack: 0x000000063f200000,0x000000063f300000] [id=2128]

Threads with active compile tasks:
C2 CompilerThread0     3254 2044   !   4       jdk.internal.loader.URLClassPath$JarLoader::getResource (354 bytes)

VM state: not at safepoint (normal execution)

VM Mutex/Monitor currently owned by a thread:  ([mutex/lock_event])
[0x0000015d3004ef30] Heap_lock - owner thread: 0x0000015d497dad40

Heap address: 0x00000000c1400000, size: 1004 MB, Compressed Oops mode: 32-bit

CDS archive(s) not mapped
Compressed class space mapped at: 0x0000000100000000-0x0000000140000000, reserved size: 1073741824
Narrow klass base: 0x0000000000000000, Narrow klass shift: 3, Narrow klass range: 0x140000000

GC Precious Log:
 CPUs: 4 total, 4 available
 Memory: 4013M
 Large Page Support: Disabled
 NUMA Support: Disabled
 Compressed Oops: Enabled (32-bit)
 Heap Region Size: 1M
 Heap Min Capacity: 8M
 Heap Initial Capacity: 64M
 Heap Max Capacity: 1004M
 Pre-touch: Disabled
 Parallel Workers: 4
 Concurrent Workers: 1
 Concurrent Refinement Workers: 4
 Periodic GC: Disabled

Heap:
 garbage-first heap   total 39936K, used 10037K [0x00000000c1400000, 0x0000000100000000)
  region size 1024K, 1 young (1024K), 1 survivors (1024K)
 Metaspace       used 29877K, committed 30080K, reserved 1081344K
  class space    used 3401K, committed 3520K, reserved 1048576K

Heap Regions: E=young(eden), S=young(survivor), O=old, HS=humongous(starts), HC=humongous(continues), CS=collection set, F=free, OA=open archive, CA=closed archive, TAMS=top-at-mark-start (previous, next)
|   0|0x00000000c1400000, 0x00000000c1500000, 0x00000000c1500000|100%| O|  |TAMS 0x00000000c1500000, 0x00000000c1500000| Untracked 
|   1|0x00000000c1500000, 0x00000000c1600000, 0x00000000c1600000|100%| O|  |TAMS 0x00000000c1600000, 0x00000000c1600000| Untracked 
|   2|0x00000000c1600000, 0x00000000c1700000, 0x00000000c1700000|100%| O|  |TAMS 0x00000000c1700000, 0x00000000c1700000| Untracked 
|   3|0x00000000c1700000, 0x00000000c1800000, 0x00000000c1800000|100%| O|  |TAMS 0x00000000c1800000, 0x00000000c1800000| Untracked 
|   4|0x00000000c1800000, 0x00000000c1900000, 0x00000000c1900000|100%| O|  |TAMS 0x00000000c184e400, 0x00000000c1900000| Untracked 
|   5|0x00000000c1900000, 0x00000000c19ef800, 0x00000000c1a00000| 93%| O|  |TAMS 0x00000000c1900000, 0x00000000c19ef800| Untracked 
|   6|0x00000000c1a00000, 0x00000000c1b00000, 0x00000000c1b00000|100%| O|  |TAMS 0x00000000c1a00000, 0x00000000c1b00000| Untracked 
|   7|0x00000000c1b00000, 0x00000000c1c00000, 0x00000000c1c00000|100%| O|  |TAMS 0x00000000c1b00000, 0x00000000c1c00000| Untracked 
|   8|0x00000000c1c00000, 0x00000000c1cdde00, 0x00000000c1d00000| 86%| O|  |TAMS 0x00000000c1c00000, 0x00000000c1cdde00| Untracked 
|   9|0x00000000c1d00000, 0x00000000c1d00000, 0x00000000c1e00000|  0%| F|  |TAMS 0x00000000c1d00000, 0x00000000c1d00000| Untracked 
|  10|0x00000000c1e00000, 0x00000000c1e00000, 0x00000000c1f00000|  0%| F|  |TAMS 0x00000000c1e00000, 0x00000000c1e00000| Untracked 
|  11|0x00000000c1f00000, 0x00000000c1f00000, 0x00000000c2000000|  0%| F|  |TAMS 0x00000000c1f00000, 0x00000000c1f00000| Untracked 
|  12|0x00000000c2000000, 0x00000000c2000000, 0x00000000c2100000|  0%| F|  |TAMS 0x00000000c2000000, 0x00000000c2000000| Untracked 
|  13|0x00000000c2100000, 0x00000000c2100000, 0x00000000c2200000|  0%| F|  |TAMS 0x00000000c2100000, 0x00000000c2100000| Untracked 
|  14|0x00000000c2200000, 0x00000000c2200000, 0x00000000c2300000|  0%| F|  |TAMS 0x00000000c2200000, 0x00000000c2200000| Untracked 
|  15|0x00000000c2300000, 0x00000000c2300000, 0x00000000c2400000|  0%| F|  |TAMS 0x00000000c2300000, 0x00000000c2300000| Untracked 
|  16|0x00000000c2400000, 0x00000000c2400000, 0x00000000c2500000|  0%| F|  |TAMS 0x00000000c2400000, 0x00000000c2400000| Untracked 
|  17|0x00000000c2500000, 0x00000000c2500000, 0x00000000c2600000|  0%| F|  |TAMS 0x00000000c2500000, 0x00000000c2500000| Untracked 
|  18|0x00000000c2600000, 0x00000000c2600000, 0x00000000c2700000|  0%| F|  |TAMS 0x00000000c2600000, 0x00000000c2600000| Untracked 
|  19|0x00000000c2700000, 0x00000000c2700000, 0x00000000c2800000|  0%| F|  |TAMS 0x00000000c2700000, 0x00000000c2700000| Untracked 
|  20|0x00000000c2800000, 0x00000000c2800000, 0x00000000c2900000|  0%| F|  |TAMS 0x00000000c2800000, 0x00000000c2800000| Untracked 
|  21|0x00000000c2900000, 0x00000000c2900000, 0x00000000c2a00000|  0%| F|  |TAMS 0x00000000c2900000, 0x00000000c2900000| Untracked 
|  22|0x00000000c2a00000, 0x00000000c2a00000, 0x00000000c2b00000|  0%| F|  |TAMS 0x00000000c2a00000, 0x00000000c2a00000| Untracked 
|  23|0x00000000c2b00000, 0x00000000c2b00000, 0x00000000c2c00000|  0%| F|  |TAMS 0x00000000c2b00000, 0x00000000c2b00000| Untracked 
|  24|0x00000000c2c00000, 0x00000000c2c00000, 0x00000000c2d00000|  0%| F|  |TAMS 0x00000000c2c00000, 0x00000000c2c00000| Untracked 
|  25|0x00000000c2d00000, 0x00000000c2e00000, 0x00000000c2e00000|100%| S|CS|TAMS 0x00000000c2d00000, 0x00000000c2d00000| Complete 
|  26|0x00000000c2e00000, 0x00000000c2e00000, 0x00000000c2f00000|  0%| F|  |TAMS 0x00000000c2e00000, 0x00000000c2e00000| Untracked 
|  27|0x00000000c2f00000, 0x00000000c2f00000, 0x00000000c3000000|  0%| F|  |TAMS 0x00000000c2f00000, 0x00000000c2f00000| Untracked 
|  28|0x00000000c3000000, 0x00000000c3000000, 0x00000000c3100000|  0%| F|  |TAMS 0x00000000c3000000, 0x00000000c3000000| Untracked 
|  29|0x00000000c3100000, 0x00000000c3100000, 0x00000000c3200000|  0%| F|  |TAMS 0x00000000c3100000, 0x00000000c3100000| Untracked 
|  30|0x00000000c3200000, 0x00000000c3200000, 0x00000000c3300000|  0%| F|  |TAMS 0x00000000c3200000, 0x00000000c3200000| Untracked 
|  31|0x00000000c3300000, 0x00000000c3300000, 0x00000000c3400000|  0%| F|  |TAMS 0x00000000c3300000, 0x00000000c3300000| Untracked 
|  32|0x00000000c3400000, 0x00000000c3400000, 0x00000000c3500000|  0%| F|  |TAMS 0x00000000c3400000, 0x00000000c3400000| Untracked 
|  33|0x00000000c3500000, 0x00000000c3500000, 0x00000000c3600000|  0%| F|  |TAMS 0x00000000c3500000, 0x00000000c3500000| Untracked 
|  34|0x00000000c3600000, 0x00000000c3600000, 0x00000000c3700000|  0%| F|  |TAMS 0x00000000c3600000, 0x00000000c3600000| Untracked 
|  35|0x00000000c3700000, 0x00000000c3700000, 0x00000000c3800000|  0%| F|  |TAMS 0x00000000c3700000, 0x00000000c3700000| Untracked 
|  47|0x00000000c4300000, 0x00000000c4300000, 0x00000000c4400000|  0%| F|  |TAMS 0x00000000c4300000, 0x00000000c4300000| Untracked 
|  49|0x00000000c4500000, 0x00000000c4500000, 0x00000000c4600000|  0%| F|  |TAMS 0x00000000c4500000, 0x00000000c4500000| Untracked 
|  63|0x00000000c5300000, 0x00000000c5300000, 0x00000000c5400000|  0%| F|  |TAMS 0x00000000c5300000, 0x00000000c5300000| Untracked 

Card table byte_map: [0x0000015d428f0000,0x0000015d42af0000] _byte_map_base: 0x0000015d422e6000

Marking Bits (Prev, Next): (CMBitMap*) 0x0000015d3007cb20, (CMBitMap*) 0x0000015d3007cae0
 Prev Bits: [0x0000015d43ca0000, 0x0000015d44c50000)
 Next Bits: [0x0000015d42cf0000, 0x0000015d43ca0000)

Polling page: 0x0000015d2f820000

Metaspace:

Usage:
  Non-class:     25.86 MB used.
      Class:      3.32 MB used.
       Both:     29.18 MB used.

Virtual space:
  Non-class space:       32.00 MB reserved,      25.94 MB ( 81%) committed,  4 nodes.
      Class space:        1.00 GB reserved,       3.44 MB ( <1%) committed,  1 nodes.
             Both:        1.03 GB reserved,      29.38 MB (  3%) committed. 

Chunk freelists:
   Non-Class:  1.70 MB
       Class:  512.00 KB
        Both:  2.20 MB

MaxMetaspaceSize: unlimited
CompressedClassSpaceSize: 1.00 GB
Initial GC threshold: 21.00 MB
Current GC threshold: 35.25 MB
CDS: off
MetaspaceReclaimPolicy: balanced
 - commit_granule_bytes: 65536.
 - commit_granule_words: 8192.
 - virtual_space_node_default_size: 1048576.
 - enlarge_chunks_in_place: 1.
 - new_chunks_are_fully_committed: 0.
 - uncommit_free_chunks: 1.
 - use_allocation_guard: 0.
 - handle_deallocations: 1.


Internal statistics:

num_allocs_failed_limit: 3.
num_arena_births: 188.
num_arena_deaths: 0.
num_vsnodes_births: 5.
num_vsnodes_deaths: 0.
num_space_committed: 470.
num_space_uncommitted: 0.
num_chunks_returned_to_freelist: 3.
num_chunks_taken_from_freelist: 738.
num_chunk_merges: 3.
num_chunk_splits: 488.
num_chunks_enlarged: 383.
num_purges: 0.
num_inconsistent_stats: 0.

CodeHeap 'non-profiled nmethods': size=120000Kb used=789Kb max_used=789Kb free=119210Kb
 bounds [0x0000015d3b1c0000, 0x0000015d3b430000, 0x0000015d426f0000]
CodeHeap 'profiled nmethods': size=120000Kb used=3930Kb max_used=3930Kb free=116070Kb
 bounds [0x0000015d33c90000, 0x0000015d34070000, 0x0000015d3b1c0000]
CodeHeap 'non-nmethods': size=5760Kb used=1256Kb max_used=1279Kb free=4503Kb
 bounds [0x0000015d336f0000, 0x0000015d33960000, 0x0000015d33c90000]
 total_blobs=2617 nmethods=2051 adapters=478
 compilation: enabled
              stopped_count=0, restarted_count=0
 full_count=0

Compilation events (20 events):
Event: 3.134 Thread 0x0000015d47c1d410 2045       3       jdk.internal.loader.URLClassPath$JarLoader::validIndex (94 bytes)
Event: 3.135 Thread 0x0000015d47c1d410 nmethod 2045 0x0000015d34061110 code [0x0000015d34061400, 0x0000015d34062308]
Event: 3.135 Thread 0x0000015d47c1d410 2046       3       java.util.LinkedList::toArray (81 bytes)
Event: 3.136 Thread 0x0000015d47c1d410 nmethod 2046 0x0000015d34062890 code [0x0000015d34062aa0, 0x0000015d340632b8]
Event: 3.136 Thread 0x0000015d47c1d410 2047       3       java.util.zip.ZipFile$ZipEntryIterator::<init> (20 bytes)
Event: 3.136 Thread 0x0000015d47c1d410 nmethod 2047 0x0000015d34063590 code [0x0000015d34063720, 0x0000015d340638f8]
Event: 3.136 Thread 0x0000015d47c1d410 2048       3       java.util.logging.LogManager$LoggerContext::requiresDefaultLoggers (29 bytes)
Event: 3.136 Thread 0x0000015d47c1d410 nmethod 2048 0x0000015d34063990 code [0x0000015d34063b40, 0x0000015d34063d68]
Event: 3.165 Thread 0x0000015d4713a650 nmethod 2042 0x0000015d3b283210 code [0x0000015d3b283420, 0x0000015d3b284698]
Event: 3.165 Thread 0x0000015d4713a650 2044   !   4       jdk.internal.loader.URLClassPath$JarLoader::getResource (354 bytes)
Event: 3.167 Thread 0x0000015d47c1d410 2050       3       java.util.WeakHashMap::matchesKey (33 bytes)
Event: 3.168 Thread 0x0000015d47c1d410 nmethod 2050 0x0000015d34063e90 code [0x0000015d34064060, 0x0000015d34064518]
Event: 3.168 Thread 0x0000015d47c1d410 2051       3       java.lang.StringBuilder::append (6 bytes)
Event: 3.169 Thread 0x0000015d47c1d410 nmethod 2051 0x0000015d34064690 code [0x0000015d34064840, 0x0000015d340649e8]
Event: 3.169 Thread 0x0000015d47c1d410 2052       3       java.lang.Class::getMethod (59 bytes)
Event: 3.170 Thread 0x0000015d47c1d410 nmethod 2052 0x0000015d34064a90 code [0x0000015d34064d40, 0x0000015d34065948]
Event: 3.170 Thread 0x0000015d47c1d410 2053       3       java.lang.Class::getMethod0 (31 bytes)
Event: 3.170 Thread 0x0000015d47c1d410 nmethod 2053 0x0000015d34065e10 code [0x0000015d34065fc0, 0x0000015d340661f8]
Event: 3.198 Thread 0x0000015d47c1d410 2055       3       jdk.internal.misc.Unsafe::checkSize (32 bytes)
Event: 3.198 Thread 0x0000015d47c1d410 nmethod 2055 0x0000015d34066310 code [0x0000015d340664c0, 0x0000015d34066728]

GC Heap History (12 events):
Event: 1.276 GC heap before
{Heap before GC invocations=0 (full 0):
 garbage-first heap   total 65536K, used 13312K [0x00000000c1400000, 0x0000000100000000)
  region size 1024K, 13 young (13312K), 0 survivors (0K)
 Metaspace       used 12115K, committed 12224K, reserved 1064960K
  class space    used 1136K, committed 1152K, reserved 1048576K
}
Event: 1.281 GC heap after
{Heap after GC invocations=1 (full 0):
 garbage-first heap   total 65536K, used 4402K [0x00000000c1400000, 0x0000000100000000)
  region size 1024K, 2 young (2048K), 2 survivors (2048K)
 Metaspace       used 12115K, committed 12224K, reserved 1064960K
  class space    used 1136K, committed 1152K, reserved 1048576K
}
Event: 1.711 GC heap before
{Heap before GC invocations=1 (full 0):
 garbage-first heap   total 65536K, used 16690K [0x00000000c1400000, 0x0000000100000000)
  region size 1024K, 14 young (14336K), 2 survivors (2048K)
 Metaspace       used 16990K, committed 17216K, reserved 1064960K
  class space    used 1716K, committed 1856K, reserved 1048576K
}
Event: 1.716 GC heap after
{Heap after GC invocations=2 (full 0):
 garbage-first heap   total 65536K, used 6022K [0x00000000c1400000, 0x0000000100000000)
  region size 1024K, 2 young (2048K), 2 survivors (2048K)
 Metaspace       used 16990K, committed 17216K, reserved 1064960K
  class space    used 1716K, committed 1856K, reserved 1048576K
}
Event: 2.185 GC heap before
{Heap before GC invocations=2 (full 0):
 garbage-first heap   total 65536K, used 18310K [0x00000000c1400000, 0x0000000100000000)
  region size 1024K, 15 young (15360K), 2 survivors (2048K)
 Metaspace       used 21276K, committed 21504K, reserved 1073152K
  class space    used 2277K, committed 2432K, reserved 1048576K
}
Event: 2.189 GC heap after
{Heap after GC invocations=3 (full 0):
 garbage-first heap   total 65536K, used 7325K [0x00000000c1400000, 0x0000000100000000)
  region size 1024K, 2 young (2048K), 2 survivors (2048K)
 Metaspace       used 21276K, committed 21504K, reserved 1073152K
  class space    used 2277K, committed 2432K, reserved 1048576K
}
Event: 2.569 GC heap before
{Heap before GC invocations=4 (full 0):
 garbage-first heap   total 30720K, used 20637K [0x00000000c1400000, 0x0000000100000000)
  region size 1024K, 17 young (17408K), 2 survivors (2048K)
 Metaspace       used 25821K, committed 25984K, reserved 1073152K
  class space    used 2818K, committed 2880K, reserved 1048576K
}
Event: 2.572 GC heap after
{Heap after GC invocations=5 (full 0):
 garbage-first heap   total 30720K, used 9150K [0x00000000c1400000, 0x0000000100000000)
  region size 1024K, 3 young (3072K), 3 survivors (3072K)
 Metaspace       used 25821K, committed 25984K, reserved 1073152K
  class space    used 2818K, committed 2880K, reserved 1048576K
}
Event: 3.112 GC heap before
{Heap before GC invocations=5 (full 0):
 garbage-first heap   total 30720K, used 19390K [0x00000000c1400000, 0x0000000100000000)
  region size 1024K, 14 young (14336K), 3 survivors (3072K)
 Metaspace       used 28909K, committed 29120K, reserved 1081344K
  class space    used 3252K, committed 3328K, reserved 1048576K
}
Event: 3.118 GC heap after
{Heap after GC invocations=6 (full 0):
 garbage-first heap   total 30720K, used 9872K [0x00000000c1400000, 0x0000000100000000)
  region size 1024K, 1 young (1024K), 1 survivors (1024K)
 Metaspace       used 28909K, committed 29120K, reserved 1081344K
  class space    used 3252K, committed 3328K, reserved 1048576K
}
Event: 3.213 GC heap before
{Heap before GC invocations=6 (full 0):
 garbage-first heap   total 30720K, used 12944K [0x00000000c1400000, 0x0000000100000000)
  region size 1024K, 5 young (5120K), 1 survivors (1024K)
 Metaspace       used 29877K, committed 30080K, reserved 1081344K
  class space    used 3401K, committed 3520K, reserved 1048576K
}
Event: 3.215 GC heap after
{Heap after GC invocations=7 (full 0):
 garbage-first heap   total 30720K, used 10037K [0x00000000c1400000, 0x0000000100000000)
  region size 1024K, 1 young (1024K), 1 survivors (1024K)
 Metaspace       used 29877K, committed 30080K, reserved 1081344K
  class space    used 3401K, committed 3520K, reserved 1048576K
}

Deoptimization events (20 events):
Event: 2.625 Thread 0x0000015d49aca6d0 Uncommon trap: trap_request=0xffffffc6 fr.pc=0x0000015d3b261c50 relative=0x0000000000000db0
Event: 2.625 Thread 0x0000015d49aca6d0 Uncommon trap: reason=bimorphic_or_optimized_type_check action=maybe_recompile pc=0x0000015d3b261c50 method=java.util.HashMap.putVal(ILjava/lang/Object;Ljava/lang/Object;ZZ)Ljava/lang/Object; @ 152 c2
Event: 2.625 Thread 0x0000015d49aca6d0 DEOPT PACKING pc=0x0000015d3b261c50 sp=0x00000006409fef70
Event: 2.625 Thread 0x0000015d49aca6d0 DEOPT UNPACKING pc=0x0000015d337423a3 sp=0x00000006409fef00 mode 2
Event: 2.625 Thread 0x0000015d49aca6d0 Uncommon trap: trap_request=0xffffffc6 fr.pc=0x0000015d3b261c50 relative=0x0000000000000db0
Event: 2.625 Thread 0x0000015d49aca6d0 Uncommon trap: reason=bimorphic_or_optimized_type_check action=maybe_recompile pc=0x0000015d3b261c50 method=java.util.HashMap.putVal(ILjava/lang/Object;Ljava/lang/Object;ZZ)Ljava/lang/Object; @ 152 c2
Event: 2.625 Thread 0x0000015d49aca6d0 DEOPT PACKING pc=0x0000015d3b261c50 sp=0x00000006409fef70
Event: 2.625 Thread 0x0000015d49aca6d0 DEOPT UNPACKING pc=0x0000015d337423a3 sp=0x00000006409fef00 mode 2
Event: 2.646 Thread 0x0000015d497d81f0 Uncommon trap: trap_request=0xffffff45 fr.pc=0x0000015d3b250878 relative=0x00000000000000d8
Event: 2.646 Thread 0x0000015d497d81f0 Uncommon trap: reason=unstable_if action=reinterpret pc=0x0000015d3b250878 method=java.lang.CharacterDataLatin1.digit(II)I @ 12 c2
Event: 2.646 Thread 0x0000015d497d81f0 DEOPT PACKING pc=0x0000015d3b250878 sp=0x0000000640cfe950
Event: 2.646 Thread 0x0000015d497d81f0 DEOPT UNPACKING pc=0x0000015d337423a3 sp=0x0000000640cfe808 mode 2
Event: 2.664 Thread 0x0000015d497d81f0 Uncommon trap: trap_request=0xffffff45 fr.pc=0x0000015d3b2504c8 relative=0x00000000000000a8
Event: 2.664 Thread 0x0000015d497d81f0 Uncommon trap: reason=unstable_if action=reinterpret pc=0x0000015d3b2504c8 method=java.lang.CharacterDataLatin1.digit(II)I @ 12 c2
Event: 2.664 Thread 0x0000015d497d81f0 DEOPT PACKING pc=0x0000015d3b2504c8 sp=0x0000000640cfe8a0
Event: 2.664 Thread 0x0000015d497d81f0 DEOPT UNPACKING pc=0x0000015d337423a3 sp=0x0000000640cfe818 mode 2
Event: 2.924 Thread 0x0000015d2dfec7f0 Uncommon trap: trap_request=0xffffff45 fr.pc=0x0000015d3b271284 relative=0x0000000000000084
Event: 2.924 Thread 0x0000015d2dfec7f0 Uncommon trap: reason=unstable_if action=reinterpret pc=0x0000015d3b271284 method=java.lang.CharacterDataLatin1.isWhitespace(I)Z @ 14 c2
Event: 2.924 Thread 0x0000015d2dfec7f0 DEOPT PACKING pc=0x0000015d3b271284 sp=0x000000063ecfd1c0
Event: 2.924 Thread 0x0000015d2dfec7f0 DEOPT UNPACKING pc=0x0000015d337423a3 sp=0x000000063ecfd130 mode 2

Classes unloaded (0 events):
No events

Classes redefined (0 events):
No events

Internal exceptions (20 events):
Event: 2.637 Thread 0x0000015d49aca6d0 Exception <a 'java/lang/NoSuchMethodError'{0x00000000c45bc508}: 'java.lang.Object java.lang.invoke.DirectMethodHandle$Holder.newInvokeSpecial(java.lang.Object, long)'> (0x00000000c45bc508) 
thrown [e:\jenkins\tmp\workspace\build\src\src\hotspot\share\interpreter\linkResolver.cpp, line 766]
Event: 2.642 Thread 0x0000015d49aca6d0 Exception <a 'java/lang/NoSuchMethodError'{0x00000000c45e2de8}: 'java.lang.Object java.lang.invoke.DirectMethodHandle$Holder.invokeStaticInit(java.lang.Object, java.lang.Object, long, java.lang.Object)'> (0x00000000c45e2de8) 
thrown [e:\jenkins\tmp\workspace\build\src\src\hotspot\share\interpreter\linkResolver.cpp, line 766]
Event: 2.643 Thread 0x0000015d49aca6d0 Exception <a 'java/lang/NoSuchMethodError'{0x00000000c45e8e30}: 'java.lang.Object java.lang.invoke.DirectMethodHandle$Holder.newInvokeSpecial(java.lang.Object, java.lang.Object, long)'> (0x00000000c45e8e30) 
thrown [e:\jenkins\tmp\workspace\build\src\src\hotspot\share\interpreter\linkResolver.cpp, line 766]
Event: 2.643 Thread 0x0000015d49aca6d0 Exception <a 'java/lang/NoSuchMethodError'{0x00000000c45ecbf8}: 'java.lang.Object java.lang.invoke.Invokers$Holder.linkToTargetMethod(java.lang.Object, long, java.lang.Object)'> (0x00000000c45ecbf8) 
thrown [e:\jenkins\tmp\workspace\build\src\src\hotspot\share\interpreter\linkResolver.cpp, line 766]
Event: 2.646 Thread 0x0000015d497d81f0 Exception <a 'java/net/ConnectException'{0x00000000c45d6458}: Connection refused: no further information> (0x00000000c45d6458) 
thrown [e:\jenkins\tmp\workspace\build\src\src\hotspot\share\prims\jni.cpp, line 535]
Event: 2.647 Thread 0x0000015d497d81f0 Exception <a 'java/net/SocketException'{0x00000000c45d6790}: Socket is not connected: shutdown> (0x00000000c45d6790) 
thrown [e:\jenkins\tmp\workspace\build\src\src\hotspot\share\prims\jni.cpp, line 535]
Event: 2.665 Thread 0x0000015d497d81f0 Exception <a 'java/net/ConnectException'{0x00000000c45d77f8}: Connection refused: no further information> (0x00000000c45d77f8) 
thrown [e:\jenkins\tmp\workspace\build\src\src\hotspot\share\prims\jni.cpp, line 535]
Event: 2.665 Thread 0x0000015d497d81f0 Exception <a 'java/net/SocketException'{0x00000000c45d7b30}: Socket is not connected: shutdown> (0x00000000c45d7b30) 
thrown [e:\jenkins\tmp\workspace\build\src\src\hotspot\share\prims\jni.cpp, line 535]
Event: 2.695 Thread 0x0000015d497d81f0 Exception <a 'java/net/ConnectException'{0x00000000c45d8ac8}: Connection refused: no further information> (0x00000000c45d8ac8) 
thrown [e:\jenkins\tmp\workspace\build\src\src\hotspot\share\prims\jni.cpp, line 535]
Event: 2.695 Thread 0x0000015d497d81f0 Exception <a 'java/net/SocketException'{0x00000000c45d8e00}: Socket is not connected: shutdown> (0x00000000c45d8e00) 
thrown [e:\jenkins\tmp\workspace\build\src\src\hotspot\share\prims\jni.cpp, line 535]
Event: 2.741 Thread 0x0000015d497d81f0 Exception <a 'java/net/ConnectException'{0x00000000c45d9d98}: Connection refused: no further information> (0x00000000c45d9d98) 
thrown [e:\jenkins\tmp\workspace\build\src\src\hotspot\share\prims\jni.cpp, line 535]
Event: 2.741 Thread 0x0000015d497d81f0 Exception <a 'java/net/SocketException'{0x00000000c45da0d0}: Socket is not connected: shutdown> (0x00000000c45da0d0) 
thrown [e:\jenkins\tmp\workspace\build\src\src\hotspot\share\prims\jni.cpp, line 535]
Event: 2.859 Thread 0x0000015d2dfec7f0 Exception <a 'java/lang/NoSuchMethodError'{0x00000000c4384120}: 'double java.lang.invoke.DirectMethodHandle$Holder.invokeVirtual(java.lang.Object, java.lang.Object)'> (0x00000000c4384120) 
thrown [e:\jenkins\tmp\workspace\build\src\src\hotspot\share\interpreter\linkResolver.cpp, line 766]
Event: 2.860 Thread 0x0000015d2dfec7f0 Exception <a 'java/lang/NoSuchMethodError'{0x00000000c438a8c8}: 'float java.lang.invoke.DirectMethodHandle$Holder.invokeVirtual(java.lang.Object, java.lang.Object)'> (0x00000000c438a8c8) 
thrown [e:\jenkins\tmp\workspace\build\src\src\hotspot\share\interpreter\linkResolver.cpp, line 766]
Event: 2.861 Thread 0x0000015d2dfec7f0 Exception <a 'java/lang/NoSuchMethodError'{0x00000000c4393af0}: 'long java.lang.invoke.DirectMethodHandle$Holder.invokeVirtual(java.lang.Object, java.lang.Object)'> (0x00000000c4393af0) 
thrown [e:\jenkins\tmp\workspace\build\src\src\hotspot\share\interpreter\linkResolver.cpp, line 766]
Event: 2.906 Thread 0x0000015d2dfec7f0 Exception <a 'java/lang/NoSuchMethodError'{0x00000000c2edd230}: 'void java.lang.invoke.DirectMethodHandle$Holder.invokeSpecial(java.lang.Object, java.lang.Object, java.lang.Object, java.lang.Object, java.lang.Object)'> (0x00000000c2edd230) 
thrown [e:\jenkins\tmp\workspace\build\src\src\hotspot\share\interpreter\linkResolver.cpp, line 766]
Event: 2.907 Thread 0x0000015d2dfec7f0 Exception <a 'java/lang/NoSuchMethodError'{0x00000000c2ee4110}: 'void java.lang.invoke.DirectMethodHandle$Holder.invokeStatic(java.lang.Object, java.lang.Object, int)'> (0x00000000c2ee4110) 
thrown [e:\jenkins\tmp\workspace\build\src\src\hotspot\share\interpreter\linkResolver.cpp, line 766]
Event: 2.929 Thread 0x0000015d2dfec7f0 Exception <a 'java/lang/NoSuchMethodError'{0x00000000c2d9f2c8}: 'java.lang.Object java.lang.invoke.DirectMethodHandle$Holder.newInvokeSpecial(java.lang.Object, java.lang.Object, java.lang.Object, java.lang.Object, java.lang.Object)'> (0x00000000c2d9f2c8) 
thrown [e:\jenkins\tmp\workspace\build\src\src\hotspot\share\interpreter\linkResolver.cpp, line 766]
Event: 2.950 Thread 0x0000015d2dfec7f0 Exception <a 'java/lang/NoSuchMethodError'{0x00000000c2c74938}: 'int java.lang.invoke.DirectMethodHandle$Holder.invokeSpecialIFC(java.lang.Object, java.lang.Object, java.lang.Object)'> (0x00000000c2c74938) 
thrown [e:\jenkins\tmp\workspace\build\src\src\hotspot\share\interpreter\linkResolver.cpp, line 766]
Event: 3.034 Thread 0x0000015d2dfec7f0 Exception <a 'java/lang/NoSuchMethodError'{0x00000000c29d4ad8}: 'void java.lang.invoke.DirectMethodHandle$Holder.invokeSpecial(java.lang.Object, java.lang.Object, java.lang.Object, java.lang.Object, java.lang.Object, java.lang.Object)'> (0x00000000c29d4ad8) 
thrown [e:\jenkins\tmp\workspace\build\src\src\hotspot\share\interpreter\linkResolver.cpp, line 766]

VM Operations (20 events):
Event: 2.185 Executing VM operation: CollectForMetadataAllocation
Event: 2.189 Executing VM operation: CollectForMetadataAllocation done
Event: 2.195 Executing VM operation: G1Concurrent
Event: 2.197 Executing VM operation: G1Concurrent done
Event: 2.198 Executing VM operation: G1Concurrent
Event: 2.199 Executing VM operation: G1Concurrent done
Event: 2.569 Executing VM operation: G1CollectForAllocation
Event: 2.572 Executing VM operation: G1CollectForAllocation done
Event: 2.837 Executing VM operation: HandshakeAllThreads
Event: 2.837 Executing VM operation: HandshakeAllThreads done
Event: 2.838 Executing VM operation: HandshakeAllThreads
Event: 2.838 Executing VM operation: HandshakeAllThreads done
Event: 2.840 Executing VM operation: HandshakeAllThreads
Event: 2.840 Executing VM operation: HandshakeAllThreads done
Event: 2.982 Executing VM operation: HandshakeAllThreads
Event: 2.982 Executing VM operation: HandshakeAllThreads done
Event: 3.112 Executing VM operation: G1CollectForAllocation
Event: 3.118 Executing VM operation: G1CollectForAllocation done
Event: 3.213 Executing VM operation: G1TryInitiateConcMark
Event: 3.215 Executing VM operation: G1TryInitiateConcMark done

Events (20 events):
Event: 3.121 loading class sun/nio/ch/DummySocketImpl done
Event: 3.124 loading class sun/nio/ch/SocketChannelImpl$DefaultOptionsHolder
Event: 3.124 loading class sun/nio/ch/SocketChannelImpl$DefaultOptionsHolder done
Event: 3.131 Thread 0x0000015d497dad40 Thread added: 0x0000015d497dad40
Event: 3.131 loading class sun/nio/ch/SelectionKeyImpl
Event: 3.132 loading class java/nio/channels/spi/AbstractSelectionKey
Event: 3.132 loading class java/nio/channels/spi/AbstractSelectionKey done
Event: 3.132 loading class sun/nio/ch/SelectionKeyImpl done
Event: 3.132 loading class java/lang/invoke/ConstantBootstraps
Event: 3.132 loading class java/lang/invoke/ConstantBootstraps done
Event: 3.172 loading class java/nio/channels/UnsupportedAddressTypeException
Event: 3.172 loading class java/nio/channels/UnsupportedAddressTypeException done
Event: 3.177 loading class java/nio/channels/spi/AbstractSelector$1
Event: 3.177 loading class java/nio/channels/spi/AbstractSelector$1 done
Event: 3.185 loading class java/io/PushbackInputStream
Event: 3.185 loading class java/io/PushbackInputStream done
Event: 3.209 loading class java/nio/charset/IllegalCharsetNameException
Event: 3.209 loading class java/nio/charset/IllegalCharsetNameException done
Event: 3.209 loading class java/nio/charset/UnsupportedCharsetException
Event: 3.209 loading class java/nio/charset/UnsupportedCharsetException done


Dynamic libraries:
0x00007ff6949b0000 - 0x00007ff6949be000 	C:\Users\anamendra.y(2420)\.p2\pool\plugins\org.eclipse.justj.openjdk.hotspot.jre.full.win32.x86_64_17.0.1.v20211116-1657\jre\bin\javaw.exe
0x00007ff873b10000 - 0x00007ff873d05000 	C:\WINDOWS\SYSTEM32\ntdll.dll
0x00007ff873a00000 - 0x00007ff873abe000 	C:\WINDOWS\System32\KERNEL32.DLL
0x00007ff871560000 - 0x00007ff871828000 	C:\WINDOWS\System32\KERNELBASE.dll
0x00007ff871350000 - 0x00007ff871450000 	C:\WINDOWS\System32\ucrtbase.dll
0x00007ff862dc0000 - 0x00007ff862dd8000 	C:\Users\anamendra.y(2420)\.p2\pool\plugins\org.eclipse.justj.openjdk.hotspot.jre.full.win32.x86_64_17.0.1.v20211116-1657\jre\bin\jli.dll
0x00007ff873680000 - 0x00007ff873821000 	C:\WINDOWS\System32\USER32.dll
0x00007ff871a90000 - 0x00007ff871ab2000 	C:\WINDOWS\System32\win32u.dll
0x00007ff872550000 - 0x00007ff87257b000 	C:\WINDOWS\System32\GDI32.dll
0x00007ff871450000 - 0x00007ff87155d000 	C:\WINDOWS\System32\gdi32full.dll
0x00007ff871220000 - 0x00007ff8712bd000 	C:\WINDOWS\System32\msvcp_win.dll
0x00007ff861680000 - 0x00007ff861699000 	C:\Users\anamendra.y(2420)\.p2\pool\plugins\org.eclipse.justj.openjdk.hotspot.jre.full.win32.x86_64_17.0.1.v20211116-1657\jre\bin\VCRUNTIME140.dll
0x00007ff85d8e0000 - 0x00007ff85db7a000 	C:\WINDOWS\WinSxS\amd64_microsoft.windows.common-controls_6595b64144ccf1df_6.0.19041.1110_none_60b5254171f9507e\COMCTL32.dll
0x00007ff873260000 - 0x00007ff8732fe000 	C:\WINDOWS\System32\msvcrt.dll
0x00007ff872f30000 - 0x00007ff872f60000 	C:\WINDOWS\System32\IMM32.DLL
0x00007ff862db0000 - 0x00007ff862dbc000 	C:\Users\anamendra.y(2420)\.p2\pool\plugins\org.eclipse.justj.openjdk.hotspot.jre.full.win32.x86_64_17.0.1.v20211116-1657\jre\bin\vcruntime140_1.dll
0x00007ff860b50000 - 0x00007ff860be1000 	C:\Users\anamendra.y(2420)\.p2\pool\plugins\org.eclipse.justj.openjdk.hotspot.jre.full.win32.x86_64_17.0.1.v20211116-1657\jre\bin\msvcp140.dll
0x00007ff80a030000 - 0x00007ff80ac76000 	C:\Users\anamendra.y(2420)\.p2\pool\plugins\org.eclipse.justj.openjdk.hotspot.jre.full.win32.x86_64_17.0.1.v20211116-1657\jre\bin\server\jvm.dll
0x00007ff872140000 - 0x00007ff8721ec000 	C:\WINDOWS\System32\ADVAPI32.dll
0x00007ff873310000 - 0x00007ff8733ab000 	C:\WINDOWS\System32\sechost.dll
0x00007ff8726b0000 - 0x00007ff8727da000 	C:\WINDOWS\System32\RPCRT4.dll
0x00007ff873ac0000 - 0x00007ff873ac8000 	C:\WINDOWS\System32\PSAPI.DLL
0x00007ff85ed60000 - 0x00007ff85ed69000 	C:\WINDOWS\SYSTEM32\WSOCK32.dll
0x00007ff873550000 - 0x00007ff8735bb000 	C:\WINDOWS\System32\WS2_32.dll
0x00007ff862ed0000 - 0x00007ff862ef7000 	C:\WINDOWS\SYSTEM32\WINMM.dll
0x00007ff870000000 - 0x00007ff87000a000 	C:\WINDOWS\SYSTEM32\VERSION.dll
0x00007ff86ffc0000 - 0x00007ff86ffd2000 	C:\WINDOWS\SYSTEM32\kernel.appcore.dll
0x00007ff86aed0000 - 0x00007ff86aeda000 	C:\Users\anamendra.y(2420)\.p2\pool\plugins\org.eclipse.justj.openjdk.hotspot.jre.full.win32.x86_64_17.0.1.v20211116-1657\jre\bin\jimage.dll
0x00007ff85f260000 - 0x00007ff85f444000 	C:\WINDOWS\SYSTEM32\DBGHELP.DLL
0x00007ff85ed30000 - 0x00007ff85ed5c000 	C:\WINDOWS\SYSTEM32\dbgcore.DLL
0x00007ff871ac0000 - 0x00007ff871b42000 	C:\WINDOWS\System32\bcryptPrimitives.dll
0x00007ff84a500000 - 0x00007ff84a525000 	C:\Users\anamendra.y(2420)\.p2\pool\plugins\org.eclipse.justj.openjdk.hotspot.jre.full.win32.x86_64_17.0.1.v20211116-1657\jre\bin\java.dll
0x00007ff8616e0000 - 0x00007ff8616f8000 	C:\Users\anamendra.y(2420)\.p2\pool\plugins\org.eclipse.justj.openjdk.hotspot.jre.full.win32.x86_64_17.0.1.v20211116-1657\jre\bin\zip.dll
0x00007ff8727e0000 - 0x00007ff872f24000 	C:\WINDOWS\System32\SHELL32.dll
0x00007ff86f150000 - 0x00007ff86f8e4000 	C:\WINDOWS\SYSTEM32\windows.storage.dll
0x00007ff8721f0000 - 0x00007ff872545000 	C:\WINDOWS\System32\combase.dll
0x00007ff870ba0000 - 0x00007ff870bce000 	C:\WINDOWS\SYSTEM32\Wldp.dll
0x00007ff873440000 - 0x00007ff8734ed000 	C:\WINDOWS\System32\SHCORE.dll
0x00007ff8735c0000 - 0x00007ff873615000 	C:\WINDOWS\System32\shlwapi.dll
0x00007ff871160000 - 0x00007ff87117f000 	C:\WINDOWS\SYSTEM32\profapi.dll
0x00007ff81a2d0000 - 0x00007ff81a2e9000 	C:\Users\anamendra.y(2420)\.p2\pool\plugins\org.eclipse.justj.openjdk.hotspot.jre.full.win32.x86_64_17.0.1.v20211116-1657\jre\bin\net.dll
0x00007ff8698b0000 - 0x00007ff8699bc000 	C:\WINDOWS\SYSTEM32\WINHTTP.dll
0x00007ff870900000 - 0x00007ff87096a000 	C:\WINDOWS\system32\mswsock.dll
0x00007ff817110000 - 0x00007ff817125000 	C:\Users\anamendra.y(2420)\.p2\pool\plugins\org.eclipse.justj.openjdk.hotspot.jre.full.win32.x86_64_17.0.1.v20211116-1657\jre\bin\nio.dll
0x00007ff870630000 - 0x00007ff8706fb000 	C:\WINDOWS\SYSTEM32\DNSAPI.dll
0x00007ff8705f0000 - 0x00007ff87062b000 	C:\WINDOWS\SYSTEM32\IPHLPAPI.DLL
0x00007ff873300000 - 0x00007ff873308000 	C:\WINDOWS\System32\NSI.dll
0x00007ff864880000 - 0x00007ff86488a000 	C:\Windows\System32\rasadhlp.dll
0x00007ff86c450000 - 0x00007ff86c4cf000 	C:\WINDOWS\System32\fwpuclnt.dll
0x00007ff8712c0000 - 0x00007ff8712e7000 	C:\WINDOWS\System32\bcrypt.dll
0x00007ff870b00000 - 0x00007ff870b18000 	C:\WINDOWS\SYSTEM32\CRYPTSP.dll
0x00007ff870280000 - 0x00007ff8702b4000 	C:\WINDOWS\system32\rsaenh.dll
0x00007ff871120000 - 0x00007ff87114e000 	C:\WINDOWS\SYSTEM32\USERENV.dll
0x00007ff870af0000 - 0x00007ff870afc000 	C:\WINDOWS\SYSTEM32\CRYPTBASE.dll
0x00007ff86c140000 - 0x00007ff86c157000 	C:\WINDOWS\SYSTEM32\dhcpcsvc6.DLL
0x00007ff86c0c0000 - 0x00007ff86c0dd000 	C:\WINDOWS\SYSTEM32\dhcpcsvc.DLL
0x00007ff85ddc0000 - 0x00007ff85ddd7000 	C:\WINDOWS\system32\napinsp.dll
0x00007ff85dda0000 - 0x00007ff85ddbb000 	C:\WINDOWS\system32\pnrpnsp.dll
0x00007ff85dcb0000 - 0x00007ff85dcc5000 	C:\WINDOWS\system32\wshbth.dll
0x00007ff86cb00000 - 0x00007ff86cb1d000 	C:\WINDOWS\system32\NLAapi.dll
0x00007ff85dc30000 - 0x00007ff85dc42000 	C:\WINDOWS\System32\winrnr.dll
0x00007ff861eb0000 - 0x00007ff861ec0000 	C:\Users\anamendra.y(2420)\.p2\pool\plugins\org.eclipse.justj.openjdk.hotspot.jre.full.win32.x86_64_17.0.1.v20211116-1657\jre\bin\verify.dll
0x00007ff861ea0000 - 0x00007ff861ea9000 	C:\Users\anamendra.y(2420)\.p2\pool\plugins\org.eclipse.justj.openjdk.hotspot.jre.full.win32.x86_64_17.0.1.v20211116-1657\jre\bin\management.dll
0x00007ff861620000 - 0x00007ff86162b000 	C:\Users\anamendra.y(2420)\.p2\pool\plugins\org.eclipse.justj.openjdk.hotspot.jre.full.win32.x86_64_17.0.1.v20211116-1657\jre\bin\management_ext.dll
0x00007ff86aec0000 - 0x00007ff86aece000 	C:\Users\anamendra.y(2420)\.p2\pool\plugins\org.eclipse.justj.openjdk.hotspot.jre.full.win32.x86_64_17.0.1.v20211116-1657\jre\bin\sunmscapi.dll
0x00007ff8718e0000 - 0x00007ff871a36000 	C:\WINDOWS\System32\CRYPT32.dll
0x00007ff870c10000 - 0x00007ff870c37000 	C:\WINDOWS\SYSTEM32\ncrypt.dll
0x00007ff870bd0000 - 0x00007ff870c0b000 	C:\WINDOWS\SYSTEM32\NTASN1.dll
0x00007ff86c350000 - 0x00007ff86c357000 	C:\WINDOWS\system32\wshunix.dll

dbghelp: loaded successfully - version: 4.0.5 - missing functions: none
symbol engine: initialized successfully - sym options: 0x614 - pdb path: .;C:\Users\anamendra.y(2420)\.p2\pool\plugins\org.eclipse.justj.openjdk.hotspot.jre.full.win32.x86_64_17.0.1.v20211116-1657\jre\bin;C:\WINDOWS\SYSTEM32;C:\WINDOWS\WinSxS\amd64_microsoft.windows.common-controls_6595b64144ccf1df_6.0.19041.1110_none_60b5254171f9507e;C:\Users\anamendra.y(2420)\.p2\pool\plugins\org.eclipse.justj.openjdk.hotspot.jre.full.win32.x86_64_17.0.1.v20211116-1657\jre\bin\server

VM Arguments:
jvm_args: -ea -Dfile.encoding=Cp1252 -XX:+ShowCodeDetailsInExceptionMessages 
java_command: org.testng.remote.RemoteTestNG -serport 58666 -protocol json -d C:\Users\anamendra.y(2420)\eclipse-workspace\automateDemo\test-output C:\Users\anamendra.y(2420)\eclipse-workspace\automateDemo\testng.xml
java_class_path (initial): C:\Users\anamendra.y(2420)\eclipse\java-2021-12\eclipse\configuration\org.eclipse.osgi\429\0\.cp\lib\testng-remote.jar;C:\Users\anamendra.y(2420)\eclipse-workspace\automateDemo\target\test-classes;C:\Users\anamendra.y(2420)\eclipse-workspace\automateDemo\target\classes;C:\Users\anamendra.y(2420)\.p2\pool\plugins\org.testng_7.4.0.r202105021533.jar;C:\Users\anamendra.y(2420)\.p2\pool\plugins\com.beust.jcommander_1.78.0.jar;C:\Users\anamendra.y(2420)\.p2\pool\plugins\org.apache-extras.beanshell.bsh_2.0.0.b6.jar;C:\Users\anamendra.y(2420)\.p2\pool\plugins\org.yaml.snakeyaml_1.21.0.jar;C:\Users\anamendra.y(2420)\.p2\pool\plugins\org.webjars.jquery_3.5.1.jar;C:\Users\anamendra.y(2420)\.m2\repository\org\seleniumhq\selenium\selenium-java\4.1.1\selenium-java-4.1.1.jar;C:\Users\anamendra.y(2420)\.m2\repository\org\seleniumhq\selenium\selenium-api\4.1.1\selenium-api-4.1.1.jar;C:\Users\anamendra.y(2420)\.m2\repository\org\seleniumhq\selenium\selenium-chrome-driver\4.1.1\selenium-chrome-driver-4.1.1.jar;C:\Users\anamendra.y(2420)\.m2\repository\com\google\auto\service\auto-service-annotations\1.0.1\auto-service-annotations-1.0.1.jar;C:\Users\anamendra.y(2420)\.m2\repository\com\google\auto\service\auto-service\1.0.1\auto-service-1.0.1.jar;C:\Users\anamendra.y(2420)\.m2\repository\com\google\auto\auto-common\1.2\auto-common-1.2.jar;C:\Users\anamendra.y(2420)\.m2\repository\com\google\guava\guava\31.0.1-jre\guava-31.0.1-jre.jar;C:\Users\anamendra.y(2420)\.m2\repository\com\google\guava\failureaccess\1.0.1\failureaccess-1.0.1.jar;C:\Users\anamendra.y(2420)\.m2\repository\com\google\guava\listenablefuture\9999.0-empty-to-avoid-conflict-with-guava\listenablefuture-9999.0-empty-to-avoid-conflict-with-guava.jar;C:\Users\anamendra.y(2420)\.m2\repository\com\google\code\findbugs\jsr305\3.0.2\jsr305-3.0.2.jar;C:\Users\anamendra.y(2420)\.m2\repository\org\checkerframework\checker-qual\3.12.0\checker-qual-3.12.0.jar;C:\Users\anamendra.y(2420)\.m2\repository\com
Launcher Type: SUN_STANDARD

[Global flags]
     intx CICompilerCount                          = 3                                         {product} {ergonomic}
     uint ConcGCThreads                            = 1                                         {product} {ergonomic}
     uint G1ConcRefinementThreads                  = 4                                         {product} {ergonomic}
   size_t G1HeapRegionSize                         = 1048576                                   {product} {ergonomic}
    uintx GCDrainStackTargetSize                   = 64                                        {product} {ergonomic}
   size_t InitialHeapSize                          = 67108864                                  {product} {ergonomic}
   size_t MarkStackSize                            = 4194304                                   {product} {ergonomic}
   size_t MaxHeapSize                              = 1052770304                                {product} {ergonomic}
   size_t MaxNewSize                               = 631242752                                 {product} {ergonomic}
   size_t MinHeapDeltaBytes                        = 1048576                                   {product} {ergonomic}
   size_t MinHeapSize                              = 8388608                                   {product} {ergonomic}
    uintx NonNMethodCodeHeapSize                   = 5832780                                {pd product} {ergonomic}
    uintx NonProfiledCodeHeapSize                  = 122912730                              {pd product} {ergonomic}
    uintx ProfiledCodeHeapSize                     = 122912730                              {pd product} {ergonomic}
    uintx ReservedCodeCacheSize                    = 251658240                              {pd product} {ergonomic}
     bool SegmentedCodeCache                       = true                                      {product} {ergonomic}
     bool ShowCodeDetailsInExceptionMessages       = true                                   {manageable} {command line}
   size_t SoftMaxHeapSize                          = 1052770304                             {manageable} {ergonomic}
     bool UseCompressedClassPointers               = true                           {product lp64_product} {ergonomic}
     bool UseCompressedOops                        = true                           {product lp64_product} {ergonomic}
     bool UseG1GC                                  = true                                      {product} {ergonomic}
     bool UseLargePagesIndividualAllocation        = false                                  {pd product} {ergonomic}

Logging:
Log output configuration:
 #0: stdout all=warning uptime,level,tags
 #1: stderr all=off uptime,level,tags

Environment Variables:
PATH=C:/Users/anamendra.y(2420)/.p2/pool/plugins/org.eclipse.justj.openjdk.hotspot.jre.full.win32.x86_64_17.0.1.v20211116-1657/jre/bin/server;C:/Users/anamendra.y(2420)/.p2/pool/plugins/org.eclipse.justj.openjdk.hotspot.jre.full.win32.x86_64_17.0.1.v20211116-1657/jre/bin;"C:\Program Files\nodejs\node_modules\npm\bin;C:\Users\anamendra.y(2420)\Downloads\chromedriver_win32;";C:\Python310\;C:\Program Files (x86)\Common Files\Oracle\Java\javapath;C:\Program Files (x86)\Intel\iCLS Client\;C:\Users\anamendra.y(2420)\Downloads\apache-ant-1.10.12\apache-ant-1.10.12\bin;C:\Program Files\Intel\iCLS Client\;C:\WINDOWS\system32;C:\WINDOWS;C:\WINDOWS\System32\Wbem;C:\WINDOWS\System32\WindowsPowerShell\v1.0\;C:\Program Files\Intel\Intel(R) Management Engine Components\DAL;C:\Program Files\Intel\Intel(R) Management Engine Components\IPT;C:\Program Files (x86)\Intel\Intel(R) Management Engine Components\DAL;C:\Program Files (x86)\Intel\Intel(R) Management Engine Components\IPT;C:\WINDOWS\System32\OpenSSH\;D:\Softwares\apache-jmeter-5.2.1\apache-jmeter-5.2.1\bin;D:\apache-ant-1.9.9\bin;C:\Program Files\Git\cmd;C:\Program Files\nodejs\;C:\Program Files (x86)\dotnet\;C:\ProgramData\chocolatey\bin;C:\Program Files\Microsoft VS Code\bin;C:\apache-maven-3.8.4\bin;C:\Program Files\dotnet\;C:\Users\anamendra.y(2420)\AppData\Local\Microsoft\WindowsApps;C:\Users\anamendra.y(2420)\AppData\Roaming\npm;C:\Users\anamendra.y(2420)\.dotnet\tools;C:\WINDOWS\system32;
USERNAME=anamendra.y(2420)
OS=Windows_NT
PROCESSOR_IDENTIFIER=Intel64 Family 6 Model 60 Stepping 3, GenuineIntel



---------------  S Y S T E M  ---------------

OS:
 Windows 10 , 64 bit Build 19041 (10.0.19041.1348)
OS uptime: 0 days 4:17 hours

CPU: total 4 (initial active 4) (4 cores per cpu, 1 threads per core) family 6 model 60 stepping 3 microcode 0x27, cx8, cmov, fxsr, mmx, sse, sse2, sse3, ssse3, sse4.1, sse4.2, popcnt, lzcnt, tsc, tscinvbit, avx, avx2, aes, erms, clmul, bmi1, bmi2, fma, vzeroupper, clflush

Memory: 4k page, system-wide physical 4013M (234M free)
TotalPageFile size 10526M (AvailPageFile size 4M)
current process WorkingSet (physical memory assigned to process): 135M, peak: 136M
current process commit charge ("private bytes"): 170M, peak: 171M

vm_info: OpenJDK 64-Bit Server VM (17.0.1+12) for windows-amd64 JRE (17.0.1+12), built on Oct 20 2021 07:42:55 by "" with MS VC++ 16.7 (VS2019)

END.
