#
# There is insufficient memory for the Java Runtime Environment to continue.
# Native memory allocation (mmap) failed to map 112197632 bytes for G1 virtual space
# Possible reasons:
#   The system is out of physical RAM or swap space
#   The process is running with CompressedOops enabled, and the Java Heap may be blocking the growth of the native heap
# Possible solutions:
#   Reduce memory load on the system
#   Increase physical memory or swap space
#   Check if swap backing store is full
#   Decrease Java heap size (-Xmx/-Xms)
#   Decrease number of Java threads
#   Decrease Java thread stack sizes (-Xss)
#   Set larger code cache with -XX:ReservedCodeCacheSize=
#   JVM is running with Unscaled Compressed Oops mode in which the Java heap is
#     placed in the first 4GB address space. The Java Heap base address is the
#     maximum limit for the native heap growth. Please use -XX:HeapBaseMinAddress
#     to set the Java Heap base and to place the Java Heap above 4GB virtual address.
# This output file may be truncated or incomplete.
#
#  Out of Memory Error (os_windows.cpp:3469), pid=12848, tid=13664
#
# JRE version: OpenJDK Runtime Environment Temurin-17.0.1+12 (17.0.1+12) (build 17.0.1+12)
# Java VM: OpenJDK 64-Bit Server VM Temurin-17.0.1+12 (17.0.1+12, mixed mode, tiered, compressed oops, compressed class ptrs, g1 gc, windows-amd64)
# No core dump will be written. Minidumps are not enabled by default on client versions of Windows
#

---------------  S U M M A R Y ------------

Command Line: -ea -Dfile.encoding=Cp1252 -XX:+ShowCodeDetailsInExceptionMessages org.testng.remote.RemoteTestNG -serport 64227 -protocol json -d C:\Users\anamendra.y(2420)\eclipse-workspace\automateDemo\test-output C:\Users\anamendra.y(2420)\eclipse-workspace\automateDemo\testng.xml

Host: Intel(R) Core(TM) i5-4590T CPU @ 2.00GHz, 4 cores, 3G,  Windows 10 , 64 bit Build 19041 (10.0.19041.1348)
Time: Mon Mar 14 16:46:17 2022 India Standard Time elapsed time: 148.820275 seconds (0d 0h 2m 28s)

---------------  T H R E A D  ---------------

Current thread (0x00000181b6ca8320):  VMThread "VM Thread" [stack: 0x0000000be2e00000,0x0000000be2f00000] [id=13664]

Stack: [0x0000000be2e00000,0x0000000be2f00000]
Native frames: (J=compiled Java code, j=interpreted, Vv=VM code, C=native code)
V  [jvm.dll+0x6744da]
V  [jvm.dll+0x82e144]
V  [jvm.dll+0x82f8ee]
V  [jvm.dll+0x82ff53]
V  [jvm.dll+0x245175]
V  [jvm.dll+0x6714c9]
V  [jvm.dll+0x665f92]
V  [jvm.dll+0x303c3b]
V  [jvm.dll+0x30b176]
V  [jvm.dll+0x35af1e]
V  [jvm.dll+0x35b14f]
V  [jvm.dll+0x2dab78]
V  [jvm.dll+0x2d8e2c]
V  [jvm.dll+0x2d83fc]
V  [jvm.dll+0x31c571]
V  [jvm.dll+0x8343bb]
V  [jvm.dll+0x8350f4]
V  [jvm.dll+0x83560c]
V  [jvm.dll+0x8359e4]
V  [jvm.dll+0x835ab0]
V  [jvm.dll+0x7de51a]
V  [jvm.dll+0x673305]
C  [ucrtbase.dll+0x21bb2]
C  [KERNEL32.DLL+0x17034]
C  [ntdll.dll+0x52651]

VM_Operation (0x0000000be4efda10): G1TryInitiateConcMark, mode: safepoint, requested by thread 0x00000181cf27f8a0


---------------  P R O C E S S  ---------------

Threads class SMR info:
_java_thread_list=0x00000181d098a050, length=47, elements={
0x00000181b4abcfb0, 0x00000181cdc7ac30, 0x00000181cdc7bc30, 0x00000181cdca4340,
0x00000181cdca6710, 0x00000181cdca90d0, 0x00000181cdcfa410, 0x00000181cdcfb000,
0x00000181cdd2e480, 0x00000181cdd2e990, 0x00000181ce959a70, 0x00000181ce96de60,
0x00000181cf049190, 0x00000181cf160410, 0x00000181cf14ca20, 0x00000181cf14cef0,
0x00000181cf3fe900, 0x00000181cf07e480, 0x00000181cf07e950, 0x00000181d05603a0,
0x00000181d0560870, 0x00000181d055f060, 0x00000181d055fa00, 0x00000181d055fed0,
0x00000181cf27f8a0, 0x00000181cf282d90, 0x00000181cf281f20, 0x00000181cf27d6f0,
0x00000181cf27fd70, 0x00000181cf27e090, 0x00000181cf280240, 0x00000181cf27ea30,
0x00000181cf283730, 0x00000181cf280710, 0x00000181cf280be0, 0x00000181cf27e560,
0x00000181cf2810b0, 0x00000181cf2828c0, 0x00000181cf281580, 0x00000181cf27ef00,
0x00000181cf281a50, 0x00000181cf284a70, 0x00000181cf2823f0, 0x00000181cf283c00,
0x00000181cf283260, 0x00000181cf2840d0, 0x00000181cf2845a0
}

Java Threads: ( => current thread )
  0x00000181b4abcfb0 JavaThread "Forwarding newSession on session null to remote" [_thread_blocked, id=17324, stack(0x0000000be2800000,0x0000000be2900000)]
  0x00000181cdc7ac30 JavaThread "Reference Handler" daemon [_thread_blocked, id=15440, stack(0x0000000be2f00000,0x0000000be3000000)]
  0x00000181cdc7bc30 JavaThread "Finalizer" daemon [_thread_blocked, id=16784, stack(0x0000000be3000000,0x0000000be3100000)]
  0x00000181cdca4340 JavaThread "Signal Dispatcher" daemon [_thread_blocked, id=9736, stack(0x0000000be3100000,0x0000000be3200000)]
  0x00000181cdca6710 JavaThread "Attach Listener" daemon [_thread_blocked, id=17204, stack(0x0000000be3200000,0x0000000be3300000)]
  0x00000181cdca90d0 JavaThread "Service Thread" daemon [_thread_blocked, id=18128, stack(0x0000000be3300000,0x0000000be3400000)]
  0x00000181cdcfa410 JavaThread "Monitor Deflation Thread" daemon [_thread_blocked, id=19268, stack(0x0000000be3400000,0x0000000be3500000)]
  0x00000181cdcfb000 JavaThread "C2 CompilerThread0" daemon [_thread_blocked, id=17548, stack(0x0000000be3500000,0x0000000be3600000)]
  0x00000181cdd2e480 JavaThread "C1 CompilerThread0" daemon [_thread_blocked, id=18908, stack(0x0000000be3600000,0x0000000be3700000)]
  0x00000181cdd2e990 JavaThread "Sweeper thread" daemon [_thread_blocked, id=9988, stack(0x0000000be3700000,0x0000000be3800000)]
  0x00000181ce959a70 JavaThread "Notification Thread" daemon [_thread_blocked, id=10452, stack(0x0000000be3800000,0x0000000be3900000)]
  0x00000181ce96de60 JavaThread "Common-Cleaner" daemon [_thread_blocked, id=16800, stack(0x0000000be3a00000,0x0000000be3b00000)]
  0x00000181cf049190 JavaThread "ReaderThread" [_thread_in_native, id=7912, stack(0x0000000be3d00000,0x0000000be3e00000)]
  0x00000181cf160410 JavaThread "ForkJoinPool.commonPool-worker-1" daemon [_thread_blocked, id=5600, stack(0x0000000be4100000,0x0000000be4200000)]
  0x00000181cf14ca20 JavaThread "ForkJoinPool.commonPool-worker-2" daemon [_thread_blocked, id=17536, stack(0x0000000be4200000,0x0000000be4300000)]
  0x00000181cf14cef0 JavaThread "ForkJoinPool.commonPool-worker-3" daemon [_thread_blocked, id=11512, stack(0x0000000be4300000,0x0000000be4400000)]
  0x00000181cf3fe900 JavaThread "AsyncHttpClient-1-1" daemon [_thread_blocked, id=14804, stack(0x0000000be4400000,0x0000000be4500000)]
  0x00000181cf07e480 JavaThread "Exec Default Executor" daemon [_thread_in_native, id=8984, stack(0x0000000be4500000,0x0000000be4600000)]
  0x00000181cf07e950 JavaThread "Driver Service Executor" daemon [_thread_blocked, id=16452, stack(0x0000000be4600000,0x0000000be4700000)]
  0x00000181d05603a0 JavaThread "Driver Service Executor" daemon [_thread_blocked, id=1536, stack(0x0000000be4700000,0x0000000be4800000)]
  0x00000181d0560870 JavaThread "UrlChecker-2" daemon [_thread_blocked, id=7084, stack(0x0000000be4800000,0x0000000be4900000)]
  0x00000181d055f060 JavaThread "Exec Stream Pumper" daemon [_thread_in_native, id=17892, stack(0x0000000be4900000,0x0000000be4a00000)]
  0x00000181d055fa00 JavaThread "Exec Stream Pumper" daemon [_thread_in_native, id=10700, stack(0x0000000be4a00000,0x0000000be4b00000)]
  0x00000181d055fed0 JavaThread "AsyncHttpClient-1-2" daemon [_thread_in_native, id=17880, stack(0x0000000be4c00000,0x0000000be4d00000)]
  0x00000181cf27f8a0 JavaThread "AsyncHttpClient-1-3" daemon [_thread_blocked, id=2060, stack(0x0000000be4e00000,0x0000000be4f00000)]
  0x00000181cf282d90 JavaThread "AsyncHttpClient-1-4" daemon [_thread_in_native, id=7484, stack(0x0000000be4f00000,0x0000000be5000000)]
  0x00000181cf281f20 JavaThread "Exec Default Executor" daemon [_thread_in_native, id=8852, stack(0x0000000be5000000,0x0000000be5100000)]
  0x00000181cf27d6f0 JavaThread "Driver Service Executor" daemon [_thread_blocked, id=12640, stack(0x0000000be5100000,0x0000000be5200000)]
  0x00000181cf27fd70 JavaThread "Driver Service Executor" daemon [_thread_blocked, id=16248, stack(0x0000000be5200000,0x0000000be5300000)]
  0x00000181cf27e090 JavaThread "Exec Stream Pumper" daemon [_thread_in_native, id=10920, stack(0x0000000be5300000,0x0000000be5400000)]
  0x00000181cf280240 JavaThread "Exec Stream Pumper" daemon [_thread_in_native, id=6676, stack(0x0000000be5400000,0x0000000be5500000)]
  0x00000181cf27ea30 JavaThread "AsyncHttpClient-1-5" daemon [_thread_in_native, id=11212, stack(0x0000000be5600000,0x0000000be5700000)]
  0x00000181cf283730 JavaThread "AsyncHttpClient-1-6" daemon [_thread_in_native, id=9588, stack(0x0000000be2600000,0x0000000be2700000)]
  0x00000181cf280710 JavaThread "AsyncHttpClient-1-7" daemon [_thread_in_native, id=5256, stack(0x0000000be2700000,0x0000000be2800000)]
  0x00000181cf280be0 JavaThread "Exec Default Executor" daemon [_thread_in_native, id=16908, stack(0x0000000be3b00000,0x0000000be3c00000)]
  0x00000181cf27e560 JavaThread "Driver Service Executor" daemon [_thread_blocked, id=6752, stack(0x0000000be5500000,0x0000000be5600000)]
  0x00000181cf2810b0 JavaThread "Driver Service Executor" daemon [_thread_blocked, id=13800, stack(0x0000000be5700000,0x0000000be5800000)]
  0x00000181cf2828c0 JavaThread "Exec Stream Pumper" daemon [_thread_in_native, id=15400, stack(0x0000000be5800000,0x0000000be5900000)]
  0x00000181cf281580 JavaThread "Exec Stream Pumper" daemon [_thread_in_native, id=17588, stack(0x0000000be5900000,0x0000000be5a00000)]
  0x00000181cf27ef00 JavaThread "AsyncHttpClient-1-8" daemon [_thread_in_native, id=7996, stack(0x0000000be5b00000,0x0000000be5c00000)]
  0x00000181cf281a50 JavaThread "AsyncHttpClient-1-9" daemon [_thread_in_native, id=14648, stack(0x0000000be5c00000,0x0000000be5d00000)]
  0x00000181cf284a70 JavaThread "Exec Default Executor" daemon [_thread_in_native, id=13212, stack(0x0000000be4b00000,0x0000000be4c00000)]
  0x00000181cf2823f0 JavaThread "Driver Service Executor" daemon [_thread_blocked, id=5540, stack(0x0000000be4d00000,0x0000000be4e00000)]
  0x00000181cf283c00 JavaThread "Driver Service Executor" daemon [_thread_blocked, id=10624, stack(0x0000000be5a00000,0x0000000be5b00000)]
  0x00000181cf283260 JavaThread "Exec Stream Pumper" daemon [_thread_in_native, id=9908, stack(0x0000000be5d00000,0x0000000be5e00000)]
  0x00000181cf2840d0 JavaThread "Exec Stream Pumper" daemon [_thread_in_native, id=1596, stack(0x0000000be5e00000,0x0000000be5f00000)]
  0x00000181cf2845a0 JavaThread "Keep-Alive-Timer" daemon [_thread_blocked, id=18044, stack(0x0000000be5f00000,0x0000000be6000000)]

Other Threads:
=>0x00000181b6ca8320 VMThread "VM Thread" [stack: 0x0000000be2e00000,0x0000000be2f00000] [id=13664]
  0x00000181cdc81a70 WatcherThread [stack: 0x0000000be3900000,0x0000000be3a00000] [id=18768]
  0x00000181b6c1c370 GCTaskThread "GC Thread#0" [stack: 0x0000000be2900000,0x0000000be2a00000] [id=17716]
  0x00000181ceb27020 GCTaskThread "GC Thread#1" [stack: 0x0000000be3e00000,0x0000000be3f00000] [id=18412]
  0x00000181cea66b40 GCTaskThread "GC Thread#2" [stack: 0x0000000be3f00000,0x0000000be4000000] [id=16296]
  0x00000181cea66df0 GCTaskThread "GC Thread#3" [stack: 0x0000000be4000000,0x0000000be4100000] [id=11008]
  0x00000181b6c26440 ConcurrentGCThread "G1 Main Marker" [stack: 0x0000000be2a00000,0x0000000be2b00000] [id=18024]
  0x00000181b6c26e50 ConcurrentGCThread "G1 Conc#0" [stack: 0x0000000be2b00000,0x0000000be2c00000] [id=18148]
  0x00000181b6c75380 ConcurrentGCThread "G1 Refine#0" [stack: 0x0000000be2c00000,0x0000000be2d00000] [id=19336]
  0x00000181b6c75da0 ConcurrentGCThread "G1 Service" [stack: 0x0000000be2d00000,0x0000000be2e00000] [id=7720]

Threads with active compile tasks:

VM state: at safepoint (normal execution)

VM Mutex/Monitor currently owned by a thread:  ([mutex/lock_event])
[0x00000181b6bee1b0] Threads_lock - owner thread: 0x00000181b6ca8320
[0x00000181b6bee990] Heap_lock - owner thread: 0x00000181cf27f8a0

Heap address: 0x00000000c1400000, size: 1004 MB, Compressed Oops mode: 32-bit

CDS archive(s) not mapped
Compressed class space mapped at: 0x0000000100000000-0x0000000140000000, reserved size: 1073741824
Narrow klass base: 0x0000000000000000, Narrow klass shift: 3, Narrow klass range: 0x140000000

GC Precious Log:
 CPUs: 4 total, 4 available
 Memory: 4013M
 Large Page Support: Disabled
 NUMA Support: Disabled
 Compressed Oops: Enabled (32-bit)
 Heap Region Size: 1M
 Heap Min Capacity: 8M
 Heap Initial Capacity: 64M
 Heap Max Capacity: 1004M
 Pre-touch: Disabled
 Parallel Workers: 4
 Concurrent Workers: 1
 Concurrent Refinement Workers: 4
 Periodic GC: Disabled

Heap:
 garbage-first heap   total 109568K, used 64627K [0x00000000c1400000, 0x0000000100000000)
  region size 1024K, 2 young (2048K), 2 survivors (2048K)
 Metaspace       used 32846K, committed 33088K, reserved 1081344K
  class space    used 3714K, committed 3840K, reserved 1048576K

Heap Regions: E=young(eden), S=young(survivor), O=old, HS=humongous(starts), HC=humongous(continues), CS=collection set, F=free, OA=open archive, CA=closed archive, TAMS=top-at-mark-start (previous, next)
|   0|0x00000000c1400000, 0x00000000c1500000, 0x00000000c1500000|100%| O|  |TAMS 0x00000000c1500000, 0x00000000c1500000| Untracked 
|   1|0x00000000c1500000, 0x00000000c1600000, 0x00000000c1600000|100%| O|  |TAMS 0x00000000c1600000, 0x00000000c1600000| Untracked 
|   2|0x00000000c1600000, 0x00000000c1700000, 0x00000000c1700000|100%| O|  |TAMS 0x00000000c1700000, 0x00000000c1700000| Untracked 
|   3|0x00000000c1700000, 0x00000000c1800000, 0x00000000c1800000|100%| O|  |TAMS 0x00000000c1800000, 0x00000000c1800000| Untracked 
|   4|0x00000000c1800000, 0x00000000c1900000, 0x00000000c1900000|100%| O|  |TAMS 0x00000000c1900000, 0x00000000c1900000| Untracked 
|   5|0x00000000c1900000, 0x00000000c1a00000, 0x00000000c1a00000|100%| O|  |TAMS 0x00000000c1a00000, 0x00000000c1a00000| Untracked 
|   6|0x00000000c1a00000, 0x00000000c1b00000, 0x00000000c1b00000|100%| O|  |TAMS 0x00000000c1b00000, 0x00000000c1b00000| Untracked 
|   7|0x00000000c1b00000, 0x00000000c1c00000, 0x00000000c1c00000|100%| O|  |TAMS 0x00000000c1c00000, 0x00000000c1c00000| Untracked 
|   8|0x00000000c1c00000, 0x00000000c1cde400, 0x00000000c1d00000| 86%| O|  |TAMS 0x00000000c1cde400, 0x00000000c1cde400| Untracked 
|   9|0x00000000c1d00000, 0x00000000c1d00000, 0x00000000c1e00000|  0%| F|  |TAMS 0x00000000c1d00000, 0x00000000c1d00000| Untracked 
|  10|0x00000000c1e00000, 0x00000000c1e00000, 0x00000000c1f00000|  0%| F|  |TAMS 0x00000000c1e00000, 0x00000000c1e00000| Untracked 
|  11|0x00000000c1f00000, 0x00000000c1f00000, 0x00000000c2000000|  0%| F|  |TAMS 0x00000000c1f00000, 0x00000000c1f00000| Untracked 
|  12|0x00000000c2000000, 0x00000000c2100000, 0x00000000c2100000|100%| O|  |TAMS 0x00000000c2100000, 0x00000000c2100000| Untracked 
|  13|0x00000000c2100000, 0x00000000c2200000, 0x00000000c2200000|100%| O|  |TAMS 0x00000000c2200000, 0x00000000c2200000| Untracked 
|  14|0x00000000c2200000, 0x00000000c2200000, 0x00000000c2300000|  0%| F|  |TAMS 0x00000000c2200000, 0x00000000c2200000| Untracked 
|  15|0x00000000c2300000, 0x00000000c2300000, 0x00000000c2400000|  0%| F|  |TAMS 0x00000000c2300000, 0x00000000c2300000| Untracked 
|  16|0x00000000c2400000, 0x00000000c2400000, 0x00000000c2500000|  0%| F|  |TAMS 0x00000000c2400000, 0x00000000c2400000| Untracked 
|  17|0x00000000c2500000, 0x00000000c2500000, 0x00000000c2600000|  0%| F|  |TAMS 0x00000000c2500000, 0x00000000c2500000| Untracked 
|  18|0x00000000c2600000, 0x00000000c2600000, 0x00000000c2700000|  0%| F|  |TAMS 0x00000000c2600000, 0x00000000c2600000| Untracked 
|  19|0x00000000c2700000, 0x00000000c2700000, 0x00000000c2800000|  0%| F|  |TAMS 0x00000000c2700000, 0x00000000c2700000| Untracked 
|  20|0x00000000c2800000, 0x00000000c2800000, 0x00000000c2900000|  0%| F|  |TAMS 0x00000000c2800000, 0x00000000c2800000| Untracked 
|  21|0x00000000c2900000, 0x00000000c2900000, 0x00000000c2a00000|  0%| F|  |TAMS 0x00000000c2900000, 0x00000000c2900000| Untracked 
|  22|0x00000000c2a00000, 0x00000000c2a00000, 0x00000000c2b00000|  0%| F|  |TAMS 0x00000000c2a00000, 0x00000000c2a00000| Untracked 
|  23|0x00000000c2b00000, 0x00000000c2b00000, 0x00000000c2c00000|  0%| F|  |TAMS 0x00000000c2b00000, 0x00000000c2b00000| Untracked 
|  24|0x00000000c2c00000, 0x00000000c2c00000, 0x00000000c2d00000|  0%| F|  |TAMS 0x00000000c2c00000, 0x00000000c2c00000| Untracked 
|  25|0x00000000c2d00000, 0x00000000c2e00000, 0x00000000c2e00000|100%|HS|  |TAMS 0x00000000c2e00000, 0x00000000c2e00000| Complete 
|  26|0x00000000c2e00000, 0x00000000c2f00000, 0x00000000c2f00000|100%|HC|  |TAMS 0x00000000c2f00000, 0x00000000c2f00000| Complete 
|  27|0x00000000c2f00000, 0x00000000c3000000, 0x00000000c3000000|100%|HC|  |TAMS 0x00000000c3000000, 0x00000000c3000000| Complete 
|  28|0x00000000c3000000, 0x00000000c3100000, 0x00000000c3100000|100%|HC|  |TAMS 0x00000000c3100000, 0x00000000c3100000| Complete 
|  29|0x00000000c3100000, 0x00000000c3200000, 0x00000000c3200000|100%|HC|  |TAMS 0x00000000c3200000, 0x00000000c3200000| Complete 
|  30|0x00000000c3200000, 0x00000000c3300000, 0x00000000c3300000|100%|HC|  |TAMS 0x00000000c3300000, 0x00000000c3300000| Complete 
|  31|0x00000000c3300000, 0x00000000c3400000, 0x00000000c3400000|100%|HC|  |TAMS 0x00000000c3400000, 0x00000000c3400000| Complete 
|  32|0x00000000c3400000, 0x00000000c3500000, 0x00000000c3500000|100%|HC|  |TAMS 0x00000000c3500000, 0x00000000c3500000| Complete 
|  33|0x00000000c3500000, 0x00000000c3600000, 0x00000000c3600000|100%|HC|  |TAMS 0x00000000c3600000, 0x00000000c3600000| Complete 
|  34|0x00000000c3600000, 0x00000000c3700000, 0x00000000c3700000|100%|HC|  |TAMS 0x00000000c3700000, 0x00000000c3700000| Complete 
|  35|0x00000000c3700000, 0x00000000c3800000, 0x00000000c3800000|100%|HC|  |TAMS 0x00000000c3800000, 0x00000000c3800000| Complete 
|  36|0x00000000c3800000, 0x00000000c3900000, 0x00000000c3900000|100%|HC|  |TAMS 0x00000000c3900000, 0x00000000c3900000| Complete 
|  37|0x00000000c3900000, 0x00000000c3a00000, 0x00000000c3a00000|100%|HC|  |TAMS 0x00000000c3a00000, 0x00000000c3a00000| Complete 
|  38|0x00000000c3a00000, 0x00000000c3b00000, 0x00000000c3b00000|100%|HC|  |TAMS 0x00000000c3b00000, 0x00000000c3b00000| Complete 
|  39|0x00000000c3b00000, 0x00000000c3c00000, 0x00000000c3c00000|100%|HC|  |TAMS 0x00000000c3c00000, 0x00000000c3c00000| Complete 
|  40|0x00000000c3c00000, 0x00000000c3d00000, 0x00000000c3d00000|100%|HC|  |TAMS 0x00000000c3d00000, 0x00000000c3d00000| Complete 
|  41|0x00000000c3d00000, 0x00000000c3e00000, 0x00000000c3e00000|100%|HC|  |TAMS 0x00000000c3e00000, 0x00000000c3e00000| Complete 
|  42|0x00000000c3e00000, 0x00000000c3f00000, 0x00000000c3f00000|100%|HS|  |TAMS 0x00000000c3f00000, 0x00000000c3f00000| Complete 
|  43|0x00000000c3f00000, 0x00000000c4000000, 0x00000000c4000000|100%|HC|  |TAMS 0x00000000c4000000, 0x00000000c4000000| Complete 
|  44|0x00000000c4000000, 0x00000000c4100000, 0x00000000c4100000|100%|HC|  |TAMS 0x00000000c4100000, 0x00000000c4100000| Complete 
|  45|0x00000000c4100000, 0x00000000c4200000, 0x00000000c4200000|100%|HC|  |TAMS 0x00000000c4200000, 0x00000000c4200000| Complete 
|  46|0x00000000c4200000, 0x00000000c4300000, 0x00000000c4300000|100%|HC|  |TAMS 0x00000000c4300000, 0x00000000c4300000| Complete 
|  47|0x00000000c4300000, 0x00000000c4400000, 0x00000000c4400000|100%|HC|  |TAMS 0x00000000c4400000, 0x00000000c4400000| Complete 
|  48|0x00000000c4400000, 0x00000000c4500000, 0x00000000c4500000|100%|HC|  |TAMS 0x00000000c4500000, 0x00000000c4500000| Complete 
|  49|0x00000000c4500000, 0x00000000c4600000, 0x00000000c4600000|100%|HC|  |TAMS 0x00000000c4600000, 0x00000000c4600000| Complete 
|  50|0x00000000c4600000, 0x00000000c4700000, 0x00000000c4700000|100%|HC|  |TAMS 0x00000000c4700000, 0x00000000c4700000| Complete 
|  51|0x00000000c4700000, 0x00000000c4800000, 0x00000000c4800000|100%|HC|  |TAMS 0x00000000c4800000, 0x00000000c4800000| Complete 
|  52|0x00000000c4800000, 0x00000000c4900000, 0x00000000c4900000|100%|HC|  |TAMS 0x00000000c4900000, 0x00000000c4900000| Complete 
|  53|0x00000000c4900000, 0x00000000c4a00000, 0x00000000c4a00000|100%|HC|  |TAMS 0x00000000c4a00000, 0x00000000c4a00000| Complete 
|  54|0x00000000c4a00000, 0x00000000c4b00000, 0x00000000c4b00000|100%|HC|  |TAMS 0x00000000c4b00000, 0x00000000c4b00000| Complete 
|  55|0x00000000c4b00000, 0x00000000c4c00000, 0x00000000c4c00000|100%|HC|  |TAMS 0x00000000c4c00000, 0x00000000c4c00000| Complete 
|  56|0x00000000c4c00000, 0x00000000c4d00000, 0x00000000c4d00000|100%|HC|  |TAMS 0x00000000c4d00000, 0x00000000c4d00000| Complete 
|  57|0x00000000c4d00000, 0x00000000c4e00000, 0x00000000c4e00000|100%|HC|  |TAMS 0x00000000c4e00000, 0x00000000c4e00000| Complete 
|  58|0x00000000c4e00000, 0x00000000c4f00000, 0x00000000c4f00000|100%|HC|  |TAMS 0x00000000c4f00000, 0x00000000c4f00000| Complete 
|  59|0x00000000c4f00000, 0x00000000c4f00000, 0x00000000c5000000|  0%| F|  |TAMS 0x00000000c4f00000, 0x00000000c4f00000| Untracked 
|  60|0x00000000c5000000, 0x00000000c5000000, 0x00000000c5100000|  0%| F|  |TAMS 0x00000000c5000000, 0x00000000c5000000| Untracked 
|  61|0x00000000c5100000, 0x00000000c5100000, 0x00000000c5200000|  0%| F|  |TAMS 0x00000000c5100000, 0x00000000c5100000| Untracked 
|  62|0x00000000c5200000, 0x00000000c5200000, 0x00000000c5300000|  0%| F|  |TAMS 0x00000000c5200000, 0x00000000c5200000| Untracked 
|  63|0x00000000c5300000, 0x00000000c5300000, 0x00000000c5400000|  0%| F|  |TAMS 0x00000000c5300000, 0x00000000c5300000| Untracked 
|  64|0x00000000c5400000, 0x00000000c5400000, 0x00000000c5500000|  0%| F|  |TAMS 0x00000000c5400000, 0x00000000c5400000| Untracked 
|  65|0x00000000c5500000, 0x00000000c5500000, 0x00000000c5600000|  0%| F|  |TAMS 0x00000000c5500000, 0x00000000c5500000| Untracked 
|  66|0x00000000c5600000, 0x00000000c5600000, 0x00000000c5700000|  0%| F|  |TAMS 0x00000000c5600000, 0x00000000c5600000| Untracked 
|  67|0x00000000c5700000, 0x00000000c5700000, 0x00000000c5800000|  0%| F|  |TAMS 0x00000000c5700000, 0x00000000c5700000| Untracked 
|  68|0x00000000c5800000, 0x00000000c5800000, 0x00000000c5900000|  0%| F|  |TAMS 0x00000000c5800000, 0x00000000c5800000| Untracked 
|  69|0x00000000c5900000, 0x00000000c5900000, 0x00000000c5a00000|  0%| F|  |TAMS 0x00000000c5900000, 0x00000000c5900000| Untracked 
|  70|0x00000000c5a00000, 0x00000000c5a00000, 0x00000000c5b00000|  0%| F|  |TAMS 0x00000000c5a00000, 0x00000000c5a00000| Untracked 
|  71|0x00000000c5b00000, 0x00000000c5b00000, 0x00000000c5c00000|  0%| F|  |TAMS 0x00000000c5b00000, 0x00000000c5b00000| Untracked 
|  72|0x00000000c5c00000, 0x00000000c5d00000, 0x00000000c5d00000|100%|HS|  |TAMS 0x00000000c5c00000, 0x00000000c5d00000| Complete 
|  73|0x00000000c5d00000, 0x00000000c5e00000, 0x00000000c5e00000|100%|HC|  |TAMS 0x00000000c5d00000, 0x00000000c5e00000| Complete 
|  74|0x00000000c5e00000, 0x00000000c5f00000, 0x00000000c5f00000|100%|HC|  |TAMS 0x00000000c5e00000, 0x00000000c5f00000| Complete 
|  75|0x00000000c5f00000, 0x00000000c6000000, 0x00000000c6000000|100%|HC|  |TAMS 0x00000000c5f00000, 0x00000000c6000000| Complete 
|  76|0x00000000c6000000, 0x00000000c6100000, 0x00000000c6100000|100%|HC|  |TAMS 0x00000000c6000000, 0x00000000c6100000| Complete 
|  77|0x00000000c6100000, 0x00000000c6200000, 0x00000000c6200000|100%|HC|  |TAMS 0x00000000c6100000, 0x00000000c6200000| Complete 
|  78|0x00000000c6200000, 0x00000000c6300000, 0x00000000c6300000|100%|HC|  |TAMS 0x00000000c6200000, 0x00000000c6300000| Complete 
|  79|0x00000000c6300000, 0x00000000c6400000, 0x00000000c6400000|100%|HC|  |TAMS 0x00000000c6300000, 0x00000000c6400000| Complete 
|  80|0x00000000c6400000, 0x00000000c6500000, 0x00000000c6500000|100%|HC|  |TAMS 0x00000000c6400000, 0x00000000c6500000| Complete 
|  81|0x00000000c6500000, 0x00000000c6600000, 0x00000000c6600000|100%|HC|  |TAMS 0x00000000c6500000, 0x00000000c6600000| Complete 
|  82|0x00000000c6600000, 0x00000000c6700000, 0x00000000c6700000|100%|HC|  |TAMS 0x00000000c6600000, 0x00000000c6700000| Complete 
|  83|0x00000000c6700000, 0x00000000c6800000, 0x00000000c6800000|100%|HC|  |TAMS 0x00000000c6700000, 0x00000000c6800000| Complete 
|  84|0x00000000c6800000, 0x00000000c6900000, 0x00000000c6900000|100%|HC|  |TAMS 0x00000000c6800000, 0x00000000c6900000| Complete 
|  85|0x00000000c6900000, 0x00000000c6a00000, 0x00000000c6a00000|100%|HC|  |TAMS 0x00000000c6900000, 0x00000000c6a00000| Complete 
|  86|0x00000000c6a00000, 0x00000000c6b00000, 0x00000000c6b00000|100%|HC|  |TAMS 0x00000000c6a00000, 0x00000000c6b00000| Complete 
|  87|0x00000000c6b00000, 0x00000000c6c00000, 0x00000000c6c00000|100%|HC|  |TAMS 0x00000000c6b00000, 0x00000000c6c00000| Complete 
|  88|0x00000000c6c00000, 0x00000000c6d00000, 0x00000000c6d00000|100%|HC|  |TAMS 0x00000000c6c00000, 0x00000000c6d00000| Complete 
|  89|0x00000000c6d00000, 0x00000000c6d00000, 0x00000000c6e00000|  0%| F|  |TAMS 0x00000000c6d00000, 0x00000000c6d00000| Untracked 
|  90|0x00000000c6e00000, 0x00000000c6e00000, 0x00000000c6f00000|  0%| F|  |TAMS 0x00000000c6e00000, 0x00000000c6e00000| Untracked 
|  91|0x00000000c6f00000, 0x00000000c6f00000, 0x00000000c7000000|  0%| F|  |TAMS 0x00000000c6f00000, 0x00000000c6f00000| Untracked 
|  92|0x00000000c7000000, 0x00000000c7000000, 0x00000000c7100000|  0%| F|  |TAMS 0x00000000c7000000, 0x00000000c7000000| Untracked 
|  93|0x00000000c7100000, 0x00000000c7100000, 0x00000000c7200000|  0%| F|  |TAMS 0x00000000c7100000, 0x00000000c7100000| Untracked 
|  94|0x00000000c7200000, 0x00000000c7200000, 0x00000000c7300000|  0%| F|  |TAMS 0x00000000c7200000, 0x00000000c7200000| Untracked 
|  95|0x00000000c7300000, 0x00000000c7300000, 0x00000000c7400000|  0%| F|  |TAMS 0x00000000c7300000, 0x00000000c7300000| Untracked 
|  96|0x00000000c7400000, 0x00000000c7400000, 0x00000000c7500000|  0%| F|  |TAMS 0x00000000c7400000, 0x00000000c7400000| Untracked 
|  97|0x00000000c7500000, 0x00000000c7500000, 0x00000000c7600000|  0%| F|  |TAMS 0x00000000c7500000, 0x00000000c7500000| Untracked 
|  98|0x00000000c7600000, 0x00000000c7600000, 0x00000000c7700000|  0%| F|  |TAMS 0x00000000c7600000, 0x00000000c7600000| Untracked 
|  99|0x00000000c7700000, 0x00000000c7700000, 0x00000000c7800000|  0%| F|  |TAMS 0x00000000c7700000, 0x00000000c7700000| Untracked 
| 100|0x00000000c7800000, 0x00000000c7800000, 0x00000000c7900000|  0%| F|  |TAMS 0x00000000c7800000, 0x00000000c7800000| Untracked 
| 101|0x00000000c7900000, 0x00000000c793eb10, 0x00000000c7a00000| 24%| S|CS|TAMS 0x00000000c7900000, 0x00000000c7900000| Complete 
| 102|0x00000000c7a00000, 0x00000000c7b00000, 0x00000000c7b00000|100%| S|CS|TAMS 0x00000000c7a00000, 0x00000000c7a00000| Complete 
| 103|0x00000000c7b00000, 0x00000000c7b00000, 0x00000000c7c00000|  0%| F|  |TAMS 0x00000000c7b00000, 0x00000000c7b00000| Untracked 
| 104|0x00000000c7c00000, 0x00000000c7c00000, 0x00000000c7d00000|  0%| F|  |TAMS 0x00000000c7c00000, 0x00000000c7c00000| Untracked 
| 105|0x00000000c7d00000, 0x00000000c7d00000, 0x00000000c7e00000|  0%| F|  |TAMS 0x00000000c7d00000, 0x00000000c7d00000| Untracked 
| 106|0x00000000c7e00000, 0x00000000c7e00000, 0x00000000c7f00000|  0%| F|  |TAMS 0x00000000c7e00000, 0x00000000c7e00000| Untracked 

Card table byte_map: [0x00000181c9490000,0x00000181c9690000] _byte_map_base: 0x00000181c8e86000

Marking Bits (Prev, Next): (CMBitMap*) 0x00000181b6c1ddd0, (CMBitMap*) 0x00000181b6c1dd90
 Prev Bits: [0x00000181ca840000, 0x00000181cb7f0000)
 Next Bits: [0x00000181c9890000, 0x00000181ca840000)

Polling page: 0x00000181b63c0000

Metaspace:

Usage:
  Non-class:     28.45 MB used.
      Class:      3.63 MB used.
       Both:     32.08 MB used.

Virtual space:
  Non-class space:       32.00 MB reserved,      28.56 MB ( 89%) committed,  4 nodes.
      Class space:        1.00 GB reserved,       3.75 MB ( <1%) committed,  1 nodes.
             Both:        1.03 GB reserved,      32.31 MB (  3%) committed. 

Chunk freelists:
   Non-Class:  3.08 MB
       Class:  256.00 KB
        Both:  3.33 MB

MaxMetaspaceSize: unlimited
CompressedClassSpaceSize: 1.00 GB
Initial GC threshold: 21.00 MB
Current GC threshold: 53.56 MB
CDS: off
MetaspaceReclaimPolicy: balanced
 - commit_granule_bytes: 65536.
 - commit_granule_words: 8192.
 - virtual_space_node_default_size: 1048576.
 - enlarge_chunks_in_place: 1.
 - new_chunks_are_fully_committed: 0.
 - uncommit_free_chunks: 1.
 - use_allocation_guard: 0.
 - handle_deallocations: 1.


Internal statistics:

num_allocs_failed_limit: 3.
num_arena_births: 214.
num_arena_deaths: 0.
num_vsnodes_births: 5.
num_vsnodes_deaths: 0.
num_space_committed: 517.
num_space_uncommitted: 0.
num_chunks_returned_to_freelist: 3.
num_chunks_taken_from_freelist: 855.
num_chunk_merges: 0.
num_chunk_splits: 572.
num_chunks_enlarged: 440.
num_purges: 0.
num_inconsistent_stats: 0.

CodeHeap 'non-profiled nmethods': size=120000Kb used=1161Kb max_used=1161Kb free=118838Kb
 bounds [0x00000181c1d60000, 0x00000181c1fd0000, 0x00000181c9290000]
CodeHeap 'profiled nmethods': size=120000Kb used=6239Kb max_used=6239Kb free=113760Kb
 bounds [0x00000181ba830000, 0x00000181bae50000, 0x00000181c1d60000]
CodeHeap 'non-nmethods': size=5760Kb used=1283Kb max_used=1313Kb free=4476Kb
 bounds [0x00000181ba290000, 0x00000181ba500000, 0x00000181ba830000]
 total_blobs=3878 nmethods=3283 adapters=507
 compilation: enabled
              stopped_count=0, restarted_count=0
 full_count=0

Compilation events (20 events):
Event: 148.765 Thread 0x00000181cdd2e480 3276       3       java.util.Spliterators$ArraySpliterator::forEachRemaining (68 bytes)
Event: 148.765 Thread 0x00000181cdd2e480 nmethod 3276 0x00000181bae43710 code [0x00000181bae438e0, 0x00000181bae43d58]
Event: 148.765 Thread 0x00000181cdd2e480 3277       3       java.util.TreeMap::getFirstEntry (26 bytes)
Event: 148.765 Thread 0x00000181cdd2e480 nmethod 3277 0x00000181bae43f10 code [0x00000181bae440c0, 0x00000181bae442b8]
Event: 148.767 Thread 0x00000181cdd2e480 3278       3       java.util.stream.StreamSpliterators$AbstractWrappingSpliterator::init (29 bytes)
Event: 148.767 Thread 0x00000181cdd2e480 nmethod 3278 0x00000181bae44390 code [0x00000181bae44540, 0x00000181bae448e8]
Event: 148.768 Thread 0x00000181cdd2e480 3279       3       java.util.regex.CharPredicates$$Lambda$233/0x00000001002cb0b8::is (5 bytes)
Event: 148.769 Thread 0x00000181cdd2e480 nmethod 3279 0x00000181bae44a10 code [0x00000181bae44be0, 0x00000181bae44ff8]
Event: 148.769 Thread 0x00000181cdd2e480 3280       3       java.util.regex.CharPredicates::lambda$ASCII_WORD$19 (20 bytes)
Event: 148.769 Thread 0x00000181cdd2e480 nmethod 3280 0x00000181bae45190 code [0x00000181bae45340, 0x00000181bae456b8]
Event: 148.769 Thread 0x00000181cdd2e480 3281       3       java.util.regex.ASCII::isWord (7 bytes)
Event: 148.769 Thread 0x00000181cdd2e480 nmethod 3281 0x00000181bae45810 code [0x00000181bae459c0, 0x00000181bae45c58]
Event: 148.769 Thread 0x00000181cdd2e480 3282       3       sun.nio.cs.StreamEncoder::write (37 bytes)
Event: 148.769 Thread 0x00000181cdd2e480 nmethod 3282 0x00000181bae45d90 code [0x00000181bae45f60, 0x00000181bae462c8]
Event: 148.770 Thread 0x00000181cdd2e480 3283       3       java.io.OutputStreamWriter::append (6 bytes)
Event: 148.770 Thread 0x00000181cdd2e480 nmethod 3283 0x00000181bae46490 code [0x00000181bae466a0, 0x00000181bae46e68]
Event: 148.770 Thread 0x00000181cdd2e480 3284       3       java.io.OutputStreamWriter::append (34 bytes)
Event: 148.770 Thread 0x00000181cdd2e480 nmethod 3284 0x00000181bae47110 code [0x00000181bae47320, 0x00000181bae47a68]
Event: 148.771 Thread 0x00000181cdd2e480 3285       1       java.net.URI::getHost (5 bytes)
Event: 148.771 Thread 0x00000181cdd2e480 nmethod 3285 0x00000181c1e82410 code [0x00000181c1e825a0, 0x00000181c1e82678]

GC Heap History (20 events):
Event: 10.849 GC heap after
{Heap after GC invocations=2 (full 0):
 garbage-first heap   total 65536K, used 5894K [0x00000000c1400000, 0x0000000100000000)
  region size 1024K, 2 young (2048K), 2 survivors (2048K)
 Metaspace       used 15933K, committed 16064K, reserved 1064960K
  class space    used 1570K, committed 1664K, reserved 1048576K
}
Event: 20.868 GC heap before
{Heap before GC invocations=2 (full 0):
 garbage-first heap   total 65536K, used 22278K [0x00000000c1400000, 0x0000000100000000)
  region size 1024K, 19 young (19456K), 2 survivors (2048K)
 Metaspace       used 21312K, committed 21504K, reserved 1073152K
  class space    used 2267K, committed 2368K, reserved 1048576K
}
Event: 20.873 GC heap after
{Heap after GC invocations=3 (full 0):
 garbage-first heap   total 65536K, used 7475K [0x00000000c1400000, 0x0000000100000000)
  region size 1024K, 3 young (3072K), 3 survivors (3072K)
 Metaspace       used 21312K, committed 21504K, reserved 1073152K
  class space    used 2267K, committed 2368K, reserved 1048576K
}
Event: 24.007 GC heap before
{Heap before GC invocations=4 (full 0):
 garbage-first heap   total 30720K, used 21811K [0x00000000c1400000, 0x0000000100000000)
  region size 1024K, 18 young (18432K), 3 survivors (3072K)
 Metaspace       used 26011K, committed 26176K, reserved 1073152K
  class space    used 2821K, committed 2880K, reserved 1048576K
}
Event: 24.023 GC heap after
{Heap after GC invocations=5 (full 0):
 garbage-first heap   total 30720K, used 9442K [0x00000000c1400000, 0x0000000100000000)
  region size 1024K, 4 young (4096K), 4 survivors (4096K)
 Metaspace       used 26011K, committed 26176K, reserved 1073152K
  class space    used 2821K, committed 2880K, reserved 1048576K
}
Event: 24.163 GC heap before
{Heap before GC invocations=5 (full 0):
 garbage-first heap   total 30720K, used 10466K [0x00000000c1400000, 0x0000000100000000)
  region size 1024K, 5 young (5120K), 4 survivors (4096K)
 Metaspace       used 26267K, committed 26432K, reserved 1073152K
  class space    used 2863K, committed 2944K, reserved 1048576K
}
Event: 24.169 GC heap after
{Heap after GC invocations=6 (full 0):
 garbage-first heap   total 30720K, used 9758K [0x00000000c1400000, 0x0000000100000000)
  region size 1024K, 1 young (1024K), 1 survivors (1024K)
 Metaspace       used 26267K, committed 26432K, reserved 1073152K
  class space    used 2863K, committed 2944K, reserved 1048576K
}
Event: 28.019 GC heap before
{Heap before GC invocations=6 (full 0):
 garbage-first heap   total 30720K, used 18974K [0x00000000c1400000, 0x0000000100000000)
  region size 1024K, 11 young (11264K), 1 survivors (1024K)
 Metaspace       used 29083K, committed 29376K, reserved 1081344K
  class space    used 3246K, committed 3392K, reserved 1048576K
}
Event: 28.022 GC heap after
{Heap after GC invocations=7 (full 0):
 garbage-first heap   total 30720K, used 9849K [0x00000000c1400000, 0x0000000100000000)
  region size 1024K, 1 young (1024K), 1 survivors (1024K)
 Metaspace       used 29083K, committed 29376K, reserved 1081344K
  class space    used 3246K, committed 3392K, reserved 1048576K
}
Event: 29.050 GC heap before
{Heap before GC invocations=7 (full 0):
 garbage-first heap   total 30720K, used 13945K [0x00000000c1400000, 0x0000000100000000)
  region size 1024K, 6 young (6144K), 1 survivors (1024K)
 Metaspace       used 30163K, committed 30400K, reserved 1081344K
  class space    used 3411K, committed 3520K, reserved 1048576K
}
Event: 29.057 GC heap after
{Heap after GC invocations=8 (full 0):
 garbage-first heap   total 30720K, used 10105K [0x00000000c1400000, 0x0000000100000000)
  region size 1024K, 1 young (1024K), 1 survivors (1024K)
 Metaspace       used 30163K, committed 30400K, reserved 1081344K
  class space    used 3411K, committed 3520K, reserved 1048576K
}
Event: 56.104 GC heap before
{Heap before GC invocations=8 (full 0):
 garbage-first heap   total 47104K, used 38777K [0x00000000c1400000, 0x0000000100000000)
  region size 1024K, 12 young (12288K), 1 survivors (1024K)
 Metaspace       used 32453K, committed 32704K, reserved 1081344K
  class space    used 3700K, committed 3776K, reserved 1048576K
}
Event: 56.107 GC heap after
{Heap after GC invocations=9 (full 0):
 garbage-first heap   total 47104K, used 28598K [0x00000000c1400000, 0x0000000100000000)
  region size 1024K, 2 young (2048K), 2 survivors (2048K)
 Metaspace       used 32453K, committed 32704K, reserved 1081344K
  class space    used 3700K, committed 3776K, reserved 1048576K
}
Event: 56.133 GC heap before
{Heap before GC invocations=9 (full 0):
 garbage-first heap   total 47104K, used 28598K [0x00000000c1400000, 0x0000000100000000)
  region size 1024K, 3 young (3072K), 2 survivors (2048K)
 Metaspace       used 32461K, committed 32704K, reserved 1081344K
  class space    used 3700K, committed 3776K, reserved 1048576K
}
Event: 56.140 GC heap after
{Heap after GC invocations=10 (full 0):
 garbage-first heap   total 47104K, used 28862K [0x00000000c1400000, 0x0000000100000000)
  region size 1024K, 1 young (1024K), 1 survivors (1024K)
 Metaspace       used 32461K, committed 32704K, reserved 1081344K
  class space    used 3700K, committed 3776K, reserved 1048576K
}
Event: 56.150 GC heap before
{Heap before GC invocations=10 (full 0):
 garbage-first heap   total 47104K, used 28862K [0x00000000c1400000, 0x0000000100000000)
  region size 1024K, 1 young (1024K), 1 survivors (1024K)
 Metaspace       used 32461K, committed 32704K, reserved 1081344K
  class space    used 3700K, committed 3776K, reserved 1048576K
}
Event: 56.151 GC heap after
{Heap after GC invocations=11 (full 0):
 garbage-first heap   total 47104K, used 28721K [0x00000000c1400000, 0x0000000100000000)
  region size 1024K, 1 young (1024K), 1 survivors (1024K)
 Metaspace       used 32461K, committed 32704K, reserved 1081344K
  class space    used 3700K, committed 3776K, reserved 1048576K
}
Event: 91.955 GC heap before
{Heap before GC invocations=12 (full 0):
 garbage-first heap   total 78848K, used 50225K [0x00000000c1400000, 0x0000000100000000)
  region size 1024K, 6 young (6144K), 1 survivors (1024K)
 Metaspace       used 32608K, committed 32896K, reserved 1081344K
  class space    used 3701K, committed 3840K, reserved 1048576K
}
Event: 91.965 GC heap after
{Heap after GC invocations=13 (full 0):
 garbage-first heap   total 78848K, used 46847K [0x00000000c1400000, 0x0000000100000000)
  region size 1024K, 1 young (1024K), 1 survivors (1024K)
 Metaspace       used 32608K, committed 32896K, reserved 1081344K
  class space    used 3701K, committed 3840K, reserved 1048576K
}
Event: 148.780 GC heap before
{Heap before GC invocations=14 (full 0):
 garbage-first heap   total 109568K, used 68351K [0x00000000c1400000, 0x0000000100000000)
  region size 1024K, 6 young (6144K), 1 survivors (1024K)
 Metaspace       used 32846K, committed 33088K, reserved 1081344K
  class space    used 3714K, committed 3840K, reserved 1048576K
}

Deoptimization events (20 events):
Event: 24.586 Thread 0x00000181d0560870 Uncommon trap: trap_request=0xffffff45 fr.pc=0x00000181c1e071c8 relative=0x00000000000000a8
Event: 24.586 Thread 0x00000181d0560870 Uncommon trap: reason=unstable_if action=reinterpret pc=0x00000181c1e071c8 method=java.lang.CharacterDataLatin1.digit(II)I @ 12 c2
Event: 24.586 Thread 0x00000181d0560870 DEOPT PACKING pc=0x00000181c1e071c8 sp=0x0000000be48fe820
Event: 24.586 Thread 0x00000181d0560870 DEOPT UNPACKING pc=0x00000181ba2e23a3 sp=0x0000000be48fe798 mode 2
Event: 26.603 Thread 0x00000181b4abcfb0 Uncommon trap: trap_request=0xffffff45 fr.pc=0x00000181c1df0484 relative=0x0000000000000084
Event: 26.603 Thread 0x00000181b4abcfb0 Uncommon trap: reason=unstable_if action=reinterpret pc=0x00000181c1df0484 method=java.lang.CharacterDataLatin1.isWhitespace(I)Z @ 14 c2
Event: 26.603 Thread 0x00000181b4abcfb0 DEOPT PACKING pc=0x00000181c1df0484 sp=0x0000000be28fd6a0
Event: 26.603 Thread 0x00000181b4abcfb0 DEOPT UNPACKING pc=0x00000181ba2e23a3 sp=0x0000000be28fd610 mode 2
Event: 37.061 Thread 0x00000181b4abcfb0 Uncommon trap: trap_request=0xffffff45 fr.pc=0x00000181c1e2388c relative=0x00000000000011ec
Event: 37.061 Thread 0x00000181b4abcfb0 Uncommon trap: reason=unstable_if action=reinterpret pc=0x00000181c1e2388c method=java.util.concurrent.ConcurrentHashMap.putVal(Ljava/lang/Object;Ljava/lang/Object;Z)Ljava/lang/Object; @ 231 c2
Event: 37.062 Thread 0x00000181b4abcfb0 DEOPT PACKING pc=0x00000181c1e2388c sp=0x0000000be28fd7f0
Event: 37.062 Thread 0x00000181b4abcfb0 DEOPT UNPACKING pc=0x00000181ba2e23a3 sp=0x0000000be28fd770 mode 2
Event: 37.719 Thread 0x00000181cf282d90 Uncommon trap: trap_request=0xffffff45 fr.pc=0x00000181c1d9f638 relative=0x0000000000000e98
Event: 37.719 Thread 0x00000181cf282d90 Uncommon trap: reason=unstable_if action=reinterpret pc=0x00000181c1d9f638 method=sun.security.provider.SHA.implCompress0([BI)V @ 4 c2
Event: 37.719 Thread 0x00000181cf282d90 DEOPT PACKING pc=0x00000181c1d9f638 sp=0x0000000be4ffe5f0
Event: 37.719 Thread 0x00000181cf282d90 DEOPT UNPACKING pc=0x00000181ba2e23a3 sp=0x0000000be4ffe560 mode 2
Event: 136.112 Thread 0x00000181b4abcfb0 Uncommon trap: trap_request=0xffffff45 fr.pc=0x00000181c1e0d2ec relative=0x000000000000034c
Event: 136.124 Thread 0x00000181b4abcfb0 Uncommon trap: reason=unstable_if action=reinterpret pc=0x00000181c1e0d2ec method=java.util.HashMap$HashIterator.<init>(Ljava/util/HashMap;)V @ 45 c2
Event: 136.140 Thread 0x00000181b4abcfb0 DEOPT PACKING pc=0x00000181c1e0d2ec sp=0x0000000be28fdd30
Event: 136.140 Thread 0x00000181b4abcfb0 DEOPT UNPACKING pc=0x00000181ba2e23a3 sp=0x0000000be28fdce8 mode 2

Classes unloaded (0 events):
No events

Classes redefined (0 events):
No events

Internal exceptions (20 events):
Event: 145.670 Thread 0x00000181d0560870 Exception <a 'java/net/ConnectException'{0x00000000c7cc58f8}: Connection refused: no further information> (0x00000000c7cc58f8) 
thrown [e:\jenkins\tmp\workspace\build\src\src\hotspot\share\prims\jni.cpp, line 535]
Event: 145.670 Thread 0x00000181d0560870 Exception <a 'java/net/SocketException'{0x00000000c7cc5c30}: Socket is not connected: shutdown> (0x00000000c7cc5c30) 
thrown [e:\jenkins\tmp\workspace\build\src\src\hotspot\share\prims\jni.cpp, line 535]
Event: 145.712 Thread 0x00000181d0560870 Exception <a 'java/net/ConnectException'{0x00000000c7cc6c78}: Connection refused: no further information> (0x00000000c7cc6c78) 
thrown [e:\jenkins\tmp\workspace\build\src\src\hotspot\share\prims\jni.cpp, line 535]
Event: 145.713 Thread 0x00000181d0560870 Exception <a 'java/net/SocketException'{0x00000000c7cc6fb0}: Socket is not connected: shutdown> (0x00000000c7cc6fb0) 
thrown [e:\jenkins\tmp\workspace\build\src\src\hotspot\share\prims\jni.cpp, line 535]
Event: 145.811 Thread 0x00000181d0560870 Exception <a 'java/net/ConnectException'{0x00000000c7cc8238}: Connection refused: no further information> (0x00000000c7cc8238) 
thrown [e:\jenkins\tmp\workspace\build\src\src\hotspot\share\prims\jni.cpp, line 535]
Event: 145.811 Thread 0x00000181d0560870 Exception <a 'java/net/SocketException'{0x00000000c7cc8570}: Socket is not connected: shutdown> (0x00000000c7cc8570) 
thrown [e:\jenkins\tmp\workspace\build\src\src\hotspot\share\prims\jni.cpp, line 535]
Event: 145.976 Thread 0x00000181d0560870 Exception <a 'java/net/ConnectException'{0x00000000c7cc95b8}: Connection refused: no further information> (0x00000000c7cc95b8) 
thrown [e:\jenkins\tmp\workspace\build\src\src\hotspot\share\prims\jni.cpp, line 535]
Event: 145.976 Thread 0x00000181d0560870 Exception <a 'java/net/SocketException'{0x00000000c7cc98f0}: Socket is not connected: shutdown> (0x00000000c7cc98f0) 
thrown [e:\jenkins\tmp\workspace\build\src\src\hotspot\share\prims\jni.cpp, line 535]
Event: 146.308 Thread 0x00000181d0560870 Exception <a 'java/net/ConnectException'{0x00000000c7cca938}: Connection refused: no further information> (0x00000000c7cca938) 
thrown [e:\jenkins\tmp\workspace\build\src\src\hotspot\share\prims\jni.cpp, line 535]
Event: 146.308 Thread 0x00000181d0560870 Exception <a 'java/net/SocketException'{0x00000000c7ccac70}: Socket is not connected: shutdown> (0x00000000c7ccac70) 
thrown [e:\jenkins\tmp\workspace\build\src\src\hotspot\share\prims\jni.cpp, line 535]
Event: 146.648 Thread 0x00000181d0560870 Exception <a 'java/net/ConnectException'{0x00000000c7ccbcb8}: Connection refused: no further information> (0x00000000c7ccbcb8) 
thrown [e:\jenkins\tmp\workspace\build\src\src\hotspot\share\prims\jni.cpp, line 535]
Event: 146.648 Thread 0x00000181d0560870 Exception <a 'java/net/SocketException'{0x00000000c7ccbff0}: Socket is not connected: shutdown> (0x00000000c7ccbff0) 
thrown [e:\jenkins\tmp\workspace\build\src\src\hotspot\share\prims\jni.cpp, line 535]
Event: 146.993 Thread 0x00000181d0560870 Exception <a 'java/net/ConnectException'{0x00000000c7ccd038}: Connection refused: no further information> (0x00000000c7ccd038) 
thrown [e:\jenkins\tmp\workspace\build\src\src\hotspot\share\prims\jni.cpp, line 535]
Event: 146.993 Thread 0x00000181d0560870 Exception <a 'java/net/SocketException'{0x00000000c7ccd370}: Socket is not connected: shutdown> (0x00000000c7ccd370) 
thrown [e:\jenkins\tmp\workspace\build\src\src\hotspot\share\prims\jni.cpp, line 535]
Event: 147.329 Thread 0x00000181d0560870 Exception <a 'java/net/ConnectException'{0x00000000c7ce7690}: Connection refused: no further information> (0x00000000c7ce7690) 
thrown [e:\jenkins\tmp\workspace\build\src\src\hotspot\share\prims\jni.cpp, line 535]
Event: 147.329 Thread 0x00000181d0560870 Exception <a 'java/net/SocketException'{0x00000000c7ce79c8}: Socket is not connected: shutdown> (0x00000000c7ce79c8) 
thrown [e:\jenkins\tmp\workspace\build\src\src\hotspot\share\prims\jni.cpp, line 535]
Event: 147.671 Thread 0x00000181d0560870 Exception <a 'java/net/ConnectException'{0x00000000c7ce8a10}: Connection refused: no further information> (0x00000000c7ce8a10) 
thrown [e:\jenkins\tmp\workspace\build\src\src\hotspot\share\prims\jni.cpp, line 535]
Event: 147.671 Thread 0x00000181d0560870 Exception <a 'java/net/SocketException'{0x00000000c7ce8d48}: Socket is not connected: shutdown> (0x00000000c7ce8d48) 
thrown [e:\jenkins\tmp\workspace\build\src\src\hotspot\share\prims\jni.cpp, line 535]
Event: 148.000 Thread 0x00000181d0560870 Exception <a 'java/net/ConnectException'{0x00000000c7ce9d90}: Connection refused: no further information> (0x00000000c7ce9d90) 
thrown [e:\jenkins\tmp\workspace\build\src\src\hotspot\share\prims\jni.cpp, line 535]
Event: 148.000 Thread 0x00000181d0560870 Exception <a 'java/net/SocketException'{0x00000000c7cea0c8}: Socket is not connected: shutdown> (0x00000000c7cea0c8) 
thrown [e:\jenkins\tmp\workspace\build\src\src\hotspot\share\prims\jni.cpp, line 535]

VM Operations (20 events):
Event: 103.136 Executing VM operation: Cleanup done
Event: 104.141 Executing VM operation: Cleanup
Event: 104.141 Executing VM operation: Cleanup done
Event: 106.167 Executing VM operation: Cleanup
Event: 106.167 Executing VM operation: Cleanup done
Event: 113.237 Executing VM operation: Cleanup
Event: 113.237 Executing VM operation: Cleanup done
Event: 125.337 Executing VM operation: Cleanup
Event: 125.338 Executing VM operation: Cleanup done
Event: 130.379 Executing VM operation: Cleanup
Event: 130.382 Executing VM operation: Cleanup done
Event: 135.428 Executing VM operation: Cleanup
Event: 135.741 Executing VM operation: Cleanup done
Event: 136.743 Executing VM operation: Cleanup
Event: 136.743 Executing VM operation: Cleanup done
Event: 137.751 Executing VM operation: Cleanup
Event: 137.752 Executing VM operation: Cleanup done
Event: 145.836 Executing VM operation: Cleanup
Event: 145.836 Executing VM operation: Cleanup done
Event: 148.780 Executing VM operation: G1TryInitiateConcMark

Events (20 events):
Event: 63.605 Thread 0x00000181cf280710 Thread added: 0x00000181cf280710
Event: 89.546 loading class java/net/BindException
Event: 89.548 loading class java/net/BindException done
Event: 89.640 Thread 0x00000181cf280be0 Thread added: 0x00000181cf280be0
Event: 89.640 Thread 0x00000181cf27e560 Thread added: 0x00000181cf27e560
Event: 89.640 Thread 0x00000181cf2810b0 Thread added: 0x00000181cf2810b0
Event: 89.985 Thread 0x00000181cf2828c0 Thread added: 0x00000181cf2828c0
Event: 89.985 Thread 0x00000181cf281580 Thread added: 0x00000181cf281580
Event: 91.882 Thread 0x00000181cf284a70 Thread added: 0x00000181cf284a70
Event: 91.907 Thread 0x00000181cf27ef00 Thread added: 0x00000181cf27ef00
Event: 96.852 Thread 0x00000181cf281a50 Thread added: 0x00000181cf281a50
Event: 96.889 Thread 0x00000181cf284a70 Thread exited: 0x00000181cf284a70
Event: 136.308 loading class java/util/LinkedList$LLSpliterator
Event: 136.379 loading class java/util/LinkedList$LLSpliterator done
Event: 145.568 Thread 0x00000181cf284a70 Thread added: 0x00000181cf284a70
Event: 145.568 Thread 0x00000181cf2823f0 Thread added: 0x00000181cf2823f0
Event: 145.580 Thread 0x00000181cf283c00 Thread added: 0x00000181cf283c00
Event: 145.816 Thread 0x00000181cf283260 Thread added: 0x00000181cf283260
Event: 145.816 Thread 0x00000181cf2840d0 Thread added: 0x00000181cf2840d0
Event: 148.385 Thread 0x00000181cf2845a0 Thread added: 0x00000181cf2845a0


Dynamic libraries:
0x00007ff79b910000 - 0x00007ff79b91e000 	C:\Users\anamendra.y(2420)\.p2\pool\plugins\org.eclipse.justj.openjdk.hotspot.jre.full.win32.x86_64_17.0.1.v20211116-1657\jre\bin\javaw.exe
0x00007ffd974b0000 - 0x00007ffd976a5000 	C:\WINDOWS\SYSTEM32\ntdll.dll
0x00007ffd95ca0000 - 0x00007ffd95d5e000 	C:\WINDOWS\System32\KERNEL32.DLL
0x00007ffd94f40000 - 0x00007ffd95208000 	C:\WINDOWS\System32\KERNELBASE.dll
0x00007ffd94e40000 - 0x00007ffd94f40000 	C:\WINDOWS\System32\ucrtbase.dll
0x00007ffd8ccb0000 - 0x00007ffd8ccc8000 	C:\Users\anamendra.y(2420)\.p2\pool\plugins\org.eclipse.justj.openjdk.hotspot.jre.full.win32.x86_64_17.0.1.v20211116-1657\jre\bin\jli.dll
0x00007ffd97200000 - 0x00007ffd973a1000 	C:\WINDOWS\System32\USER32.dll
0x00007ffd94bc0000 - 0x00007ffd94be2000 	C:\WINDOWS\System32\win32u.dll
0x00007ffd95710000 - 0x00007ffd9573b000 	C:\WINDOWS\System32\GDI32.dll
0x00007ffd94d30000 - 0x00007ffd94e3d000 	C:\WINDOWS\System32\gdi32full.dll
0x00007ffd95210000 - 0x00007ffd952ad000 	C:\WINDOWS\System32\msvcp_win.dll
0x00007ffd867e0000 - 0x00007ffd867f9000 	C:\Users\anamendra.y(2420)\.p2\pool\plugins\org.eclipse.justj.openjdk.hotspot.jre.full.win32.x86_64_17.0.1.v20211116-1657\jre\bin\VCRUNTIME140.dll
0x00007ffd84b90000 - 0x00007ffd84e2a000 	C:\WINDOWS\WinSxS\amd64_microsoft.windows.common-controls_6595b64144ccf1df_6.0.19041.1110_none_60b5254171f9507e\COMCTL32.dll
0x00007ffd96520000 - 0x00007ffd965be000 	C:\WINDOWS\System32\msvcrt.dll
0x00007ffd965d0000 - 0x00007ffd96600000 	C:\WINDOWS\System32\IMM32.DLL
0x00007ffd92280000 - 0x00007ffd9228c000 	C:\Users\anamendra.y(2420)\.p2\pool\plugins\org.eclipse.justj.openjdk.hotspot.jre.full.win32.x86_64_17.0.1.v20211116-1657\jre\bin\vcruntime140_1.dll
0x00007ffd7fcb0000 - 0x00007ffd7fd41000 	C:\Users\anamendra.y(2420)\.p2\pool\plugins\org.eclipse.justj.openjdk.hotspot.jre.full.win32.x86_64_17.0.1.v20211116-1657\jre\bin\msvcp140.dll
0x00007ffd54a00000 - 0x00007ffd55646000 	C:\Users\anamendra.y(2420)\.p2\pool\plugins\org.eclipse.justj.openjdk.hotspot.jre.full.win32.x86_64_17.0.1.v20211116-1657\jre\bin\server\jvm.dll
0x00007ffd96600000 - 0x00007ffd966ac000 	C:\WINDOWS\System32\ADVAPI32.dll
0x00007ffd973b0000 - 0x00007ffd9744b000 	C:\WINDOWS\System32\sechost.dll
0x00007ffd95580000 - 0x00007ffd956aa000 	C:\WINDOWS\System32\RPCRT4.dll
0x00007ffd966b0000 - 0x00007ffd966b8000 	C:\WINDOWS\System32\PSAPI.DLL
0x00007ffd87b40000 - 0x00007ffd87b67000 	C:\WINDOWS\SYSTEM32\WINMM.dll
0x00007ffd939b0000 - 0x00007ffd939ba000 	C:\WINDOWS\SYSTEM32\VERSION.dll
0x00007ffd82b40000 - 0x00007ffd82b49000 	C:\WINDOWS\SYSTEM32\WSOCK32.dll
0x00007ffd961a0000 - 0x00007ffd9620b000 	C:\WINDOWS\System32\WS2_32.dll
0x00007ffd93960000 - 0x00007ffd93972000 	C:\WINDOWS\SYSTEM32\kernel.appcore.dll
0x00007ffd87230000 - 0x00007ffd8723a000 	C:\Users\anamendra.y(2420)\.p2\pool\plugins\org.eclipse.justj.openjdk.hotspot.jre.full.win32.x86_64_17.0.1.v20211116-1657\jre\bin\jimage.dll
0x00007ffd84260000 - 0x00007ffd84444000 	C:\WINDOWS\SYSTEM32\DBGHELP.DLL
0x00007ffd84110000 - 0x00007ffd8413c000 	C:\WINDOWS\SYSTEM32\dbgcore.DLL
0x00007ffd94bf0000 - 0x00007ffd94c72000 	C:\WINDOWS\System32\bcryptPrimitives.dll
0x00007ffd51e10000 - 0x00007ffd51e35000 	C:\Users\anamendra.y(2420)\.p2\pool\plugins\org.eclipse.justj.openjdk.hotspot.jre.full.win32.x86_64_17.0.1.v20211116-1657\jre\bin\java.dll
0x00007ffd7fb30000 - 0x00007ffd7fb48000 	C:\Users\anamendra.y(2420)\.p2\pool\plugins\org.eclipse.justj.openjdk.hotspot.jre.full.win32.x86_64_17.0.1.v20211116-1657\jre\bin\zip.dll
0x00007ffd966c0000 - 0x00007ffd96e04000 	C:\WINDOWS\System32\SHELL32.dll
0x00007ffd92af0000 - 0x00007ffd93284000 	C:\WINDOWS\SYSTEM32\windows.storage.dll
0x00007ffd96e10000 - 0x00007ffd97165000 	C:\WINDOWS\System32\combase.dll
0x00007ffd94540000 - 0x00007ffd9456e000 	C:\WINDOWS\SYSTEM32\Wldp.dll
0x00007ffd95f70000 - 0x00007ffd9601d000 	C:\WINDOWS\System32\SHCORE.dll
0x00007ffd95f10000 - 0x00007ffd95f65000 	C:\WINDOWS\System32\shlwapi.dll
0x00007ffd94b00000 - 0x00007ffd94b1f000 	C:\WINDOWS\SYSTEM32\profapi.dll
0x00007ffd79680000 - 0x00007ffd79699000 	C:\Users\anamendra.y(2420)\.p2\pool\plugins\org.eclipse.justj.openjdk.hotspot.jre.full.win32.x86_64_17.0.1.v20211116-1657\jre\bin\net.dll
0x00007ffd862e0000 - 0x00007ffd863ec000 	C:\WINDOWS\SYSTEM32\WINHTTP.dll
0x00007ffd942a0000 - 0x00007ffd9430a000 	C:\WINDOWS\system32\mswsock.dll
0x00007ffd51180000 - 0x00007ffd51195000 	C:\Users\anamendra.y(2420)\.p2\pool\plugins\org.eclipse.justj.openjdk.hotspot.jre.full.win32.x86_64_17.0.1.v20211116-1657\jre\bin\nio.dll
0x00007ffd93fd0000 - 0x00007ffd9409b000 	C:\WINDOWS\SYSTEM32\DNSAPI.dll
0x00007ffd93f90000 - 0x00007ffd93fcb000 	C:\WINDOWS\SYSTEM32\IPHLPAPI.DLL
0x00007ffd97170000 - 0x00007ffd97178000 	C:\WINDOWS\System32\NSI.dll
0x00007ffd85f30000 - 0x00007ffd85f3a000 	C:\Windows\System32\rasadhlp.dll
0x00007ffd8fbb0000 - 0x00007ffd8fc2f000 	C:\WINDOWS\System32\fwpuclnt.dll
0x00007ffd952b0000 - 0x00007ffd952d7000 	C:\WINDOWS\System32\bcrypt.dll
0x00007ffd944a0000 - 0x00007ffd944b8000 	C:\WINDOWS\SYSTEM32\CRYPTSP.dll
0x00007ffd93c20000 - 0x00007ffd93c54000 	C:\WINDOWS\system32\rsaenh.dll
0x00007ffd94a80000 - 0x00007ffd94aae000 	C:\WINDOWS\SYSTEM32\USERENV.dll
0x00007ffd94490000 - 0x00007ffd9449c000 	C:\WINDOWS\SYSTEM32\CRYPTBASE.dll
0x00007ffd8fb20000 - 0x00007ffd8fb37000 	C:\WINDOWS\SYSTEM32\dhcpcsvc6.DLL
0x00007ffd8fac0000 - 0x00007ffd8fadd000 	C:\WINDOWS\SYSTEM32\dhcpcsvc.DLL
0x00007ffd87100000 - 0x00007ffd87110000 	C:\Users\anamendra.y(2420)\.p2\pool\plugins\org.eclipse.justj.openjdk.hotspot.jre.full.win32.x86_64_17.0.1.v20211116-1657\jre\bin\verify.dll
0x00007ffd81d20000 - 0x00007ffd81d37000 	C:\WINDOWS\system32\napinsp.dll
0x00007ffd81d00000 - 0x00007ffd81d1b000 	C:\WINDOWS\system32\pnrpnsp.dll
0x00007ffd81c90000 - 0x00007ffd81ca5000 	C:\WINDOWS\system32\wshbth.dll
0x00007ffd904a0000 - 0x00007ffd904bd000 	C:\WINDOWS\system32\NLAapi.dll
0x00007ffd81c70000 - 0x00007ffd81c82000 	C:\WINDOWS\System32\winrnr.dll
0x00007ffd714f0000 - 0x00007ffd714f9000 	C:\Users\anamendra.y(2420)\.p2\pool\plugins\org.eclipse.justj.openjdk.hotspot.jre.full.win32.x86_64_17.0.1.v20211116-1657\jre\bin\management.dll
0x00007ffd6e190000 - 0x00007ffd6e19b000 	C:\Users\anamendra.y(2420)\.p2\pool\plugins\org.eclipse.justj.openjdk.hotspot.jre.full.win32.x86_64_17.0.1.v20211116-1657\jre\bin\management_ext.dll
0x00007ffd6e180000 - 0x00007ffd6e18e000 	C:\Users\anamendra.y(2420)\.p2\pool\plugins\org.eclipse.justj.openjdk.hotspot.jre.full.win32.x86_64_17.0.1.v20211116-1657\jre\bin\sunmscapi.dll
0x00007ffd95330000 - 0x00007ffd95486000 	C:\WINDOWS\System32\CRYPT32.dll
0x00007ffd945b0000 - 0x00007ffd945d7000 	C:\WINDOWS\SYSTEM32\ncrypt.dll
0x00007ffd94570000 - 0x00007ffd945ab000 	C:\WINDOWS\SYSTEM32\NTASN1.dll
0x00007ffd86750000 - 0x00007ffd86757000 	C:\WINDOWS\system32\wshunix.dll

dbghelp: loaded successfully - version: 4.0.5 - missing functions: none
symbol engine: initialized successfully - sym options: 0x614 - pdb path: .;C:\Users\anamendra.y(2420)\.p2\pool\plugins\org.eclipse.justj.openjdk.hotspot.jre.full.win32.x86_64_17.0.1.v20211116-1657\jre\bin;C:\WINDOWS\SYSTEM32;C:\WINDOWS\WinSxS\amd64_microsoft.windows.common-controls_6595b64144ccf1df_6.0.19041.1110_none_60b5254171f9507e;C:\Users\anamendra.y(2420)\.p2\pool\plugins\org.eclipse.justj.openjdk.hotspot.jre.full.win32.x86_64_17.0.1.v20211116-1657\jre\bin\server

VM Arguments:
jvm_args: -ea -Dfile.encoding=Cp1252 -XX:+ShowCodeDetailsInExceptionMessages 
java_command: org.testng.remote.RemoteTestNG -serport 64227 -protocol json -d C:\Users\anamendra.y(2420)\eclipse-workspace\automateDemo\test-output C:\Users\anamendra.y(2420)\eclipse-workspace\automateDemo\testng.xml
java_class_path (initial): C:\Users\anamendra.y(2420)\eclipse\java-2021-12\eclipse\configuration\org.eclipse.osgi\429\0\.cp\lib\testng-remote.jar;C:\Users\anamendra.y(2420)\eclipse-workspace\automateDemo\target\test-classes;C:\Users\anamendra.y(2420)\eclipse-workspace\automateDemo\target\classes;C:\Users\anamendra.y(2420)\.p2\pool\plugins\org.testng_7.4.0.r202105021533.jar;C:\Users\anamendra.y(2420)\.p2\pool\plugins\com.beust.jcommander_1.78.0.jar;C:\Users\anamendra.y(2420)\.p2\pool\plugins\org.apache-extras.beanshell.bsh_2.0.0.b6.jar;C:\Users\anamendra.y(2420)\.p2\pool\plugins\org.yaml.snakeyaml_1.21.0.jar;C:\Users\anamendra.y(2420)\.p2\pool\plugins\org.webjars.jquery_3.5.1.jar;C:\Users\anamendra.y(2420)\.m2\repository\org\seleniumhq\selenium\selenium-java\4.1.1\selenium-java-4.1.1.jar;C:\Users\anamendra.y(2420)\.m2\repository\org\seleniumhq\selenium\selenium-api\4.1.1\selenium-api-4.1.1.jar;C:\Users\anamendra.y(2420)\.m2\repository\org\seleniumhq\selenium\selenium-chrome-driver\4.1.1\selenium-chrome-driver-4.1.1.jar;C:\Users\anamendra.y(2420)\.m2\repository\com\google\auto\service\auto-service-annotations\1.0.1\auto-service-annotations-1.0.1.jar;C:\Users\anamendra.y(2420)\.m2\repository\com\google\auto\service\auto-service\1.0.1\auto-service-1.0.1.jar;C:\Users\anamendra.y(2420)\.m2\repository\com\google\auto\auto-common\1.2\auto-common-1.2.jar;C:\Users\anamendra.y(2420)\.m2\repository\com\google\guava\guava\31.0.1-jre\guava-31.0.1-jre.jar;C:\Users\anamendra.y(2420)\.m2\repository\com\google\guava\failureaccess\1.0.1\failureaccess-1.0.1.jar;C:\Users\anamendra.y(2420)\.m2\repository\com\google\guava\listenablefuture\9999.0-empty-to-avoid-conflict-with-guava\listenablefuture-9999.0-empty-to-avoid-conflict-with-guava.jar;C:\Users\anamendra.y(2420)\.m2\repository\com\google\code\findbugs\jsr305\3.0.2\jsr305-3.0.2.jar;C:\Users\anamendra.y(2420)\.m2\repository\org\checkerframework\checker-qual\3.12.0\checker-qual-3.12.0.jar;C:\Users\anamendra.y(2420)\.m2\repository\com
Launcher Type: SUN_STANDARD

[Global flags]
     intx CICompilerCount                          = 3                                         {product} {ergonomic}
     uint ConcGCThreads                            = 1                                         {product} {ergonomic}
     uint G1ConcRefinementThreads                  = 4                                         {product} {ergonomic}
   size_t G1HeapRegionSize                         = 1048576                                   {product} {ergonomic}
    uintx GCDrainStackTargetSize                   = 64                                        {product} {ergonomic}
   size_t InitialHeapSize                          = 67108864                                  {product} {ergonomic}
   size_t MarkStackSize                            = 4194304                                   {product} {ergonomic}
   size_t MaxHeapSize                              = 1052770304                                {product} {ergonomic}
   size_t MaxNewSize                               = 631242752                                 {product} {ergonomic}
   size_t MinHeapDeltaBytes                        = 1048576                                   {product} {ergonomic}
   size_t MinHeapSize                              = 8388608                                   {product} {ergonomic}
    uintx NonNMethodCodeHeapSize                   = 5832780                                {pd product} {ergonomic}
    uintx NonProfiledCodeHeapSize                  = 122912730                              {pd product} {ergonomic}
    uintx ProfiledCodeHeapSize                     = 122912730                              {pd product} {ergonomic}
    uintx ReservedCodeCacheSize                    = 251658240                              {pd product} {ergonomic}
     bool SegmentedCodeCache                       = true                                      {product} {ergonomic}
     bool ShowCodeDetailsInExceptionMessages       = true                                   {manageable} {command line}
   size_t SoftMaxHeapSize                          = 1052770304                             {manageable} {ergonomic}
     bool UseCompressedClassPointers               = true                           {product lp64_product} {ergonomic}
     bool UseCompressedOops                        = true                           {product lp64_product} {ergonomic}
     bool UseG1GC                                  = true                                      {product} {ergonomic}
     bool UseLargePagesIndividualAllocation        = false                                  {pd product} {ergonomic}

Logging:
Log output configuration:
 #0: stdout all=warning uptime,level,tags
 #1: stderr all=off uptime,level,tags

Environment Variables:
PATH=C:/Users/anamendra.y(2420)/.p2/pool/plugins/org.eclipse.justj.openjdk.hotspot.jre.full.win32.x86_64_17.0.1.v20211116-1657/jre/bin/server;C:/Users/anamendra.y(2420)/.p2/pool/plugins/org.eclipse.justj.openjdk.hotspot.jre.full.win32.x86_64_17.0.1.v20211116-1657/jre/bin;"C:\Program Files\nodejs\node_modules\npm\bin;C:\Users\anamendra.y(2420)\Downloads\chromedriver_win32;";C:\Python310\;C:\Program Files (x86)\Common Files\Oracle\Java\javapath;C:\Program Files (x86)\Intel\iCLS Client\;C:\Users\anamendra.y(2420)\Downloads\apache-ant-1.10.12\apache-ant-1.10.12\bin;C:\Program Files\Intel\iCLS Client\;C:\WINDOWS\system32;C:\WINDOWS;C:\WINDOWS\System32\Wbem;C:\WINDOWS\System32\WindowsPowerShell\v1.0\;C:\Program Files\Intel\Intel(R) Management Engine Components\DAL;C:\Program Files\Intel\Intel(R) Management Engine Components\IPT;C:\Program Files (x86)\Intel\Intel(R) Management Engine Components\DAL;C:\Program Files (x86)\Intel\Intel(R) Management Engine Components\IPT;C:\WINDOWS\System32\OpenSSH\;D:\Softwares\apache-jmeter-5.2.1\apache-jmeter-5.2.1\bin;D:\apache-ant-1.9.9\bin;C:\Program Files\Git\cmd;C:\Program Files\nodejs\;C:\Program Files (x86)\dotnet\;C:\ProgramData\chocolatey\bin;C:\Program Files\Microsoft VS Code\bin;C:\apache-maven-3.8.4\bin;C:\Program Files\dotnet\;C:\Users\anamendra.y(2420)\AppData\Local\Microsoft\WindowsApps;C:\Users\anamendra.y(2420)\AppData\Roaming\npm;C:\Users\anamendra.y(2420)\.dotnet\tools;C:\Users\anamendra.y(2420)\Desktop;
USERNAME=anamendra.y(2420)
OS=Windows_NT
PROCESSOR_IDENTIFIER=Intel64 Family 6 Model 60 Stepping 3, GenuineIntel



---------------  S Y S T E M  ---------------

OS:
 Windows 10 , 64 bit Build 19041 (10.0.19041.1348)
OS uptime: 0 days 3:35 hours

CPU: total 4 (initial active 4) (4 cores per cpu, 1 threads per core) family 6 model 60 stepping 3 microcode 0x27, cx8, cmov, fxsr, mmx, sse, sse2, sse3, ssse3, sse4.1, sse4.2, popcnt, lzcnt, tsc, tscinvbit, avx, avx2, aes, erms, clmul, bmi1, bmi2, fma, vzeroupper, clflush

Memory: 4k page, system-wide physical 4013M (16M free)
TotalPageFile size 10526M (AvailPageFile size 29M)
current process WorkingSet (physical memory assigned to process): 55M, peak: 238M
current process commit charge ("private bytes"): 350M, peak: 457M

vm_info: OpenJDK 64-Bit Server VM (17.0.1+12) for windows-amd64 JRE (17.0.1+12), built on Oct 20 2021 07:42:55 by "" with MS VC++ 16.7 (VS2019)

END.
