#
# There is insufficient memory for the Java Runtime Environment to continue.
# Native memory allocation (mmap) failed to map 16777216 bytes for G1 virtual space
# Possible reasons:
#   The system is out of physical RAM or swap space
#   The process is running with CompressedOops enabled, and the Java Heap may be blocking the growth of the native heap
# Possible solutions:
#   Reduce memory load on the system
#   Increase physical memory or swap space
#   Check if swap backing store is full
#   Decrease Java heap size (-Xmx/-Xms)
#   Decrease number of Java threads
#   Decrease Java thread stack sizes (-Xss)
#   Set larger code cache with -XX:ReservedCodeCacheSize=
#   JVM is running with Unscaled Compressed Oops mode in which the Java heap is
#     placed in the first 4GB address space. The Java Heap base address is the
#     maximum limit for the native heap growth. Please use -XX:HeapBaseMinAddress
#     to set the Java Heap base and to place the Java Heap above 4GB virtual address.
# This output file may be truncated or incomplete.
#
#  Out of Memory Error (os_windows.cpp:3469), pid=18188, tid=18200
#
# JRE version: OpenJDK Runtime Environment Temurin-17.0.1+12 (17.0.1+12) (build 17.0.1+12)
# Java VM: OpenJDK 64-Bit Server VM Temurin-17.0.1+12 (17.0.1+12, mixed mode, tiered, compressed oops, compressed class ptrs, g1 gc, windows-amd64)
# No core dump will be written. Minidumps are not enabled by default on client versions of Windows
#

---------------  S U M M A R Y ------------

Command Line: -ea -Dfile.encoding=Cp1252 -XX:+ShowCodeDetailsInExceptionMessages org.testng.remote.RemoteTestNG -serport 55253 -protocol json -d C:\Users\anamendra.y(2420)\eclipse-workspace\automateDemo\test-output C:\Users\ANAMEN~1.Y(2\AppData\Local\Temp\testng-eclipse-1772767707\testng-customsuite.xml

Host: Intel(R) Core(TM) i5-4590T CPU @ 2.00GHz, 4 cores, 3G,  Windows 10 , 64 bit Build 19041 (10.0.19041.1348)
Time: Thu Mar 10 17:23:44 2022 India Standard Time elapsed time: 92.558194 seconds (0d 0h 1m 32s)

---------------  T H R E A D  ---------------

Current thread (0x00000217f6add450):  VMThread "VM Thread" [stack: 0x0000003378200000,0x0000003378300000] [id=18200]

Stack: [0x0000003378200000,0x0000003378300000]
Native frames: (J=compiled Java code, j=interpreted, Vv=VM code, C=native code)
V  [jvm.dll+0x6744da]
V  [jvm.dll+0x82e144]
V  [jvm.dll+0x82f8ee]
V  [jvm.dll+0x82ff53]
V  [jvm.dll+0x245175]
V  [jvm.dll+0x6714c9]
V  [jvm.dll+0x665f92]
V  [jvm.dll+0x303c3b]
V  [jvm.dll+0x30b176]
V  [jvm.dll+0x35af1e]
V  [jvm.dll+0x35b14f]
V  [jvm.dll+0x2dab78]
V  [jvm.dll+0x2ddc06]
V  [jvm.dll+0x2e82b8]
V  [jvm.dll+0x31c460]
V  [jvm.dll+0x8343bb]
V  [jvm.dll+0x8350f4]
V  [jvm.dll+0x83560c]
V  [jvm.dll+0x8359e4]
V  [jvm.dll+0x835ab0]
V  [jvm.dll+0x7de51a]
V  [jvm.dll+0x673305]
C  [ucrtbase.dll+0x21bb2]
C  [KERNEL32.DLL+0x17034]
C  [ntdll.dll+0x52651]

VM_Operation (0x0000003377eff7f0): G1Concurrent, mode: safepoint, requested by thread 0x00000217f6a551e0


---------------  P R O C E S S  ---------------

Threads class SMR info:
_java_thread_list=0x0000021791f19d70, length=23, elements={
0x00000217f69ec7f0, 0x00000217fea053e0, 0x00000217fea06660, 0x00000217fe9d9530,
0x00000217fea1c0f0, 0x00000217fea1caa0, 0x00000217fea1e460, 0x00000217fea4a340,
0x00000217fea787a0, 0x00000217fea7d2a0, 0x00000217ff541a10, 0x00000217ff5575a0,
0x00000217ff7139c0, 0x00000217ff73d5e0, 0x00000217ffbb2020, 0x0000021791cdf920,
0x00000217ffd0a240, 0x0000021792301030, 0x0000021792301500, 0x00000217ffb327b0,
0x00000217ffb30fa0, 0x00000217ffb30600, 0x00000217ffb2fc60
}

Java Threads: ( => current thread )
  0x00000217f69ec7f0 JavaThread "Forwarding newSession on session null to remote" [_thread_blocked, id=14580, stack(0x0000003377c00000,0x0000003377d00000)]
  0x00000217fea053e0 JavaThread "Reference Handler" daemon [_thread_blocked, id=1120, stack(0x0000003378300000,0x0000003378400000)]
  0x00000217fea06660 JavaThread "Finalizer" daemon [_thread_blocked, id=15464, stack(0x0000003378400000,0x0000003378500000)]
  0x00000217fe9d9530 JavaThread "Signal Dispatcher" daemon [_thread_blocked, id=18308, stack(0x0000003378500000,0x0000003378600000)]
  0x00000217fea1c0f0 JavaThread "Attach Listener" daemon [_thread_blocked, id=13596, stack(0x0000003378600000,0x0000003378700000)]
  0x00000217fea1caa0 JavaThread "Service Thread" daemon [_thread_blocked, id=17324, stack(0x0000003378700000,0x0000003378800000)]
  0x00000217fea1e460 JavaThread "Monitor Deflation Thread" daemon [_thread_blocked, id=408, stack(0x0000003378800000,0x0000003378900000)]
  0x00000217fea4a340 JavaThread "C2 CompilerThread0" daemon [_thread_in_native, id=7552, stack(0x0000003378900000,0x0000003378a00000)]
  0x00000217fea787a0 JavaThread "C1 CompilerThread0" daemon [_thread_blocked, id=9524, stack(0x0000003378a00000,0x0000003378b00000)]
  0x00000217fea7d2a0 JavaThread "Sweeper thread" daemon [_thread_blocked, id=8120, stack(0x0000003378b00000,0x0000003378c00000)]
  0x00000217ff541a10 JavaThread "Notification Thread" daemon [_thread_blocked, id=12896, stack(0x0000003378c00000,0x0000003378d00000)]
  0x00000217ff5575a0 JavaThread "Common-Cleaner" daemon [_thread_blocked, id=15756, stack(0x0000003378e00000,0x0000003378f00000)]
  0x00000217ff7139c0 JavaThread "ReaderThread" [_thread_in_native, id=16332, stack(0x0000003379000000,0x0000003379100000)]
  0x00000217ff73d5e0 JavaThread "ForkJoinPool.commonPool-worker-1" daemon [_thread_blocked, id=14488, stack(0x0000003379400000,0x0000003379500000)]
  0x00000217ffbb2020 JavaThread "ForkJoinPool.commonPool-worker-2" daemon [_thread_blocked, id=10500, stack(0x0000003379500000,0x0000003379600000)]
  0x0000021791cdf920 JavaThread "AsyncHttpClient-1-1" daemon [_thread_blocked, id=10360, stack(0x0000003379700000,0x0000003379800000)]
  0x00000217ffd0a240 JavaThread "Exec Default Executor" daemon [_thread_in_native, id=15124, stack(0x0000003379a00000,0x0000003379b00000)]
  0x0000021792301030 JavaThread "Driver Service Executor" daemon [_thread_blocked, id=15876, stack(0x0000003379b00000,0x0000003379c00000)]
  0x0000021792301500 JavaThread "Driver Service Executor" daemon [_thread_blocked, id=1516, stack(0x0000003379c00000,0x0000003379d00000)]
  0x00000217ffb327b0 JavaThread "UrlChecker-2" daemon [_thread_blocked, id=9208, stack(0x0000003379d00000,0x0000003379e00000)]
  0x00000217ffb30fa0 JavaThread "Exec Stream Pumper" daemon [_thread_in_native, id=16428, stack(0x0000003379e00000,0x0000003379f00000)]
  0x00000217ffb30600 JavaThread "Exec Stream Pumper" daemon [_thread_in_native, id=8956, stack(0x0000003379f00000,0x000000337a000000)]
  0x00000217ffb2fc60 JavaThread "AsyncHttpClient-1-2" daemon [_thread_in_native, id=17600, stack(0x000000337a000000,0x000000337a100000)]

Other Threads:
=>0x00000217f6add450 VMThread "VM Thread" [stack: 0x0000003378200000,0x0000003378300000] [id=18200]
  0x00000217ff4de9d0 WatcherThread [stack: 0x0000003378d00000,0x0000003378e00000] [id=12832]
  0x00000217f6a4b510 GCTaskThread "GC Thread#0" [stack: 0x0000003377d00000,0x0000003377e00000] [id=16884]
  0x00000217ff7c0bf0 GCTaskThread "GC Thread#1" [stack: 0x0000003379100000,0x0000003379200000] [id=18168]
  0x00000217ffedd370 GCTaskThread "GC Thread#2" [stack: 0x0000003379200000,0x0000003379300000] [id=10848]
  0x00000217ff7c2eb0 GCTaskThread "GC Thread#3" [stack: 0x0000003379300000,0x0000003379400000] [id=980]
  0x00000217f6a551e0 ConcurrentGCThread "G1 Main Marker" [stack: 0x0000003377e00000,0x0000003377f00000] [id=1032]
  0x00000217f6a55bf0 ConcurrentGCThread "G1 Conc#0" [stack: 0x0000003377f00000,0x0000003378000000] [id=540]
  0x00000217f6aa5df0 ConcurrentGCThread "G1 Refine#0" [stack: 0x0000003378000000,0x0000003378100000] [id=15920]
  0x00000217f6aa6810 ConcurrentGCThread "G1 Service" [stack: 0x0000003378100000,0x0000003378200000] [id=13256]

Threads with active compile tasks:
C2 CompilerThread0    92612 2145       4       java.lang.invoke.MethodType::makeImpl (109 bytes)

VM state: at safepoint (normal execution)

VM Mutex/Monitor currently owned by a thread:  ([mutex/lock_event])
[0x00000217f6a1f210] Threads_lock - owner thread: 0x00000217f6add450
[0x00000217f6a1f330] Heap_lock - owner thread: 0x00000217f6a551e0

Heap address: 0x00000000c1400000, size: 1004 MB, Compressed Oops mode: 32-bit

CDS archive(s) not mapped
Compressed class space mapped at: 0x0000000100000000-0x0000000140000000, reserved size: 1073741824
Narrow klass base: 0x0000000000000000, Narrow klass shift: 3, Narrow klass range: 0x140000000

GC Precious Log:
 CPUs: 4 total, 4 available
 Memory: 4013M
 Large Page Support: Disabled
 NUMA Support: Disabled
 Compressed Oops: Enabled (32-bit)
 Heap Region Size: 1M
 Heap Min Capacity: 8M
 Heap Initial Capacity: 64M
 Heap Max Capacity: 1004M
 Pre-touch: Disabled
 Parallel Workers: 4
 Concurrent Workers: 1
 Concurrent Refinement Workers: 4
 Periodic GC: Disabled

Heap:
 garbage-first heap   total 34816K, used 28119K [0x00000000c1400000, 0x0000000100000000)
  region size 1024K, 2 young (2048K), 1 survivors (1024K)
 Metaspace       used 31292K, committed 31488K, reserved 1081344K
  class space    used 3573K, committed 3648K, reserved 1048576K

Heap Regions: E=young(eden), S=young(survivor), O=old, HS=humongous(starts), HC=humongous(continues), CS=collection set, F=free, OA=open archive, CA=closed archive, TAMS=top-at-mark-start (previous, next)
|   0|0x00000000c1400000, 0x00000000c1500000, 0x00000000c1500000|100%| O|  |TAMS 0x00000000c1500000, 0x00000000c1400000| Untracked 
|   1|0x00000000c1500000, 0x00000000c1600000, 0x00000000c1600000|100%| O|  |TAMS 0x00000000c1600000, 0x00000000c1500000| Untracked 
|   2|0x00000000c1600000, 0x00000000c1700000, 0x00000000c1700000|100%| O|  |TAMS 0x00000000c1700000, 0x00000000c1600000| Updating 
|   3|0x00000000c1700000, 0x00000000c1800000, 0x00000000c1800000|100%| O|  |TAMS 0x00000000c1800000, 0x00000000c1700000| Untracked 
|   4|0x00000000c1800000, 0x00000000c1900000, 0x00000000c1900000|100%| O|  |TAMS 0x00000000c1900000, 0x00000000c1800000| Untracked 
|   5|0x00000000c1900000, 0x00000000c1a00000, 0x00000000c1a00000|100%| O|  |TAMS 0x00000000c1a00000, 0x00000000c1900000| Untracked 
|   6|0x00000000c1a00000, 0x00000000c1a0aa00, 0x00000000c1b00000|  4%| O|  |TAMS 0x00000000c1a0aa00, 0x00000000c1a00000| Updating 
|   7|0x00000000c1b00000, 0x00000000c1c00000, 0x00000000c1c00000|100%| O|  |TAMS 0x00000000c1c00000, 0x00000000c1b00000| Untracked 
|   8|0x00000000c1c00000, 0x00000000c1d00000, 0x00000000c1d00000|100%| O|  |TAMS 0x00000000c1d00000, 0x00000000c1c00000| Untracked 
|   9|0x00000000c1d00000, 0x00000000c1e00000, 0x00000000c1e00000|100%| O|  |TAMS 0x00000000c1e00000, 0x00000000c1d00000| Untracked 
|  10|0x00000000c1e00000, 0x00000000c1ea0800, 0x00000000c1f00000| 62%| O|  |TAMS 0x00000000c1e1b000, 0x00000000c1e00000| Updating 
|  11|0x00000000c1f00000, 0x00000000c2000000, 0x00000000c2000000|100%|HS|  |TAMS 0x00000000c2000000, 0x00000000c1f00000| Complete 
|  12|0x00000000c2000000, 0x00000000c2100000, 0x00000000c2100000|100%|HC|  |TAMS 0x00000000c2100000, 0x00000000c2000000| Complete 
|  13|0x00000000c2100000, 0x00000000c2200000, 0x00000000c2200000|100%|HC|  |TAMS 0x00000000c2200000, 0x00000000c2100000| Complete 
|  14|0x00000000c2200000, 0x00000000c2300000, 0x00000000c2300000|100%|HC|  |TAMS 0x00000000c2300000, 0x00000000c2200000| Complete 
|  15|0x00000000c2300000, 0x00000000c2400000, 0x00000000c2400000|100%|HC|  |TAMS 0x00000000c2400000, 0x00000000c2300000| Complete 
|  16|0x00000000c2400000, 0x00000000c2500000, 0x00000000c2500000|100%|HC|  |TAMS 0x00000000c2500000, 0x00000000c2400000| Complete 
|  17|0x00000000c2500000, 0x00000000c2600000, 0x00000000c2600000|100%|HC|  |TAMS 0x00000000c2600000, 0x00000000c2500000| Complete 
|  18|0x00000000c2600000, 0x00000000c2700000, 0x00000000c2700000|100%|HC|  |TAMS 0x00000000c2700000, 0x00000000c2600000| Complete 
|  19|0x00000000c2700000, 0x00000000c2800000, 0x00000000c2800000|100%|HC|  |TAMS 0x00000000c2800000, 0x00000000c2700000| Complete 
|  20|0x00000000c2800000, 0x00000000c2900000, 0x00000000c2900000|100%|HC|  |TAMS 0x00000000c2900000, 0x00000000c2800000| Complete 
|  21|0x00000000c2900000, 0x00000000c2a00000, 0x00000000c2a00000|100%|HC|  |TAMS 0x00000000c2a00000, 0x00000000c2900000| Complete 
|  22|0x00000000c2a00000, 0x00000000c2b00000, 0x00000000c2b00000|100%|HC|  |TAMS 0x00000000c2b00000, 0x00000000c2a00000| Complete 
|  23|0x00000000c2b00000, 0x00000000c2c00000, 0x00000000c2c00000|100%|HC|  |TAMS 0x00000000c2c00000, 0x00000000c2b00000| Complete 
|  24|0x00000000c2c00000, 0x00000000c2d00000, 0x00000000c2d00000|100%|HC|  |TAMS 0x00000000c2d00000, 0x00000000c2c00000| Complete 
|  25|0x00000000c2d00000, 0x00000000c2e00000, 0x00000000c2e00000|100%|HC|  |TAMS 0x00000000c2e00000, 0x00000000c2d00000| Complete 
|  26|0x00000000c2e00000, 0x00000000c2f00000, 0x00000000c2f00000|100%|HC|  |TAMS 0x00000000c2f00000, 0x00000000c2e00000| Complete 
|  27|0x00000000c2f00000, 0x00000000c3000000, 0x00000000c3000000|100%|HC|  |TAMS 0x00000000c3000000, 0x00000000c2f00000| Complete 
|  28|0x00000000c3000000, 0x00000000c3000000, 0x00000000c3100000|  0%| F|  |TAMS 0x00000000c3000000, 0x00000000c3000000| Untracked 
|  29|0x00000000c3100000, 0x00000000c3100000, 0x00000000c3200000|  0%| F|  |TAMS 0x00000000c3100000, 0x00000000c3100000| Untracked 
|  30|0x00000000c3200000, 0x00000000c3200000, 0x00000000c3300000|  0%| F|  |TAMS 0x00000000c3200000, 0x00000000c3200000| Untracked 
|  50|0x00000000c4600000, 0x00000000c4600000, 0x00000000c4700000|  0%| F|  |TAMS 0x00000000c4600000, 0x00000000c4600000| Untracked 
|  51|0x00000000c4700000, 0x00000000c47cada0, 0x00000000c4800000| 79%| S|CS|TAMS 0x00000000c4700000, 0x00000000c4700000| Complete 
|  63|0x00000000c5300000, 0x00000000c532f728, 0x00000000c5400000| 18%| E|  |TAMS 0x00000000c5300000, 0x00000000c5300000| Complete 

Card table byte_map: [0x00000217fc0e0000,0x00000217fc2e0000] _byte_map_base: 0x00000217fbad6000

Marking Bits (Prev, Next): (CMBitMap*) 0x00000217f6a4cb30, (CMBitMap*) 0x00000217f6a4cb70
 Prev Bits: [0x00000217fc4e0000, 0x00000217fd490000)
 Next Bits: [0x00000217fd490000, 0x00000217fe440000)

Polling page: 0x00000217f6870000

Metaspace:

Usage:
  Non-class:     27.07 MB used.
      Class:      3.49 MB used.
       Both:     30.56 MB used.

Virtual space:
  Non-class space:       32.00 MB reserved,      27.19 MB ( 85%) committed,  4 nodes.
      Class space:        1.00 GB reserved,       3.56 MB ( <1%) committed,  1 nodes.
             Both:        1.03 GB reserved,      30.75 MB (  3%) committed. 

Chunk freelists:
   Non-Class:  3.97 MB
       Class:  387.00 KB
        Both:  4.35 MB

MaxMetaspaceSize: unlimited
CompressedClassSpaceSize: 1.00 GB
Initial GC threshold: 21.00 MB
Current GC threshold: 35.12 MB
CDS: off
MetaspaceReclaimPolicy: balanced
 - commit_granule_bytes: 65536.
 - commit_granule_words: 8192.
 - virtual_space_node_default_size: 1048576.
 - enlarge_chunks_in_place: 1.
 - new_chunks_are_fully_committed: 0.
 - uncommit_free_chunks: 1.
 - use_allocation_guard: 0.
 - handle_deallocations: 1.


Internal statistics:

num_allocs_failed_limit: 3.
num_arena_births: 206.
num_arena_deaths: 0.
num_vsnodes_births: 5.
num_vsnodes_deaths: 0.
num_space_committed: 492.
num_space_uncommitted: 0.
num_chunks_returned_to_freelist: 3.
num_chunks_taken_from_freelist: 785.
num_chunk_merges: 0.
num_chunk_splits: 522.
num_chunks_enlarged: 416.
num_purges: 0.
num_inconsistent_stats: 0.

CodeHeap 'non-profiled nmethods': size=120000Kb used=800Kb max_used=800Kb free=119199Kb
 bounds [0x0000021787ad0000, 0x0000021787d40000, 0x000002178f000000]
CodeHeap 'profiled nmethods': size=120000Kb used=4326Kb max_used=4326Kb free=115673Kb
 bounds [0x00000217805a0000, 0x00000217809e0000, 0x0000021787ad0000]
CodeHeap 'non-nmethods': size=5760Kb used=1281Kb max_used=1295Kb free=4478Kb
 bounds [0x0000021780000000, 0x0000021780270000, 0x00000217805a0000]
 total_blobs=2757 nmethods=2163 adapters=506
 compilation: enabled
              stopped_count=0, restarted_count=0
 full_count=0

Compilation events (20 events):
Event: 92.454 Thread 0x00000217fea787a0 2171       3       com.google.common.collect.ImmutableList$Builder::add (6 bytes)
Event: 92.454 Thread 0x00000217fea787a0 nmethod 2171 0x00000217809d3c10 code [0x00000217809d3da0, 0x00000217809d3ee8]
Event: 92.454 Thread 0x00000217fea787a0 2172       3       java.lang.String::subSequence (7 bytes)
Event: 92.455 Thread 0x00000217fea787a0 nmethod 2172 0x00000217809d3f90 code [0x00000217809d4120, 0x00000217809d4268]
Event: 92.456 Thread 0x00000217fea787a0 2173       3       com.google.common.base.Splitter$1$1::separatorEnd (4 bytes)
Event: 92.456 Thread 0x00000217fea787a0 nmethod 2173 0x00000217809d4310 code [0x00000217809d44a0, 0x00000217809d45b8]
Event: 92.456 Thread 0x00000217fea787a0 2174       3       com.google.common.base.AbstractIterator::next (37 bytes)
Event: 92.457 Thread 0x00000217fea787a0 nmethod 2174 0x00000217809d4690 code [0x00000217809d4860, 0x00000217809d4bb8]
Event: 92.457 Thread 0x00000217fea787a0 2175       3       com.google.common.base.NullnessCasts::uncheckedCastNullableTToT (2 bytes)
Event: 92.457 Thread 0x00000217fea787a0 nmethod 2175 0x00000217809d4d10 code [0x00000217809d4ea0, 0x00000217809d4f98]
Event: 92.457 Thread 0x00000217fea787a0 2176       3       com.google.common.collect.ImmutableList$Builder::getReadyToExpandTo (66 bytes)
Event: 92.460 Thread 0x00000217fea787a0 nmethod 2176 0x00000217809d5010 code [0x00000217809d5200, 0x00000217809d5648]
Event: 92.476 Thread 0x00000217fea787a0 2177       3       java.io.WinNTFileSystem::normalizePrefix (132 bytes)
Event: 92.480 Thread 0x00000217fea787a0 nmethod 2177 0x00000217809d5810 code [0x00000217809d5c40, 0x00000217809d7cc8]
Event: 92.480 Thread 0x00000217fea787a0 2178       3       java.lang.Math::multiplyExact (74 bytes)
Event: 92.480 Thread 0x00000217fea787a0 nmethod 2178 0x00000217809d8910 code [0x00000217809d8ae0, 0x00000217809d9008]
Event: 92.492 Thread 0x00000217fea787a0 2179       3       java.io.BufferedReader::readLine (7 bytes)
Event: 92.492 Thread 0x00000217fea787a0 nmethod 2179 0x00000217809d9190 code [0x00000217809d9340, 0x00000217809d94a8]
Event: 92.493 Thread 0x00000217fea787a0 2180       3       java.nio.ByteBuffer::hasArray (20 bytes)
Event: 92.493 Thread 0x00000217fea787a0 nmethod 2180 0x00000217809d9590 code [0x00000217809d9720, 0x00000217809d98d8]

GC Heap History (16 events):
Event: 18.746 GC heap before
{Heap before GC invocations=0 (full 0):
 garbage-first heap   total 65536K, used 13312K [0x00000000c1400000, 0x0000000100000000)
  region size 1024K, 13 young (13312K), 0 survivors (0K)
 Metaspace       used 11875K, committed 11968K, reserved 1064960K
  class space    used 1120K, committed 1152K, reserved 1048576K
}
Event: 18.818 GC heap after
{Heap after GC invocations=1 (full 0):
 garbage-first heap   total 65536K, used 4605K [0x00000000c1400000, 0x0000000100000000)
  region size 1024K, 2 young (2048K), 2 survivors (2048K)
 Metaspace       used 11875K, committed 11968K, reserved 1064960K
  class space    used 1120K, committed 1152K, reserved 1048576K
}
Event: 29.738 GC heap before
{Heap before GC invocations=1 (full 0):
 garbage-first heap   total 65536K, used 17917K [0x00000000c1400000, 0x0000000100000000)
  region size 1024K, 15 young (15360K), 2 survivors (2048K)
 Metaspace       used 17300K, committed 17536K, reserved 1064960K
  class space    used 1756K, committed 1856K, reserved 1048576K
}
Event: 29.745 GC heap after
{Heap after GC invocations=2 (full 0):
 garbage-first heap   total 65536K, used 6179K [0x00000000c1400000, 0x0000000100000000)
  region size 1024K, 2 young (2048K), 2 survivors (2048K)
 Metaspace       used 17300K, committed 17536K, reserved 1064960K
  class space    used 1756K, committed 1856K, reserved 1048576K
}
Event: 37.334 GC heap before
{Heap before GC invocations=2 (full 0):
 garbage-first heap   total 65536K, used 17443K [0x00000000c1400000, 0x0000000100000000)
  region size 1024K, 14 young (14336K), 2 survivors (2048K)
 Metaspace       used 21267K, committed 21504K, reserved 1073152K
  class space    used 2268K, committed 2432K, reserved 1048576K
}
Event: 37.358 GC heap after
{Heap after GC invocations=3 (full 0):
 garbage-first heap   total 65536K, used 7389K [0x00000000c1400000, 0x0000000100000000)
  region size 1024K, 2 young (2048K), 2 survivors (2048K)
 Metaspace       used 21267K, committed 21504K, reserved 1073152K
  class space    used 2268K, committed 2432K, reserved 1048576K
}
Event: 49.038 GC heap before
{Heap before GC invocations=4 (full 0):
 garbage-first heap   total 34816K, used 22749K [0x00000000c1400000, 0x0000000100000000)
  region size 1024K, 19 young (19456K), 2 survivors (2048K)
 Metaspace       used 26358K, committed 26624K, reserved 1073152K
  class space    used 2898K, committed 3008K, reserved 1048576K
}
Event: 49.045 GC heap after
{Heap after GC invocations=5 (full 0):
 garbage-first heap   total 34816K, used 9398K [0x00000000c1400000, 0x0000000100000000)
  region size 1024K, 3 young (3072K), 3 survivors (3072K)
 Metaspace       used 26358K, committed 26624K, reserved 1073152K
  class space    used 2898K, committed 3008K, reserved 1048576K
}
Event: 61.620 GC heap before
{Heap before GC invocations=5 (full 0):
 garbage-first heap   total 34816K, used 20662K [0x00000000c1400000, 0x0000000100000000)
  region size 1024K, 14 young (14336K), 3 survivors (3072K)
 Metaspace       used 29291K, committed 29632K, reserved 1081344K
  class space    used 3287K, committed 3456K, reserved 1048576K
}
Event: 61.628 GC heap after
{Heap after GC invocations=6 (full 0):
 garbage-first heap   total 34816K, used 10218K [0x00000000c1400000, 0x0000000100000000)
  region size 1024K, 1 young (1024K), 1 survivors (1024K)
 Metaspace       used 29291K, committed 29632K, reserved 1081344K
  class space    used 3287K, committed 3456K, reserved 1048576K
}
Event: 63.065 GC heap before
{Heap before GC invocations=6 (full 0):
 garbage-first heap   total 34816K, used 11242K [0x00000000c1400000, 0x0000000100000000)
  region size 1024K, 4 young (4096K), 1 survivors (1024K)
 Metaspace       used 29934K, committed 30208K, reserved 1081344K
  class space    used 3394K, committed 3520K, reserved 1048576K
}
Event: 63.067 GC heap after
{Heap after GC invocations=7 (full 0):
 garbage-first heap   total 34816K, used 10252K [0x00000000c1400000, 0x0000000100000000)
  region size 1024K, 1 young (1024K), 1 survivors (1024K)
 Metaspace       used 29934K, committed 30208K, reserved 1081344K
  class space    used 3394K, committed 3520K, reserved 1048576K
}
Event: 92.314 GC heap before
{Heap before GC invocations=7 (full 0):
 garbage-first heap   total 34816K, used 29708K [0x00000000c1400000, 0x0000000100000000)
  region size 1024K, 4 young (4096K), 1 survivors (1024K)
 Metaspace       used 30733K, committed 30976K, reserved 1081344K
  class space    used 3519K, committed 3648K, reserved 1048576K
}
Event: 92.317 GC heap after
{Heap after GC invocations=8 (full 0):
 garbage-first heap   total 34816K, used 27785K [0x00000000c1400000, 0x0000000100000000)
  region size 1024K, 1 young (1024K), 1 survivors (1024K)
 Metaspace       used 30733K, committed 30976K, reserved 1081344K
  class space    used 3519K, committed 3648K, reserved 1048576K
}
Event: 92.457 GC heap before
{Heap before GC invocations=8 (full 0):
 garbage-first heap   total 34816K, used 28809K [0x00000000c1400000, 0x0000000100000000)
  region size 1024K, 2 young (2048K), 1 survivors (1024K)
 Metaspace       used 31287K, committed 31488K, reserved 1081344K
  class space    used 3572K, committed 3648K, reserved 1048576K
}
Event: 92.459 GC heap after
{Heap after GC invocations=9 (full 0):
 garbage-first heap   total 34816K, used 28119K [0x00000000c1400000, 0x0000000100000000)
  region size 1024K, 1 young (1024K), 1 survivors (1024K)
 Metaspace       used 31287K, committed 31488K, reserved 1081344K
  class space    used 3572K, committed 3648K, reserved 1048576K
}

Deoptimization events (20 events):
Event: 48.650 Thread 0x00000217f69ec7f0 Uncommon trap: trap_request=0xffffff45 fr.pc=0x0000021787b3e3a0 relative=0x0000000000000580
Event: 48.650 Thread 0x00000217f69ec7f0 Uncommon trap: reason=unstable_if action=reinterpret pc=0x0000021787b3e3a0 method=java.lang.String.replace(CC)Ljava/lang/String; @ 2 c2
Event: 48.650 Thread 0x00000217f69ec7f0 DEOPT PACKING pc=0x0000021787b3e3a0 sp=0x0000003377cfd680
Event: 48.650 Thread 0x00000217f69ec7f0 DEOPT UNPACKING pc=0x00000217800523a3 sp=0x0000003377cfd630 mode 2
Event: 49.262 Thread 0x00000217ffb327b0 Uncommon trap: trap_request=0xffffff45 fr.pc=0x0000021787b5a5f8 relative=0x00000000000000d8
Event: 49.262 Thread 0x00000217ffb327b0 Uncommon trap: reason=unstable_if action=reinterpret pc=0x0000021787b5a5f8 method=java.lang.CharacterDataLatin1.digit(II)I @ 12 c2
Event: 49.262 Thread 0x00000217ffb327b0 DEOPT PACKING pc=0x0000021787b5a5f8 sp=0x0000003379dfe990
Event: 49.262 Thread 0x00000217ffb327b0 DEOPT UNPACKING pc=0x00000217800523a3 sp=0x0000003379dfe848 mode 2
Event: 49.360 Thread 0x00000217ffb327b0 Uncommon trap: trap_request=0xffffff45 fr.pc=0x0000021787b5a248 relative=0x00000000000000a8
Event: 49.360 Thread 0x00000217ffb327b0 Uncommon trap: reason=unstable_if action=reinterpret pc=0x0000021787b5a248 method=java.lang.CharacterDataLatin1.digit(II)I @ 12 c2
Event: 49.360 Thread 0x00000217ffb327b0 DEOPT PACKING pc=0x0000021787b5a248 sp=0x0000003379dfe8e0
Event: 49.361 Thread 0x00000217ffb327b0 DEOPT UNPACKING pc=0x00000217800523a3 sp=0x0000003379dfe858 mode 2
Event: 55.965 Thread 0x00000217f69ec7f0 Uncommon trap: trap_request=0xffffff45 fr.pc=0x0000021787b7ee04 relative=0x0000000000000084
Event: 55.965 Thread 0x00000217f69ec7f0 Uncommon trap: reason=unstable_if action=reinterpret pc=0x0000021787b7ee04 method=java.lang.CharacterDataLatin1.isWhitespace(I)Z @ 14 c2
Event: 55.965 Thread 0x00000217f69ec7f0 DEOPT PACKING pc=0x0000021787b7ee04 sp=0x0000003377cfd500
Event: 55.965 Thread 0x00000217f69ec7f0 DEOPT UNPACKING pc=0x00000217800523a3 sp=0x0000003377cfd470 mode 2
Event: 92.456 Thread 0x00000217f69ec7f0 Uncommon trap: trap_request=0xffffff45 fr.pc=0x0000021787b77c00 relative=0x0000000000000f80
Event: 92.456 Thread 0x00000217f69ec7f0 Uncommon trap: reason=unstable_if action=reinterpret pc=0x0000021787b77c00 method=java.util.concurrent.ConcurrentHashMap.putVal(Ljava/lang/Object;Ljava/lang/Object;Z)Ljava/lang/Object; @ 231 c2
Event: 92.456 Thread 0x00000217f69ec7f0 DEOPT PACKING pc=0x0000021787b77c00 sp=0x0000003377cfd650
Event: 92.456 Thread 0x00000217f69ec7f0 DEOPT UNPACKING pc=0x00000217800523a3 sp=0x0000003377cfd5c0 mode 2

Classes unloaded (0 events):
No events

Classes redefined (0 events):
No events

Internal exceptions (20 events):
Event: 52.232 Thread 0x00000217ffb327b0 Exception <a 'java/net/SocketException'{0x00000000c5375050}: Socket is not connected: shutdown> (0x00000000c5375050) 
thrown [e:\jenkins\tmp\workspace\build\src\src\hotspot\share\prims\jni.cpp, line 535]
Event: 52.714 Thread 0x00000217ffb327b0 Exception <a 'java/net/ConnectException'{0x00000000c5375fe8}: Connection refused: no further information> (0x00000000c5375fe8) 
thrown [e:\jenkins\tmp\workspace\build\src\src\hotspot\share\prims\jni.cpp, line 535]
Event: 52.714 Thread 0x00000217ffb327b0 Exception <a 'java/net/SocketException'{0x00000000c5376320}: Socket is not connected: shutdown> (0x00000000c5376320) 
thrown [e:\jenkins\tmp\workspace\build\src\src\hotspot\share\prims\jni.cpp, line 535]
Event: 53.249 Thread 0x00000217ffb327b0 Exception <a 'java/net/ConnectException'{0x00000000c53772b8}: Connection refused: no further information> (0x00000000c53772b8) 
thrown [e:\jenkins\tmp\workspace\build\src\src\hotspot\share\prims\jni.cpp, line 535]
Event: 53.249 Thread 0x00000217ffb327b0 Exception <a 'java/net/SocketException'{0x00000000c53775f0}: Socket is not connected: shutdown> (0x00000000c53775f0) 
thrown [e:\jenkins\tmp\workspace\build\src\src\hotspot\share\prims\jni.cpp, line 535]
Event: 53.749 Thread 0x00000217ffb327b0 Exception <a 'java/net/ConnectException'{0x00000000c5378588}: Connection refused: no further information> (0x00000000c5378588) 
thrown [e:\jenkins\tmp\workspace\build\src\src\hotspot\share\prims\jni.cpp, line 535]
Event: 53.750 Thread 0x00000217ffb327b0 Exception <a 'java/net/SocketException'{0x00000000c53788c0}: Socket is not connected: shutdown> (0x00000000c53788c0) 
thrown [e:\jenkins\tmp\workspace\build\src\src\hotspot\share\prims\jni.cpp, line 535]
Event: 54.225 Thread 0x00000217ffb327b0 Exception <a 'java/net/ConnectException'{0x00000000c5379858}: Connection refused: no further information> (0x00000000c5379858) 
thrown [e:\jenkins\tmp\workspace\build\src\src\hotspot\share\prims\jni.cpp, line 535]
Event: 54.226 Thread 0x00000217ffb327b0 Exception <a 'java/net/SocketException'{0x00000000c5379b90}: Socket is not connected: shutdown> (0x00000000c5379b90) 
thrown [e:\jenkins\tmp\workspace\build\src\src\hotspot\share\prims\jni.cpp, line 535]
Event: 54.930 Thread 0x00000217f69ec7f0 Exception <a 'java/lang/NoSuchMethodError'{0x00000000c4711960}: 'double java.lang.invoke.DirectMethodHandle$Holder.invokeVirtual(java.lang.Object, java.lang.Object)'> (0x00000000c4711960) 
thrown [e:\jenkins\tmp\workspace\build\src\src\hotspot\share\interpreter\linkResolver.cpp, line 766]
Event: 54.931 Thread 0x00000217f69ec7f0 Exception <a 'java/lang/NoSuchMethodError'{0x00000000c4718108}: 'float java.lang.invoke.DirectMethodHandle$Holder.invokeVirtual(java.lang.Object, java.lang.Object)'> (0x00000000c4718108) 
thrown [e:\jenkins\tmp\workspace\build\src\src\hotspot\share\interpreter\linkResolver.cpp, line 766]
Event: 54.933 Thread 0x00000217f69ec7f0 Exception <a 'java/lang/NoSuchMethodError'{0x00000000c47210e8}: 'long java.lang.invoke.DirectMethodHandle$Holder.invokeVirtual(java.lang.Object, java.lang.Object)'> (0x00000000c47210e8) 
thrown [e:\jenkins\tmp\workspace\build\src\src\hotspot\share\interpreter\linkResolver.cpp, line 766]
Event: 55.734 Thread 0x00000217f69ec7f0 Exception <a 'java/lang/NoSuchMethodError'{0x00000000c4672be0}: 'void java.lang.invoke.DirectMethodHandle$Holder.invokeSpecial(java.lang.Object, java.lang.Object, java.lang.Object, java.lang.Object, java.lang.Object)'> (0x00000000c4672be0) 
thrown [e:\jenkins\tmp\workspace\build\src\src\hotspot\share\interpreter\linkResolver.cpp, line 766]
Event: 55.750 Thread 0x00000217f69ec7f0 Exception <a 'java/lang/NoSuchMethodError'{0x00000000c4679ac0}: 'void java.lang.invoke.DirectMethodHandle$Holder.invokeStatic(java.lang.Object, java.lang.Object, int)'> (0x00000000c4679ac0) 
thrown [e:\jenkins\tmp\workspace\build\src\src\hotspot\share\interpreter\linkResolver.cpp, line 766]
Event: 56.200 Thread 0x00000217f69ec7f0 Exception <a 'java/lang/NoSuchMethodError'{0x00000000c3235900}: 'java.lang.Object java.lang.invoke.DirectMethodHandle$Holder.newInvokeSpecial(java.lang.Object, java.lang.Object, java.lang.Object, java.lang.Object, java.lang.Object)'> (0x00000000c3235900) 
thrown [e:\jenkins\tmp\workspace\build\src\src\hotspot\share\interpreter\linkResolver.cpp, line 766]
Event: 56.640 Thread 0x00000217f69ec7f0 Exception <a 'java/lang/NoSuchMethodError'{0x00000000c310b6f0}: 'int java.lang.invoke.DirectMethodHandle$Holder.invokeSpecialIFC(java.lang.Object, java.lang.Object, java.lang.Object)'> (0x00000000c310b6f0) 
thrown [e:\jenkins\tmp\workspace\build\src\src\hotspot\share\interpreter\linkResolver.cpp, line 766]
Event: 58.278 Thread 0x00000217f69ec7f0 Exception <a 'java/lang/NoSuchMethodError'{0x00000000c2e68168}: 'void java.lang.invoke.DirectMethodHandle$Holder.invokeSpecial(java.lang.Object, java.lang.Object, java.lang.Object, java.lang.Object, java.lang.Object, java.lang.Object)'> (0x00000000c2e68168) 
thrown [e:\jenkins\tmp\workspace\build\src\src\hotspot\share\interpreter\linkResolver.cpp, line 766]
Event: 92.276 Thread 0x00000217f69ec7f0 Exception <a 'java/lang/NoSuchMethodError'{0x00000000c46b29e0}: 'java.lang.Object java.lang.invoke.DirectMethodHandle$Holder.invokeSpecialIFC(java.lang.Object, java.lang.Object, java.lang.Object)'> (0x00000000c46b29e0) 
thrown [e:\jenkins\tmp\workspace\build\src\src\hotspot\share\interpreter\linkResolver.cpp, line 766]
Event: 92.283 Thread 0x00000217f69ec7f0 Exception <a 'java/lang/NoSuchMethodError'{0x00000000c46de538}: 'void java.lang.invoke.DirectMethodHandle$Holder.invokeSpecial(java.lang.Object, java.lang.Object, java.lang.Object)'> (0x00000000c46de538) 
thrown [e:\jenkins\tmp\workspace\build\src\src\hotspot\share\interpreter\linkResolver.cpp, line 766]
Event: 92.427 Thread 0x00000217f69ec7f0 Exception <a 'java/lang/ClassNotFoundException'{0x00000000c53877f8}: sun/util/logging/resources/spi/loggingProvider> (0x00000000c53877f8) 
thrown [e:\jenkins\tmp\workspace\build\src\src\hotspot\share\classfile\systemDictionary.cpp, line 256]

VM Operations (20 events):
Event: 59.230 Executing VM operation: Cleanup done
Event: 60.234 Executing VM operation: Cleanup
Event: 60.273 Executing VM operation: Cleanup done
Event: 61.280 Executing VM operation: Cleanup
Event: 61.280 Executing VM operation: Cleanup done
Event: 61.620 Executing VM operation: G1CollectForAllocation
Event: 61.628 Executing VM operation: G1CollectForAllocation done
Event: 63.065 Executing VM operation: G1TryInitiateConcMark
Event: 63.067 Executing VM operation: G1TryInitiateConcMark done
Event: 64.080 Executing VM operation: Cleanup
Event: 64.080 Executing VM operation: Cleanup done
Event: 77.205 Executing VM operation: Cleanup
Event: 77.205 Executing VM operation: Cleanup done
Event: 92.296 Executing VM operation: Cleanup
Event: 92.310 Executing VM operation: Cleanup done
Event: 92.314 Executing VM operation: G1CollectForAllocation
Event: 92.318 Executing VM operation: G1CollectForAllocation done
Event: 92.457 Executing VM operation: G1CollectForAllocation
Event: 92.460 Executing VM operation: G1CollectForAllocation done
Event: 92.514 Executing VM operation: G1Concurrent

Events (20 events):
Event: 92.427 loading class java/util/logging/Level$RbAccess
Event: 92.427 loading class java/util/logging/Level$RbAccess done
Event: 92.428 loading class sun/util/logging/resources/logging
Event: 92.428 loading class sun/util/logging/resources/logging done
Event: 92.429 loading class sun/util/logging/resources/logging_en
Event: 92.429 loading class sun/util/logging/resources/logging_en done
Event: 92.429 loading class sun/util/logging/resources/logging_en
Event: 92.429 loading class sun/util/logging/resources/logging_en done
Event: 92.430 loading class sun/util/logging/resources/logging_en_US
Event: 92.430 loading class sun/util/logging/resources/logging_en_US done
Event: 92.430 loading class sun/util/logging/resources/logging_en_US
Event: 92.430 loading class sun/util/logging/resources/logging_en_US done
Event: 92.430 loading class java/util/Formatter$DateTime
Event: 92.430 loading class java/util/Formatter$DateTime done
Event: 92.431 loading class java/time/ZonedDateTime$1
Event: 92.431 loading class java/time/ZonedDateTime$1 done
Event: 92.431 loading class java/time/LocalDate$1
Event: 92.431 loading class java/time/LocalDate$1 done
Event: 92.431 loading class java/time/LocalTime$1
Event: 92.431 loading class java/time/LocalTime$1 done


Dynamic libraries:
0x00007ff7665a0000 - 0x00007ff7665ae000 	C:\Users\anamendra.y(2420)\.p2\pool\plugins\org.eclipse.justj.openjdk.hotspot.jre.full.win32.x86_64_17.0.1.v20211116-1657\jre\bin\javaw.exe
0x00007ffe115b0000 - 0x00007ffe117a5000 	C:\WINDOWS\SYSTEM32\ntdll.dll
0x00007ffe0f800000 - 0x00007ffe0f8be000 	C:\WINDOWS\System32\KERNEL32.DLL
0x00007ffe0ecc0000 - 0x00007ffe0ef88000 	C:\WINDOWS\System32\KERNELBASE.dll
0x00007ffe0f440000 - 0x00007ffe0f540000 	C:\WINDOWS\System32\ucrtbase.dll
0x00007ffe0aee0000 - 0x00007ffe0aef8000 	C:\Users\anamendra.y(2420)\.p2\pool\plugins\org.eclipse.justj.openjdk.hotspot.jre.full.win32.x86_64_17.0.1.v20211116-1657\jre\bin\jli.dll
0x00007ffe10ad0000 - 0x00007ffe10c71000 	C:\WINDOWS\System32\USER32.dll
0x00007ffe0f3e0000 - 0x00007ffe0f402000 	C:\WINDOWS\System32\win32u.dll
0x00007ffe0f700000 - 0x00007ffe0f72b000 	C:\WINDOWS\System32\GDI32.dll
0x00007ffe0f2d0000 - 0x00007ffe0f3dd000 	C:\WINDOWS\System32\gdi32full.dll
0x00007ffe0f040000 - 0x00007ffe0f0dd000 	C:\WINDOWS\System32\msvcp_win.dll
0x00007ffe0ae00000 - 0x00007ffe0ae19000 	C:\Users\anamendra.y(2420)\.p2\pool\plugins\org.eclipse.justj.openjdk.hotspot.jre.full.win32.x86_64_17.0.1.v20211116-1657\jre\bin\VCRUNTIME140.dll
0x00007ffdff1f0000 - 0x00007ffdff48a000 	C:\WINDOWS\WinSxS\amd64_microsoft.windows.common-controls_6595b64144ccf1df_6.0.19041.1110_none_60b5254171f9507e\COMCTL32.dll
0x00007ffe10cc0000 - 0x00007ffe10d5e000 	C:\WINDOWS\System32\msvcrt.dll
0x00007ffe10c80000 - 0x00007ffe10cb0000 	C:\WINDOWS\System32\IMM32.DLL
0x00007ffe0ae90000 - 0x00007ffe0ae9c000 	C:\Users\anamendra.y(2420)\.p2\pool\plugins\org.eclipse.justj.openjdk.hotspot.jre.full.win32.x86_64_17.0.1.v20211116-1657\jre\bin\vcruntime140_1.dll
0x00007ffdfe7e0000 - 0x00007ffdfe871000 	C:\Users\anamendra.y(2420)\.p2\pool\plugins\org.eclipse.justj.openjdk.hotspot.jre.full.win32.x86_64_17.0.1.v20211116-1657\jre\bin\msvcp140.dll
0x00007ffda7470000 - 0x00007ffda80b6000 	C:\Users\anamendra.y(2420)\.p2\pool\plugins\org.eclipse.justj.openjdk.hotspot.jre.full.win32.x86_64_17.0.1.v20211116-1657\jre\bin\server\jvm.dll
0x00007ffe10080000 - 0x00007ffe1012c000 	C:\WINDOWS\System32\ADVAPI32.dll
0x00007ffe10ea0000 - 0x00007ffe10f3b000 	C:\WINDOWS\System32\sechost.dll
0x00007ffe0fd40000 - 0x00007ffe0fe6a000 	C:\WINDOWS\System32\RPCRT4.dll
0x00007ffe109b0000 - 0x00007ffe109b8000 	C:\WINDOWS\System32\PSAPI.DLL
0x00007ffdfcd50000 - 0x00007ffdfcd59000 	C:\WINDOWS\SYSTEM32\WSOCK32.dll
0x00007ffe11100000 - 0x00007ffe1116b000 	C:\WINDOWS\System32\WS2_32.dll
0x00007ffe01250000 - 0x00007ffe01277000 	C:\WINDOWS\SYSTEM32\WINMM.dll
0x00007ffe0daa0000 - 0x00007ffe0daaa000 	C:\WINDOWS\SYSTEM32\VERSION.dll
0x00007ffe0da60000 - 0x00007ffe0da72000 	C:\WINDOWS\SYSTEM32\kernel.appcore.dll
0x00007ffde3ba0000 - 0x00007ffde3baa000 	C:\Users\anamendra.y(2420)\.p2\pool\plugins\org.eclipse.justj.openjdk.hotspot.jre.full.win32.x86_64_17.0.1.v20211116-1657\jre\bin\jimage.dll
0x00007ffdfd120000 - 0x00007ffdfd304000 	C:\WINDOWS\SYSTEM32\DBGHELP.DLL
0x00007ffdfcdb0000 - 0x00007ffdfcddc000 	C:\WINDOWS\SYSTEM32\dbgcore.DLL
0x00007ffe0f240000 - 0x00007ffe0f2c2000 	C:\WINDOWS\System32\bcryptPrimitives.dll
0x00007ffda80e0000 - 0x00007ffda8105000 	C:\Users\anamendra.y(2420)\.p2\pool\plugins\org.eclipse.justj.openjdk.hotspot.jre.full.win32.x86_64_17.0.1.v20211116-1657\jre\bin\java.dll
0x00007ffdde170000 - 0x00007ffdde188000 	C:\Users\anamendra.y(2420)\.p2\pool\plugins\org.eclipse.justj.openjdk.hotspot.jre.full.win32.x86_64_17.0.1.v20211116-1657\jre\bin\zip.dll
0x00007ffe10130000 - 0x00007ffe10874000 	C:\WINDOWS\System32\SHELL32.dll
0x00007ffe0cbf0000 - 0x00007ffe0d384000 	C:\WINDOWS\SYSTEM32\windows.storage.dll
0x00007ffe11210000 - 0x00007ffe11565000 	C:\WINDOWS\System32\combase.dll
0x00007ffe0e640000 - 0x00007ffe0e66e000 	C:\WINDOWS\SYSTEM32\Wldp.dll
0x00007ffe10a20000 - 0x00007ffe10acd000 	C:\WINDOWS\System32\SHCORE.dll
0x00007ffe10020000 - 0x00007ffe10075000 	C:\WINDOWS\System32\shlwapi.dll
0x00007ffe0ec00000 - 0x00007ffe0ec1f000 	C:\WINDOWS\SYSTEM32\profapi.dll
0x00007ffdb8bb0000 - 0x00007ffdb8bc9000 	C:\Users\anamendra.y(2420)\.p2\pool\plugins\org.eclipse.justj.openjdk.hotspot.jre.full.win32.x86_64_17.0.1.v20211116-1657\jre\bin\net.dll
0x00007ffe08170000 - 0x00007ffe0827c000 	C:\WINDOWS\SYSTEM32\WINHTTP.dll
0x00007ffe0e3a0000 - 0x00007ffe0e40a000 	C:\WINDOWS\system32\mswsock.dll
0x00007ffda73a0000 - 0x00007ffda73b5000 	C:\Users\anamendra.y(2420)\.p2\pool\plugins\org.eclipse.justj.openjdk.hotspot.jre.full.win32.x86_64_17.0.1.v20211116-1657\jre\bin\nio.dll
0x00007ffe0e0d0000 - 0x00007ffe0e19b000 	C:\WINDOWS\SYSTEM32\DNSAPI.dll
0x00007ffe0e090000 - 0x00007ffe0e0cb000 	C:\WINDOWS\SYSTEM32\IPHLPAPI.DLL
0x00007ffe110f0000 - 0x00007ffe110f8000 	C:\WINDOWS\System32\NSI.dll
0x00007ffe00340000 - 0x00007ffe0034a000 	C:\Windows\System32\rasadhlp.dll
0x00007ffe09cc0000 - 0x00007ffe09d3f000 	C:\WINDOWS\System32\fwpuclnt.dll
0x00007ffe0f410000 - 0x00007ffe0f437000 	C:\WINDOWS\System32\bcrypt.dll
0x00007ffe0e5a0000 - 0x00007ffe0e5b8000 	C:\WINDOWS\SYSTEM32\CRYPTSP.dll
0x00007ffe0dd20000 - 0x00007ffe0dd54000 	C:\WINDOWS\system32\rsaenh.dll
0x00007ffe0ebc0000 - 0x00007ffe0ebee000 	C:\WINDOWS\SYSTEM32\USERENV.dll
0x00007ffe0e590000 - 0x00007ffe0e59c000 	C:\WINDOWS\SYSTEM32\CRYPTBASE.dll
0x00007ffe095e0000 - 0x00007ffe095f7000 	C:\WINDOWS\SYSTEM32\dhcpcsvc6.DLL
0x00007ffe095c0000 - 0x00007ffe095dd000 	C:\WINDOWS\SYSTEM32\dhcpcsvc.DLL
0x00007ffda80d0000 - 0x00007ffda80e0000 	C:\Users\anamendra.y(2420)\.p2\pool\plugins\org.eclipse.justj.openjdk.hotspot.jre.full.win32.x86_64_17.0.1.v20211116-1657\jre\bin\verify.dll
0x00007ffdfaea0000 - 0x00007ffdfaeb7000 	C:\WINDOWS\system32\napinsp.dll
0x00007ffdfae60000 - 0x00007ffdfae7b000 	C:\WINDOWS\system32\pnrpnsp.dll
0x00007ffdfa8a0000 - 0x00007ffdfa8b5000 	C:\WINDOWS\system32\wshbth.dll
0x00007ffe0a5a0000 - 0x00007ffe0a5bd000 	C:\WINDOWS\system32\NLAapi.dll
0x00007ffdfa760000 - 0x00007ffdfa772000 	C:\WINDOWS\System32\winrnr.dll
0x00007ffdf2ed0000 - 0x00007ffdf2ed9000 	C:\Users\anamendra.y(2420)\.p2\pool\plugins\org.eclipse.justj.openjdk.hotspot.jre.full.win32.x86_64_17.0.1.v20211116-1657\jre\bin\management.dll
0x00007ffdf2ec0000 - 0x00007ffdf2ecb000 	C:\Users\anamendra.y(2420)\.p2\pool\plugins\org.eclipse.justj.openjdk.hotspot.jre.full.win32.x86_64_17.0.1.v20211116-1657\jre\bin\management_ext.dll
0x00007ffdf2eb0000 - 0x00007ffdf2ebe000 	C:\Users\anamendra.y(2420)\.p2\pool\plugins\org.eclipse.justj.openjdk.hotspot.jre.full.win32.x86_64_17.0.1.v20211116-1657\jre\bin\sunmscapi.dll
0x00007ffe0f0e0000 - 0x00007ffe0f236000 	C:\WINDOWS\System32\CRYPT32.dll
0x00007ffe0e6b0000 - 0x00007ffe0e6d7000 	C:\WINDOWS\SYSTEM32\ncrypt.dll
0x00007ffe0e670000 - 0x00007ffe0e6ab000 	C:\WINDOWS\SYSTEM32\NTASN1.dll
0x00007ffe0ae60000 - 0x00007ffe0ae67000 	C:\WINDOWS\system32\wshunix.dll

dbghelp: loaded successfully - version: 4.0.5 - missing functions: none
symbol engine: initialized successfully - sym options: 0x614 - pdb path: .;C:\Users\anamendra.y(2420)\.p2\pool\plugins\org.eclipse.justj.openjdk.hotspot.jre.full.win32.x86_64_17.0.1.v20211116-1657\jre\bin;C:\WINDOWS\SYSTEM32;C:\WINDOWS\WinSxS\amd64_microsoft.windows.common-controls_6595b64144ccf1df_6.0.19041.1110_none_60b5254171f9507e;C:\Users\anamendra.y(2420)\.p2\pool\plugins\org.eclipse.justj.openjdk.hotspot.jre.full.win32.x86_64_17.0.1.v20211116-1657\jre\bin\server

VM Arguments:
jvm_args: -ea -Dfile.encoding=Cp1252 -XX:+ShowCodeDetailsInExceptionMessages 
java_command: org.testng.remote.RemoteTestNG -serport 55253 -protocol json -d C:\Users\anamendra.y(2420)\eclipse-workspace\automateDemo\test-output C:\Users\ANAMEN~1.Y(2\AppData\Local\Temp\testng-eclipse-1772767707\testng-customsuite.xml
java_class_path (initial): C:\Users\anamendra.y(2420)\eclipse\java-2021-12\eclipse\configuration\org.eclipse.osgi\429\0\.cp\lib\testng-remote.jar;C:\Users\anamendra.y(2420)\eclipse-workspace\automateDemo\target\test-classes;C:\Users\anamendra.y(2420)\eclipse-workspace\automateDemo\target\classes;C:\Users\anamendra.y(2420)\.p2\pool\plugins\org.testng_7.4.0.r202105021533.jar;C:\Users\anamendra.y(2420)\.p2\pool\plugins\com.beust.jcommander_1.78.0.jar;C:\Users\anamendra.y(2420)\.p2\pool\plugins\org.apache-extras.beanshell.bsh_2.0.0.b6.jar;C:\Users\anamendra.y(2420)\.p2\pool\plugins\org.yaml.snakeyaml_1.21.0.jar;C:\Users\anamendra.y(2420)\.p2\pool\plugins\org.webjars.jquery_3.5.1.jar;C:\Users\anamendra.y(2420)\.m2\repository\org\seleniumhq\selenium\selenium-java\4.1.1\selenium-java-4.1.1.jar;C:\Users\anamendra.y(2420)\.m2\repository\org\seleniumhq\selenium\selenium-api\4.1.1\selenium-api-4.1.1.jar;C:\Users\anamendra.y(2420)\.m2\repository\org\seleniumhq\selenium\selenium-chrome-driver\4.1.1\selenium-chrome-driver-4.1.1.jar;C:\Users\anamendra.y(2420)\.m2\repository\com\google\auto\service\auto-service-annotations\1.0.1\auto-service-annotations-1.0.1.jar;C:\Users\anamendra.y(2420)\.m2\repository\com\google\auto\service\auto-service\1.0.1\auto-service-1.0.1.jar;C:\Users\anamendra.y(2420)\.m2\repository\com\google\auto\auto-common\1.2\auto-common-1.2.jar;C:\Users\anamendra.y(2420)\.m2\repository\com\google\guava\guava\31.0.1-jre\guava-31.0.1-jre.jar;C:\Users\anamendra.y(2420)\.m2\repository\com\google\guava\failureaccess\1.0.1\failureaccess-1.0.1.jar;C:\Users\anamendra.y(2420)\.m2\repository\com\google\guava\listenablefuture\9999.0-empty-to-avoid-conflict-with-guava\listenablefuture-9999.0-empty-to-avoid-conflict-with-guava.jar;C:\Users\anamendra.y(2420)\.m2\repository\com\google\code\findbugs\jsr305\3.0.2\jsr305-3.0.2.jar;C:\Users\anamendra.y(2420)\.m2\repository\org\checkerframework\checker-qual\3.12.0\checker-qual-3.12.0.jar;C:\Users\anamendra.y(2420)\.m2\repository\com
Launcher Type: SUN_STANDARD

[Global flags]
     intx CICompilerCount                          = 3                                         {product} {ergonomic}
     uint ConcGCThreads                            = 1                                         {product} {ergonomic}
     uint G1ConcRefinementThreads                  = 4                                         {product} {ergonomic}
   size_t G1HeapRegionSize                         = 1048576                                   {product} {ergonomic}
    uintx GCDrainStackTargetSize                   = 64                                        {product} {ergonomic}
   size_t InitialHeapSize                          = 67108864                                  {product} {ergonomic}
   size_t MarkStackSize                            = 4194304                                   {product} {ergonomic}
   size_t MaxHeapSize                              = 1052770304                                {product} {ergonomic}
   size_t MaxNewSize                               = 631242752                                 {product} {ergonomic}
   size_t MinHeapDeltaBytes                        = 1048576                                   {product} {ergonomic}
   size_t MinHeapSize                              = 8388608                                   {product} {ergonomic}
    uintx NonNMethodCodeHeapSize                   = 5832780                                {pd product} {ergonomic}
    uintx NonProfiledCodeHeapSize                  = 122912730                              {pd product} {ergonomic}
    uintx ProfiledCodeHeapSize                     = 122912730                              {pd product} {ergonomic}
    uintx ReservedCodeCacheSize                    = 251658240                              {pd product} {ergonomic}
     bool SegmentedCodeCache                       = true                                      {product} {ergonomic}
     bool ShowCodeDetailsInExceptionMessages       = true                                   {manageable} {command line}
   size_t SoftMaxHeapSize                          = 1052770304                             {manageable} {ergonomic}
     bool UseCompressedClassPointers               = true                           {product lp64_product} {ergonomic}
     bool UseCompressedOops                        = true                           {product lp64_product} {ergonomic}
     bool UseG1GC                                  = true                                      {product} {ergonomic}
     bool UseLargePagesIndividualAllocation        = false                                  {pd product} {ergonomic}

Logging:
Log output configuration:
 #0: stdout all=warning uptime,level,tags
 #1: stderr all=off uptime,level,tags

Environment Variables:
PATH=C:/Users/anamendra.y(2420)/.p2/pool/plugins/org.eclipse.justj.openjdk.hotspot.jre.full.win32.x86_64_17.0.1.v20211116-1657/jre/bin/server;C:/Users/anamendra.y(2420)/.p2/pool/plugins/org.eclipse.justj.openjdk.hotspot.jre.full.win32.x86_64_17.0.1.v20211116-1657/jre/bin;"C:\Program Files\nodejs\node_modules\npm\bin;C:\Users\anamendra.y(2420)\Downloads\chromedriver_win32;";C:\Python310\;C:\Program Files (x86)\Common Files\Oracle\Java\javapath;C:\Program Files (x86)\Intel\iCLS Client\;C:\Users\anamendra.y(2420)\Downloads\apache-ant-1.10.12\apache-ant-1.10.12\bin;C:\Program Files\Intel\iCLS Client\;C:\WINDOWS\system32;C:\WINDOWS;C:\WINDOWS\System32\Wbem;C:\WINDOWS\System32\WindowsPowerShell\v1.0\;C:\Program Files\Intel\Intel(R) Management Engine Components\DAL;C:\Program Files\Intel\Intel(R) Management Engine Components\IPT;C:\Program Files (x86)\Intel\Intel(R) Management Engine Components\DAL;C:\Program Files (x86)\Intel\Intel(R) Management Engine Components\IPT;C:\WINDOWS\System32\OpenSSH\;D:\Softwares\apache-jmeter-5.2.1\apache-jmeter-5.2.1\bin;D:\apache-ant-1.9.9\bin;C:\Program Files\Git\cmd;C:\Program Files\nodejs\;C:\Program Files (x86)\dotnet\;C:\ProgramData\chocolatey\bin;C:\Program Files\Microsoft VS Code\bin;C:\apache-maven-3.8.4\bin;C:\Program Files\dotnet\;C:\Users\anamendra.y(2420)\AppData\Local\Microsoft\WindowsApps;C:\Users\anamendra.y(2420)\AppData\Roaming\npm;C:\Users\anamendra.y(2420)\.dotnet\tools;C:\WINDOWS\system32;
USERNAME=anamendra.y(2420)
OS=Windows_NT
PROCESSOR_IDENTIFIER=Intel64 Family 6 Model 60 Stepping 3, GenuineIntel



---------------  S Y S T E M  ---------------

OS:
 Windows 10 , 64 bit Build 19041 (10.0.19041.1348)
OS uptime: 0 days 3:20 hours

CPU: total 4 (initial active 4) (4 cores per cpu, 1 threads per core) family 6 model 60 stepping 3 microcode 0x27, cx8, cmov, fxsr, mmx, sse, sse2, sse3, ssse3, sse4.1, sse4.2, popcnt, lzcnt, tsc, tscinvbit, avx, avx2, aes, erms, clmul, bmi1, bmi2, fma, vzeroupper, clflush

Memory: 4k page, system-wide physical 4013M (53M free)
TotalPageFile size 10526M (AvailPageFile size 6M)
current process WorkingSet (physical memory assigned to process): 118M, peak: 118M
current process commit charge ("private bytes"): 175M, peak: 189M

vm_info: OpenJDK 64-Bit Server VM (17.0.1+12) for windows-amd64 JRE (17.0.1+12), built on Oct 20 2021 07:42:55 by "" with MS VC++ 16.7 (VS2019)

END.
