#
# There is insufficient memory for the Java Runtime Environment to continue.
# Native memory allocation (malloc) failed to allocate 32744 bytes for ChunkPool::allocate
# Possible reasons:
#   The system is out of physical RAM or swap space
#   The process is running with CompressedOops enabled, and the Java Heap may be blocking the growth of the native heap
# Possible solutions:
#   Reduce memory load on the system
#   Increase physical memory or swap space
#   Check if swap backing store is full
#   Decrease Java heap size (-Xmx/-Xms)
#   Decrease number of Java threads
#   Decrease Java thread stack sizes (-Xss)
#   Set larger code cache with -XX:ReservedCodeCacheSize=
#   JVM is running with Unscaled Compressed Oops mode in which the Java heap is
#     placed in the first 4GB address space. The Java Heap base address is the
#     maximum limit for the native heap growth. Please use -XX:HeapBaseMinAddress
#     to set the Java Heap base and to place the Java Heap above 4GB virtual address.
# This output file may be truncated or incomplete.
#
#  Out of Memory Error (arena.cpp:78), pid=15708, tid=12976
#
# JRE version: OpenJDK Runtime Environment Temurin-17.0.1+12 (17.0.1+12) (build 17.0.1+12)
# Java VM: OpenJDK 64-Bit Server VM Temurin-17.0.1+12 (17.0.1+12, mixed mode, tiered, compressed oops, compressed class ptrs, g1 gc, windows-amd64)
# No core dump will be written. Minidumps are not enabled by default on client versions of Windows
#

---------------  S U M M A R Y ------------

Command Line: -ea -Dfile.encoding=Cp1252 -XX:+ShowCodeDetailsInExceptionMessages org.testng.remote.RemoteTestNG -serport 61408 -protocol json -d C:\Users\anamendra.y(2420)\eclipse-workspace\automateDemo\test-output C:\Users\anamendra.y(2420)\eclipse-workspace\automateDemo\testng.xml

Host: Intel(R) Core(TM) i5-4590T CPU @ 2.00GHz, 4 cores, 3G,  Windows 10 , 64 bit Build 19041 (10.0.19041.1348)
Time: Tue Mar  8 18:32:07 2022 India Standard Time elapsed time: 15.652997 seconds (0d 0h 0m 15s)

---------------  T H R E A D  ---------------

Current thread (0x00000270c3dd9820):  JavaThread "C1 CompilerThread0" daemon [_thread_in_native, id=12976, stack(0x0000009ddd200000,0x0000009ddd300000)]


Current CompileTask:
C1:  15653 2326       3       org.testng.shaded.com.google.gson.internal.Excluder::excludeClass (129 bytes)

Stack: [0x0000009ddd200000,0x0000009ddd300000]
Native frames: (J=compiled Java code, j=interpreted, Vv=VM code, C=native code)
V  [jvm.dll+0x6744da]
V  [jvm.dll+0x82e144]
V  [jvm.dll+0x82f8ee]
V  [jvm.dll+0x82ff53]
V  [jvm.dll+0x245175]
V  [jvm.dll+0xabaa0]
V  [jvm.dll+0xabdec]
V  [jvm.dll+0x175593]
V  [jvm.dll+0x17565e]
V  [jvm.dll+0x177f79]
V  [jvm.dll+0x179fb1]
V  [jvm.dll+0x1342b3]
V  [jvm.dll+0x133baf]
V  [jvm.dll+0x133de6]
V  [jvm.dll+0x13327a]
V  [jvm.dll+0x134f41]
V  [jvm.dll+0x226e38]
V  [jvm.dll+0x224f7c]
V  [jvm.dll+0x7e3f5b]
V  [jvm.dll+0x7de51a]
V  [jvm.dll+0x673305]
C  [ucrtbase.dll+0x21bb2]
C  [KERNEL32.DLL+0x17034]
C  [ntdll.dll+0x52651]


---------------  P R O C E S S  ---------------

Threads class SMR info:
_java_thread_list=0x00000270c6581ed0, length=26, elements={
0x00000270acce0450, 0x00000270c3d5dfb0, 0x00000270c3d5eea0, 0x00000270c3dd3010,
0x00000270c3dd49d0, 0x00000270c3dd5380, 0x00000270c3dd6d40, 0x00000270c3dd9170,
0x00000270c3dd9820, 0x00000270c3dd9e20, 0x00000270c493f8d0, 0x00000270c4940270,
0x00000270c493fda0, 0x00000270c493f400, 0x00000270c493e590, 0x00000270c4940c10,
0x00000270c49410e0, 0x00000270c4940740, 0x00000270c4941f50, 0x00000270c49415b0,
0x00000270c4941a80, 0x00000270c493ea60, 0x00000270c4d27fc0, 0x00000270c4d28490,
0x00000270c4d267b0, 0x00000270c4d26c80
}

Java Threads: ( => current thread )
  0x00000270acce0450 JavaThread "Forwarding findElement on session 8691354cecb7f74833bf60a69f509a70 to remote" [_thread_blocked, id=20488, stack(0x0000009ddc400000,0x0000009ddc500000)]
  0x00000270c3d5dfb0 JavaThread "Reference Handler" daemon [_thread_blocked, id=13332, stack(0x0000009ddcb00000,0x0000009ddcc00000)]
  0x00000270c3d5eea0 JavaThread "Finalizer" daemon [_thread_blocked, id=6336, stack(0x0000009ddcc00000,0x0000009ddcd00000)]
  0x00000270c3dd3010 JavaThread "Signal Dispatcher" daemon [_thread_blocked, id=15456, stack(0x0000009ddcd00000,0x0000009ddce00000)]
  0x00000270c3dd49d0 JavaThread "Attach Listener" daemon [_thread_blocked, id=2060, stack(0x0000009ddce00000,0x0000009ddcf00000)]
  0x00000270c3dd5380 JavaThread "Service Thread" daemon [_thread_blocked, id=20756, stack(0x0000009ddcf00000,0x0000009ddd000000)]
  0x00000270c3dd6d40 JavaThread "Monitor Deflation Thread" daemon [_thread_blocked, id=11164, stack(0x0000009ddd000000,0x0000009ddd100000)]
  0x00000270c3dd9170 JavaThread "C2 CompilerThread0" daemon [_thread_blocked, id=16648, stack(0x0000009ddd100000,0x0000009ddd200000)]
=>0x00000270c3dd9820 JavaThread "C1 CompilerThread0" daemon [_thread_in_native, id=12976, stack(0x0000009ddd200000,0x0000009ddd300000)]
  0x00000270c3dd9e20 JavaThread "Sweeper thread" daemon [_thread_blocked, id=2636, stack(0x0000009ddd300000,0x0000009ddd400000)]
  0x00000270c493f8d0 JavaThread "Notification Thread" daemon [_thread_blocked, id=18664, stack(0x0000009ddd400000,0x0000009ddd500000)]
  0x00000270c4940270 JavaThread "Common-Cleaner" daemon [_thread_blocked, id=15928, stack(0x0000009ddd600000,0x0000009ddd700000)]
  0x00000270c493fda0 JavaThread "ReaderThread" [_thread_in_native, id=13732, stack(0x0000009ddd800000,0x0000009ddd900000)]
  0x00000270c493f400 JavaThread "ForkJoinPool.commonPool-worker-1" daemon [_thread_blocked, id=13604, stack(0x0000009dddd00000,0x0000009ddde00000)]
  0x00000270c493e590 JavaThread "ForkJoinPool.commonPool-worker-2" daemon [_thread_blocked, id=18304, stack(0x0000009ddde00000,0x0000009dddf00000)]
  0x00000270c4940c10 JavaThread "ForkJoinPool.commonPool-worker-3" daemon [_thread_blocked, id=9352, stack(0x0000009dddf00000,0x0000009dde000000)]
  0x00000270c49410e0 JavaThread "AsyncHttpClient-1-1" daemon [_thread_blocked, id=14412, stack(0x0000009dde000000,0x0000009dde100000)]
  0x00000270c4940740 JavaThread "Exec Default Executor" daemon [_thread_in_native, id=21096, stack(0x0000009dde100000,0x0000009dde200000)]
  0x00000270c4941f50 JavaThread "Driver Service Executor" daemon [_thread_blocked, id=3508, stack(0x0000009dde200000,0x0000009dde300000)]
  0x00000270c49415b0 JavaThread "Driver Service Executor" daemon [_thread_blocked, id=8964, stack(0x0000009dde300000,0x0000009dde400000)]
  0x00000270c4941a80 JavaThread "UrlChecker-2" daemon [_thread_blocked, id=17108, stack(0x0000009dde400000,0x0000009dde500000)]
  0x00000270c493ea60 JavaThread "Exec Stream Pumper" daemon [_thread_in_native, id=12268, stack(0x0000009dde500000,0x0000009dde600000)]
  0x00000270c4d27fc0 JavaThread "Exec Stream Pumper" daemon [_thread_in_native, id=13072, stack(0x0000009dde600000,0x0000009dde700000)]
  0x00000270c4d28490 JavaThread "AsyncHttpClient-1-2" daemon [_thread_in_native, id=4232, stack(0x0000009dde800000,0x0000009dde900000)]
  0x00000270c4d267b0 JavaThread "AsyncHttpClient-1-3" daemon [_thread_in_native, id=14512, stack(0x0000009dde900000,0x0000009ddea00000)]
  0x00000270c4d26c80 JavaThread "AsyncHttpClient-1-4" daemon [_thread_in_native, id=15240, stack(0x0000009ddea00000,0x0000009ddeb00000)]

Other Threads:
  0x00000270c3d790f0 VMThread "VM Thread" [stack: 0x0000009ddca00000,0x0000009ddcb00000] [id=332]
  0x00000270c4944560 WatcherThread [stack: 0x0000009ddd500000,0x0000009ddd600000] [id=18020]
  0x00000270acd0d9e0 GCTaskThread "GC Thread#0" [stack: 0x0000009ddc500000,0x0000009ddc600000] [id=9560]
  0x00000270c4bf0070 GCTaskThread "GC Thread#1" [stack: 0x0000009ddd900000,0x0000009ddda00000] [id=18196]
  0x00000270c4ffd450 GCTaskThread "GC Thread#2" [stack: 0x0000009ddda00000,0x0000009dddb00000] [id=15960]
  0x00000270c537c750 GCTaskThread "GC Thread#3" [stack: 0x0000009dddb00000,0x0000009dddc00000] [id=19428]
  0x00000270acd17e50 ConcurrentGCThread "G1 Main Marker" [stack: 0x0000009ddc600000,0x0000009ddc700000] [id=8264]
  0x00000270acd18860 ConcurrentGCThread "G1 Conc#0" [stack: 0x0000009ddc700000,0x0000009ddc800000] [id=15992]
  0x00000270acd68d90 ConcurrentGCThread "G1 Refine#0" [stack: 0x0000009ddc800000,0x0000009ddc900000] [id=16216]
  0x00000270c6035850 ConcurrentGCThread "G1 Refine#1" [stack: 0x0000009dddc00000,0x0000009dddd00000] [id=21208]
  0x00000270acd6b6c0 ConcurrentGCThread "G1 Service" [stack: 0x0000009ddc900000,0x0000009ddca00000] [id=2276]

Threads with active compile tasks:
C1 CompilerThread0    15925 2326       3       org.testng.shaded.com.google.gson.internal.Excluder::excludeClass (129 bytes)

VM state: not at safepoint (normal execution)

VM Mutex/Monitor currently owned by a thread: None

Heap address: 0x00000000c1400000, size: 1004 MB, Compressed Oops mode: 32-bit

CDS archive(s) not mapped
Compressed class space mapped at: 0x0000000100000000-0x0000000140000000, reserved size: 1073741824
Narrow klass base: 0x0000000000000000, Narrow klass shift: 3, Narrow klass range: 0x140000000

GC Precious Log:
 CPUs: 4 total, 4 available
 Memory: 4013M
 Large Page Support: Disabled
 NUMA Support: Disabled
 Compressed Oops: Enabled (32-bit)
 Heap Region Size: 1M
 Heap Min Capacity: 8M
 Heap Initial Capacity: 64M
 Heap Max Capacity: 1004M
 Pre-touch: Disabled
 Parallel Workers: 4
 Concurrent Workers: 1
 Concurrent Refinement Workers: 4
 Periodic GC: Disabled

Heap:
 garbage-first heap   total 48128K, used 36525K [0x00000000c1400000, 0x0000000100000000)
  region size 1024K, 11 young (11264K), 1 survivors (1024K)
 Metaspace       used 32160K, committed 32384K, reserved 1081344K
  class space    used 3694K, committed 3776K, reserved 1048576K

Heap Regions: E=young(eden), S=young(survivor), O=old, HS=humongous(starts), HC=humongous(continues), CS=collection set, F=free, OA=open archive, CA=closed archive, TAMS=top-at-mark-start (previous, next)
|   0|0x00000000c1400000, 0x00000000c1500000, 0x00000000c1500000|100%| O|  |TAMS 0x00000000c1500000, 0x00000000c1500000| Untracked 
|   1|0x00000000c1500000, 0x00000000c1600000, 0x00000000c1600000|100%| O|  |TAMS 0x00000000c1600000, 0x00000000c1600000| Untracked 
|   2|0x00000000c1600000, 0x00000000c1700000, 0x00000000c1700000|100%| O|  |TAMS 0x00000000c1700000, 0x00000000c1700000| Untracked 
|   3|0x00000000c1700000, 0x00000000c1800000, 0x00000000c1800000|100%| O|  |TAMS 0x00000000c1800000, 0x00000000c1800000| Untracked 
|   4|0x00000000c1800000, 0x00000000c1800000, 0x00000000c1900000|  0%| F|  |TAMS 0x00000000c1800000, 0x00000000c1800000| Untracked 
|   5|0x00000000c1900000, 0x00000000c1a00000, 0x00000000c1a00000|100%| O|  |TAMS 0x00000000c1900000, 0x00000000c1a00000| Untracked 
|   6|0x00000000c1a00000, 0x00000000c1b00000, 0x00000000c1b00000|100%| O|  |TAMS 0x00000000c1a00000, 0x00000000c1b00000| Untracked 
|   7|0x00000000c1b00000, 0x00000000c1c00000, 0x00000000c1c00000|100%| O|  |TAMS 0x00000000c1b00000, 0x00000000c1c00000| Untracked 
|   8|0x00000000c1c00000, 0x00000000c1c00000, 0x00000000c1d00000|  0%| F|  |TAMS 0x00000000c1c00000, 0x00000000c1c00000| Untracked 
|   9|0x00000000c1d00000, 0x00000000c1d00000, 0x00000000c1e00000|  0%| F|  |TAMS 0x00000000c1d00000, 0x00000000c1d00000| Untracked 
|  10|0x00000000c1e00000, 0x00000000c1e00000, 0x00000000c1f00000|  0%| F|  |TAMS 0x00000000c1e00000, 0x00000000c1e00000| Untracked 
|  11|0x00000000c1f00000, 0x00000000c1f00000, 0x00000000c2000000|  0%| F|  |TAMS 0x00000000c1f00000, 0x00000000c1f00000| Untracked 
|  12|0x00000000c2000000, 0x00000000c2100000, 0x00000000c2100000|100%| O|  |TAMS 0x00000000c2000000, 0x00000000c2100000| Untracked 
|  13|0x00000000c2100000, 0x00000000c21b7c00, 0x00000000c2200000| 71%| O|  |TAMS 0x00000000c2100000, 0x00000000c21b7c00| Untracked 
|  14|0x00000000c2200000, 0x00000000c2200000, 0x00000000c2300000|  0%| F|  |TAMS 0x00000000c2200000, 0x00000000c2200000| Untracked 
|  15|0x00000000c2300000, 0x00000000c2300000, 0x00000000c2400000|  0%| F|  |TAMS 0x00000000c2300000, 0x00000000c2300000| Untracked 
|  16|0x00000000c2400000, 0x00000000c2400000, 0x00000000c2500000|  0%| F|  |TAMS 0x00000000c2400000, 0x00000000c2400000| Untracked 
|  17|0x00000000c2500000, 0x00000000c2500000, 0x00000000c2600000|  0%| F|  |TAMS 0x00000000c2500000, 0x00000000c2500000| Untracked 
|  18|0x00000000c2600000, 0x00000000c2600000, 0x00000000c2700000|  0%| F|  |TAMS 0x00000000c2600000, 0x00000000c2600000| Untracked 
|  19|0x00000000c2700000, 0x00000000c276e0b0, 0x00000000c2800000| 42%| E|  |TAMS 0x00000000c2700000, 0x00000000c2700000| Complete 
|  20|0x00000000c2800000, 0x00000000c2900000, 0x00000000c2900000|100%| E|CS|TAMS 0x00000000c2800000, 0x00000000c2800000| Complete 
|  21|0x00000000c2900000, 0x00000000c2a00000, 0x00000000c2a00000|100%| E|CS|TAMS 0x00000000c2900000, 0x00000000c2900000| Complete 
|  22|0x00000000c2a00000, 0x00000000c2b00000, 0x00000000c2b00000|100%| E|CS|TAMS 0x00000000c2a00000, 0x00000000c2a00000| Complete 
|  23|0x00000000c2b00000, 0x00000000c2c00000, 0x00000000c2c00000|100%| E|CS|TAMS 0x00000000c2b00000, 0x00000000c2b00000| Complete 
|  24|0x00000000c2c00000, 0x00000000c2d00000, 0x00000000c2d00000|100%| E|CS|TAMS 0x00000000c2c00000, 0x00000000c2c00000| Complete 
|  25|0x00000000c2d00000, 0x00000000c2df3be0, 0x00000000c2e00000| 95%| S|CS|TAMS 0x00000000c2d00000, 0x00000000c2d00000| Complete 
|  26|0x00000000c2e00000, 0x00000000c2f00000, 0x00000000c2f00000|100%|HS|  |TAMS 0x00000000c2e00000, 0x00000000c2e00000| Complete 
|  27|0x00000000c2f00000, 0x00000000c3000000, 0x00000000c3000000|100%|HC|  |TAMS 0x00000000c2f00000, 0x00000000c2f00000| Complete 
|  28|0x00000000c3000000, 0x00000000c3100000, 0x00000000c3100000|100%|HC|  |TAMS 0x00000000c3000000, 0x00000000c3000000| Complete 
|  29|0x00000000c3100000, 0x00000000c3200000, 0x00000000c3200000|100%|HC|  |TAMS 0x00000000c3100000, 0x00000000c3100000| Complete 
|  30|0x00000000c3200000, 0x00000000c3300000, 0x00000000c3300000|100%|HC|  |TAMS 0x00000000c3200000, 0x00000000c3200000| Complete 
|  31|0x00000000c3300000, 0x00000000c3400000, 0x00000000c3400000|100%|HC|  |TAMS 0x00000000c3300000, 0x00000000c3300000| Complete 
|  32|0x00000000c3400000, 0x00000000c3500000, 0x00000000c3500000|100%|HC|  |TAMS 0x00000000c3400000, 0x00000000c3400000| Complete 
|  33|0x00000000c3500000, 0x00000000c3600000, 0x00000000c3600000|100%|HC|  |TAMS 0x00000000c3500000, 0x00000000c3500000| Complete 
|  34|0x00000000c3600000, 0x00000000c3700000, 0x00000000c3700000|100%|HC|  |TAMS 0x00000000c3600000, 0x00000000c3600000| Complete 
|  35|0x00000000c3700000, 0x00000000c3800000, 0x00000000c3800000|100%|HC|  |TAMS 0x00000000c3700000, 0x00000000c3700000| Complete 
|  36|0x00000000c3800000, 0x00000000c3900000, 0x00000000c3900000|100%|HC|  |TAMS 0x00000000c3800000, 0x00000000c3800000| Complete 
|  37|0x00000000c3900000, 0x00000000c3a00000, 0x00000000c3a00000|100%|HC|  |TAMS 0x00000000c3900000, 0x00000000c3900000| Complete 
|  38|0x00000000c3a00000, 0x00000000c3b00000, 0x00000000c3b00000|100%|HC|  |TAMS 0x00000000c3a00000, 0x00000000c3a00000| Complete 
|  39|0x00000000c3b00000, 0x00000000c3c00000, 0x00000000c3c00000|100%|HC|  |TAMS 0x00000000c3b00000, 0x00000000c3b00000| Complete 
|  40|0x00000000c3c00000, 0x00000000c3d00000, 0x00000000c3d00000|100%|HC|  |TAMS 0x00000000c3c00000, 0x00000000c3c00000| Complete 
|  41|0x00000000c3d00000, 0x00000000c3e00000, 0x00000000c3e00000|100%|HC|  |TAMS 0x00000000c3d00000, 0x00000000c3d00000| Complete 
|  42|0x00000000c3e00000, 0x00000000c3f00000, 0x00000000c3f00000|100%|HC|  |TAMS 0x00000000c3e00000, 0x00000000c3e00000| Complete 
|  45|0x00000000c4100000, 0x00000000c4200000, 0x00000000c4200000|100%| E|CS|TAMS 0x00000000c4100000, 0x00000000c4100000| Complete 
|  46|0x00000000c4200000, 0x00000000c4300000, 0x00000000c4300000|100%| E|CS|TAMS 0x00000000c4200000, 0x00000000c4200000| Complete 
|  47|0x00000000c4300000, 0x00000000c4400000, 0x00000000c4400000|100%| E|CS|TAMS 0x00000000c4300000, 0x00000000c4300000| Complete 
|  63|0x00000000c5300000, 0x00000000c5400000, 0x00000000c5400000|100%| E|CS|TAMS 0x00000000c5300000, 0x00000000c5300000| Complete 

Card table byte_map: [0x00000270bf580000,0x00000270bf780000] _byte_map_base: 0x00000270bef76000

Marking Bits (Prev, Next): (CMBitMap*) 0x00000270acd0f040, (CMBitMap*) 0x00000270acd0f000
 Prev Bits: [0x00000270c0930000, 0x00000270c18e0000)
 Next Bits: [0x00000270bf980000, 0x00000270c0930000)

Polling page: 0x00000270aaca0000

Metaspace:

Usage:
  Non-class:     27.80 MB used.
      Class:      3.61 MB used.
       Both:     31.41 MB used.

Virtual space:
  Non-class space:       32.00 MB reserved,      27.94 MB ( 87%) committed,  4 nodes.
      Class space:        1.00 GB reserved,       3.69 MB ( <1%) committed,  1 nodes.
             Both:        1.03 GB reserved,      31.62 MB (  3%) committed. 

Chunk freelists:
   Non-Class:  3.77 MB
       Class:  271.00 KB
        Both:  4.03 MB

MaxMetaspaceSize: unlimited
CompressedClassSpaceSize: 1.00 GB
Initial GC threshold: 21.00 MB
Current GC threshold: 35.25 MB
CDS: off
MetaspaceReclaimPolicy: balanced
 - commit_granule_bytes: 65536.
 - commit_granule_words: 8192.
 - virtual_space_node_default_size: 1048576.
 - enlarge_chunks_in_place: 1.
 - new_chunks_are_fully_committed: 0.
 - uncommit_free_chunks: 1.
 - use_allocation_guard: 0.
 - handle_deallocations: 1.


Internal statistics:

num_allocs_failed_limit: 3.
num_arena_births: 210.
num_arena_deaths: 0.
num_vsnodes_births: 5.
num_vsnodes_deaths: 0.
num_space_committed: 506.
num_space_uncommitted: 0.
num_chunks_returned_to_freelist: 3.
num_chunks_taken_from_freelist: 824.
num_chunk_merges: 0.
num_chunk_splits: 549.
num_chunks_enlarged: 441.
num_purges: 0.
num_inconsistent_stats: 0.

CodeHeap 'non-profiled nmethods': size=120000Kb used=851Kb max_used=851Kb free=119148Kb
 bounds [0x00000270b7e50000, 0x00000270b80c0000, 0x00000270bf380000]
CodeHeap 'profiled nmethods': size=120000Kb used=4391Kb max_used=4391Kb free=115608Kb
 bounds [0x00000270b0920000, 0x00000270b0d70000, 0x00000270b7e50000]
CodeHeap 'non-nmethods': size=5760Kb used=1282Kb max_used=1322Kb free=4477Kb
 bounds [0x00000270b0380000, 0x00000270b05f0000, 0x00000270b0920000]
 total_blobs=2916 nmethods=2321 adapters=507
 compilation: enabled
              stopped_count=0, restarted_count=0
 full_count=0

Compilation events (20 events):
Event: 15.608 Thread 0x00000270c3dd9820 nmethod 2314 0x00000270b0d67990 code [0x00000270b0d67c60, 0x00000270b0d688f8]
Event: 15.608 Thread 0x00000270c3dd9820 2317       1       net.jodah.failsafe.ExecutionResult::getResult (5 bytes)
Event: 15.608 Thread 0x00000270c3dd9820 nmethod 2317 0x00000270b7f23990 code [0x00000270b7f23b20, 0x00000270b7f23bf8]
Event: 15.608 Thread 0x00000270c3dd9820 2318       1       net.jodah.failsafe.ExecutionResult::getFailure (5 bytes)
Event: 15.608 Thread 0x00000270c3dd9820 nmethod 2318 0x00000270b7f23c90 code [0x00000270b7f23e20, 0x00000270b7f23ef8]
Event: 15.608 Thread 0x00000270c3dd9820 2315       1       io.netty.util.internal.shaded.org.jctools.queues.BaseMpscLinkedArrayQueueConsumerFields::lvConsumerIndex (5 bytes)
Event: 15.608 Thread 0x00000270c3dd9820 nmethod 2315 0x00000270b7f23f90 code [0x00000270b7f24120, 0x00000270b7f241f8]
Event: 15.608 Thread 0x00000270c3dd9820 2319       1       com.google.common.collect.Count::get (5 bytes)
Event: 15.608 Thread 0x00000270c3dd9820 nmethod 2319 0x00000270b7f24290 code [0x00000270b7f24420, 0x00000270b7f244f8]
Event: 15.608 Thread 0x00000270c3dd9820 2320       3       org.testng.shaded.com.google.gson.internal.bind.TypeAdapters$32::create (20 bytes)
Event: 15.608 Thread 0x00000270c3dd9820 nmethod 2320 0x00000270b0d68d10 code [0x00000270b0d68ec0, 0x00000270b0d69078]
Event: 15.608 Thread 0x00000270c3dd9820 2321       3       jdk.internal.reflect.ReflectionFactory::copyField (11 bytes)
Event: 15.608 Thread 0x00000270c3dd9820 nmethod 2321 0x00000270b0d69190 code [0x00000270b0d69340, 0x00000270b0d69528]
Event: 15.609 Thread 0x00000270c3dd9820 2322       3       java.lang.reflect.ReflectAccess::copyField (5 bytes)
Event: 15.609 Thread 0x00000270c3dd9820 nmethod 2322 0x00000270b0d69690 code [0x00000270b0d69840, 0x00000270b0d69988]
Event: 15.609 Thread 0x00000270c3dd9170 2324       4       java.util.ArrayList$Itr::hasNext (20 bytes)
Event: 15.609 Thread 0x00000270c3dd9170 nmethod 2324 0x00000270b7f24990 code [0x00000270b7f24b00, 0x00000270b7f24b98]
Event: 15.610 Thread 0x00000270c3dd9820 2325  s    3       java.lang.StringBuffer::append (13 bytes)
Event: 15.610 Thread 0x00000270c3dd9820 nmethod 2325 0x00000270b0d69a90 code [0x00000270b0d69c40, 0x00000270b0d69e68]
Event: 15.610 Thread 0x00000270c3dd9820 2326       3       org.testng.shaded.com.google.gson.internal.Excluder::excludeClass (129 bytes)

GC Heap History (14 events):
Event: 0.923 GC heap before
{Heap before GC invocations=0 (full 0):
 garbage-first heap   total 65536K, used 13312K [0x00000000c1400000, 0x0000000100000000)
  region size 1024K, 13 young (13312K), 0 survivors (0K)
 Metaspace       used 12069K, committed 12160K, reserved 1064960K
  class space    used 1134K, committed 1152K, reserved 1048576K
}
Event: 0.928 GC heap after
{Heap after GC invocations=1 (full 0):
 garbage-first heap   total 65536K, used 4477K [0x00000000c1400000, 0x0000000100000000)
  region size 1024K, 2 young (2048K), 2 survivors (2048K)
 Metaspace       used 12069K, committed 12160K, reserved 1064960K
  class space    used 1134K, committed 1152K, reserved 1048576K
}
Event: 1.356 GC heap before
{Heap before GC invocations=1 (full 0):
 garbage-first heap   total 65536K, used 15741K [0x00000000c1400000, 0x0000000100000000)
  region size 1024K, 13 young (13312K), 2 survivors (2048K)
 Metaspace       used 16601K, committed 16768K, reserved 1064960K
  class space    used 1655K, committed 1728K, reserved 1048576K
}
Event: 1.360 GC heap after
{Heap after GC invocations=2 (full 0):
 garbage-first heap   total 65536K, used 5984K [0x00000000c1400000, 0x0000000100000000)
  region size 1024K, 2 young (2048K), 2 survivors (2048K)
 Metaspace       used 16601K, committed 16768K, reserved 1064960K
  class space    used 1655K, committed 1728K, reserved 1048576K
}
Event: 1.957 GC heap before
{Heap before GC invocations=2 (full 0):
 garbage-first heap   total 65536K, used 19296K [0x00000000c1400000, 0x0000000100000000)
  region size 1024K, 16 young (16384K), 2 survivors (2048K)
 Metaspace       used 21296K, committed 21504K, reserved 1073152K
  class space    used 2279K, committed 2432K, reserved 1048576K
}
Event: 1.964 GC heap after
{Heap after GC invocations=3 (full 0):
 garbage-first heap   total 65536K, used 7266K [0x00000000c1400000, 0x0000000100000000)
  region size 1024K, 3 young (3072K), 3 survivors (3072K)
 Metaspace       used 21296K, committed 21504K, reserved 1073152K
  class space    used 2279K, committed 2432K, reserved 1048576K
}
Event: 2.394 GC heap before
{Heap before GC invocations=4 (full 0):
 garbage-first heap   total 30720K, used 21602K [0x00000000c1400000, 0x0000000100000000)
  region size 1024K, 18 young (18432K), 3 survivors (3072K)
 Metaspace       used 25766K, committed 25920K, reserved 1073152K
  class space    used 2810K, committed 2880K, reserved 1048576K
}
Event: 2.399 GC heap after
{Heap after GC invocations=5 (full 0):
 garbage-first heap   total 30720K, used 9156K [0x00000000c1400000, 0x0000000100000000)
  region size 1024K, 4 young (4096K), 4 survivors (4096K)
 Metaspace       used 25766K, committed 25920K, reserved 1073152K
  class space    used 2810K, committed 2880K, reserved 1048576K
}
Event: 2.428 GC heap before
{Heap before GC invocations=5 (full 0):
 garbage-first heap   total 30720K, used 10180K [0x00000000c1400000, 0x0000000100000000)
  region size 1024K, 5 young (5120K), 4 survivors (4096K)
 Metaspace       used 26026K, committed 26176K, reserved 1073152K
  class space    used 2860K, committed 2944K, reserved 1048576K
}
Event: 2.431 GC heap after
{Heap after GC invocations=6 (full 0):
 garbage-first heap   total 30720K, used 9492K [0x00000000c1400000, 0x0000000100000000)
  region size 1024K, 1 young (1024K), 1 survivors (1024K)
 Metaspace       used 26026K, committed 26176K, reserved 1073152K
  class space    used 2860K, committed 2944K, reserved 1048576K
}
Event: 3.160 GC heap before
{Heap before GC invocations=6 (full 0):
 garbage-first heap   total 30720K, used 19732K [0x00000000c1400000, 0x0000000100000000)
  region size 1024K, 11 young (11264K), 1 survivors (1024K)
 Metaspace       used 28808K, committed 29056K, reserved 1081344K
  class space    used 3238K, committed 3328K, reserved 1048576K
}
Event: 3.163 GC heap after
{Heap after GC invocations=7 (full 0):
 garbage-first heap   total 30720K, used 9594K [0x00000000c1400000, 0x0000000100000000)
  region size 1024K, 1 young (1024K), 1 survivors (1024K)
 Metaspace       used 28808K, committed 29056K, reserved 1081344K
  class space    used 3238K, committed 3328K, reserved 1048576K
}
Event: 3.281 GC heap before
{Heap before GC invocations=7 (full 0):
 garbage-first heap   total 30720K, used 12666K [0x00000000c1400000, 0x0000000100000000)
  region size 1024K, 5 young (5120K), 1 survivors (1024K)
 Metaspace       used 29846K, committed 30080K, reserved 1081344K
  class space    used 3396K, committed 3520K, reserved 1048576K
}
Event: 3.282 GC heap after
{Heap after GC invocations=8 (full 0):
 garbage-first heap   total 30720K, used 9901K [0x00000000c1400000, 0x0000000100000000)
  region size 1024K, 1 young (1024K), 1 survivors (1024K)
 Metaspace       used 29846K, committed 30080K, reserved 1081344K
  class space    used 3396K, committed 3520K, reserved 1048576K
}

Deoptimization events (20 events):
Event: 2.129 Thread 0x00000270acce0450 Uncommon trap: trap_request=0xffffff45 fr.pc=0x00000270b7edc340 relative=0x0000000000000220
Event: 2.129 Thread 0x00000270acce0450 Uncommon trap: reason=unstable_if action=reinterpret pc=0x00000270b7edc340 method=java.util.HashMap.putVal(ILjava/lang/Object;Ljava/lang/Object;ZZ)Ljava/lang/Object; @ 162 c2
Event: 2.129 Thread 0x00000270acce0450 DEOPT PACKING pc=0x00000270b7edc340 sp=0x0000009ddc4f9420
Event: 2.129 Thread 0x00000270acce0450 DEOPT UNPACKING pc=0x00000270b03d23a3 sp=0x0000009ddc4f93d0 mode 2
Event: 2.456 Thread 0x00000270acce0450 Uncommon trap: trap_request=0xffffff45 fr.pc=0x00000270b7ebf7a0 relative=0x0000000000000580
Event: 2.456 Thread 0x00000270acce0450 Uncommon trap: reason=unstable_if action=reinterpret pc=0x00000270b7ebf7a0 method=java.lang.String.replace(CC)Ljava/lang/String; @ 2 c2
Event: 2.456 Thread 0x00000270acce0450 DEOPT PACKING pc=0x00000270b7ebf7a0 sp=0x0000009ddc4fd660
Event: 2.457 Thread 0x00000270acce0450 DEOPT UNPACKING pc=0x00000270b03d23a3 sp=0x0000009ddc4fd610 mode 2
Event: 2.476 Thread 0x00000270c4941a80 Uncommon trap: trap_request=0xffffff45 fr.pc=0x00000270b7ed6178 relative=0x00000000000000d8
Event: 2.476 Thread 0x00000270c4941a80 Uncommon trap: reason=unstable_if action=reinterpret pc=0x00000270b7ed6178 method=java.lang.CharacterDataLatin1.digit(II)I @ 12 c2
Event: 2.476 Thread 0x00000270c4941a80 DEOPT PACKING pc=0x00000270b7ed6178 sp=0x0000009dde4fe750
Event: 2.476 Thread 0x00000270c4941a80 DEOPT UNPACKING pc=0x00000270b03d23a3 sp=0x0000009dde4fe608 mode 2
Event: 2.501 Thread 0x00000270c4941a80 Uncommon trap: trap_request=0xffffff45 fr.pc=0x00000270b7ed5dc8 relative=0x00000000000000a8
Event: 2.501 Thread 0x00000270c4941a80 Uncommon trap: reason=unstable_if action=reinterpret pc=0x00000270b7ed5dc8 method=java.lang.CharacterDataLatin1.digit(II)I @ 12 c2
Event: 2.501 Thread 0x00000270c4941a80 DEOPT PACKING pc=0x00000270b7ed5dc8 sp=0x0000009dde4fe6a0
Event: 2.501 Thread 0x00000270c4941a80 DEOPT UNPACKING pc=0x00000270b03d23a3 sp=0x0000009dde4fe618 mode 2
Event: 5.845 Thread 0x00000270acce0450 Uncommon trap: trap_request=0xffffff45 fr.pc=0x00000270b7ec55fc relative=0x0000000000000fdc
Event: 5.845 Thread 0x00000270acce0450 Uncommon trap: reason=unstable_if action=reinterpret pc=0x00000270b7ec55fc method=java.util.concurrent.ConcurrentHashMap.putVal(Ljava/lang/Object;Ljava/lang/Object;Z)Ljava/lang/Object; @ 231 c2
Event: 5.845 Thread 0x00000270acce0450 DEOPT PACKING pc=0x00000270b7ec55fc sp=0x0000009ddc4fd630
Event: 5.845 Thread 0x00000270acce0450 DEOPT UNPACKING pc=0x00000270b03d23a3 sp=0x0000009ddc4fd5a0 mode 2

Classes unloaded (0 events):
No events

Classes redefined (0 events):
No events

Internal exceptions (20 events):
Event: 2.513 Thread 0x00000270c4941a80 Exception <a 'java/net/ConnectException'{0x00000000c4256650}: Connection refused: no further information> (0x00000000c4256650) 
thrown [e:\jenkins\tmp\workspace\build\src\src\hotspot\share\prims\jni.cpp, line 535]
Event: 2.513 Thread 0x00000270c4941a80 Exception <a 'java/net/SocketException'{0x00000000c4256988}: Socket is not connected: shutdown> (0x00000000c4256988) 
thrown [e:\jenkins\tmp\workspace\build\src\src\hotspot\share\prims\jni.cpp, line 535]
Event: 2.548 Thread 0x00000270c4941a80 Exception <a 'java/net/ConnectException'{0x00000000c4257920}: Connection refused: no further information> (0x00000000c4257920) 
thrown [e:\jenkins\tmp\workspace\build\src\src\hotspot\share\prims\jni.cpp, line 535]
Event: 2.549 Thread 0x00000270c4941a80 Exception <a 'java/net/SocketException'{0x00000000c4257c58}: Socket is not connected: shutdown> (0x00000000c4257c58) 
thrown [e:\jenkins\tmp\workspace\build\src\src\hotspot\share\prims\jni.cpp, line 535]
Event: 2.599 Thread 0x00000270c4941a80 Exception <a 'java/net/ConnectException'{0x00000000c4258bf0}: Connection refused: no further information> (0x00000000c4258bf0) 
thrown [e:\jenkins\tmp\workspace\build\src\src\hotspot\share\prims\jni.cpp, line 535]
Event: 2.599 Thread 0x00000270c4941a80 Exception <a 'java/net/SocketException'{0x00000000c4258f28}: Socket is not connected: shutdown> (0x00000000c4258f28) 
thrown [e:\jenkins\tmp\workspace\build\src\src\hotspot\share\prims\jni.cpp, line 535]
Event: 2.691 Thread 0x00000270c4941a80 Exception <a 'java/net/ConnectException'{0x00000000c4259ec0}: Connection refused: no further information> (0x00000000c4259ec0) 
thrown [e:\jenkins\tmp\workspace\build\src\src\hotspot\share\prims\jni.cpp, line 535]
Event: 2.691 Thread 0x00000270c4941a80 Exception <a 'java/net/SocketException'{0x00000000c425a1f8}: Socket is not connected: shutdown> (0x00000000c425a1f8) 
thrown [e:\jenkins\tmp\workspace\build\src\src\hotspot\share\prims\jni.cpp, line 535]
Event: 2.883 Thread 0x00000270acce0450 Exception <a 'java/lang/NoSuchMethodError'{0x00000000c42d0a90}: 'double java.lang.invoke.DirectMethodHandle$Holder.invokeVirtual(java.lang.Object, java.lang.Object)'> (0x00000000c42d0a90) 
thrown [e:\jenkins\tmp\workspace\build\src\src\hotspot\share\interpreter\linkResolver.cpp, line 766]
Event: 2.884 Thread 0x00000270acce0450 Exception <a 'java/lang/NoSuchMethodError'{0x00000000c42d7238}: 'float java.lang.invoke.DirectMethodHandle$Holder.invokeVirtual(java.lang.Object, java.lang.Object)'> (0x00000000c42d7238) 
thrown [e:\jenkins\tmp\workspace\build\src\src\hotspot\share\interpreter\linkResolver.cpp, line 766]
Event: 2.885 Thread 0x00000270acce0450 Exception <a 'java/lang/NoSuchMethodError'{0x00000000c42e0458}: 'long java.lang.invoke.DirectMethodHandle$Holder.invokeVirtual(java.lang.Object, java.lang.Object)'> (0x00000000c42e0458) 
thrown [e:\jenkins\tmp\workspace\build\src\src\hotspot\share\interpreter\linkResolver.cpp, line 766]
Event: 2.923 Thread 0x00000270acce0450 Exception <a 'java/lang/NoSuchMethodError'{0x00000000c2d2ac50}: 'void java.lang.invoke.DirectMethodHandle$Holder.invokeSpecial(java.lang.Object, java.lang.Object, java.lang.Object, java.lang.Object, java.lang.Object)'> (0x00000000c2d2ac50) 
thrown [e:\jenkins\tmp\workspace\build\src\src\hotspot\share\interpreter\linkResolver.cpp, line 766]
Event: 2.924 Thread 0x00000270acce0450 Exception <a 'java/lang/NoSuchMethodError'{0x00000000c2d31b30}: 'void java.lang.invoke.DirectMethodHandle$Holder.invokeStatic(java.lang.Object, java.lang.Object, int)'> (0x00000000c2d31b30) 
thrown [e:\jenkins\tmp\workspace\build\src\src\hotspot\share\interpreter\linkResolver.cpp, line 766]
Event: 2.945 Thread 0x00000270acce0450 Exception <a 'java/lang/NoSuchMethodError'{0x00000000c2ded168}: 'java.lang.Object java.lang.invoke.DirectMethodHandle$Holder.newInvokeSpecial(java.lang.Object, java.lang.Object, java.lang.Object, java.lang.Object, java.lang.Object)'> (0x00000000c2ded168) 
thrown [e:\jenkins\tmp\workspace\build\src\src\hotspot\share\interpreter\linkResolver.cpp, line 766]
Event: 2.976 Thread 0x00000270acce0450 Exception <a 'java/lang/NoSuchMethodError'{0x00000000c2cc3560}: 'int java.lang.invoke.DirectMethodHandle$Holder.invokeSpecialIFC(java.lang.Object, java.lang.Object, java.lang.Object)'> (0x00000000c2cc3560) 
thrown [e:\jenkins\tmp\workspace\build\src\src\hotspot\share\interpreter\linkResolver.cpp, line 766]
Event: 3.085 Thread 0x00000270acce0450 Exception <a 'java/lang/NoSuchMethodError'{0x00000000c2824b00}: 'void java.lang.invoke.DirectMethodHandle$Holder.invokeSpecial(java.lang.Object, java.lang.Object, java.lang.Object, java.lang.Object, java.lang.Object, java.lang.Object)'> (0x00000000c2824b00) 
thrown [e:\jenkins\tmp\workspace\build\src\src\hotspot\share\interpreter\linkResolver.cpp, line 766]
Event: 5.778 Thread 0x00000270acce0450 Exception <a 'java/lang/NoSuchMethodError'{0x00000000c42936c0}: 'java.lang.Object java.lang.invoke.DirectMethodHandle$Holder.invokeSpecialIFC(java.lang.Object, java.lang.Object, java.lang.Object)'> (0x00000000c42936c0) 
thrown [e:\jenkins\tmp\workspace\build\src\src\hotspot\share\interpreter\linkResolver.cpp, line 766]
Event: 5.784 Thread 0x00000270acce0450 Exception <a 'java/lang/NoSuchMethodError'{0x00000000c42bf238}: 'void java.lang.invoke.DirectMethodHandle$Holder.invokeSpecial(java.lang.Object, java.lang.Object, java.lang.Object)'> (0x00000000c42bf238) 
thrown [e:\jenkins\tmp\workspace\build\src\src\hotspot\share\interpreter\linkResolver.cpp, line 766]
Event: 5.823 Thread 0x00000270acce0450 Exception <a 'java/lang/ClassNotFoundException'{0x00000000c415d950}: sun/util/logging/resources/spi/loggingProvider> (0x00000000c415d950) 
thrown [e:\jenkins\tmp\workspace\build\src\src\hotspot\share\classfile\systemDictionary.cpp, line 256]
Event: 12.002 Thread 0x00000270acce0450 Exception <a 'java/lang/NoSuchMethodError'{0x00000000c2864f08}: 'int java.lang.invoke.DirectMethodHandle$Holder.invokeInterface(java.lang.Object, java.lang.Object)'> (0x00000000c2864f08) 
thrown [e:\jenkins\tmp\workspace\build\src\src\hotspot\share\interpreter\linkResolver.cpp, line 766]

VM Operations (20 events):
Event: 3.021 Executing VM operation: HandshakeAllThreads
Event: 3.021 Executing VM operation: HandshakeAllThreads done
Event: 3.160 Executing VM operation: G1CollectForAllocation
Event: 3.163 Executing VM operation: G1CollectForAllocation done
Event: 3.281 Executing VM operation: G1TryInitiateConcMark
Event: 3.282 Executing VM operation: G1TryInitiateConcMark done
Event: 4.286 Executing VM operation: Cleanup
Event: 4.286 Executing VM operation: Cleanup done
Event: 6.300 Executing VM operation: Cleanup
Event: 6.301 Executing VM operation: Cleanup done
Event: 7.303 Executing VM operation: Cleanup
Event: 7.303 Executing VM operation: Cleanup done
Event: 8.316 Executing VM operation: Cleanup
Event: 8.316 Executing VM operation: Cleanup done
Event: 12.347 Executing VM operation: Cleanup
Event: 12.347 Executing VM operation: Cleanup done
Event: 13.352 Executing VM operation: Cleanup
Event: 13.353 Executing VM operation: Cleanup done
Event: 14.356 Executing VM operation: Cleanup
Event: 14.356 Executing VM operation: Cleanup done

Events (20 events):
Event: 6.045 loading class java/util/stream/SortedOps$AbstractRefSortingSink
Event: 6.046 loading class java/util/stream/SortedOps$AbstractRefSortingSink done
Event: 6.046 loading class java/util/stream/SortedOps$SizedRefSortingSink done
Event: 6.508 loading class java/util/concurrent/ConcurrentLinkedDeque$Itr
Event: 6.508 loading class java/util/concurrent/ConcurrentLinkedDeque$AbstractItr
Event: 6.508 loading class java/util/concurrent/ConcurrentLinkedDeque$AbstractItr done
Event: 6.508 loading class java/util/concurrent/ConcurrentLinkedDeque$Itr done
Event: 7.877 Thread 0x00000270c4d25e10 Thread exited: 0x00000270c4d25e10
Event: 11.989 loading class java/util/concurrent/ConcurrentLinkedQueue$Itr
Event: 11.989 loading class java/util/concurrent/ConcurrentLinkedQueue$Itr done
Event: 11.997 loading class java/util/Spliterators$IntArraySpliterator
Event: 11.997 loading class java/util/Spliterators$IntArraySpliterator done
Event: 11.998 loading class java/util/stream/IntPipeline$1
Event: 11.998 loading class java/util/stream/IntPipeline$1 done
Event: 11.998 loading class java/util/stream/IntPipeline$1$1
Event: 11.998 loading class java/util/stream/IntPipeline$1$1 done
Event: 12.167 loading class java/net/URLEncoder
Event: 12.180 loading class java/net/URLEncoder done
Event: 12.180 loading class java/io/CharArrayWriter
Event: 12.181 loading class java/io/CharArrayWriter done


Dynamic libraries:
0x00007ff773260000 - 0x00007ff77326e000 	C:\Users\anamendra.y(2420)\.p2\pool\plugins\org.eclipse.justj.openjdk.hotspot.jre.full.win32.x86_64_17.0.1.v20211116-1657\jre\bin\javaw.exe
0x00007ff873b10000 - 0x00007ff873d05000 	C:\WINDOWS\SYSTEM32\ntdll.dll
0x00007ff873a00000 - 0x00007ff873abe000 	C:\WINDOWS\System32\KERNEL32.DLL
0x00007ff871560000 - 0x00007ff871828000 	C:\WINDOWS\System32\KERNELBASE.dll
0x00007ff871350000 - 0x00007ff871450000 	C:\WINDOWS\System32\ucrtbase.dll
0x00007ff86c370000 - 0x00007ff86c388000 	C:\Users\anamendra.y(2420)\.p2\pool\plugins\org.eclipse.justj.openjdk.hotspot.jre.full.win32.x86_64_17.0.1.v20211116-1657\jre\bin\jli.dll
0x00007ff873680000 - 0x00007ff873821000 	C:\WINDOWS\System32\USER32.dll
0x00007ff871a90000 - 0x00007ff871ab2000 	C:\WINDOWS\System32\win32u.dll
0x00007ff872550000 - 0x00007ff87257b000 	C:\WINDOWS\System32\GDI32.dll
0x00007ff871450000 - 0x00007ff87155d000 	C:\WINDOWS\System32\gdi32full.dll
0x00007ff871220000 - 0x00007ff8712bd000 	C:\WINDOWS\System32\msvcp_win.dll
0x00007ff85d8e0000 - 0x00007ff85db7a000 	C:\WINDOWS\WinSxS\amd64_microsoft.windows.common-controls_6595b64144ccf1df_6.0.19041.1110_none_60b5254171f9507e\COMCTL32.dll
0x00007ff873260000 - 0x00007ff8732fe000 	C:\WINDOWS\System32\msvcrt.dll
0x00007ff86b500000 - 0x00007ff86b519000 	C:\Users\anamendra.y(2420)\.p2\pool\plugins\org.eclipse.justj.openjdk.hotspot.jre.full.win32.x86_64_17.0.1.v20211116-1657\jre\bin\VCRUNTIME140.dll
0x00007ff872f30000 - 0x00007ff872f60000 	C:\WINDOWS\System32\IMM32.DLL
0x00007ff86e600000 - 0x00007ff86e60c000 	C:\Users\anamendra.y(2420)\.p2\pool\plugins\org.eclipse.justj.openjdk.hotspot.jre.full.win32.x86_64_17.0.1.v20211116-1657\jre\bin\vcruntime140_1.dll
0x00007ff860bc0000 - 0x00007ff860c51000 	C:\Users\anamendra.y(2420)\.p2\pool\plugins\org.eclipse.justj.openjdk.hotspot.jre.full.win32.x86_64_17.0.1.v20211116-1657\jre\bin\msvcp140.dll
0x00007ff80a030000 - 0x00007ff80ac76000 	C:\Users\anamendra.y(2420)\.p2\pool\plugins\org.eclipse.justj.openjdk.hotspot.jre.full.win32.x86_64_17.0.1.v20211116-1657\jre\bin\server\jvm.dll
0x00007ff872140000 - 0x00007ff8721ec000 	C:\WINDOWS\System32\ADVAPI32.dll
0x00007ff873310000 - 0x00007ff8733ab000 	C:\WINDOWS\System32\sechost.dll
0x00007ff8726b0000 - 0x00007ff8727da000 	C:\WINDOWS\System32\RPCRT4.dll
0x00007ff873ac0000 - 0x00007ff873ac8000 	C:\WINDOWS\System32\PSAPI.DLL
0x00007ff862ed0000 - 0x00007ff862ef7000 	C:\WINDOWS\SYSTEM32\WINMM.dll
0x00007ff870000000 - 0x00007ff87000a000 	C:\WINDOWS\SYSTEM32\VERSION.dll
0x00007ff85ed60000 - 0x00007ff85ed69000 	C:\WINDOWS\SYSTEM32\WSOCK32.dll
0x00007ff873550000 - 0x00007ff8735bb000 	C:\WINDOWS\System32\WS2_32.dll
0x00007ff86ffc0000 - 0x00007ff86ffd2000 	C:\WINDOWS\SYSTEM32\kernel.appcore.dll
0x00007ff86aed0000 - 0x00007ff86aeda000 	C:\Users\anamendra.y(2420)\.p2\pool\plugins\org.eclipse.justj.openjdk.hotspot.jre.full.win32.x86_64_17.0.1.v20211116-1657\jre\bin\jimage.dll
0x00007ff85f260000 - 0x00007ff85f444000 	C:\WINDOWS\SYSTEM32\DBGHELP.DLL
0x00007ff85ed30000 - 0x00007ff85ed5c000 	C:\WINDOWS\SYSTEM32\dbgcore.DLL
0x00007ff871ac0000 - 0x00007ff871b42000 	C:\WINDOWS\System32\bcryptPrimitives.dll
0x00007ff84a500000 - 0x00007ff84a525000 	C:\Users\anamendra.y(2420)\.p2\pool\plugins\org.eclipse.justj.openjdk.hotspot.jre.full.win32.x86_64_17.0.1.v20211116-1657\jre\bin\java.dll
0x00007ff8616e0000 - 0x00007ff8616f8000 	C:\Users\anamendra.y(2420)\.p2\pool\plugins\org.eclipse.justj.openjdk.hotspot.jre.full.win32.x86_64_17.0.1.v20211116-1657\jre\bin\zip.dll
0x00007ff8727e0000 - 0x00007ff872f24000 	C:\WINDOWS\System32\SHELL32.dll
0x00007ff86f150000 - 0x00007ff86f8e4000 	C:\WINDOWS\SYSTEM32\windows.storage.dll
0x00007ff8721f0000 - 0x00007ff872545000 	C:\WINDOWS\System32\combase.dll
0x00007ff870ba0000 - 0x00007ff870bce000 	C:\WINDOWS\SYSTEM32\Wldp.dll
0x00007ff873440000 - 0x00007ff8734ed000 	C:\WINDOWS\System32\SHCORE.dll
0x00007ff8735c0000 - 0x00007ff873615000 	C:\WINDOWS\System32\shlwapi.dll
0x00007ff871160000 - 0x00007ff87117f000 	C:\WINDOWS\SYSTEM32\profapi.dll
0x00007ff81a2d0000 - 0x00007ff81a2e9000 	C:\Users\anamendra.y(2420)\.p2\pool\plugins\org.eclipse.justj.openjdk.hotspot.jre.full.win32.x86_64_17.0.1.v20211116-1657\jre\bin\net.dll
0x00007ff8698b0000 - 0x00007ff8699bc000 	C:\WINDOWS\SYSTEM32\WINHTTP.dll
0x00007ff870900000 - 0x00007ff87096a000 	C:\WINDOWS\system32\mswsock.dll
0x00007ff817110000 - 0x00007ff817125000 	C:\Users\anamendra.y(2420)\.p2\pool\plugins\org.eclipse.justj.openjdk.hotspot.jre.full.win32.x86_64_17.0.1.v20211116-1657\jre\bin\nio.dll
0x00007ff870630000 - 0x00007ff8706fb000 	C:\WINDOWS\SYSTEM32\DNSAPI.dll
0x00007ff8705f0000 - 0x00007ff87062b000 	C:\WINDOWS\SYSTEM32\IPHLPAPI.DLL
0x00007ff873300000 - 0x00007ff873308000 	C:\WINDOWS\System32\NSI.dll
0x00007ff864880000 - 0x00007ff86488a000 	C:\Windows\System32\rasadhlp.dll
0x00007ff86c450000 - 0x00007ff86c4cf000 	C:\WINDOWS\System32\fwpuclnt.dll
0x00007ff8712c0000 - 0x00007ff8712e7000 	C:\WINDOWS\System32\bcrypt.dll
0x00007ff870b00000 - 0x00007ff870b18000 	C:\WINDOWS\SYSTEM32\CRYPTSP.dll
0x00007ff870280000 - 0x00007ff8702b4000 	C:\WINDOWS\system32\rsaenh.dll
0x00007ff871120000 - 0x00007ff87114e000 	C:\WINDOWS\SYSTEM32\USERENV.dll
0x00007ff870af0000 - 0x00007ff870afc000 	C:\WINDOWS\SYSTEM32\CRYPTBASE.dll
0x00007ff86c140000 - 0x00007ff86c157000 	C:\WINDOWS\SYSTEM32\dhcpcsvc6.DLL
0x00007ff86c0c0000 - 0x00007ff86c0dd000 	C:\WINDOWS\SYSTEM32\dhcpcsvc.DLL
0x00007ff85ddc0000 - 0x00007ff85ddd7000 	C:\WINDOWS\system32\napinsp.dll
0x00007ff85dda0000 - 0x00007ff85ddbb000 	C:\WINDOWS\system32\pnrpnsp.dll
0x00007ff85dcb0000 - 0x00007ff85dcc5000 	C:\WINDOWS\system32\wshbth.dll
0x00007ff86cb00000 - 0x00007ff86cb1d000 	C:\WINDOWS\system32\NLAapi.dll
0x00007ff85dc30000 - 0x00007ff85dc42000 	C:\WINDOWS\System32\winrnr.dll
0x00007ff861eb0000 - 0x00007ff861ec0000 	C:\Users\anamendra.y(2420)\.p2\pool\plugins\org.eclipse.justj.openjdk.hotspot.jre.full.win32.x86_64_17.0.1.v20211116-1657\jre\bin\verify.dll
0x00007ff861ea0000 - 0x00007ff861ea9000 	C:\Users\anamendra.y(2420)\.p2\pool\plugins\org.eclipse.justj.openjdk.hotspot.jre.full.win32.x86_64_17.0.1.v20211116-1657\jre\bin\management.dll
0x00007ff861620000 - 0x00007ff86162b000 	C:\Users\anamendra.y(2420)\.p2\pool\plugins\org.eclipse.justj.openjdk.hotspot.jre.full.win32.x86_64_17.0.1.v20211116-1657\jre\bin\management_ext.dll
0x00007ff86aec0000 - 0x00007ff86aece000 	C:\Users\anamendra.y(2420)\.p2\pool\plugins\org.eclipse.justj.openjdk.hotspot.jre.full.win32.x86_64_17.0.1.v20211116-1657\jre\bin\sunmscapi.dll
0x00007ff8718e0000 - 0x00007ff871a36000 	C:\WINDOWS\System32\CRYPT32.dll
0x00007ff870c10000 - 0x00007ff870c37000 	C:\WINDOWS\SYSTEM32\ncrypt.dll
0x00007ff870bd0000 - 0x00007ff870c0b000 	C:\WINDOWS\SYSTEM32\NTASN1.dll
0x00007ff86e670000 - 0x00007ff86e677000 	C:\WINDOWS\system32\wshunix.dll

dbghelp: loaded successfully - version: 4.0.5 - missing functions: none
symbol engine: initialized successfully - sym options: 0x614 - pdb path: .;C:\Users\anamendra.y(2420)\.p2\pool\plugins\org.eclipse.justj.openjdk.hotspot.jre.full.win32.x86_64_17.0.1.v20211116-1657\jre\bin;C:\WINDOWS\SYSTEM32;C:\WINDOWS\WinSxS\amd64_microsoft.windows.common-controls_6595b64144ccf1df_6.0.19041.1110_none_60b5254171f9507e;C:\Users\anamendra.y(2420)\.p2\pool\plugins\org.eclipse.justj.openjdk.hotspot.jre.full.win32.x86_64_17.0.1.v20211116-1657\jre\bin\server

VM Arguments:
jvm_args: -ea -Dfile.encoding=Cp1252 -XX:+ShowCodeDetailsInExceptionMessages 
java_command: org.testng.remote.RemoteTestNG -serport 61408 -protocol json -d C:\Users\anamendra.y(2420)\eclipse-workspace\automateDemo\test-output C:\Users\anamendra.y(2420)\eclipse-workspace\automateDemo\testng.xml
java_class_path (initial): C:\Users\anamendra.y(2420)\eclipse\java-2021-12\eclipse\configuration\org.eclipse.osgi\429\0\.cp\lib\testng-remote.jar;C:\Users\anamendra.y(2420)\eclipse-workspace\automateDemo\target\test-classes;C:\Users\anamendra.y(2420)\eclipse-workspace\automateDemo\target\classes;C:\Users\anamendra.y(2420)\.p2\pool\plugins\org.testng_7.4.0.r202105021533.jar;C:\Users\anamendra.y(2420)\.p2\pool\plugins\com.beust.jcommander_1.78.0.jar;C:\Users\anamendra.y(2420)\.p2\pool\plugins\org.apache-extras.beanshell.bsh_2.0.0.b6.jar;C:\Users\anamendra.y(2420)\.p2\pool\plugins\org.yaml.snakeyaml_1.21.0.jar;C:\Users\anamendra.y(2420)\.p2\pool\plugins\org.webjars.jquery_3.5.1.jar;C:\Users\anamendra.y(2420)\.m2\repository\org\seleniumhq\selenium\selenium-java\4.1.1\selenium-java-4.1.1.jar;C:\Users\anamendra.y(2420)\.m2\repository\org\seleniumhq\selenium\selenium-api\4.1.1\selenium-api-4.1.1.jar;C:\Users\anamendra.y(2420)\.m2\repository\org\seleniumhq\selenium\selenium-chrome-driver\4.1.1\selenium-chrome-driver-4.1.1.jar;C:\Users\anamendra.y(2420)\.m2\repository\com\google\auto\service\auto-service-annotations\1.0.1\auto-service-annotations-1.0.1.jar;C:\Users\anamendra.y(2420)\.m2\repository\com\google\auto\service\auto-service\1.0.1\auto-service-1.0.1.jar;C:\Users\anamendra.y(2420)\.m2\repository\com\google\auto\auto-common\1.2\auto-common-1.2.jar;C:\Users\anamendra.y(2420)\.m2\repository\com\google\guava\guava\31.0.1-jre\guava-31.0.1-jre.jar;C:\Users\anamendra.y(2420)\.m2\repository\com\google\guava\failureaccess\1.0.1\failureaccess-1.0.1.jar;C:\Users\anamendra.y(2420)\.m2\repository\com\google\guava\listenablefuture\9999.0-empty-to-avoid-conflict-with-guava\listenablefuture-9999.0-empty-to-avoid-conflict-with-guava.jar;C:\Users\anamendra.y(2420)\.m2\repository\com\google\code\findbugs\jsr305\3.0.2\jsr305-3.0.2.jar;C:\Users\anamendra.y(2420)\.m2\repository\org\checkerframework\checker-qual\3.12.0\checker-qual-3.12.0.jar;C:\Users\anamendra.y(2420)\.m2\repository\com
Launcher Type: SUN_STANDARD

[Global flags]
     intx CICompilerCount                          = 3                                         {product} {ergonomic}
     uint ConcGCThreads                            = 1                                         {product} {ergonomic}
     uint G1ConcRefinementThreads                  = 4                                         {product} {ergonomic}
   size_t G1HeapRegionSize                         = 1048576                                   {product} {ergonomic}
    uintx GCDrainStackTargetSize                   = 64                                        {product} {ergonomic}
   size_t InitialHeapSize                          = 67108864                                  {product} {ergonomic}
   size_t MarkStackSize                            = 4194304                                   {product} {ergonomic}
   size_t MaxHeapSize                              = 1052770304                                {product} {ergonomic}
   size_t MaxNewSize                               = 631242752                                 {product} {ergonomic}
   size_t MinHeapDeltaBytes                        = 1048576                                   {product} {ergonomic}
   size_t MinHeapSize                              = 8388608                                   {product} {ergonomic}
    uintx NonNMethodCodeHeapSize                   = 5832780                                {pd product} {ergonomic}
    uintx NonProfiledCodeHeapSize                  = 122912730                              {pd product} {ergonomic}
    uintx ProfiledCodeHeapSize                     = 122912730                              {pd product} {ergonomic}
    uintx ReservedCodeCacheSize                    = 251658240                              {pd product} {ergonomic}
     bool SegmentedCodeCache                       = true                                      {product} {ergonomic}
     bool ShowCodeDetailsInExceptionMessages       = true                                   {manageable} {command line}
   size_t SoftMaxHeapSize                          = 1052770304                             {manageable} {ergonomic}
     bool UseCompressedClassPointers               = true                           {product lp64_product} {ergonomic}
     bool UseCompressedOops                        = true                           {product lp64_product} {ergonomic}
     bool UseG1GC                                  = true                                      {product} {ergonomic}
     bool UseLargePagesIndividualAllocation        = false                                  {pd product} {ergonomic}

Logging:
Log output configuration:
 #0: stdout all=warning uptime,level,tags
 #1: stderr all=off uptime,level,tags

Environment Variables:
PATH=C:/Users/anamendra.y(2420)/.p2/pool/plugins/org.eclipse.justj.openjdk.hotspot.jre.full.win32.x86_64_17.0.1.v20211116-1657/jre/bin/server;C:/Users/anamendra.y(2420)/.p2/pool/plugins/org.eclipse.justj.openjdk.hotspot.jre.full.win32.x86_64_17.0.1.v20211116-1657/jre/bin;"C:\Program Files\nodejs\node_modules\npm\bin;C:\Users\anamendra.y(2420)\Downloads\chromedriver_win32;";C:\Python310\;C:\Program Files (x86)\Common Files\Oracle\Java\javapath;C:\Program Files (x86)\Intel\iCLS Client\;C:\Users\anamendra.y(2420)\Downloads\apache-ant-1.10.12\apache-ant-1.10.12\bin;C:\Program Files\Intel\iCLS Client\;C:\WINDOWS\system32;C:\WINDOWS;C:\WINDOWS\System32\Wbem;C:\WINDOWS\System32\WindowsPowerShell\v1.0\;C:\Program Files\Intel\Intel(R) Management Engine Components\DAL;C:\Program Files\Intel\Intel(R) Management Engine Components\IPT;C:\Program Files (x86)\Intel\Intel(R) Management Engine Components\DAL;C:\Program Files (x86)\Intel\Intel(R) Management Engine Components\IPT;C:\WINDOWS\System32\OpenSSH\;D:\Softwares\apache-jmeter-5.2.1\apache-jmeter-5.2.1\bin;D:\apache-ant-1.9.9\bin;C:\Program Files\Git\cmd;C:\Program Files\nodejs\;C:\Program Files (x86)\dotnet\;C:\ProgramData\chocolatey\bin;C:\Program Files\Microsoft VS Code\bin;C:\apache-maven-3.8.4\bin;C:\Program Files\dotnet\;C:\Users\anamendra.y(2420)\AppData\Local\Microsoft\WindowsApps;C:\Users\anamendra.y(2420)\AppData\Roaming\npm;C:\Users\anamendra.y(2420)\.dotnet\tools;C:\WINDOWS\system32;
USERNAME=anamendra.y(2420)
OS=Windows_NT
PROCESSOR_IDENTIFIER=Intel64 Family 6 Model 60 Stepping 3, GenuineIntel



---------------  S Y S T E M  ---------------

OS:
 Windows 10 , 64 bit Build 19041 (10.0.19041.1348)
OS uptime: 0 days 8:11 hours

CPU: total 4 (initial active 4) (4 cores per cpu, 1 threads per core) family 6 model 60 stepping 3 microcode 0x27, cx8, cmov, fxsr, mmx, sse, sse2, sse3, ssse3, sse4.1, sse4.2, popcnt, lzcnt, tsc, tscinvbit, avx, avx2, aes, erms, clmul, bmi1, bmi2, fma, vzeroupper, clflush

Memory: 4k page, system-wide physical 4013M (373M free)
TotalPageFile size 10526M (AvailPageFile size 235M)
current process WorkingSet (physical memory assigned to process): 176M, peak: 194M
current process commit charge ("private bytes"): 203M, peak: 222M

vm_info: OpenJDK 64-Bit Server VM (17.0.1+12) for windows-amd64 JRE (17.0.1+12), built on Oct 20 2021 07:42:55 by "" with MS VC++ 16.7 (VS2019)

END.
