#
# There is insufficient memory for the Java Runtime Environment to continue.
# Native memory allocation (malloc) failed to allocate 739776 bytes for Chunk::new
# Possible reasons:
#   The system is out of physical RAM or swap space
#   The process is running with CompressedOops enabled, and the Java Heap may be blocking the growth of the native heap
# Possible solutions:
#   Reduce memory load on the system
#   Increase physical memory or swap space
#   Check if swap backing store is full
#   Decrease Java heap size (-Xmx/-Xms)
#   Decrease number of Java threads
#   Decrease Java thread stack sizes (-Xss)
#   Set larger code cache with -XX:ReservedCodeCacheSize=
#   JVM is running with Unscaled Compressed Oops mode in which the Java heap is
#     placed in the first 4GB address space. The Java Heap base address is the
#     maximum limit for the native heap growth. Please use -XX:HeapBaseMinAddress
#     to set the Java Heap base and to place the Java Heap above 4GB virtual address.
# This output file may be truncated or incomplete.
#
#  Out of Memory Error (arena.cpp:189), pid=20260, tid=20440
#
# JRE version: OpenJDK Runtime Environment Temurin-17.0.1+12 (17.0.1+12) (build 17.0.1+12)
# Java VM: OpenJDK 64-Bit Server VM Temurin-17.0.1+12 (17.0.1+12, mixed mode, tiered, compressed oops, compressed class ptrs, g1 gc, windows-amd64)
# No core dump will be written. Minidumps are not enabled by default on client versions of Windows
#

---------------  S U M M A R Y ------------

Command Line: -ea -Dfile.encoding=Cp1252 -XX:+ShowCodeDetailsInExceptionMessages org.testng.remote.RemoteTestNG -serport 65331 -protocol json -d C:\Users\anamendra.y(2420)\eclipse-workspace\automateDemo\test-output C:\Users\ANAMEN~1.Y(2\AppData\Local\Temp\testng-eclipse--2019137098\testng-customsuite.xml

Host: Intel(R) Core(TM) i5-4590T CPU @ 2.00GHz, 4 cores, 3G,  Windows 10 , 64 bit Build 19041 (10.0.19041.1348)
Time: Tue Mar  8 15:31:41 2022 India Standard Time elapsed time: 11.674728 seconds (0d 0h 0m 11s)

---------------  T H R E A D  ---------------

Current thread (0x0000013936958800):  JavaThread "C2 CompilerThread0" daemon [_thread_in_native, id=20440, stack(0x00000007ba800000,0x00000007ba900000)]


Current CompileTask:
C2:  11674 2067       4       java.lang.invoke.MethodType::makeImpl (109 bytes)

Stack: [0x00000007ba800000,0x00000007ba900000]
Native frames: (J=compiled Java code, j=interpreted, Vv=VM code, C=native code)
V  [jvm.dll+0x6744da]
V  [jvm.dll+0x82e144]
V  [jvm.dll+0x82f8ee]
V  [jvm.dll+0x82ff53]
V  [jvm.dll+0x245175]
V  [jvm.dll+0xab85b]
V  [jvm.dll+0xabdec]
V  [jvm.dll+0x2abf6f]
V  [jvm.dll+0x57b849]
V  [jvm.dll+0x22022d]
V  [jvm.dll+0x219711]
V  [jvm.dll+0x217345]
V  [jvm.dll+0x1a355d]
V  [jvm.dll+0x226e38]
V  [jvm.dll+0x224f7c]
V  [jvm.dll+0x7e3f5b]
V  [jvm.dll+0x7de51a]
V  [jvm.dll+0x673305]
C  [ucrtbase.dll+0x21bb2]
C  [KERNEL32.DLL+0x17034]
C  [ntdll.dll+0x52651]


---------------  P R O C E S S  ---------------

Threads class SMR info:
_java_thread_list=0x0000013939323b70, length=24, elements={
0x000001391f84fff0, 0x00000139368cbd40, 0x00000139368cc760, 0x000001393692ebb0,
0x0000013936930480, 0x0000013936930d40, 0x0000013936933350, 0x0000013936958800,
0x0000013936936620, 0x000001393695cd30, 0x000001393753c4e0, 0x0000013937556be0,
0x0000013937ac13d0, 0x0000013937ff85f0, 0x0000013937ff8ac0, 0x0000013937feb230,
0x0000013938c631c0, 0x000001393902ac80, 0x0000013939071070, 0x00000139391b65b0,
0x00000139391b3590, 0x00000139391b5c10, 0x00000139391b30c0, 0x00000139391b5270
}

Java Threads: ( => current thread )
  0x000001391f84fff0 JavaThread "Forwarding newSession on session null to remote" [_thread_in_native, id=5208, stack(0x00000007b9b00000,0x00000007b9c00000)]
  0x00000139368cbd40 JavaThread "Reference Handler" daemon [_thread_blocked, id=6740, stack(0x00000007ba200000,0x00000007ba300000)]
  0x00000139368cc760 JavaThread "Finalizer" daemon [_thread_blocked, id=2732, stack(0x00000007ba300000,0x00000007ba400000)]
  0x000001393692ebb0 JavaThread "Signal Dispatcher" daemon [_thread_blocked, id=20048, stack(0x00000007ba400000,0x00000007ba500000)]
  0x0000013936930480 JavaThread "Attach Listener" daemon [_thread_blocked, id=15780, stack(0x00000007ba500000,0x00000007ba600000)]
  0x0000013936930d40 JavaThread "Service Thread" daemon [_thread_blocked, id=18844, stack(0x00000007ba600000,0x00000007ba700000)]
  0x0000013936933350 JavaThread "Monitor Deflation Thread" daemon [_thread_blocked, id=13468, stack(0x00000007ba700000,0x00000007ba800000)]
=>0x0000013936958800 JavaThread "C2 CompilerThread0" daemon [_thread_in_native, id=20440, stack(0x00000007ba800000,0x00000007ba900000)]
  0x0000013936936620 JavaThread "C1 CompilerThread0" daemon [_thread_blocked, id=16828, stack(0x00000007ba900000,0x00000007baa00000)]
  0x000001393695cd30 JavaThread "Sweeper thread" daemon [_thread_blocked, id=18244, stack(0x00000007baa00000,0x00000007bab00000)]
  0x000001393753c4e0 JavaThread "Notification Thread" daemon [_thread_blocked, id=20320, stack(0x00000007bab00000,0x00000007bac00000)]
  0x0000013937556be0 JavaThread "Common-Cleaner" daemon [_thread_blocked, id=15380, stack(0x00000007bad00000,0x00000007bae00000)]
  0x0000013937ac13d0 JavaThread "ReaderThread" [_thread_in_native, id=7392, stack(0x00000007baf00000,0x00000007bb000000)]
  0x0000013937ff85f0 JavaThread "ForkJoinPool.commonPool-worker-1" daemon [_thread_blocked, id=7572, stack(0x00000007bb300000,0x00000007bb400000)]
  0x0000013937ff8ac0 JavaThread "ForkJoinPool.commonPool-worker-2" daemon [_thread_blocked, id=10988, stack(0x00000007bb400000,0x00000007bb500000)]
  0x0000013937feb230 JavaThread "ForkJoinPool.commonPool-worker-3" daemon [_thread_blocked, id=3340, stack(0x00000007bb500000,0x00000007bb600000)]
  0x0000013938c631c0 JavaThread "AsyncHttpClient-1-1" daemon [_thread_blocked, id=14920, stack(0x00000007bb600000,0x00000007bb700000)]
  0x000001393902ac80 JavaThread "Exec Default Executor" daemon [_thread_in_native, id=19936, stack(0x00000007bb700000,0x00000007bb800000)]
  0x0000013939071070 JavaThread "Driver Service Executor" daemon [_thread_blocked, id=248, stack(0x00000007bb800000,0x00000007bb900000)]
  0x00000139391b65b0 JavaThread "Driver Service Executor" daemon [_thread_blocked, id=12444, stack(0x00000007bb900000,0x00000007bba00000)]
  0x00000139391b3590 JavaThread "UrlChecker-2" daemon [_thread_blocked, id=15716, stack(0x00000007bba00000,0x00000007bbb00000)]
  0x00000139391b5c10 JavaThread "Exec Stream Pumper" daemon [_thread_in_native, id=16512, stack(0x00000007bbb00000,0x00000007bbc00000)]
  0x00000139391b30c0 JavaThread "Exec Stream Pumper" daemon [_thread_in_native, id=16364, stack(0x00000007bbc00000,0x00000007bbd00000)]
  0x00000139391b5270 JavaThread "AsyncHttpClient-1-2" daemon [_thread_in_native, id=5496, stack(0x00000007bbe00000,0x00000007bbf00000)]

Other Threads:
  0x000001391f9070e0 VMThread "VM Thread" [stack: 0x00000007ba100000,0x00000007ba200000] [id=19588]
  0x00000139374a59e0 WatcherThread [stack: 0x00000007bac00000,0x00000007bad00000] [id=16980]
  0x000001391f87dbf0 GCTaskThread "GC Thread#0" [stack: 0x00000007b9c00000,0x00000007b9d00000] [id=14012]
  0x0000013937f7b730 GCTaskThread "GC Thread#1" [stack: 0x00000007bb000000,0x00000007bb100000] [id=9572]
  0x0000013937f7b9e0 GCTaskThread "GC Thread#2" [stack: 0x00000007bb100000,0x00000007bb200000] [id=19192]
  0x0000013937f89dc0 GCTaskThread "GC Thread#3" [stack: 0x00000007bb200000,0x00000007bb300000] [id=4024]
  0x000001391f887e70 ConcurrentGCThread "G1 Main Marker" [stack: 0x00000007b9d00000,0x00000007b9e00000] [id=15388]
  0x000001391f888690 ConcurrentGCThread "G1 Conc#0" [stack: 0x00000007b9e00000,0x00000007b9f00000] [id=18564]
  0x000001391f8dbf10 ConcurrentGCThread "G1 Refine#0" [stack: 0x00000007b9f00000,0x00000007ba000000] [id=17052]
  0x000001391f8dc740 ConcurrentGCThread "G1 Service" [stack: 0x00000007ba000000,0x00000007ba100000] [id=11252]

Threads with active compile tasks:
C2 CompilerThread0    11710 2067       4       java.lang.invoke.MethodType::makeImpl (109 bytes)

VM state: not at safepoint (normal execution)

VM Mutex/Monitor currently owned by a thread: None

Heap address: 0x00000000c1400000, size: 1004 MB, Compressed Oops mode: 32-bit

CDS archive(s) not mapped
Compressed class space mapped at: 0x0000000100000000-0x0000000140000000, reserved size: 1073741824
Narrow klass base: 0x0000000000000000, Narrow klass shift: 3, Narrow klass range: 0x140000000

GC Precious Log:
 CPUs: 4 total, 4 available
 Memory: 4013M
 Large Page Support: Disabled
 NUMA Support: Disabled
 Compressed Oops: Enabled (32-bit)
 Heap Region Size: 1M
 Heap Min Capacity: 8M
 Heap Initial Capacity: 64M
 Heap Max Capacity: 1004M
 Pre-touch: Disabled
 Parallel Workers: 4
 Concurrent Workers: 1
 Concurrent Refinement Workers: 4
 Periodic GC: Disabled

Heap:
 garbage-first heap   total 40960K, used 31624K [0x00000000c1400000, 0x0000000100000000)
  region size 1024K, 6 young (6144K), 1 survivors (1024K)
 Metaspace       used 31284K, committed 31424K, reserved 1081344K
  class space    used 3590K, committed 3648K, reserved 1048576K

Heap Regions: E=young(eden), S=young(survivor), O=old, HS=humongous(starts), HC=humongous(continues), CS=collection set, F=free, OA=open archive, CA=closed archive, TAMS=top-at-mark-start (previous, next)
|   0|0x00000000c1400000, 0x00000000c1500000, 0x00000000c1500000|100%| O|  |TAMS 0x00000000c1500000, 0x00000000c1500000| Untracked 
|   1|0x00000000c1500000, 0x00000000c1600000, 0x00000000c1600000|100%| O|  |TAMS 0x00000000c1600000, 0x00000000c1600000| Untracked 
|   2|0x00000000c1600000, 0x00000000c1700000, 0x00000000c1700000|100%| O|  |TAMS 0x00000000c1700000, 0x00000000c1700000| Untracked 
|   3|0x00000000c1700000, 0x00000000c1800000, 0x00000000c1800000|100%| O|  |TAMS 0x00000000c1800000, 0x00000000c1800000| Untracked 
|   4|0x00000000c1800000, 0x00000000c1800000, 0x00000000c1900000|  0%| F|  |TAMS 0x00000000c1800000, 0x00000000c1800000| Untracked 
|   5|0x00000000c1900000, 0x00000000c1a00000, 0x00000000c1a00000|100%| O|  |TAMS 0x00000000c1900000, 0x00000000c1a00000| Untracked 
|   6|0x00000000c1a00000, 0x00000000c1b00000, 0x00000000c1b00000|100%| O|  |TAMS 0x00000000c1a00000, 0x00000000c1b00000| Untracked 
|   7|0x00000000c1b00000, 0x00000000c1c00000, 0x00000000c1c00000|100%| O|  |TAMS 0x00000000c1b00000, 0x00000000c1c00000| Untracked 
|   8|0x00000000c1c00000, 0x00000000c1d00000, 0x00000000c1d00000|100%| O|  |TAMS 0x00000000c1c00000, 0x00000000c1d00000| Untracked 
|   9|0x00000000c1d00000, 0x00000000c1d00000, 0x00000000c1e00000|  0%| F|  |TAMS 0x00000000c1d00000, 0x00000000c1d00000| Untracked 
|  10|0x00000000c1e00000, 0x00000000c1e00000, 0x00000000c1f00000|  0%| F|  |TAMS 0x00000000c1e00000, 0x00000000c1e00000| Untracked 
|  11|0x00000000c1f00000, 0x00000000c1f00000, 0x00000000c2000000|  0%| F|  |TAMS 0x00000000c1f00000, 0x00000000c1f00000| Untracked 
|  12|0x00000000c2000000, 0x00000000c20ecc00, 0x00000000c2100000| 92%| O|  |TAMS 0x00000000c2000000, 0x00000000c20ecc00| Untracked 
|  13|0x00000000c2100000, 0x00000000c2200000, 0x00000000c2200000|100%|HS|  |TAMS 0x00000000c2100000, 0x00000000c2100000| Complete 
|  14|0x00000000c2200000, 0x00000000c2300000, 0x00000000c2300000|100%|HC|  |TAMS 0x00000000c2200000, 0x00000000c2200000| Complete 
|  15|0x00000000c2300000, 0x00000000c2400000, 0x00000000c2400000|100%|HC|  |TAMS 0x00000000c2300000, 0x00000000c2300000| Complete 
|  16|0x00000000c2400000, 0x00000000c2500000, 0x00000000c2500000|100%|HC|  |TAMS 0x00000000c2400000, 0x00000000c2400000| Complete 
|  17|0x00000000c2500000, 0x00000000c2600000, 0x00000000c2600000|100%|HC|  |TAMS 0x00000000c2500000, 0x00000000c2500000| Complete 
|  18|0x00000000c2600000, 0x00000000c2700000, 0x00000000c2700000|100%|HC|  |TAMS 0x00000000c2600000, 0x00000000c2600000| Complete 
|  19|0x00000000c2700000, 0x00000000c2800000, 0x00000000c2800000|100%|HC|  |TAMS 0x00000000c2700000, 0x00000000c2700000| Complete 
|  20|0x00000000c2800000, 0x00000000c2900000, 0x00000000c2900000|100%|HC|  |TAMS 0x00000000c2800000, 0x00000000c2800000| Complete 
|  21|0x00000000c2900000, 0x00000000c2a00000, 0x00000000c2a00000|100%|HC|  |TAMS 0x00000000c2900000, 0x00000000c2900000| Complete 
|  22|0x00000000c2a00000, 0x00000000c2b00000, 0x00000000c2b00000|100%|HC|  |TAMS 0x00000000c2a00000, 0x00000000c2a00000| Complete 
|  23|0x00000000c2b00000, 0x00000000c2c00000, 0x00000000c2c00000|100%|HC|  |TAMS 0x00000000c2b00000, 0x00000000c2b00000| Complete 
|  24|0x00000000c2c00000, 0x00000000c2d00000, 0x00000000c2d00000|100%|HC|  |TAMS 0x00000000c2c00000, 0x00000000c2c00000| Complete 
|  25|0x00000000c2d00000, 0x00000000c2e00000, 0x00000000c2e00000|100%|HC|  |TAMS 0x00000000c2d00000, 0x00000000c2d00000| Complete 
|  26|0x00000000c2e00000, 0x00000000c2f00000, 0x00000000c2f00000|100%|HC|  |TAMS 0x00000000c2e00000, 0x00000000c2e00000| Complete 
|  27|0x00000000c2f00000, 0x00000000c3000000, 0x00000000c3000000|100%|HC|  |TAMS 0x00000000c2f00000, 0x00000000c2f00000| Complete 
|  28|0x00000000c3000000, 0x00000000c3100000, 0x00000000c3100000|100%|HC|  |TAMS 0x00000000c3000000, 0x00000000c3000000| Complete 
|  29|0x00000000c3100000, 0x00000000c3200000, 0x00000000c3200000|100%|HC|  |TAMS 0x00000000c3100000, 0x00000000c3100000| Complete 
|  30|0x00000000c3200000, 0x00000000c3200000, 0x00000000c3300000|  0%| F|  |TAMS 0x00000000c3200000, 0x00000000c3200000| Untracked 
|  31|0x00000000c3300000, 0x00000000c3300000, 0x00000000c3400000|  0%| F|  |TAMS 0x00000000c3300000, 0x00000000c3300000| Untracked 
|  32|0x00000000c3400000, 0x00000000c3400000, 0x00000000c3500000|  0%| F|  |TAMS 0x00000000c3400000, 0x00000000c3400000| Untracked 
|  33|0x00000000c3500000, 0x00000000c3500000, 0x00000000c3600000|  0%| F|  |TAMS 0x00000000c3500000, 0x00000000c3500000| Untracked 
|  34|0x00000000c3600000, 0x00000000c3700000, 0x00000000c3700000|100%| E|  |TAMS 0x00000000c3600000, 0x00000000c3600000| Complete 
|  35|0x00000000c3700000, 0x00000000c37f5400, 0x00000000c3800000| 95%| S|CS|TAMS 0x00000000c3700000, 0x00000000c3700000| Complete 
|  44|0x00000000c4000000, 0x00000000c4100000, 0x00000000c4100000|100%| E|CS|TAMS 0x00000000c4000000, 0x00000000c4000000| Complete 
|  45|0x00000000c4100000, 0x00000000c4200000, 0x00000000c4200000|100%| E|CS|TAMS 0x00000000c4100000, 0x00000000c4100000| Complete 
|  46|0x00000000c4200000, 0x00000000c4300000, 0x00000000c4300000|100%| E|CS|TAMS 0x00000000c4200000, 0x00000000c4200000| Complete 
|  63|0x00000000c5300000, 0x00000000c5400000, 0x00000000c5400000|100%| E|CS|TAMS 0x00000000c5300000, 0x00000000c5300000| Complete 

Card table byte_map: [0x00000139320f0000,0x00000139322f0000] _byte_map_base: 0x0000013931ae6000

Marking Bits (Prev, Next): (CMBitMap*) 0x000001391f87f060, (CMBitMap*) 0x000001391f87f020
 Prev Bits: [0x00000139334a0000, 0x0000013934450000)
 Next Bits: [0x00000139324f0000, 0x00000139334a0000)

Polling page: 0x000001391f020000

Metaspace:

Usage:
  Non-class:     27.05 MB used.
      Class:      3.51 MB used.
       Both:     30.55 MB used.

Virtual space:
  Non-class space:       32.00 MB reserved,      27.12 MB ( 85%) committed,  4 nodes.
      Class space:        1.00 GB reserved,       3.56 MB ( <1%) committed,  1 nodes.
             Both:        1.03 GB reserved,      30.69 MB (  3%) committed. 

Chunk freelists:
   Non-Class:  64.00 KB
       Class:  384.00 KB
        Both:  448.00 KB

MaxMetaspaceSize: unlimited
CompressedClassSpaceSize: 1.00 GB
Initial GC threshold: 21.00 MB
Current GC threshold: 35.25 MB
CDS: off
MetaspaceReclaimPolicy: balanced
 - commit_granule_bytes: 65536.
 - commit_granule_words: 8192.
 - virtual_space_node_default_size: 1048576.
 - enlarge_chunks_in_place: 1.
 - new_chunks_are_fully_committed: 0.
 - uncommit_free_chunks: 1.
 - use_allocation_guard: 0.
 - handle_deallocations: 1.


Internal statistics:

num_allocs_failed_limit: 3.
num_arena_births: 206.
num_arena_deaths: 0.
num_vsnodes_births: 5.
num_vsnodes_deaths: 0.
num_space_committed: 491.
num_space_uncommitted: 0.
num_chunks_returned_to_freelist: 3.
num_chunks_taken_from_freelist: 793.
num_chunk_merges: 0.
num_chunk_splits: 521.
num_chunks_enlarged: 413.
num_purges: 0.
num_inconsistent_stats: 0.

CodeHeap 'non-profiled nmethods': size=120000Kb used=840Kb max_used=840Kb free=119159Kb
 bounds [0x000001392a9c0000, 0x000001392ac30000, 0x0000013931ef0000]
CodeHeap 'profiled nmethods': size=120000Kb used=3941Kb max_used=3941Kb free=116058Kb
 bounds [0x0000013923490000, 0x0000013923870000, 0x000001392a9c0000]
CodeHeap 'non-nmethods': size=5760Kb used=1276Kb max_used=1311Kb free=4483Kb
 bounds [0x0000013922ef0000, 0x0000013923160000, 0x0000013923490000]
 total_blobs=2697 nmethods=2103 adapters=506
 compilation: enabled
              stopped_count=0, restarted_count=0
 full_count=0

Compilation events (20 events):
Event: 11.643 Thread 0x0000013936936620 2070       3       java.lang.invoke.SimpleMethodHandle::make (10 bytes)
Event: 11.643 Thread 0x0000013936936620 nmethod 2070 0x0000013923855310 code [0x00000139238554c0, 0x00000139238556a8]
Event: 11.643 Thread 0x0000013936936620 2071       3       java.lang.invoke.SimpleMethodHandle::<init> (7 bytes)
Event: 11.644 Thread 0x0000013936936620 nmethod 2071 0x0000013923855790 code [0x0000013923855940, 0x0000013923855b08]
Event: 11.646 Thread 0x0000013936936620 2072       1       java.util.ArrayList$ArrayListSpliterator::characteristics (4 bytes)
Event: 11.647 Thread 0x0000013936936620 nmethod 2072 0x000001392aa91c10 code [0x000001392aa91da0, 0x000001392aa91e78]
Event: 11.653 Thread 0x0000013936936620 2073       3       java.util.Map::entry (10 bytes)
Event: 11.653 Thread 0x0000013936936620 nmethod 2073 0x0000013923855c10 code [0x0000013923855e00, 0x0000013923856378]
Event: 11.655 Thread 0x0000013936936620 2075       3       java.io.DataInputStream::readFully (9 bytes)
Event: 11.655 Thread 0x0000013936936620 nmethod 2075 0x0000013923856590 code [0x0000013923856740, 0x0000013923856888]
Event: 11.657 Thread 0x0000013936936620 2076       3       java.util.concurrent.ConcurrentHashMap$KeyIterator::next (34 bytes)
Event: 11.657 Thread 0x0000013936936620 nmethod 2076 0x0000013923856990 code [0x0000013923856b40, 0x0000013923856df8]
Event: 11.666 Thread 0x0000013936936620 2077       3       java.lang.invoke.MethodHandles::makeIdentity (23 bytes)
Event: 11.667 Thread 0x0000013936936620 nmethod 2077 0x0000013923856f10 code [0x0000013923857180, 0x0000013923857b28]
Event: 11.671 Thread 0x0000013936936620 2078       3       jdk.internal.org.objectweb.asm.MethodWriter::visitAnnotation (40 bytes)
Event: 11.671 Thread 0x0000013936936620 nmethod 2078 0x0000013923857f10 code [0x00000139238580c0, 0x0000013923858378]
Event: 11.671 Thread 0x0000013936936620 2079       3       jdk.internal.org.objectweb.asm.AnnotationWriter::create (34 bytes)
Event: 11.672 Thread 0x0000013936936620 nmethod 2079 0x0000013923858410 code [0x0000013923858600, 0x0000013923858a98]
Event: 11.672 Thread 0x0000013936936620 2080       3       java.lang.invoke.LambdaForm::returnType (26 bytes)
Event: 11.672 Thread 0x0000013936936620 nmethod 2080 0x0000013923858c90 code [0x0000013923858e40, 0x0000013923858ff8]

GC Heap History (14 events):
Event: 1.729 GC heap before
{Heap before GC invocations=0 (full 0):
 garbage-first heap   total 65536K, used 13312K [0x00000000c1400000, 0x0000000100000000)
  region size 1024K, 13 young (13312K), 0 survivors (0K)
 Metaspace       used 12104K, committed 12224K, reserved 1064960K
  class space    used 1136K, committed 1152K, reserved 1048576K
}
Event: 1.735 GC heap after
{Heap after GC invocations=1 (full 0):
 garbage-first heap   total 65536K, used 4337K [0x00000000c1400000, 0x0000000100000000)
  region size 1024K, 2 young (2048K), 2 survivors (2048K)
 Metaspace       used 12104K, committed 12224K, reserved 1064960K
  class space    used 1136K, committed 1152K, reserved 1048576K
}
Event: 2.165 GC heap before
{Heap before GC invocations=1 (full 0):
 garbage-first heap   total 65536K, used 14577K [0x00000000c1400000, 0x0000000100000000)
  region size 1024K, 13 young (13312K), 2 survivors (2048K)
 Metaspace       used 16563K, committed 16768K, reserved 1064960K
  class space    used 1655K, committed 1728K, reserved 1048576K
}
Event: 2.170 GC heap after
{Heap after GC invocations=2 (full 0):
 garbage-first heap   total 65536K, used 6054K [0x00000000c1400000, 0x0000000100000000)
  region size 1024K, 2 young (2048K), 2 survivors (2048K)
 Metaspace       used 16563K, committed 16768K, reserved 1064960K
  class space    used 1655K, committed 1728K, reserved 1048576K
}
Event: 5.116 GC heap before
{Heap before GC invocations=2 (full 0):
 garbage-first heap   total 65536K, used 20390K [0x00000000c1400000, 0x0000000100000000)
  region size 1024K, 17 young (17408K), 2 survivors (2048K)
 Metaspace       used 21326K, committed 21504K, reserved 1073152K
  class space    used 2293K, committed 2368K, reserved 1048576K
}
Event: 5.120 GC heap after
{Heap after GC invocations=3 (full 0):
 garbage-first heap   total 65536K, used 7452K [0x00000000c1400000, 0x0000000100000000)
  region size 1024K, 3 young (3072K), 3 survivors (3072K)
 Metaspace       used 21326K, committed 21504K, reserved 1073152K
  class space    used 2293K, committed 2368K, reserved 1048576K
}
Event: 5.560 GC heap before
{Heap before GC invocations=4 (full 0):
 garbage-first heap   total 30720K, used 21788K [0x00000000c1400000, 0x0000000100000000)
  region size 1024K, 18 young (18432K), 3 survivors (3072K)
 Metaspace       used 25984K, committed 26176K, reserved 1073152K
  class space    used 2847K, committed 2944K, reserved 1048576K
}
Event: 5.564 GC heap after
{Heap after GC invocations=5 (full 0):
 garbage-first heap   total 30720K, used 9178K [0x00000000c1400000, 0x0000000100000000)
  region size 1024K, 3 young (3072K), 3 survivors (3072K)
 Metaspace       used 25984K, committed 26176K, reserved 1073152K
  class space    used 2847K, committed 2944K, reserved 1048576K
}
Event: 5.601 GC heap before
{Heap before GC invocations=5 (full 0):
 garbage-first heap   total 30720K, used 10202K [0x00000000c1400000, 0x0000000100000000)
  region size 1024K, 4 young (4096K), 3 survivors (3072K)
 Metaspace       used 26213K, committed 26496K, reserved 1073152K
  class space    used 2893K, committed 3008K, reserved 1048576K
}
Event: 5.605 GC heap after
{Heap after GC invocations=6 (full 0):
 garbage-first heap   total 30720K, used 9705K [0x00000000c1400000, 0x0000000100000000)
  region size 1024K, 1 young (1024K), 1 survivors (1024K)
 Metaspace       used 26213K, committed 26496K, reserved 1073152K
  class space    used 2893K, committed 3008K, reserved 1048576K
}
Event: 6.277 GC heap before
{Heap before GC invocations=6 (full 0):
 garbage-first heap   total 30720K, used 19945K [0x00000000c1400000, 0x0000000100000000)
  region size 1024K, 11 young (11264K), 1 survivors (1024K)
 Metaspace       used 28983K, committed 29248K, reserved 1081344K
  class space    used 3267K, committed 3392K, reserved 1048576K
}
Event: 6.280 GC heap after
{Heap after GC invocations=7 (full 0):
 garbage-first heap   total 40960K, used 9925K [0x00000000c1400000, 0x0000000100000000)
  region size 1024K, 1 young (1024K), 1 survivors (1024K)
 Metaspace       used 28983K, committed 29248K, reserved 1081344K
  class space    used 3267K, committed 3392K, reserved 1048576K
}
Event: 6.372 GC heap before
{Heap before GC invocations=7 (full 0):
 garbage-first heap   total 40960K, used 12997K [0x00000000c1400000, 0x0000000100000000)
  region size 1024K, 5 young (5120K), 1 survivors (1024K)
 Metaspace       used 29896K, committed 30144K, reserved 1081344K
  class space    used 3407K, committed 3520K, reserved 1048576K
}
Event: 6.374 GC heap after
{Heap after GC invocations=8 (full 0):
 garbage-first heap   total 40960K, used 10120K [0x00000000c1400000, 0x0000000100000000)
  region size 1024K, 1 young (1024K), 1 survivors (1024K)
 Metaspace       used 29896K, committed 30144K, reserved 1081344K
  class space    used 3407K, committed 3520K, reserved 1048576K
}

Deoptimization events (20 events):
Event: 5.205 Thread 0x000001391f84fff0 DEOPT PACKING pc=0x000001392377d0be sp=0x00000007b9bfbb00
Event: 5.205 Thread 0x000001391f84fff0 DEOPT UNPACKING pc=0x0000013922f42b43 sp=0x00000007b9bfaf80 mode 0
Event: 5.206 Thread 0x000001391f84fff0 DEOPT PACKING pc=0x000001392377d0be sp=0x00000007b9bfbb00
Event: 5.206 Thread 0x000001391f84fff0 DEOPT UNPACKING pc=0x0000013922f42b43 sp=0x00000007b9bfaf80 mode 0
Event: 5.260 Thread 0x000001391f84fff0 Uncommon trap: trap_request=0xffffff45 fr.pc=0x000001392aa4c3e8 relative=0x0000000000000248
Event: 5.260 Thread 0x000001391f84fff0 Uncommon trap: reason=unstable_if action=reinterpret pc=0x000001392aa4c3e8 method=java.util.HashMap.putVal(ILjava/lang/Object;Ljava/lang/Object;ZZ)Ljava/lang/Object; @ 162 c2
Event: 5.260 Thread 0x000001391f84fff0 DEOPT PACKING pc=0x000001392aa4c3e8 sp=0x00000007b9bf93d0
Event: 5.260 Thread 0x000001391f84fff0 DEOPT UNPACKING pc=0x0000013922f423a3 sp=0x00000007b9bf9328 mode 2
Event: 5.610 Thread 0x000001391f84fff0 Uncommon trap: trap_request=0xffffff45 fr.pc=0x000001392aa334a0 relative=0x0000000000000580
Event: 5.610 Thread 0x000001391f84fff0 Uncommon trap: reason=unstable_if action=reinterpret pc=0x000001392aa334a0 method=java.lang.String.replace(CC)Ljava/lang/String; @ 2 c2
Event: 5.610 Thread 0x000001391f84fff0 DEOPT PACKING pc=0x000001392aa334a0 sp=0x00000007b9bfd580
Event: 5.610 Thread 0x000001391f84fff0 DEOPT UNPACKING pc=0x0000013922f423a3 sp=0x00000007b9bfd530 mode 2
Event: 5.626 Thread 0x00000139391b3590 Uncommon trap: trap_request=0xffffff45 fr.pc=0x000001392aa4b8f8 relative=0x00000000000000d8
Event: 5.626 Thread 0x00000139391b3590 Uncommon trap: reason=unstable_if action=reinterpret pc=0x000001392aa4b8f8 method=java.lang.CharacterDataLatin1.digit(II)I @ 12 c2
Event: 5.626 Thread 0x00000139391b3590 DEOPT PACKING pc=0x000001392aa4b8f8 sp=0x00000007bbafea50
Event: 5.627 Thread 0x00000139391b3590 DEOPT UNPACKING pc=0x0000013922f423a3 sp=0x00000007bbafe908 mode 2
Event: 5.651 Thread 0x00000139391b3590 Uncommon trap: trap_request=0xffffff45 fr.pc=0x000001392aa4b548 relative=0x00000000000000a8
Event: 5.651 Thread 0x00000139391b3590 Uncommon trap: reason=unstable_if action=reinterpret pc=0x000001392aa4b548 method=java.lang.CharacterDataLatin1.digit(II)I @ 12 c2
Event: 5.651 Thread 0x00000139391b3590 DEOPT PACKING pc=0x000001392aa4b548 sp=0x00000007bbafe9a0
Event: 5.651 Thread 0x00000139391b3590 DEOPT UNPACKING pc=0x0000013922f423a3 sp=0x00000007bbafe918 mode 2

Classes unloaded (0 events):
No events

Classes redefined (0 events):
No events

Internal exceptions (20 events):
Event: 5.629 Thread 0x000001393902ac80 Exception <a 'java/lang/NoSuchMethodError'{0x00000000c5376ac0}: 'java.lang.Object java.lang.invoke.DirectMethodHandle$Holder.invokeStaticInit(java.lang.Object, java.lang.Object, long, java.lang.Object)'> (0x00000000c5376ac0) 
thrown [e:\jenkins\tmp\workspace\build\src\src\hotspot\share\interpreter\linkResolver.cpp, line 766]
Event: 5.630 Thread 0x000001393902ac80 Exception <a 'java/lang/NoSuchMethodError'{0x00000000c537cd90}: 'java.lang.Object java.lang.invoke.DirectMethodHandle$Holder.newInvokeSpecial(java.lang.Object, java.lang.Object, long)'> (0x00000000c537cd90) 
thrown [e:\jenkins\tmp\workspace\build\src\src\hotspot\share\interpreter\linkResolver.cpp, line 766]
Event: 5.630 Thread 0x000001393902ac80 Exception <a 'java/lang/NoSuchMethodError'{0x00000000c5380900}: 'java.lang.Object java.lang.invoke.Invokers$Holder.linkToTargetMethod(java.lang.Object, long, java.lang.Object)'> (0x00000000c5380900) 
thrown [e:\jenkins\tmp\workspace\build\src\src\hotspot\share\interpreter\linkResolver.cpp, line 766]
Event: 5.651 Thread 0x00000139391b3590 Exception <a 'java/net/ConnectException'{0x00000000c535ed20}: Connection refused: no further information> (0x00000000c535ed20) 
thrown [e:\jenkins\tmp\workspace\build\src\src\hotspot\share\prims\jni.cpp, line 535]
Event: 5.651 Thread 0x00000139391b3590 Exception <a 'java/net/SocketException'{0x00000000c535f058}: Socket is not connected: shutdown> (0x00000000c535f058) 
thrown [e:\jenkins\tmp\workspace\build\src\src\hotspot\share\prims\jni.cpp, line 535]
Event: 5.683 Thread 0x00000139391b3590 Exception <a 'java/net/ConnectException'{0x00000000c535fff0}: Connection refused: no further information> (0x00000000c535fff0) 
thrown [e:\jenkins\tmp\workspace\build\src\src\hotspot\share\prims\jni.cpp, line 535]
Event: 5.683 Thread 0x00000139391b3590 Exception <a 'java/net/SocketException'{0x00000000c5360328}: Socket is not connected: shutdown> (0x00000000c5360328) 
thrown [e:\jenkins\tmp\workspace\build\src\src\hotspot\share\prims\jni.cpp, line 535]
Event: 5.729 Thread 0x00000139391b3590 Exception <a 'java/net/ConnectException'{0x00000000c53612c0}: Connection refused: no further information> (0x00000000c53612c0) 
thrown [e:\jenkins\tmp\workspace\build\src\src\hotspot\share\prims\jni.cpp, line 535]
Event: 5.729 Thread 0x00000139391b3590 Exception <a 'java/net/SocketException'{0x00000000c53615f8}: Socket is not connected: shutdown> (0x00000000c53615f8) 
thrown [e:\jenkins\tmp\workspace\build\src\src\hotspot\share\prims\jni.cpp, line 535]
Event: 5.822 Thread 0x00000139391b3590 Exception <a 'java/net/ConnectException'{0x00000000c5362590}: Connection refused: no further information> (0x00000000c5362590) 
thrown [e:\jenkins\tmp\workspace\build\src\src\hotspot\share\prims\jni.cpp, line 535]
Event: 5.822 Thread 0x00000139391b3590 Exception <a 'java/net/SocketException'{0x00000000c53628c8}: Socket is not connected: shutdown> (0x00000000c53628c8) 
thrown [e:\jenkins\tmp\workspace\build\src\src\hotspot\share\prims\jni.cpp, line 535]
Event: 6.014 Thread 0x000001391f84fff0 Exception <a 'java/lang/NoSuchMethodError'{0x00000000c413d3e8}: 'double java.lang.invoke.DirectMethodHandle$Holder.invokeVirtual(java.lang.Object, java.lang.Object)'> (0x00000000c413d3e8) 
thrown [e:\jenkins\tmp\workspace\build\src\src\hotspot\share\interpreter\linkResolver.cpp, line 766]
Event: 6.015 Thread 0x000001391f84fff0 Exception <a 'java/lang/NoSuchMethodError'{0x00000000c4143b90}: 'float java.lang.invoke.DirectMethodHandle$Holder.invokeVirtual(java.lang.Object, java.lang.Object)'> (0x00000000c4143b90) 
thrown [e:\jenkins\tmp\workspace\build\src\src\hotspot\share\interpreter\linkResolver.cpp, line 766]
Event: 6.016 Thread 0x000001391f84fff0 Exception <a 'java/lang/NoSuchMethodError'{0x00000000c414cb70}: 'long java.lang.invoke.DirectMethodHandle$Holder.invokeVirtual(java.lang.Object, java.lang.Object)'> (0x00000000c414cb70) 
thrown [e:\jenkins\tmp\workspace\build\src\src\hotspot\share\interpreter\linkResolver.cpp, line 766]
Event: 6.051 Thread 0x000001391f84fff0 Exception <a 'java/lang/NoSuchMethodError'{0x00000000c409b278}: 'void java.lang.invoke.DirectMethodHandle$Holder.invokeSpecial(java.lang.Object, java.lang.Object, java.lang.Object, java.lang.Object, java.lang.Object)'> (0x00000000c409b278) 
thrown [e:\jenkins\tmp\workspace\build\src\src\hotspot\share\interpreter\linkResolver.cpp, line 766]
Event: 6.052 Thread 0x000001391f84fff0 Exception <a 'java/lang/NoSuchMethodError'{0x00000000c40a23a0}: 'void java.lang.invoke.DirectMethodHandle$Holder.invokeStatic(java.lang.Object, java.lang.Object, int)'> (0x00000000c40a23a0) 
thrown [e:\jenkins\tmp\workspace\build\src\src\hotspot\share\interpreter\linkResolver.cpp, line 766]
Event: 6.070 Thread 0x000001391f84fff0 Exception <a 'java/lang/NoSuchMethodError'{0x00000000c2d5d858}: 'java.lang.Object java.lang.invoke.DirectMethodHandle$Holder.newInvokeSpecial(java.lang.Object, java.lang.Object, java.lang.Object, java.lang.Object, java.lang.Object)'> (0x00000000c2d5d858) 
thrown [e:\jenkins\tmp\workspace\build\src\src\hotspot\share\interpreter\linkResolver.cpp, line 766]
Event: 6.096 Thread 0x000001391f84fff0 Exception <a 'java/lang/NoSuchMethodError'{0x00000000c2c33168}: 'int java.lang.invoke.DirectMethodHandle$Holder.invokeSpecialIFC(java.lang.Object, java.lang.Object, java.lang.Object)'> (0x00000000c2c33168) 
thrown [e:\jenkins\tmp\workspace\build\src\src\hotspot\share\interpreter\linkResolver.cpp, line 766]
Event: 6.190 Thread 0x000001391f84fff0 Exception <a 'java/lang/NoSuchMethodError'{0x00000000c2992a50}: 'void java.lang.invoke.DirectMethodHandle$Holder.invokeSpecial(java.lang.Object, java.lang.Object, java.lang.Object, java.lang.Object, java.lang.Object, java.lang.Object)'> (0x00000000c2992a50) 
thrown [e:\jenkins\tmp\workspace\build\src\src\hotspot\share\interpreter\linkResolver.cpp, line 766]
Event: 11.633 Thread 0x000001391f84fff0 Exception <a 'java/lang/NoSuchMethodError'{0x00000000c41cbd10}: 'java.lang.Object java.lang.invoke.DirectMethodHandle$Holder.invokeSpecialIFC(java.lang.Object, java.lang.Object, java.lang.Object)'> (0x00000000c41cbd10) 
thrown [e:\jenkins\tmp\workspace\build\src\src\hotspot\share\interpreter\linkResolver.cpp, line 766]

VM Operations (20 events):
Event: 5.557 Executing VM operation: HandshakeAllThreads
Event: 5.557 Executing VM operation: HandshakeAllThreads done
Event: 5.559 Executing VM operation: G1CollectForAllocation
Event: 5.564 Executing VM operation: G1CollectForAllocation done
Event: 5.601 Executing VM operation: G1CollectForAllocation
Event: 5.605 Executing VM operation: G1CollectForAllocation done
Event: 5.998 Executing VM operation: HandshakeAllThreads
Event: 5.998 Executing VM operation: HandshakeAllThreads done
Event: 5.999 Executing VM operation: HandshakeAllThreads
Event: 5.999 Executing VM operation: HandshakeAllThreads done
Event: 6.001 Executing VM operation: HandshakeAllThreads
Event: 6.001 Executing VM operation: HandshakeAllThreads done
Event: 6.135 Executing VM operation: HandshakeAllThreads
Event: 6.135 Executing VM operation: HandshakeAllThreads done
Event: 6.277 Executing VM operation: G1CollectForAllocation
Event: 6.280 Executing VM operation: G1CollectForAllocation done
Event: 6.372 Executing VM operation: G1TryInitiateConcMark
Event: 6.374 Executing VM operation: G1TryInitiateConcMark done
Event: 7.378 Executing VM operation: Cleanup
Event: 7.379 Executing VM operation: Cleanup done

Events (20 events):
Event: 11.666 loading class java/time/chrono/ChronoZonedDateTime done
Event: 11.666 loading class java/time/ZonedDateTime done
Event: 11.666 loading class java/util/logging/LogRecord$CallerFinder
Event: 11.666 loading class java/util/logging/LogRecord$CallerFinder done
Event: 11.667 loading class java/lang/StackWalker$Option
Event: 11.667 loading class java/lang/StackWalker$Option done
Event: 11.668 loading class java/lang/StackStreamFactory
Event: 11.668 loading class java/lang/StackStreamFactory done
Event: 11.668 loading class java/lang/StackWalker$ExtendedOption
Event: 11.668 loading class java/lang/StackWalker$ExtendedOption done
Event: 11.669 loading class java/lang/StackStreamFactory$StackFrameTraverser
Event: 11.669 loading class java/lang/StackStreamFactory$StackFrameTraverser done
Event: 11.669 loading class java/lang/StackStreamFactory$WalkerState
Event: 11.669 loading class java/lang/StackStreamFactory$WalkerState done
Event: 11.669 loading class java/lang/StackStreamFactory$1
Event: 11.669 loading class java/lang/StackStreamFactory$1 done
Event: 11.669 loading class java/lang/StackStreamFactory$StackFrameTraverser$StackFrameBuffer
Event: 11.669 loading class java/lang/StackStreamFactory$FrameBuffer
Event: 11.670 loading class java/lang/StackStreamFactory$FrameBuffer done
Event: 11.670 loading class java/lang/StackStreamFactory$StackFrameTraverser$StackFrameBuffer done


Dynamic libraries:
0x00007ff710470000 - 0x00007ff71047e000 	C:\Users\anamendra.y(2420)\.p2\pool\plugins\org.eclipse.justj.openjdk.hotspot.jre.full.win32.x86_64_17.0.1.v20211116-1657\jre\bin\javaw.exe
0x00007ff873b10000 - 0x00007ff873d05000 	C:\WINDOWS\SYSTEM32\ntdll.dll
0x00007ff873a00000 - 0x00007ff873abe000 	C:\WINDOWS\System32\KERNEL32.DLL
0x00007ff871560000 - 0x00007ff871828000 	C:\WINDOWS\System32\KERNELBASE.dll
0x00007ff871350000 - 0x00007ff871450000 	C:\WINDOWS\System32\ucrtbase.dll
0x00007ff862dc0000 - 0x00007ff862dd8000 	C:\Users\anamendra.y(2420)\.p2\pool\plugins\org.eclipse.justj.openjdk.hotspot.jre.full.win32.x86_64_17.0.1.v20211116-1657\jre\bin\jli.dll
0x00007ff861680000 - 0x00007ff861699000 	C:\Users\anamendra.y(2420)\.p2\pool\plugins\org.eclipse.justj.openjdk.hotspot.jre.full.win32.x86_64_17.0.1.v20211116-1657\jre\bin\VCRUNTIME140.dll
0x00007ff873680000 - 0x00007ff873821000 	C:\WINDOWS\System32\USER32.dll
0x00007ff85d8e0000 - 0x00007ff85db7a000 	C:\WINDOWS\WinSxS\amd64_microsoft.windows.common-controls_6595b64144ccf1df_6.0.19041.1110_none_60b5254171f9507e\COMCTL32.dll
0x00007ff871a90000 - 0x00007ff871ab2000 	C:\WINDOWS\System32\win32u.dll
0x00007ff872550000 - 0x00007ff87257b000 	C:\WINDOWS\System32\GDI32.dll
0x00007ff873260000 - 0x00007ff8732fe000 	C:\WINDOWS\System32\msvcrt.dll
0x00007ff871450000 - 0x00007ff87155d000 	C:\WINDOWS\System32\gdi32full.dll
0x00007ff871220000 - 0x00007ff8712bd000 	C:\WINDOWS\System32\msvcp_win.dll
0x00007ff872f30000 - 0x00007ff872f60000 	C:\WINDOWS\System32\IMM32.DLL
0x00007ff862db0000 - 0x00007ff862dbc000 	C:\Users\anamendra.y(2420)\.p2\pool\plugins\org.eclipse.justj.openjdk.hotspot.jre.full.win32.x86_64_17.0.1.v20211116-1657\jre\bin\vcruntime140_1.dll
0x00007ff860b50000 - 0x00007ff860be1000 	C:\Users\anamendra.y(2420)\.p2\pool\plugins\org.eclipse.justj.openjdk.hotspot.jre.full.win32.x86_64_17.0.1.v20211116-1657\jre\bin\msvcp140.dll
0x00007ff80a030000 - 0x00007ff80ac76000 	C:\Users\anamendra.y(2420)\.p2\pool\plugins\org.eclipse.justj.openjdk.hotspot.jre.full.win32.x86_64_17.0.1.v20211116-1657\jre\bin\server\jvm.dll
0x00007ff872140000 - 0x00007ff8721ec000 	C:\WINDOWS\System32\ADVAPI32.dll
0x00007ff873310000 - 0x00007ff8733ab000 	C:\WINDOWS\System32\sechost.dll
0x00007ff8726b0000 - 0x00007ff8727da000 	C:\WINDOWS\System32\RPCRT4.dll
0x00007ff873ac0000 - 0x00007ff873ac8000 	C:\WINDOWS\System32\PSAPI.DLL
0x00007ff85ed60000 - 0x00007ff85ed69000 	C:\WINDOWS\SYSTEM32\WSOCK32.dll
0x00007ff873550000 - 0x00007ff8735bb000 	C:\WINDOWS\System32\WS2_32.dll
0x00007ff862ed0000 - 0x00007ff862ef7000 	C:\WINDOWS\SYSTEM32\WINMM.dll
0x00007ff870000000 - 0x00007ff87000a000 	C:\WINDOWS\SYSTEM32\VERSION.dll
0x00007ff86ffc0000 - 0x00007ff86ffd2000 	C:\WINDOWS\SYSTEM32\kernel.appcore.dll
0x00007ff86aed0000 - 0x00007ff86aeda000 	C:\Users\anamendra.y(2420)\.p2\pool\plugins\org.eclipse.justj.openjdk.hotspot.jre.full.win32.x86_64_17.0.1.v20211116-1657\jre\bin\jimage.dll
0x00007ff85f260000 - 0x00007ff85f444000 	C:\WINDOWS\SYSTEM32\DBGHELP.DLL
0x00007ff85ed30000 - 0x00007ff85ed5c000 	C:\WINDOWS\SYSTEM32\dbgcore.DLL
0x00007ff871ac0000 - 0x00007ff871b42000 	C:\WINDOWS\System32\bcryptPrimitives.dll
0x00007ff84a500000 - 0x00007ff84a525000 	C:\Users\anamendra.y(2420)\.p2\pool\plugins\org.eclipse.justj.openjdk.hotspot.jre.full.win32.x86_64_17.0.1.v20211116-1657\jre\bin\java.dll
0x00007ff8616e0000 - 0x00007ff8616f8000 	C:\Users\anamendra.y(2420)\.p2\pool\plugins\org.eclipse.justj.openjdk.hotspot.jre.full.win32.x86_64_17.0.1.v20211116-1657\jre\bin\zip.dll
0x00007ff8727e0000 - 0x00007ff872f24000 	C:\WINDOWS\System32\SHELL32.dll
0x00007ff86f150000 - 0x00007ff86f8e4000 	C:\WINDOWS\SYSTEM32\windows.storage.dll
0x00007ff8721f0000 - 0x00007ff872545000 	C:\WINDOWS\System32\combase.dll
0x00007ff870ba0000 - 0x00007ff870bce000 	C:\WINDOWS\SYSTEM32\Wldp.dll
0x00007ff873440000 - 0x00007ff8734ed000 	C:\WINDOWS\System32\SHCORE.dll
0x00007ff8735c0000 - 0x00007ff873615000 	C:\WINDOWS\System32\shlwapi.dll
0x00007ff871160000 - 0x00007ff87117f000 	C:\WINDOWS\SYSTEM32\profapi.dll
0x00007ff81a2d0000 - 0x00007ff81a2e9000 	C:\Users\anamendra.y(2420)\.p2\pool\plugins\org.eclipse.justj.openjdk.hotspot.jre.full.win32.x86_64_17.0.1.v20211116-1657\jre\bin\net.dll
0x00007ff8698b0000 - 0x00007ff8699bc000 	C:\WINDOWS\SYSTEM32\WINHTTP.dll
0x00007ff870900000 - 0x00007ff87096a000 	C:\WINDOWS\system32\mswsock.dll
0x00007ff817110000 - 0x00007ff817125000 	C:\Users\anamendra.y(2420)\.p2\pool\plugins\org.eclipse.justj.openjdk.hotspot.jre.full.win32.x86_64_17.0.1.v20211116-1657\jre\bin\nio.dll
0x00007ff870630000 - 0x00007ff8706fb000 	C:\WINDOWS\SYSTEM32\DNSAPI.dll
0x00007ff8705f0000 - 0x00007ff87062b000 	C:\WINDOWS\SYSTEM32\IPHLPAPI.DLL
0x00007ff873300000 - 0x00007ff873308000 	C:\WINDOWS\System32\NSI.dll
0x00007ff864880000 - 0x00007ff86488a000 	C:\Windows\System32\rasadhlp.dll
0x00007ff86c450000 - 0x00007ff86c4cf000 	C:\WINDOWS\System32\fwpuclnt.dll
0x00007ff8712c0000 - 0x00007ff8712e7000 	C:\WINDOWS\System32\bcrypt.dll
0x00007ff870b00000 - 0x00007ff870b18000 	C:\WINDOWS\SYSTEM32\CRYPTSP.dll
0x00007ff870280000 - 0x00007ff8702b4000 	C:\WINDOWS\system32\rsaenh.dll
0x00007ff871120000 - 0x00007ff87114e000 	C:\WINDOWS\SYSTEM32\USERENV.dll
0x00007ff870af0000 - 0x00007ff870afc000 	C:\WINDOWS\SYSTEM32\CRYPTBASE.dll
0x00007ff86c140000 - 0x00007ff86c157000 	C:\WINDOWS\SYSTEM32\dhcpcsvc6.DLL
0x00007ff86c0c0000 - 0x00007ff86c0dd000 	C:\WINDOWS\SYSTEM32\dhcpcsvc.DLL
0x00007ff85ddc0000 - 0x00007ff85ddd7000 	C:\WINDOWS\system32\napinsp.dll
0x00007ff85dda0000 - 0x00007ff85ddbb000 	C:\WINDOWS\system32\pnrpnsp.dll
0x00007ff85dcb0000 - 0x00007ff85dcc5000 	C:\WINDOWS\system32\wshbth.dll
0x00007ff86cb00000 - 0x00007ff86cb1d000 	C:\WINDOWS\system32\NLAapi.dll
0x00007ff85dc30000 - 0x00007ff85dc42000 	C:\WINDOWS\System32\winrnr.dll
0x00007ff861eb0000 - 0x00007ff861ec0000 	C:\Users\anamendra.y(2420)\.p2\pool\plugins\org.eclipse.justj.openjdk.hotspot.jre.full.win32.x86_64_17.0.1.v20211116-1657\jre\bin\verify.dll
0x00007ff861ea0000 - 0x00007ff861ea9000 	C:\Users\anamendra.y(2420)\.p2\pool\plugins\org.eclipse.justj.openjdk.hotspot.jre.full.win32.x86_64_17.0.1.v20211116-1657\jre\bin\management.dll
0x00007ff861620000 - 0x00007ff86162b000 	C:\Users\anamendra.y(2420)\.p2\pool\plugins\org.eclipse.justj.openjdk.hotspot.jre.full.win32.x86_64_17.0.1.v20211116-1657\jre\bin\management_ext.dll
0x00007ff86aec0000 - 0x00007ff86aece000 	C:\Users\anamendra.y(2420)\.p2\pool\plugins\org.eclipse.justj.openjdk.hotspot.jre.full.win32.x86_64_17.0.1.v20211116-1657\jre\bin\sunmscapi.dll
0x00007ff8718e0000 - 0x00007ff871a36000 	C:\WINDOWS\System32\CRYPT32.dll
0x00007ff870c10000 - 0x00007ff870c37000 	C:\WINDOWS\SYSTEM32\ncrypt.dll
0x00007ff870bd0000 - 0x00007ff870c0b000 	C:\WINDOWS\SYSTEM32\NTASN1.dll
0x00007ff86c360000 - 0x00007ff86c367000 	C:\WINDOWS\system32\wshunix.dll

dbghelp: loaded successfully - version: 4.0.5 - missing functions: none
symbol engine: initialized successfully - sym options: 0x614 - pdb path: .;C:\Users\anamendra.y(2420)\.p2\pool\plugins\org.eclipse.justj.openjdk.hotspot.jre.full.win32.x86_64_17.0.1.v20211116-1657\jre\bin;C:\WINDOWS\SYSTEM32;C:\WINDOWS\WinSxS\amd64_microsoft.windows.common-controls_6595b64144ccf1df_6.0.19041.1110_none_60b5254171f9507e;C:\Users\anamendra.y(2420)\.p2\pool\plugins\org.eclipse.justj.openjdk.hotspot.jre.full.win32.x86_64_17.0.1.v20211116-1657\jre\bin\server

VM Arguments:
jvm_args: -ea -Dfile.encoding=Cp1252 -XX:+ShowCodeDetailsInExceptionMessages 
java_command: org.testng.remote.RemoteTestNG -serport 65331 -protocol json -d C:\Users\anamendra.y(2420)\eclipse-workspace\automateDemo\test-output C:\Users\ANAMEN~1.Y(2\AppData\Local\Temp\testng-eclipse--2019137098\testng-customsuite.xml
java_class_path (initial): C:\Users\anamendra.y(2420)\eclipse\java-2021-12\eclipse\configuration\org.eclipse.osgi\429\0\.cp\lib\testng-remote.jar;C:\Users\anamendra.y(2420)\eclipse-workspace\automateDemo\target\test-classes;C:\Users\anamendra.y(2420)\eclipse-workspace\automateDemo\target\classes;C:\Users\anamendra.y(2420)\.p2\pool\plugins\org.testng_7.4.0.r202105021533.jar;C:\Users\anamendra.y(2420)\.p2\pool\plugins\com.beust.jcommander_1.78.0.jar;C:\Users\anamendra.y(2420)\.p2\pool\plugins\org.apache-extras.beanshell.bsh_2.0.0.b6.jar;C:\Users\anamendra.y(2420)\.p2\pool\plugins\org.yaml.snakeyaml_1.21.0.jar;C:\Users\anamendra.y(2420)\.p2\pool\plugins\org.webjars.jquery_3.5.1.jar;C:\Users\anamendra.y(2420)\.m2\repository\org\seleniumhq\selenium\selenium-java\4.1.1\selenium-java-4.1.1.jar;C:\Users\anamendra.y(2420)\.m2\repository\org\seleniumhq\selenium\selenium-api\4.1.1\selenium-api-4.1.1.jar;C:\Users\anamendra.y(2420)\.m2\repository\org\seleniumhq\selenium\selenium-chrome-driver\4.1.1\selenium-chrome-driver-4.1.1.jar;C:\Users\anamendra.y(2420)\.m2\repository\com\google\auto\service\auto-service-annotations\1.0.1\auto-service-annotations-1.0.1.jar;C:\Users\anamendra.y(2420)\.m2\repository\com\google\auto\service\auto-service\1.0.1\auto-service-1.0.1.jar;C:\Users\anamendra.y(2420)\.m2\repository\com\google\auto\auto-common\1.2\auto-common-1.2.jar;C:\Users\anamendra.y(2420)\.m2\repository\com\google\guava\guava\31.0.1-jre\guava-31.0.1-jre.jar;C:\Users\anamendra.y(2420)\.m2\repository\com\google\guava\failureaccess\1.0.1\failureaccess-1.0.1.jar;C:\Users\anamendra.y(2420)\.m2\repository\com\google\guava\listenablefuture\9999.0-empty-to-avoid-conflict-with-guava\listenablefuture-9999.0-empty-to-avoid-conflict-with-guava.jar;C:\Users\anamendra.y(2420)\.m2\repository\com\google\code\findbugs\jsr305\3.0.2\jsr305-3.0.2.jar;C:\Users\anamendra.y(2420)\.m2\repository\org\checkerframework\checker-qual\3.12.0\checker-qual-3.12.0.jar;C:\Users\anamendra.y(2420)\.m2\repository\com
Launcher Type: SUN_STANDARD

[Global flags]
     intx CICompilerCount                          = 3                                         {product} {ergonomic}
     uint ConcGCThreads                            = 1                                         {product} {ergonomic}
     uint G1ConcRefinementThreads                  = 4                                         {product} {ergonomic}
   size_t G1HeapRegionSize                         = 1048576                                   {product} {ergonomic}
    uintx GCDrainStackTargetSize                   = 64                                        {product} {ergonomic}
   size_t InitialHeapSize                          = 67108864                                  {product} {ergonomic}
   size_t MarkStackSize                            = 4194304                                   {product} {ergonomic}
   size_t MaxHeapSize                              = 1052770304                                {product} {ergonomic}
   size_t MaxNewSize                               = 631242752                                 {product} {ergonomic}
   size_t MinHeapDeltaBytes                        = 1048576                                   {product} {ergonomic}
   size_t MinHeapSize                              = 8388608                                   {product} {ergonomic}
    uintx NonNMethodCodeHeapSize                   = 5832780                                {pd product} {ergonomic}
    uintx NonProfiledCodeHeapSize                  = 122912730                              {pd product} {ergonomic}
    uintx ProfiledCodeHeapSize                     = 122912730                              {pd product} {ergonomic}
    uintx ReservedCodeCacheSize                    = 251658240                              {pd product} {ergonomic}
     bool SegmentedCodeCache                       = true                                      {product} {ergonomic}
     bool ShowCodeDetailsInExceptionMessages       = true                                   {manageable} {command line}
   size_t SoftMaxHeapSize                          = 1052770304                             {manageable} {ergonomic}
     bool UseCompressedClassPointers               = true                           {product lp64_product} {ergonomic}
     bool UseCompressedOops                        = true                           {product lp64_product} {ergonomic}
     bool UseG1GC                                  = true                                      {product} {ergonomic}
     bool UseLargePagesIndividualAllocation        = false                                  {pd product} {ergonomic}

Logging:
Log output configuration:
 #0: stdout all=warning uptime,level,tags
 #1: stderr all=off uptime,level,tags

Environment Variables:
PATH=C:/Users/anamendra.y(2420)/.p2/pool/plugins/org.eclipse.justj.openjdk.hotspot.jre.full.win32.x86_64_17.0.1.v20211116-1657/jre/bin/server;C:/Users/anamendra.y(2420)/.p2/pool/plugins/org.eclipse.justj.openjdk.hotspot.jre.full.win32.x86_64_17.0.1.v20211116-1657/jre/bin;"C:\Program Files\nodejs\node_modules\npm\bin;C:\Users\anamendra.y(2420)\Downloads\chromedriver_win32;";C:\Python310\;C:\Program Files (x86)\Common Files\Oracle\Java\javapath;C:\Program Files (x86)\Intel\iCLS Client\;C:\Users\anamendra.y(2420)\Downloads\apache-ant-1.10.12\apache-ant-1.10.12\bin;C:\Program Files\Intel\iCLS Client\;C:\WINDOWS\system32;C:\WINDOWS;C:\WINDOWS\System32\Wbem;C:\WINDOWS\System32\WindowsPowerShell\v1.0\;C:\Program Files\Intel\Intel(R) Management Engine Components\DAL;C:\Program Files\Intel\Intel(R) Management Engine Components\IPT;C:\Program Files (x86)\Intel\Intel(R) Management Engine Components\DAL;C:\Program Files (x86)\Intel\Intel(R) Management Engine Components\IPT;C:\WINDOWS\System32\OpenSSH\;D:\Softwares\apache-jmeter-5.2.1\apache-jmeter-5.2.1\bin;D:\apache-ant-1.9.9\bin;C:\Program Files\Git\cmd;C:\Program Files\nodejs\;C:\Program Files (x86)\dotnet\;C:\ProgramData\chocolatey\bin;C:\Program Files\Microsoft VS Code\bin;C:\apache-maven-3.8.4\bin;C:\Program Files\dotnet\;C:\Users\anamendra.y(2420)\AppData\Local\Microsoft\WindowsApps;C:\Users\anamendra.y(2420)\AppData\Roaming\npm;C:\Users\anamendra.y(2420)\.dotnet\tools;C:\WINDOWS\system32;
USERNAME=anamendra.y(2420)
OS=Windows_NT
PROCESSOR_IDENTIFIER=Intel64 Family 6 Model 60 Stepping 3, GenuineIntel



---------------  S Y S T E M  ---------------

OS:
 Windows 10 , 64 bit Build 19041 (10.0.19041.1348)
OS uptime: 0 days 5:10 hours

CPU: total 4 (initial active 4) (4 cores per cpu, 1 threads per core) family 6 model 60 stepping 3 microcode 0x27, cx8, cmov, fxsr, mmx, sse, sse2, sse3, ssse3, sse4.1, sse4.2, popcnt, lzcnt, tsc, tscinvbit, avx, avx2, aes, erms, clmul, bmi1, bmi2, fma, vzeroupper, clflush

Memory: 4k page, system-wide physical 4013M (147M free)
TotalPageFile size 10526M (AvailPageFile size 2M)
current process WorkingSet (physical memory assigned to process): 139M, peak: 157M
current process commit charge ("private bytes"): 169M, peak: 189M

vm_info: OpenJDK 64-Bit Server VM (17.0.1+12) for windows-amd64 JRE (17.0.1+12), built on Oct 20 2021 07:42:55 by "" with MS VC++ 16.7 (VS2019)

END.
