#
# There is insufficient memory for the Java Runtime Environment to continue.
# Native memory allocation (mmap) failed to map 15728640 bytes for G1 virtual space
# Possible reasons:
#   The system is out of physical RAM or swap space
#   The process is running with CompressedOops enabled, and the Java Heap may be blocking the growth of the native heap
# Possible solutions:
#   Reduce memory load on the system
#   Increase physical memory or swap space
#   Check if swap backing store is full
#   Decrease Java heap size (-Xmx/-Xms)
#   Decrease number of Java threads
#   Decrease Java thread stack sizes (-Xss)
#   Set larger code cache with -XX:ReservedCodeCacheSize=
#   JVM is running with Unscaled Compressed Oops mode in which the Java heap is
#     placed in the first 4GB address space. The Java Heap base address is the
#     maximum limit for the native heap growth. Please use -XX:HeapBaseMinAddress
#     to set the Java Heap base and to place the Java Heap above 4GB virtual address.
# This output file may be truncated or incomplete.
#
#  Out of Memory Error (os_windows.cpp:3469), pid=18236, tid=21456
#
# JRE version: OpenJDK Runtime Environment Temurin-17.0.1+12 (17.0.1+12) (build 17.0.1+12)
# Java VM: OpenJDK 64-Bit Server VM Temurin-17.0.1+12 (17.0.1+12, mixed mode, tiered, compressed oops, compressed class ptrs, g1 gc, windows-amd64)
# No core dump will be written. Minidumps are not enabled by default on client versions of Windows
#

---------------  S U M M A R Y ------------

Command Line: -ea -Dfile.encoding=Cp1252 -XX:+ShowCodeDetailsInExceptionMessages org.testng.remote.RemoteTestNG -serport 61458 -protocol json -d C:\Users\anamendra.y(2420)\eclipse-workspace\automateDemo\test-output C:\Users\anamendra.y(2420)\eclipse-workspace\automateDemo\testng.xml

Host: Intel(R) Core(TM) i5-4590T CPU @ 2.00GHz, 4 cores, 3G,  Windows 10 , 64 bit Build 19041 (10.0.19041.1348)
Time: Tue Mar  8 18:33:19 2022 India Standard Time elapsed time: 42.186211 seconds (0d 0h 0m 42s)

---------------  T H R E A D  ---------------

Current thread (0x000002b0676bb7c0):  VMThread "VM Thread" [stack: 0x000000f7a4800000,0x000000f7a4900000] [id=21456]

Stack: [0x000000f7a4800000,0x000000f7a4900000]
Native frames: (J=compiled Java code, j=interpreted, Vv=VM code, C=native code)
V  [jvm.dll+0x6744da]
V  [jvm.dll+0x82e144]
V  [jvm.dll+0x82f8ee]
V  [jvm.dll+0x82ff53]
V  [jvm.dll+0x245175]
V  [jvm.dll+0x6714c9]
V  [jvm.dll+0x665f92]
V  [jvm.dll+0x303c3b]
V  [jvm.dll+0x30b176]
V  [jvm.dll+0x35af1e]
V  [jvm.dll+0x35b14f]
V  [jvm.dll+0x2dab78]
V  [jvm.dll+0x2d8e2c]
V  [jvm.dll+0x2d83fc]
V  [jvm.dll+0x31c24b]
V  [jvm.dll+0x8343bb]
V  [jvm.dll+0x8350f4]
V  [jvm.dll+0x83560c]
V  [jvm.dll+0x8359e4]
V  [jvm.dll+0x835ab0]
V  [jvm.dll+0x7de51a]
V  [jvm.dll+0x673305]
C  [ucrtbase.dll+0x21bb2]
C  [KERNEL32.DLL+0x17034]
C  [ntdll.dll+0x52651]

VM_Operation (0x000000f7a42f7170): G1CollectForAllocation, mode: safepoint, requested by thread 0x000002b04e57e400


---------------  P R O C E S S  ---------------

Threads class SMR info:
_java_thread_list=0x000002b06a735680, length=26, elements={
0x000002b04e57e400, 0x000002b06769c5d0, 0x000002b06769fd40, 0x000002b0676e69b0,
0x000002b0676e7560, 0x000002b0676ea7c0, 0x000002b06771c040, 0x000002b067727400,
0x000002b0677291c0, 0x000002b06772c2b0, 0x000002b0682571c0, 0x000002b06828af30,
0x000002b068923360, 0x000002b0689246a0, 0x000002b068921b50, 0x000002b0689224f0,
0x000002b068922020, 0x000002b068923830, 0x000002b0689229c0, 0x000002b068923d00,
0x000002b0689241d0, 0x000002b068921680, 0x000002b068924b70, 0x000002b068922e90,
0x000002b06a5bc610, 0x000002b06a5b8c50
}

Java Threads: ( => current thread )
  0x000002b04e57e400 JavaThread "main" [_thread_blocked, id=1372, stack(0x000000f7a4200000,0x000000f7a4300000)]
  0x000002b06769c5d0 JavaThread "Reference Handler" daemon [_thread_blocked, id=9448, stack(0x000000f7a4900000,0x000000f7a4a00000)]
  0x000002b06769fd40 JavaThread "Finalizer" daemon [_thread_blocked, id=17820, stack(0x000000f7a4a00000,0x000000f7a4b00000)]
  0x000002b0676e69b0 JavaThread "Signal Dispatcher" daemon [_thread_blocked, id=12540, stack(0x000000f7a4b00000,0x000000f7a4c00000)]
  0x000002b0676e7560 JavaThread "Attach Listener" daemon [_thread_blocked, id=20024, stack(0x000000f7a4c00000,0x000000f7a4d00000)]
  0x000002b0676ea7c0 JavaThread "Service Thread" daemon [_thread_blocked, id=18816, stack(0x000000f7a4d00000,0x000000f7a4e00000)]
  0x000002b06771c040 JavaThread "Monitor Deflation Thread" daemon [_thread_blocked, id=13464, stack(0x000000f7a4e00000,0x000000f7a4f00000)]
  0x000002b067727400 JavaThread "C2 CompilerThread0" daemon [_thread_blocked, id=12344, stack(0x000000f7a4f00000,0x000000f7a5000000)]
  0x000002b0677291c0 JavaThread "C1 CompilerThread0" daemon [_thread_blocked, id=18008, stack(0x000000f7a5000000,0x000000f7a5100000)]
  0x000002b06772c2b0 JavaThread "Sweeper thread" daemon [_thread_blocked, id=21356, stack(0x000000f7a5100000,0x000000f7a5200000)]
  0x000002b0682571c0 JavaThread "Notification Thread" daemon [_thread_blocked, id=16428, stack(0x000000f7a5200000,0x000000f7a5300000)]
  0x000002b06828af30 JavaThread "Common-Cleaner" daemon [_thread_blocked, id=12296, stack(0x000000f7a5400000,0x000000f7a5500000)]
  0x000002b068923360 JavaThread "ReaderThread" [_thread_in_native, id=3432, stack(0x000000f7a5700000,0x000000f7a5800000)]
  0x000002b0689246a0 JavaThread "ForkJoinPool.commonPool-worker-1" daemon [_thread_blocked, id=17780, stack(0x000000f7a5b00000,0x000000f7a5c00000)]
  0x000002b068921b50 JavaThread "ForkJoinPool.commonPool-worker-2" daemon [_thread_blocked, id=19128, stack(0x000000f7a5c00000,0x000000f7a5d00000)]
  0x000002b0689224f0 JavaThread "ForkJoinPool.commonPool-worker-3" daemon [_thread_blocked, id=19140, stack(0x000000f7a5d00000,0x000000f7a5e00000)]
  0x000002b068922020 JavaThread "AsyncHttpClient-1-1" daemon [_thread_blocked, id=6348, stack(0x000000f7a5e00000,0x000000f7a5f00000)]
  0x000002b068923830 JavaThread "Exec Default Executor" daemon [_thread_in_native, id=12504, stack(0x000000f7a5500000,0x000000f7a5600000)]
  0x000002b0689229c0 JavaThread "Driver Service Executor" daemon [_thread_blocked, id=16440, stack(0x000000f7a5f00000,0x000000f7a6000000)]
  0x000002b068923d00 JavaThread "Driver Service Executor" daemon [_thread_blocked, id=18796, stack(0x000000f7a6000000,0x000000f7a6100000)]
  0x000002b0689241d0 JavaThread "UrlChecker-2" daemon [_thread_blocked, id=9284, stack(0x000000f7a6100000,0x000000f7a6200000)]
  0x000002b068921680 JavaThread "Exec Stream Pumper" daemon [_thread_in_native, id=20836, stack(0x000000f7a6200000,0x000000f7a6300000)]
  0x000002b068924b70 JavaThread "Exec Stream Pumper" daemon [_thread_in_native, id=6448, stack(0x000000f7a6300000,0x000000f7a6400000)]
  0x000002b068922e90 JavaThread "AsyncHttpClient-1-2" daemon [_thread_in_native, id=21124, stack(0x000000f7a6500000,0x000000f7a6600000)]
  0x000002b06a5bc610 JavaThread "AsyncHttpClient-1-3" daemon [_thread_in_native, id=9680, stack(0x000000f7a6600000,0x000000f7a6700000)]
  0x000002b06a5b8c50 JavaThread "AsyncHttpClient-1-4" daemon [_thread_in_native, id=14960, stack(0x000000f7a6700000,0x000000f7a6800000)]

Other Threads:
=>0x000002b0676bb7c0 VMThread "VM Thread" [stack: 0x000000f7a4800000,0x000000f7a4900000] [id=21456]
  0x000002b05065f1c0 WatcherThread [stack: 0x000000f7a5300000,0x000000f7a5400000] [id=2448]
  0x000002b05064e2c0 GCTaskThread "GC Thread#0" [stack: 0x000000f7a4300000,0x000000f7a4400000] [id=16884]
  0x000002b069c12600 GCTaskThread "GC Thread#1" [stack: 0x000000f7a5800000,0x000000f7a5900000] [id=11860]
  0x000002b069c13db0 GCTaskThread "GC Thread#2" [stack: 0x000000f7a5900000,0x000000f7a5a00000] [id=8776]
  0x000002b069c14060 GCTaskThread "GC Thread#3" [stack: 0x000000f7a5a00000,0x000000f7a5b00000] [id=11276]
  0x000002b050658390 ConcurrentGCThread "G1 Main Marker" [stack: 0x000000f7a4400000,0x000000f7a4500000] [id=19712]
  0x000002b050658da0 ConcurrentGCThread "G1 Conc#0" [stack: 0x000000f7a4500000,0x000000f7a4600000] [id=21364]
  0x000002b05069b0a0 ConcurrentGCThread "G1 Refine#0" [stack: 0x000000f7a4600000,0x000000f7a4700000] [id=11344]
  0x000002b05069c3a0 ConcurrentGCThread "G1 Service" [stack: 0x000000f7a4700000,0x000000f7a4800000] [id=19032]

Threads with active compile tasks:

VM state: at safepoint (normal execution)

VM Mutex/Monitor currently owned by a thread:  ([mutex/lock_event])
[0x000002b04e57bc40] Threads_lock - owner thread: 0x000002b0676bb7c0
[0x000002b04e57b4f0] Heap_lock - owner thread: 0x000002b04e57e400

Heap address: 0x00000000c1400000, size: 1004 MB, Compressed Oops mode: 32-bit

CDS archive(s) not mapped
Compressed class space mapped at: 0x0000000100000000-0x0000000140000000, reserved size: 1073741824
Narrow klass base: 0x0000000000000000, Narrow klass shift: 3, Narrow klass range: 0x140000000

GC Precious Log:
 CPUs: 4 total, 4 available
 Memory: 4013M
 Large Page Support: Disabled
 NUMA Support: Disabled
 Compressed Oops: Enabled (32-bit)
 Heap Region Size: 1M
 Heap Min Capacity: 8M
 Heap Initial Capacity: 64M
 Heap Max Capacity: 1004M
 Pre-touch: Disabled
 Parallel Workers: 4
 Concurrent Workers: 1
 Concurrent Refinement Workers: 4
 Periodic GC: Disabled

Heap:
 garbage-first heap   total 50176K, used 28522K [0x00000000c1400000, 0x0000000100000000)
  region size 1024K, 2 young (2048K), 2 survivors (2048K)
 Metaspace       used 32493K, committed 32832K, reserved 1081344K
  class space    used 3737K, committed 3904K, reserved 1048576K

Heap Regions: E=young(eden), S=young(survivor), O=old, HS=humongous(starts), HC=humongous(continues), CS=collection set, F=free, OA=open archive, CA=closed archive, TAMS=top-at-mark-start (previous, next)
|   0|0x00000000c1400000, 0x00000000c1500000, 0x00000000c1500000|100%| O|  |TAMS 0x00000000c1500000, 0x00000000c1500000| Untracked 
|   1|0x00000000c1500000, 0x00000000c1600000, 0x00000000c1600000|100%| O|  |TAMS 0x00000000c1600000, 0x00000000c1600000| Untracked 
|   2|0x00000000c1600000, 0x00000000c1700000, 0x00000000c1700000|100%| O|  |TAMS 0x00000000c1700000, 0x00000000c1700000| Untracked 
|   3|0x00000000c1700000, 0x00000000c1800000, 0x00000000c1800000|100%| O|  |TAMS 0x00000000c1800000, 0x00000000c1800000| Untracked 
|   4|0x00000000c1800000, 0x00000000c1800000, 0x00000000c1900000|  0%| F|  |TAMS 0x00000000c1800000, 0x00000000c1800000| Untracked 
|   5|0x00000000c1900000, 0x00000000c1a00000, 0x00000000c1a00000|100%| O|  |TAMS 0x00000000c1900000, 0x00000000c1a00000| Untracked 
|   6|0x00000000c1a00000, 0x00000000c1b00000, 0x00000000c1b00000|100%| O|  |TAMS 0x00000000c1a00000, 0x00000000c1b00000| Untracked 
|   7|0x00000000c1b00000, 0x00000000c1c00000, 0x00000000c1c00000|100%| O|  |TAMS 0x00000000c1b00000, 0x00000000c1c00000| Untracked 
|   8|0x00000000c1c00000, 0x00000000c1d00000, 0x00000000c1d00000|100%| O|  |TAMS 0x00000000c1c00000, 0x00000000c1d00000| Untracked 
|   9|0x00000000c1d00000, 0x00000000c1d00000, 0x00000000c1e00000|  0%| F|  |TAMS 0x00000000c1d00000, 0x00000000c1d00000| Untracked 
|  10|0x00000000c1e00000, 0x00000000c1e00000, 0x00000000c1f00000|  0%| F|  |TAMS 0x00000000c1e00000, 0x00000000c1e00000| Untracked 
|  11|0x00000000c1f00000, 0x00000000c1f00000, 0x00000000c2000000|  0%| F|  |TAMS 0x00000000c1f00000, 0x00000000c1f00000| Untracked 
|  12|0x00000000c2000000, 0x00000000c2000000, 0x00000000c2100000|  0%| F|  |TAMS 0x00000000c2000000, 0x00000000c2000000| Untracked 
|  13|0x00000000c2100000, 0x00000000c21da800, 0x00000000c2200000| 85%| O|  |TAMS 0x00000000c2100000, 0x00000000c21cf600| Untracked 
|  14|0x00000000c2200000, 0x00000000c2200000, 0x00000000c2300000|  0%| F|  |TAMS 0x00000000c2200000, 0x00000000c2200000| Untracked 
|  15|0x00000000c2300000, 0x00000000c2400000, 0x00000000c2400000|100%| S|CS|TAMS 0x00000000c2300000, 0x00000000c2300000| Complete 
|  16|0x00000000c2400000, 0x00000000c2500000, 0x00000000c2500000|100%| S|CS|TAMS 0x00000000c2400000, 0x00000000c2400000| Complete 
|  17|0x00000000c2500000, 0x00000000c2500000, 0x00000000c2600000|  0%| F|  |TAMS 0x00000000c2500000, 0x00000000c2500000| Untracked 
|  18|0x00000000c2600000, 0x00000000c2600000, 0x00000000c2700000|  0%| F|  |TAMS 0x00000000c2600000, 0x00000000c2600000| Untracked 
|  19|0x00000000c2700000, 0x00000000c2700000, 0x00000000c2800000|  0%| F|  |TAMS 0x00000000c2700000, 0x00000000c2700000| Untracked 
|  20|0x00000000c2800000, 0x00000000c2800000, 0x00000000c2900000|  0%| F|  |TAMS 0x00000000c2800000, 0x00000000c2800000| Untracked 
|  21|0x00000000c2900000, 0x00000000c2900000, 0x00000000c2a00000|  0%| F|  |TAMS 0x00000000c2900000, 0x00000000c2900000| Untracked 
|  22|0x00000000c2a00000, 0x00000000c2a00000, 0x00000000c2b00000|  0%| F|  |TAMS 0x00000000c2a00000, 0x00000000c2a00000| Untracked 
|  23|0x00000000c2b00000, 0x00000000c2b00000, 0x00000000c2c00000|  0%| F|  |TAMS 0x00000000c2b00000, 0x00000000c2b00000| Untracked 
|  24|0x00000000c2c00000, 0x00000000c2c00000, 0x00000000c2d00000|  0%| F|  |TAMS 0x00000000c2c00000, 0x00000000c2c00000| Untracked 
|  25|0x00000000c2d00000, 0x00000000c2e00000, 0x00000000c2e00000|100%|HS|  |TAMS 0x00000000c2d00000, 0x00000000c2d00000| Complete 
|  26|0x00000000c2e00000, 0x00000000c2f00000, 0x00000000c2f00000|100%|HC|  |TAMS 0x00000000c2e00000, 0x00000000c2e00000| Complete 
|  27|0x00000000c2f00000, 0x00000000c3000000, 0x00000000c3000000|100%|HC|  |TAMS 0x00000000c2f00000, 0x00000000c2f00000| Complete 
|  28|0x00000000c3000000, 0x00000000c3100000, 0x00000000c3100000|100%|HC|  |TAMS 0x00000000c3000000, 0x00000000c3000000| Complete 
|  29|0x00000000c3100000, 0x00000000c3200000, 0x00000000c3200000|100%|HC|  |TAMS 0x00000000c3100000, 0x00000000c3100000| Complete 
|  30|0x00000000c3200000, 0x00000000c3300000, 0x00000000c3300000|100%|HC|  |TAMS 0x00000000c3200000, 0x00000000c3200000| Complete 
|  31|0x00000000c3300000, 0x00000000c3400000, 0x00000000c3400000|100%|HC|  |TAMS 0x00000000c3300000, 0x00000000c3300000| Complete 
|  32|0x00000000c3400000, 0x00000000c3500000, 0x00000000c3500000|100%|HC|  |TAMS 0x00000000c3400000, 0x00000000c3400000| Complete 
|  33|0x00000000c3500000, 0x00000000c3600000, 0x00000000c3600000|100%|HC|  |TAMS 0x00000000c3500000, 0x00000000c3500000| Complete 
|  34|0x00000000c3600000, 0x00000000c3700000, 0x00000000c3700000|100%|HC|  |TAMS 0x00000000c3600000, 0x00000000c3600000| Complete 
|  35|0x00000000c3700000, 0x00000000c3800000, 0x00000000c3800000|100%|HC|  |TAMS 0x00000000c3700000, 0x00000000c3700000| Complete 
|  36|0x00000000c3800000, 0x00000000c3900000, 0x00000000c3900000|100%|HC|  |TAMS 0x00000000c3800000, 0x00000000c3800000| Complete 
|  37|0x00000000c3900000, 0x00000000c3a00000, 0x00000000c3a00000|100%|HC|  |TAMS 0x00000000c3900000, 0x00000000c3900000| Complete 
|  38|0x00000000c3a00000, 0x00000000c3b00000, 0x00000000c3b00000|100%|HC|  |TAMS 0x00000000c3a00000, 0x00000000c3a00000| Complete 
|  39|0x00000000c3b00000, 0x00000000c3c00000, 0x00000000c3c00000|100%|HC|  |TAMS 0x00000000c3b00000, 0x00000000c3b00000| Complete 
|  40|0x00000000c3c00000, 0x00000000c3d00000, 0x00000000c3d00000|100%|HC|  |TAMS 0x00000000c3c00000, 0x00000000c3c00000| Complete 
|  41|0x00000000c3d00000, 0x00000000c3e00000, 0x00000000c3e00000|100%|HC|  |TAMS 0x00000000c3d00000, 0x00000000c3d00000| Complete 
|  42|0x00000000c3e00000, 0x00000000c3e00000, 0x00000000c3f00000|  0%| F|  |TAMS 0x00000000c3e00000, 0x00000000c3e00000| Untracked 
|  43|0x00000000c3f00000, 0x00000000c3f00000, 0x00000000c4000000|  0%| F|  |TAMS 0x00000000c3f00000, 0x00000000c3f00000| Untracked 
|  44|0x00000000c4000000, 0x00000000c4000000, 0x00000000c4100000|  0%| F|  |TAMS 0x00000000c4000000, 0x00000000c4000000| Untracked 
|  45|0x00000000c4100000, 0x00000000c4100000, 0x00000000c4200000|  0%| F|  |TAMS 0x00000000c4100000, 0x00000000c4100000| Untracked 
|  46|0x00000000c4200000, 0x00000000c4200000, 0x00000000c4300000|  0%| F|  |TAMS 0x00000000c4200000, 0x00000000c4200000| Untracked 
|  47|0x00000000c4300000, 0x00000000c4300000, 0x00000000c4400000|  0%| F|  |TAMS 0x00000000c4300000, 0x00000000c4300000| Untracked 
|  63|0x00000000c5300000, 0x00000000c5300000, 0x00000000c5400000|  0%| F|  |TAMS 0x00000000c5300000, 0x00000000c5300000| Untracked 

Card table byte_map: [0x000002b062ec0000,0x000002b0630c0000] _byte_map_base: 0x000002b0628b6000

Marking Bits (Prev, Next): (CMBitMap*) 0x000002b05064fd20, (CMBitMap*) 0x000002b05064fce0
 Prev Bits: [0x000002b064270000, 0x000002b065220000)
 Next Bits: [0x000002b0632c0000, 0x000002b064270000)

Polling page: 0x000002b04e460000

Metaspace:

Usage:
  Non-class:     28.08 MB used.
      Class:      3.65 MB used.
       Both:     31.73 MB used.

Virtual space:
  Non-class space:       32.00 MB reserved,      28.25 MB ( 88%) committed,  4 nodes.
      Class space:        1.00 GB reserved,       3.81 MB ( <1%) committed,  1 nodes.
             Both:        1.03 GB reserved,      32.06 MB (  3%) committed. 

Chunk freelists:
   Non-Class:  3.09 MB
       Class:  240.00 KB
        Both:  3.33 MB

MaxMetaspaceSize: unlimited
CompressedClassSpaceSize: 1.00 GB
Initial GC threshold: 21.00 MB
Current GC threshold: 35.12 MB
CDS: off
MetaspaceReclaimPolicy: balanced
 - commit_granule_bytes: 65536.
 - commit_granule_words: 8192.
 - virtual_space_node_default_size: 1048576.
 - enlarge_chunks_in_place: 1.
 - new_chunks_are_fully_committed: 0.
 - uncommit_free_chunks: 1.
 - use_allocation_guard: 0.
 - handle_deallocations: 1.


Internal statistics:

num_allocs_failed_limit: 3.
num_arena_births: 210.
num_arena_deaths: 0.
num_vsnodes_births: 5.
num_vsnodes_deaths: 0.
num_space_committed: 513.
num_space_uncommitted: 0.
num_chunks_returned_to_freelist: 3.
num_chunks_taken_from_freelist: 831.
num_chunk_merges: 0.
num_chunk_splits: 557.
num_chunks_enlarged: 451.
num_purges: 0.
num_inconsistent_stats: 0.

CodeHeap 'non-profiled nmethods': size=120000Kb used=938Kb max_used=938Kb free=119061Kb
 bounds [0x000002b05b790000, 0x000002b05ba00000, 0x000002b062cc0000]
CodeHeap 'profiled nmethods': size=120000Kb used=4612Kb max_used=4612Kb free=115387Kb
 bounds [0x000002b054260000, 0x000002b0546f0000, 0x000002b05b790000]
CodeHeap 'non-nmethods': size=5760Kb used=1283Kb max_used=1320Kb free=4476Kb
 bounds [0x000002b053cc0000, 0x000002b053f30000, 0x000002b054260000]
 total_blobs=2997 nmethods=2401 adapters=508
 compilation: enabled
              stopped_count=0, restarted_count=0
 full_count=0

Compilation events (20 events):
Event: 42.127 Thread 0x000002b0677291c0 nmethod 2393 0x000002b0546dd890 code [0x000002b0546dda20, 0x000002b0546ddb18]
Event: 42.131 Thread 0x000002b0677291c0 2397  s    3       java.lang.StringBuffer::append (13 bytes)
Event: 42.131 Thread 0x000002b0677291c0 nmethod 2397 0x000002b0546ddb90 code [0x000002b0546ddd40, 0x000002b0546ddf68]
Event: 42.131 Thread 0x000002b0677291c0 2398       3       java.io.StringWriter::write (10 bytes)
Event: 42.131 Thread 0x000002b0677291c0 nmethod 2398 0x000002b0546de010 code [0x000002b0546de1c0, 0x000002b0546de468]
Event: 42.132 Thread 0x000002b0677291c0 2400       3       java.lang.reflect.AccessibleObject::checkPermission (16 bytes)
Event: 42.132 Thread 0x000002b0677291c0 nmethod 2400 0x000002b0546de590 code [0x000002b0546de760, 0x000002b0546dea88]
Event: 42.132 Thread 0x000002b0677291c0 2403       3       org.testng.shaded.com.google.gson.stream.JsonWriter::string (171 bytes)
Event: 42.134 Thread 0x000002b0677291c0 nmethod 2403 0x000002b0546dec10 code [0x000002b0546deea0, 0x000002b0546dfd28]
Event: 42.134 Thread 0x000002b0677291c0 2401       3       java.lang.reflect.AccessibleObject::checkCanSetAccessible (9 bytes)
Event: 42.134 Thread 0x000002b0677291c0 nmethod 2401 0x000002b0546e0290 code [0x000002b0546e0420, 0x000002b0546e0568]
Event: 42.134 Thread 0x000002b0677291c0 2402       3       java.lang.reflect.AccessibleObject::setAccessible0 (7 bytes)
Event: 42.134 Thread 0x000002b0677291c0 nmethod 2402 0x000002b0546e0610 code [0x000002b0546e07a0, 0x000002b0546e08b8]
Event: 42.154 Thread 0x000002b067727400 nmethod 2395 0x000002b05b878610 code [0x000002b05b8787e0, 0x000002b05b879ba8]
Event: 42.154 Thread 0x000002b067727400 2399       4       java.util.regex.Pattern$Slice::match (79 bytes)
Event: 42.156 Thread 0x000002b067727400 nmethod 2399 0x000002b05b87a390 code [0x000002b05b87a520, 0x000002b05b87a7c8]
Event: 42.169 Thread 0x000002b0677291c0 2404       3       java.lang.StringLatin1::toChars (16 bytes)
Event: 42.169 Thread 0x000002b0677291c0 nmethod 2404 0x000002b0546e0990 code [0x000002b0546e0b40, 0x000002b0546e0d08]
Event: 42.174 Thread 0x000002b0677291c0 2405       3       java.util.concurrent.ConcurrentHashMap$Traverser::<init> (36 bytes)
Event: 42.174 Thread 0x000002b0677291c0 nmethod 2405 0x000002b0546e0e10 code [0x000002b0546e0fa0, 0x000002b0546e1198]

GC Heap History (15 events):
Event: 0.828 GC heap before
{Heap before GC invocations=0 (full 0):
 garbage-first heap   total 65536K, used 13312K [0x00000000c1400000, 0x0000000100000000)
  region size 1024K, 13 young (13312K), 0 survivors (0K)
 Metaspace       used 12046K, committed 12160K, reserved 1064960K
  class space    used 1134K, committed 1152K, reserved 1048576K
}
Event: 0.832 GC heap after
{Heap after GC invocations=1 (full 0):
 garbage-first heap   total 65536K, used 4483K [0x00000000c1400000, 0x0000000100000000)
  region size 1024K, 2 young (2048K), 2 survivors (2048K)
 Metaspace       used 12046K, committed 12160K, reserved 1064960K
  class space    used 1134K, committed 1152K, reserved 1048576K
}
Event: 1.307 GC heap before
{Heap before GC invocations=1 (full 0):
 garbage-first heap   total 65536K, used 15747K [0x00000000c1400000, 0x0000000100000000)
  region size 1024K, 13 young (13312K), 2 survivors (2048K)
 Metaspace       used 16578K, committed 16768K, reserved 1064960K
  class space    used 1655K, committed 1728K, reserved 1048576K
}
Event: 1.311 GC heap after
{Heap after GC invocations=2 (full 0):
 garbage-first heap   total 65536K, used 6154K [0x00000000c1400000, 0x0000000100000000)
  region size 1024K, 2 young (2048K), 2 survivors (2048K)
 Metaspace       used 16578K, committed 16768K, reserved 1064960K
  class space    used 1655K, committed 1728K, reserved 1048576K
}
Event: 1.854 GC heap before
{Heap before GC invocations=2 (full 0):
 garbage-first heap   total 65536K, used 19466K [0x00000000c1400000, 0x0000000100000000)
  region size 1024K, 16 young (16384K), 2 survivors (2048K)
 Metaspace       used 21248K, committed 21504K, reserved 1073152K
  class space    used 2275K, committed 2432K, reserved 1048576K
}
Event: 1.857 GC heap after
{Heap after GC invocations=3 (full 0):
 garbage-first heap   total 65536K, used 7456K [0x00000000c1400000, 0x0000000100000000)
  region size 1024K, 3 young (3072K), 3 survivors (3072K)
 Metaspace       used 21248K, committed 21504K, reserved 1073152K
  class space    used 2275K, committed 2432K, reserved 1048576K
}
Event: 2.274 GC heap before
{Heap before GC invocations=4 (full 0):
 garbage-first heap   total 30720K, used 20768K [0x00000000c1400000, 0x0000000100000000)
  region size 1024K, 17 young (17408K), 3 survivors (3072K)
 Metaspace       used 25548K, committed 25728K, reserved 1073152K
  class space    used 2774K, committed 2880K, reserved 1048576K
}
Event: 2.281 GC heap after
{Heap after GC invocations=5 (full 0):
 garbage-first heap   total 30720K, used 9190K [0x00000000c1400000, 0x0000000100000000)
  region size 1024K, 4 young (4096K), 4 survivors (4096K)
 Metaspace       used 25548K, committed 25728K, reserved 1073152K
  class space    used 2774K, committed 2880K, reserved 1048576K
}
Event: 2.310 GC heap before
{Heap before GC invocations=5 (full 0):
 garbage-first heap   total 30720K, used 9190K [0x00000000c1400000, 0x0000000100000000)
  region size 1024K, 5 young (5120K), 4 survivors (4096K)
 Metaspace       used 25784K, committed 25920K, reserved 1073152K
  class space    used 2810K, committed 2880K, reserved 1048576K
}
Event: 2.315 GC heap after
{Heap after GC invocations=6 (full 0):
 garbage-first heap   total 30720K, used 9438K [0x00000000c1400000, 0x0000000100000000)
  region size 1024K, 1 young (1024K), 1 survivors (1024K)
 Metaspace       used 25784K, committed 25920K, reserved 1073152K
  class space    used 2810K, committed 2880K, reserved 1048576K
}
Event: 3.490 GC heap before
{Heap before GC invocations=6 (full 0):
 garbage-first heap   total 30720K, used 18654K [0x00000000c1400000, 0x0000000100000000)
  region size 1024K, 11 young (11264K), 1 survivors (1024K)
 Metaspace       used 28597K, committed 28800K, reserved 1081344K
  class space    used 3210K, committed 3328K, reserved 1048576K
}
Event: 3.493 GC heap after
{Heap after GC invocations=7 (full 0):
 garbage-first heap   total 30720K, used 9787K [0x00000000c1400000, 0x0000000100000000)
  region size 1024K, 1 young (1024K), 1 survivors (1024K)
 Metaspace       used 28597K, committed 28800K, reserved 1081344K
  class space    used 3210K, committed 3328K, reserved 1048576K
}
Event: 3.731 GC heap before
{Heap before GC invocations=7 (full 0):
 garbage-first heap   total 30720K, used 13883K [0x00000000c1400000, 0x0000000100000000)
  region size 1024K, 6 young (6144K), 1 survivors (1024K)
 Metaspace       used 29872K, committed 30144K, reserved 1081344K
  class space    used 3395K, committed 3520K, reserved 1048576K
}
Event: 3.734 GC heap after
{Heap after GC invocations=8 (full 0):
 garbage-first heap   total 30720K, used 10037K [0x00000000c1400000, 0x0000000100000000)
  region size 1024K, 1 young (1024K), 1 survivors (1024K)
 Metaspace       used 29872K, committed 30144K, reserved 1081344K
  class space    used 3395K, committed 3520K, reserved 1048576K
}
Event: 42.178 GC heap before
{Heap before GC invocations=8 (full 0):
 garbage-first heap   total 47104K, used 38709K [0x00000000c1400000, 0x0000000100000000)
  region size 1024K, 12 young (12288K), 1 survivors (1024K)
 Metaspace       used 32493K, committed 32832K, reserved 1081344K
  class space    used 3737K, committed 3904K, reserved 1048576K
}

Deoptimization events (20 events):
Event: 2.002 Thread 0x000002b04e57e400 Uncommon trap: trap_request=0xffffff45 fr.pc=0x000002b05b8085c4 relative=0x00000000000001c4
Event: 2.002 Thread 0x000002b04e57e400 Uncommon trap: reason=unstable_if action=reinterpret pc=0x000002b05b8085c4 method=java.util.HashMap.putVal(ILjava/lang/Object;Ljava/lang/Object;ZZ)Ljava/lang/Object; @ 162 c2
Event: 2.002 Thread 0x000002b04e57e400 DEOPT PACKING pc=0x000002b05b8085c4 sp=0x000000f7a42f8f50
Event: 2.002 Thread 0x000002b04e57e400 DEOPT UNPACKING pc=0x000002b053d123a3 sp=0x000000f7a42f8ee0 mode 2
Event: 2.372 Thread 0x000002b04e57e400 Uncommon trap: trap_request=0xffffff45 fr.pc=0x000002b05b805d20 relative=0x0000000000000580
Event: 2.372 Thread 0x000002b04e57e400 Uncommon trap: reason=unstable_if action=reinterpret pc=0x000002b05b805d20 method=java.lang.String.replace(CC)Ljava/lang/String; @ 2 c2
Event: 2.372 Thread 0x000002b04e57e400 DEOPT PACKING pc=0x000002b05b805d20 sp=0x000000f7a42fd680
Event: 2.372 Thread 0x000002b04e57e400 DEOPT UNPACKING pc=0x000002b053d123a3 sp=0x000000f7a42fd630 mode 2
Event: 2.408 Thread 0x000002b0689241d0 Uncommon trap: trap_request=0xffffff45 fr.pc=0x000002b05b816cf4 relative=0x00000000000000d4
Event: 2.408 Thread 0x000002b0689241d0 Uncommon trap: reason=unstable_if action=reinterpret pc=0x000002b05b816cf4 method=java.lang.CharacterDataLatin1.digit(II)I @ 12 c2
Event: 2.408 Thread 0x000002b0689241d0 DEOPT PACKING pc=0x000002b05b816cf4 sp=0x000000f7a61fe680
Event: 2.408 Thread 0x000002b0689241d0 DEOPT UNPACKING pc=0x000002b053d123a3 sp=0x000000f7a61fe538 mode 2
Event: 2.429 Thread 0x000002b0689241d0 Uncommon trap: trap_request=0xffffff45 fr.pc=0x000002b05b817148 relative=0x00000000000000a8
Event: 2.429 Thread 0x000002b0689241d0 Uncommon trap: reason=unstable_if action=reinterpret pc=0x000002b05b817148 method=java.lang.CharacterDataLatin1.digit(II)I @ 12 c2
Event: 2.429 Thread 0x000002b0689241d0 DEOPT PACKING pc=0x000002b05b817148 sp=0x000000f7a61fe5d0
Event: 2.429 Thread 0x000002b0689241d0 DEOPT UNPACKING pc=0x000002b053d123a3 sp=0x000000f7a61fe548 mode 2
Event: 6.250 Thread 0x000002b04e57e400 Uncommon trap: trap_request=0xffffff45 fr.pc=0x000002b05b855c1c relative=0x0000000000000ffc
Event: 6.250 Thread 0x000002b04e57e400 Uncommon trap: reason=unstable_if action=reinterpret pc=0x000002b05b855c1c method=java.util.concurrent.ConcurrentHashMap.putVal(Ljava/lang/Object;Ljava/lang/Object;Z)Ljava/lang/Object; @ 231 c2
Event: 6.250 Thread 0x000002b04e57e400 DEOPT PACKING pc=0x000002b05b855c1c sp=0x000000f7a42fd650
Event: 6.250 Thread 0x000002b04e57e400 DEOPT UNPACKING pc=0x000002b053d123a3 sp=0x000000f7a42fd5c0 mode 2

Classes unloaded (0 events):
No events

Classes redefined (0 events):
No events

Internal exceptions (20 events):
Event: 2.507 Thread 0x000002b0689241d0 Exception <a 'java/net/ConnectException'{0x00000000c411d598}: Connection refused: no further information> (0x00000000c411d598) 
thrown [e:\jenkins\tmp\workspace\build\src\src\hotspot\share\prims\jni.cpp, line 535]
Event: 2.507 Thread 0x000002b0689241d0 Exception <a 'java/net/SocketException'{0x00000000c411d8d0}: Socket is not connected: shutdown> (0x00000000c411d8d0) 
thrown [e:\jenkins\tmp\workspace\build\src\src\hotspot\share\prims\jni.cpp, line 535]
Event: 2.598 Thread 0x000002b0689241d0 Exception <a 'java/net/ConnectException'{0x00000000c411e868}: Connection refused: no further information> (0x00000000c411e868) 
thrown [e:\jenkins\tmp\workspace\build\src\src\hotspot\share\prims\jni.cpp, line 535]
Event: 2.598 Thread 0x000002b0689241d0 Exception <a 'java/net/SocketException'{0x00000000c411eba0}: Socket is not connected: shutdown> (0x00000000c411eba0) 
thrown [e:\jenkins\tmp\workspace\build\src\src\hotspot\share\prims\jni.cpp, line 535]
Event: 2.770 Thread 0x000002b0689241d0 Exception <a 'java/net/ConnectException'{0x00000000c411fb38}: Connection refused: no further information> (0x00000000c411fb38) 
thrown [e:\jenkins\tmp\workspace\build\src\src\hotspot\share\prims\jni.cpp, line 535]
Event: 2.770 Thread 0x000002b0689241d0 Exception <a 'java/net/SocketException'{0x00000000c411fe70}: Socket is not connected: shutdown> (0x00000000c411fe70) 
thrown [e:\jenkins\tmp\workspace\build\src\src\hotspot\share\prims\jni.cpp, line 535]
Event: 3.119 Thread 0x000002b04e57e400 Exception <a 'java/lang/NoSuchMethodError'{0x00000000c41c5e90}: 'double java.lang.invoke.DirectMethodHandle$Holder.invokeVirtual(java.lang.Object, java.lang.Object)'> (0x00000000c41c5e90) 
thrown [e:\jenkins\tmp\workspace\build\src\src\hotspot\share\interpreter\linkResolver.cpp, line 766]
Event: 3.120 Thread 0x000002b04e57e400 Exception <a 'java/lang/NoSuchMethodError'{0x00000000c41cc638}: 'float java.lang.invoke.DirectMethodHandle$Holder.invokeVirtual(java.lang.Object, java.lang.Object)'> (0x00000000c41cc638) 
thrown [e:\jenkins\tmp\workspace\build\src\src\hotspot\share\interpreter\linkResolver.cpp, line 766]
Event: 3.121 Thread 0x000002b04e57e400 Exception <a 'java/lang/NoSuchMethodError'{0x00000000c41d5880}: 'long java.lang.invoke.DirectMethodHandle$Holder.invokeVirtual(java.lang.Object, java.lang.Object)'> (0x00000000c41d5880) 
thrown [e:\jenkins\tmp\workspace\build\src\src\hotspot\share\interpreter\linkResolver.cpp, line 766]
Event: 3.185 Thread 0x000002b04e57e400 Exception <a 'java/lang/NoSuchMethodError'{0x00000000c2c268b0}: 'void java.lang.invoke.DirectMethodHandle$Holder.invokeSpecial(java.lang.Object, java.lang.Object, java.lang.Object, java.lang.Object, java.lang.Object)'> (0x00000000c2c268b0) 
thrown [e:\jenkins\tmp\workspace\build\src\src\hotspot\share\interpreter\linkResolver.cpp, line 766]
Event: 3.188 Thread 0x000002b04e57e400 Exception <a 'java/lang/NoSuchMethodError'{0x00000000c2c2d790}: 'void java.lang.invoke.DirectMethodHandle$Holder.invokeStatic(java.lang.Object, java.lang.Object, int)'> (0x00000000c2c2d790) 
thrown [e:\jenkins\tmp\workspace\build\src\src\hotspot\share\interpreter\linkResolver.cpp, line 766]
Event: 3.224 Thread 0x000002b04e57e400 Exception <a 'java/lang/NoSuchMethodError'{0x00000000c2ce8550}: 'java.lang.Object java.lang.invoke.DirectMethodHandle$Holder.newInvokeSpecial(java.lang.Object, java.lang.Object, java.lang.Object, java.lang.Object, java.lang.Object)'> (0x00000000c2ce8550) 
thrown [e:\jenkins\tmp\workspace\build\src\src\hotspot\share\interpreter\linkResolver.cpp, line 766]
Event: 3.317 Thread 0x000002b04e57e400 Exception <a 'java/lang/NoSuchMethodError'{0x00000000c2bbea20}: 'int java.lang.invoke.DirectMethodHandle$Holder.invokeSpecialIFC(java.lang.Object, java.lang.Object, java.lang.Object)'> (0x00000000c2bbea20) 
thrown [e:\jenkins\tmp\workspace\build\src\src\hotspot\share\interpreter\linkResolver.cpp, line 766]
Event: 3.464 Thread 0x000002b04e57e400 Exception <a 'java/lang/NoSuchMethodError'{0x00000000c271e908}: 'void java.lang.invoke.DirectMethodHandle$Holder.invokeSpecial(java.lang.Object, java.lang.Object, java.lang.Object, java.lang.Object, java.lang.Object, java.lang.Object)'> (0x00000000c271e908) 
thrown [e:\jenkins\tmp\workspace\build\src\src\hotspot\share\interpreter\linkResolver.cpp, line 766]
Event: 6.195 Thread 0x000002b04e57e400 Exception <a 'java/lang/NoSuchMethodError'{0x00000000c42927f8}: 'java.lang.Object java.lang.invoke.DirectMethodHandle$Holder.invokeSpecialIFC(java.lang.Object, java.lang.Object, java.lang.Object)'> (0x00000000c42927f8) 
thrown [e:\jenkins\tmp\workspace\build\src\src\hotspot\share\interpreter\linkResolver.cpp, line 766]
Event: 6.200 Thread 0x000002b04e57e400 Exception <a 'java/lang/NoSuchMethodError'{0x00000000c42be348}: 'void java.lang.invoke.DirectMethodHandle$Holder.invokeSpecial(java.lang.Object, java.lang.Object, java.lang.Object)'> (0x00000000c42be348) 
thrown [e:\jenkins\tmp\workspace\build\src\src\hotspot\share\interpreter\linkResolver.cpp, line 766]
Event: 6.235 Thread 0x000002b04e57e400 Exception <a 'java/lang/ClassNotFoundException'{0x00000000c415de78}: sun/util/logging/resources/spi/loggingProvider> (0x00000000c415de78) 
thrown [e:\jenkins\tmp\workspace\build\src\src\hotspot\share\classfile\systemDictionary.cpp, line 256]
Event: 9.464 Thread 0x000002b04e57e400 Exception <a 'java/lang/NoSuchMethodError'{0x00000000c2763930}: 'int java.lang.invoke.DirectMethodHandle$Holder.invokeInterface(java.lang.Object, java.lang.Object)'> (0x00000000c2763930) 
thrown [e:\jenkins\tmp\workspace\build\src\src\hotspot\share\interpreter\linkResolver.cpp, line 766]
Event: 42.117 Thread 0x000002b04e57e400 Exception <a 'java/lang/ClassNotFoundException'{0x00000000c26b2800}: sun/misc/SharedSecrets> (0x00000000c26b2800) 
thrown [e:\jenkins\tmp\workspace\build\src\src\hotspot\share\classfile\systemDictionary.cpp, line 256]
Event: 42.123 Thread 0x000002b04e57e400 Exception <a 'java/lang/reflect/InvocationTargetException'{0x00000000c26d7a00}> (0x00000000c26d7a00) 
thrown [e:\jenkins\tmp\workspace\build\src\src\hotspot\share\runtime\reflection.cpp, line 1121]

VM Operations (20 events):
Event: 3.734 Executing VM operation: G1TryInitiateConcMark done
Event: 4.743 Executing VM operation: Cleanup
Event: 4.743 Executing VM operation: Cleanup done
Event: 6.765 Executing VM operation: Cleanup
Event: 6.765 Executing VM operation: Cleanup done
Event: 7.767 Executing VM operation: Cleanup
Event: 7.767 Executing VM operation: Cleanup done
Event: 8.782 Executing VM operation: Cleanup
Event: 8.782 Executing VM operation: Cleanup done
Event: 9.792 Executing VM operation: Cleanup
Event: 9.792 Executing VM operation: Cleanup done
Event: 10.800 Executing VM operation: Cleanup
Event: 10.800 Executing VM operation: Cleanup done
Event: 12.823 Executing VM operation: Cleanup
Event: 12.823 Executing VM operation: Cleanup done
Event: 22.927 Executing VM operation: Cleanup
Event: 22.927 Executing VM operation: Cleanup done
Event: 42.129 Executing VM operation: Cleanup
Event: 42.130 Executing VM operation: Cleanup done
Event: 42.178 Executing VM operation: G1CollectForAllocation

Events (20 events):
Event: 9.460 loading class java/util/stream/IntPipeline$1
Event: 9.462 loading class java/util/stream/IntPipeline$1 done
Event: 9.462 loading class java/util/stream/IntPipeline$1$1
Event: 9.462 loading class java/util/stream/IntPipeline$1$1 done
Event: 9.499 loading class java/net/URLEncoder
Event: 9.499 loading class java/net/URLEncoder done
Event: 9.499 loading class java/io/CharArrayWriter
Event: 9.500 loading class java/io/CharArrayWriter done
Event: 42.110 loading class java/util/stream/SortedOps$RefSortingSink
Event: 42.111 loading class java/util/stream/SortedOps$RefSortingSink done
Event: 42.117 loading class sun/misc/SharedSecrets
Event: 42.117 loading class sun/misc/SharedSecrets done
Event: 42.123 loading class java/lang/Throwable$WrappedPrintWriter
Event: 42.123 loading class java/lang/Throwable$PrintStreamOrWriter
Event: 42.124 loading class java/lang/Throwable$PrintStreamOrWriter done
Event: 42.124 loading class java/lang/Throwable$WrappedPrintWriter done
Event: 42.129 loading class java/lang/StackTraceElement$HashedModules
Event: 42.129 loading class java/lang/StackTraceElement$HashedModules done
Event: 42.177 loading class javax/swing/tree/TreeNode
Event: 42.178 loading class javax/swing/tree/TreeNode done


Dynamic libraries:
0x00007ff78a120000 - 0x00007ff78a12e000 	C:\Users\anamendra.y(2420)\.p2\pool\plugins\org.eclipse.justj.openjdk.hotspot.jre.full.win32.x86_64_17.0.1.v20211116-1657\jre\bin\javaw.exe
0x00007ff873b10000 - 0x00007ff873d05000 	C:\WINDOWS\SYSTEM32\ntdll.dll
0x00007ff873a00000 - 0x00007ff873abe000 	C:\WINDOWS\System32\KERNEL32.DLL
0x00007ff871560000 - 0x00007ff871828000 	C:\WINDOWS\System32\KERNELBASE.dll
0x00007ff871350000 - 0x00007ff871450000 	C:\WINDOWS\System32\ucrtbase.dll
0x00007ff86b500000 - 0x00007ff86b519000 	C:\Users\anamendra.y(2420)\.p2\pool\plugins\org.eclipse.justj.openjdk.hotspot.jre.full.win32.x86_64_17.0.1.v20211116-1657\jre\bin\VCRUNTIME140.dll
0x00007ff86c370000 - 0x00007ff86c388000 	C:\Users\anamendra.y(2420)\.p2\pool\plugins\org.eclipse.justj.openjdk.hotspot.jre.full.win32.x86_64_17.0.1.v20211116-1657\jre\bin\jli.dll
0x00007ff873680000 - 0x00007ff873821000 	C:\WINDOWS\System32\USER32.dll
0x00007ff85d8e0000 - 0x00007ff85db7a000 	C:\WINDOWS\WinSxS\amd64_microsoft.windows.common-controls_6595b64144ccf1df_6.0.19041.1110_none_60b5254171f9507e\COMCTL32.dll
0x00007ff873260000 - 0x00007ff8732fe000 	C:\WINDOWS\System32\msvcrt.dll
0x00007ff872550000 - 0x00007ff87257b000 	C:\WINDOWS\System32\GDI32.dll
0x00007ff871a90000 - 0x00007ff871ab2000 	C:\WINDOWS\System32\win32u.dll
0x00007ff871450000 - 0x00007ff87155d000 	C:\WINDOWS\System32\gdi32full.dll
0x00007ff871220000 - 0x00007ff8712bd000 	C:\WINDOWS\System32\msvcp_win.dll
0x00007ff872f30000 - 0x00007ff872f60000 	C:\WINDOWS\System32\IMM32.DLL
0x00007ff86e600000 - 0x00007ff86e60c000 	C:\Users\anamendra.y(2420)\.p2\pool\plugins\org.eclipse.justj.openjdk.hotspot.jre.full.win32.x86_64_17.0.1.v20211116-1657\jre\bin\vcruntime140_1.dll
0x00007ff860bc0000 - 0x00007ff860c51000 	C:\Users\anamendra.y(2420)\.p2\pool\plugins\org.eclipse.justj.openjdk.hotspot.jre.full.win32.x86_64_17.0.1.v20211116-1657\jre\bin\msvcp140.dll
0x00007ff80a030000 - 0x00007ff80ac76000 	C:\Users\anamendra.y(2420)\.p2\pool\plugins\org.eclipse.justj.openjdk.hotspot.jre.full.win32.x86_64_17.0.1.v20211116-1657\jre\bin\server\jvm.dll
0x00007ff872140000 - 0x00007ff8721ec000 	C:\WINDOWS\System32\ADVAPI32.dll
0x00007ff873310000 - 0x00007ff8733ab000 	C:\WINDOWS\System32\sechost.dll
0x00007ff8726b0000 - 0x00007ff8727da000 	C:\WINDOWS\System32\RPCRT4.dll
0x00007ff873ac0000 - 0x00007ff873ac8000 	C:\WINDOWS\System32\PSAPI.DLL
0x00007ff85ed60000 - 0x00007ff85ed69000 	C:\WINDOWS\SYSTEM32\WSOCK32.dll
0x00007ff873550000 - 0x00007ff8735bb000 	C:\WINDOWS\System32\WS2_32.dll
0x00007ff870000000 - 0x00007ff87000a000 	C:\WINDOWS\SYSTEM32\VERSION.dll
0x00007ff862ed0000 - 0x00007ff862ef7000 	C:\WINDOWS\SYSTEM32\WINMM.dll
0x00007ff86ffc0000 - 0x00007ff86ffd2000 	C:\WINDOWS\SYSTEM32\kernel.appcore.dll
0x00007ff86aed0000 - 0x00007ff86aeda000 	C:\Users\anamendra.y(2420)\.p2\pool\plugins\org.eclipse.justj.openjdk.hotspot.jre.full.win32.x86_64_17.0.1.v20211116-1657\jre\bin\jimage.dll
0x00007ff85f260000 - 0x00007ff85f444000 	C:\WINDOWS\SYSTEM32\DBGHELP.DLL
0x00007ff85ed30000 - 0x00007ff85ed5c000 	C:\WINDOWS\SYSTEM32\dbgcore.DLL
0x00007ff871ac0000 - 0x00007ff871b42000 	C:\WINDOWS\System32\bcryptPrimitives.dll
0x00007ff84a500000 - 0x00007ff84a525000 	C:\Users\anamendra.y(2420)\.p2\pool\plugins\org.eclipse.justj.openjdk.hotspot.jre.full.win32.x86_64_17.0.1.v20211116-1657\jre\bin\java.dll
0x00007ff8616e0000 - 0x00007ff8616f8000 	C:\Users\anamendra.y(2420)\.p2\pool\plugins\org.eclipse.justj.openjdk.hotspot.jre.full.win32.x86_64_17.0.1.v20211116-1657\jre\bin\zip.dll
0x00007ff8727e0000 - 0x00007ff872f24000 	C:\WINDOWS\System32\SHELL32.dll
0x00007ff86f150000 - 0x00007ff86f8e4000 	C:\WINDOWS\SYSTEM32\windows.storage.dll
0x00007ff8721f0000 - 0x00007ff872545000 	C:\WINDOWS\System32\combase.dll
0x00007ff870ba0000 - 0x00007ff870bce000 	C:\WINDOWS\SYSTEM32\Wldp.dll
0x00007ff873440000 - 0x00007ff8734ed000 	C:\WINDOWS\System32\SHCORE.dll
0x00007ff8735c0000 - 0x00007ff873615000 	C:\WINDOWS\System32\shlwapi.dll
0x00007ff871160000 - 0x00007ff87117f000 	C:\WINDOWS\SYSTEM32\profapi.dll
0x00007ff81a2d0000 - 0x00007ff81a2e9000 	C:\Users\anamendra.y(2420)\.p2\pool\plugins\org.eclipse.justj.openjdk.hotspot.jre.full.win32.x86_64_17.0.1.v20211116-1657\jre\bin\net.dll
0x00007ff8698b0000 - 0x00007ff8699bc000 	C:\WINDOWS\SYSTEM32\WINHTTP.dll
0x00007ff870900000 - 0x00007ff87096a000 	C:\WINDOWS\system32\mswsock.dll
0x00007ff817110000 - 0x00007ff817125000 	C:\Users\anamendra.y(2420)\.p2\pool\plugins\org.eclipse.justj.openjdk.hotspot.jre.full.win32.x86_64_17.0.1.v20211116-1657\jre\bin\nio.dll
0x00007ff870630000 - 0x00007ff8706fb000 	C:\WINDOWS\SYSTEM32\DNSAPI.dll
0x00007ff8705f0000 - 0x00007ff87062b000 	C:\WINDOWS\SYSTEM32\IPHLPAPI.DLL
0x00007ff873300000 - 0x00007ff873308000 	C:\WINDOWS\System32\NSI.dll
0x00007ff864880000 - 0x00007ff86488a000 	C:\Windows\System32\rasadhlp.dll
0x00007ff86c450000 - 0x00007ff86c4cf000 	C:\WINDOWS\System32\fwpuclnt.dll
0x00007ff8712c0000 - 0x00007ff8712e7000 	C:\WINDOWS\System32\bcrypt.dll
0x00007ff870b00000 - 0x00007ff870b18000 	C:\WINDOWS\SYSTEM32\CRYPTSP.dll
0x00007ff870280000 - 0x00007ff8702b4000 	C:\WINDOWS\system32\rsaenh.dll
0x00007ff871120000 - 0x00007ff87114e000 	C:\WINDOWS\SYSTEM32\USERENV.dll
0x00007ff870af0000 - 0x00007ff870afc000 	C:\WINDOWS\SYSTEM32\CRYPTBASE.dll
0x00007ff86c140000 - 0x00007ff86c157000 	C:\WINDOWS\SYSTEM32\dhcpcsvc6.DLL
0x00007ff86c0c0000 - 0x00007ff86c0dd000 	C:\WINDOWS\SYSTEM32\dhcpcsvc.DLL
0x00007ff85ddc0000 - 0x00007ff85ddd7000 	C:\WINDOWS\system32\napinsp.dll
0x00007ff85dda0000 - 0x00007ff85ddbb000 	C:\WINDOWS\system32\pnrpnsp.dll
0x00007ff85dcb0000 - 0x00007ff85dcc5000 	C:\WINDOWS\system32\wshbth.dll
0x00007ff86cb00000 - 0x00007ff86cb1d000 	C:\WINDOWS\system32\NLAapi.dll
0x00007ff85dc30000 - 0x00007ff85dc42000 	C:\WINDOWS\System32\winrnr.dll
0x00007ff861eb0000 - 0x00007ff861ec0000 	C:\Users\anamendra.y(2420)\.p2\pool\plugins\org.eclipse.justj.openjdk.hotspot.jre.full.win32.x86_64_17.0.1.v20211116-1657\jre\bin\verify.dll
0x00007ff861ea0000 - 0x00007ff861ea9000 	C:\Users\anamendra.y(2420)\.p2\pool\plugins\org.eclipse.justj.openjdk.hotspot.jre.full.win32.x86_64_17.0.1.v20211116-1657\jre\bin\management.dll
0x00007ff861620000 - 0x00007ff86162b000 	C:\Users\anamendra.y(2420)\.p2\pool\plugins\org.eclipse.justj.openjdk.hotspot.jre.full.win32.x86_64_17.0.1.v20211116-1657\jre\bin\management_ext.dll
0x00007ff86aec0000 - 0x00007ff86aece000 	C:\Users\anamendra.y(2420)\.p2\pool\plugins\org.eclipse.justj.openjdk.hotspot.jre.full.win32.x86_64_17.0.1.v20211116-1657\jre\bin\sunmscapi.dll
0x00007ff8718e0000 - 0x00007ff871a36000 	C:\WINDOWS\System32\CRYPT32.dll
0x00007ff870c10000 - 0x00007ff870c37000 	C:\WINDOWS\SYSTEM32\ncrypt.dll
0x00007ff870bd0000 - 0x00007ff870c0b000 	C:\WINDOWS\SYSTEM32\NTASN1.dll
0x00007ff86e670000 - 0x00007ff86e677000 	C:\WINDOWS\system32\wshunix.dll

dbghelp: loaded successfully - version: 4.0.5 - missing functions: none
symbol engine: initialized successfully - sym options: 0x614 - pdb path: .;C:\Users\anamendra.y(2420)\.p2\pool\plugins\org.eclipse.justj.openjdk.hotspot.jre.full.win32.x86_64_17.0.1.v20211116-1657\jre\bin;C:\WINDOWS\SYSTEM32;C:\WINDOWS\WinSxS\amd64_microsoft.windows.common-controls_6595b64144ccf1df_6.0.19041.1110_none_60b5254171f9507e;C:\Users\anamendra.y(2420)\.p2\pool\plugins\org.eclipse.justj.openjdk.hotspot.jre.full.win32.x86_64_17.0.1.v20211116-1657\jre\bin\server

VM Arguments:
jvm_args: -ea -Dfile.encoding=Cp1252 -XX:+ShowCodeDetailsInExceptionMessages 
java_command: org.testng.remote.RemoteTestNG -serport 61458 -protocol json -d C:\Users\anamendra.y(2420)\eclipse-workspace\automateDemo\test-output C:\Users\anamendra.y(2420)\eclipse-workspace\automateDemo\testng.xml
java_class_path (initial): C:\Users\anamendra.y(2420)\eclipse\java-2021-12\eclipse\configuration\org.eclipse.osgi\429\0\.cp\lib\testng-remote.jar;C:\Users\anamendra.y(2420)\eclipse-workspace\automateDemo\target\test-classes;C:\Users\anamendra.y(2420)\eclipse-workspace\automateDemo\target\classes;C:\Users\anamendra.y(2420)\.p2\pool\plugins\org.testng_7.4.0.r202105021533.jar;C:\Users\anamendra.y(2420)\.p2\pool\plugins\com.beust.jcommander_1.78.0.jar;C:\Users\anamendra.y(2420)\.p2\pool\plugins\org.apache-extras.beanshell.bsh_2.0.0.b6.jar;C:\Users\anamendra.y(2420)\.p2\pool\plugins\org.yaml.snakeyaml_1.21.0.jar;C:\Users\anamendra.y(2420)\.p2\pool\plugins\org.webjars.jquery_3.5.1.jar;C:\Users\anamendra.y(2420)\.m2\repository\org\seleniumhq\selenium\selenium-java\4.1.1\selenium-java-4.1.1.jar;C:\Users\anamendra.y(2420)\.m2\repository\org\seleniumhq\selenium\selenium-api\4.1.1\selenium-api-4.1.1.jar;C:\Users\anamendra.y(2420)\.m2\repository\org\seleniumhq\selenium\selenium-chrome-driver\4.1.1\selenium-chrome-driver-4.1.1.jar;C:\Users\anamendra.y(2420)\.m2\repository\com\google\auto\service\auto-service-annotations\1.0.1\auto-service-annotations-1.0.1.jar;C:\Users\anamendra.y(2420)\.m2\repository\com\google\auto\service\auto-service\1.0.1\auto-service-1.0.1.jar;C:\Users\anamendra.y(2420)\.m2\repository\com\google\auto\auto-common\1.2\auto-common-1.2.jar;C:\Users\anamendra.y(2420)\.m2\repository\com\google\guava\guava\31.0.1-jre\guava-31.0.1-jre.jar;C:\Users\anamendra.y(2420)\.m2\repository\com\google\guava\failureaccess\1.0.1\failureaccess-1.0.1.jar;C:\Users\anamendra.y(2420)\.m2\repository\com\google\guava\listenablefuture\9999.0-empty-to-avoid-conflict-with-guava\listenablefuture-9999.0-empty-to-avoid-conflict-with-guava.jar;C:\Users\anamendra.y(2420)\.m2\repository\com\google\code\findbugs\jsr305\3.0.2\jsr305-3.0.2.jar;C:\Users\anamendra.y(2420)\.m2\repository\org\checkerframework\checker-qual\3.12.0\checker-qual-3.12.0.jar;C:\Users\anamendra.y(2420)\.m2\repository\com
Launcher Type: SUN_STANDARD

[Global flags]
     intx CICompilerCount                          = 3                                         {product} {ergonomic}
     uint ConcGCThreads                            = 1                                         {product} {ergonomic}
     uint G1ConcRefinementThreads                  = 4                                         {product} {ergonomic}
   size_t G1HeapRegionSize                         = 1048576                                   {product} {ergonomic}
    uintx GCDrainStackTargetSize                   = 64                                        {product} {ergonomic}
   size_t InitialHeapSize                          = 67108864                                  {product} {ergonomic}
   size_t MarkStackSize                            = 4194304                                   {product} {ergonomic}
   size_t MaxHeapSize                              = 1052770304                                {product} {ergonomic}
   size_t MaxNewSize                               = 631242752                                 {product} {ergonomic}
   size_t MinHeapDeltaBytes                        = 1048576                                   {product} {ergonomic}
   size_t MinHeapSize                              = 8388608                                   {product} {ergonomic}
    uintx NonNMethodCodeHeapSize                   = 5832780                                {pd product} {ergonomic}
    uintx NonProfiledCodeHeapSize                  = 122912730                              {pd product} {ergonomic}
    uintx ProfiledCodeHeapSize                     = 122912730                              {pd product} {ergonomic}
    uintx ReservedCodeCacheSize                    = 251658240                              {pd product} {ergonomic}
     bool SegmentedCodeCache                       = true                                      {product} {ergonomic}
     bool ShowCodeDetailsInExceptionMessages       = true                                   {manageable} {command line}
   size_t SoftMaxHeapSize                          = 1052770304                             {manageable} {ergonomic}
     bool UseCompressedClassPointers               = true                           {product lp64_product} {ergonomic}
     bool UseCompressedOops                        = true                           {product lp64_product} {ergonomic}
     bool UseG1GC                                  = true                                      {product} {ergonomic}
     bool UseLargePagesIndividualAllocation        = false                                  {pd product} {ergonomic}

Logging:
Log output configuration:
 #0: stdout all=warning uptime,level,tags
 #1: stderr all=off uptime,level,tags

Environment Variables:
PATH=C:/Users/anamendra.y(2420)/.p2/pool/plugins/org.eclipse.justj.openjdk.hotspot.jre.full.win32.x86_64_17.0.1.v20211116-1657/jre/bin/server;C:/Users/anamendra.y(2420)/.p2/pool/plugins/org.eclipse.justj.openjdk.hotspot.jre.full.win32.x86_64_17.0.1.v20211116-1657/jre/bin;"C:\Program Files\nodejs\node_modules\npm\bin;C:\Users\anamendra.y(2420)\Downloads\chromedriver_win32;";C:\Python310\;C:\Program Files (x86)\Common Files\Oracle\Java\javapath;C:\Program Files (x86)\Intel\iCLS Client\;C:\Users\anamendra.y(2420)\Downloads\apache-ant-1.10.12\apache-ant-1.10.12\bin;C:\Program Files\Intel\iCLS Client\;C:\WINDOWS\system32;C:\WINDOWS;C:\WINDOWS\System32\Wbem;C:\WINDOWS\System32\WindowsPowerShell\v1.0\;C:\Program Files\Intel\Intel(R) Management Engine Components\DAL;C:\Program Files\Intel\Intel(R) Management Engine Components\IPT;C:\Program Files (x86)\Intel\Intel(R) Management Engine Components\DAL;C:\Program Files (x86)\Intel\Intel(R) Management Engine Components\IPT;C:\WINDOWS\System32\OpenSSH\;D:\Softwares\apache-jmeter-5.2.1\apache-jmeter-5.2.1\bin;D:\apache-ant-1.9.9\bin;C:\Program Files\Git\cmd;C:\Program Files\nodejs\;C:\Program Files (x86)\dotnet\;C:\ProgramData\chocolatey\bin;C:\Program Files\Microsoft VS Code\bin;C:\apache-maven-3.8.4\bin;C:\Program Files\dotnet\;C:\Users\anamendra.y(2420)\AppData\Local\Microsoft\WindowsApps;C:\Users\anamendra.y(2420)\AppData\Roaming\npm;C:\Users\anamendra.y(2420)\.dotnet\tools;C:\WINDOWS\system32;
USERNAME=anamendra.y(2420)
OS=Windows_NT
PROCESSOR_IDENTIFIER=Intel64 Family 6 Model 60 Stepping 3, GenuineIntel



---------------  S Y S T E M  ---------------

OS:
 Windows 10 , 64 bit Build 19041 (10.0.19041.1348)
OS uptime: 0 days 8:12 hours

CPU: total 4 (initial active 4) (4 cores per cpu, 1 threads per core) family 6 model 60 stepping 3 microcode 0x27, cx8, cmov, fxsr, mmx, sse, sse2, sse3, ssse3, sse4.1, sse4.2, popcnt, lzcnt, tsc, tscinvbit, avx, avx2, aes, erms, clmul, bmi1, bmi2, fma, vzeroupper, clflush

Memory: 4k page, system-wide physical 4013M (263M free)
TotalPageFile size 10526M (AvailPageFile size 13M)
current process WorkingSet (physical memory assigned to process): 181M, peak: 192M
current process commit charge ("private bytes"): 213M, peak: 228M

vm_info: OpenJDK 64-Bit Server VM (17.0.1+12) for windows-amd64 JRE (17.0.1+12), built on Oct 20 2021 07:42:55 by "" with MS VC++ 16.7 (VS2019)

END.
