#
# There is insufficient memory for the Java Runtime Environment to continue.
# Native memory allocation (malloc) failed to allocate 193968 bytes for Chunk::new
# Possible reasons:
#   The system is out of physical RAM or swap space
#   The process is running with CompressedOops enabled, and the Java Heap may be blocking the growth of the native heap
# Possible solutions:
#   Reduce memory load on the system
#   Increase physical memory or swap space
#   Check if swap backing store is full
#   Decrease Java heap size (-Xmx/-Xms)
#   Decrease number of Java threads
#   Decrease Java thread stack sizes (-Xss)
#   Set larger code cache with -XX:ReservedCodeCacheSize=
#   JVM is running with Unscaled Compressed Oops mode in which the Java heap is
#     placed in the first 4GB address space. The Java Heap base address is the
#     maximum limit for the native heap growth. Please use -XX:HeapBaseMinAddress
#     to set the Java Heap base and to place the Java Heap above 4GB virtual address.
# This output file may be truncated or incomplete.
#
#  Out of Memory Error (arena.cpp:189), pid=3436, tid=13708
#
# JRE version: OpenJDK Runtime Environment Temurin-17.0.1+12 (17.0.1+12) (build 17.0.1+12)
# Java VM: OpenJDK 64-Bit Server VM Temurin-17.0.1+12 (17.0.1+12, mixed mode, tiered, compressed oops, compressed class ptrs, g1 gc, windows-amd64)
# No core dump will be written. Minidumps are not enabled by default on client versions of Windows
#

---------------  S U M M A R Y ------------

Command Line: -ea -Dfile.encoding=Cp1252 -XX:+ShowCodeDetailsInExceptionMessages org.testng.remote.RemoteTestNG -serport 50691 -protocol json -d C:\Users\anamendra.y(2420)\eclipse-workspace\automateDemo\test-output C:\Users\ANAMEN~1.Y(2\AppData\Local\Temp\testng-eclipse-1060593001\testng-customsuite.xml

Host: Intel(R) Core(TM) i5-4590T CPU @ 2.00GHz, 4 cores, 3G,  Windows 10 , 64 bit Build 19041 (10.0.19041.1348)
Time: Wed Mar  9 19:16:56 2022 India Standard Time elapsed time: 21.337990 seconds (0d 0h 0m 21s)

---------------  T H R E A D  ---------------

Current thread (0x000001b427404c70):  JavaThread "C2 CompilerThread0" daemon [_thread_in_native, id=13708, stack(0x0000008b56800000,0x0000008b56900000)]


Current CompileTask:
C2:  21338 2444       4       java.util.regex.Pattern$CharProperty::match (71 bytes)

Stack: [0x0000008b56800000,0x0000008b56900000]
Native frames: (J=compiled Java code, j=interpreted, Vv=VM code, C=native code)
V  [jvm.dll+0x6744da]
V  [jvm.dll+0x82e144]
V  [jvm.dll+0x82f8ee]
V  [jvm.dll+0x82ff53]
V  [jvm.dll+0x245175]
V  [jvm.dll+0xab85b]
V  [jvm.dll+0xabdec]
V  [jvm.dll+0x362f07]
V  [jvm.dll+0x32d4c1]
V  [jvm.dll+0x32c96a]
V  [jvm.dll+0x218031]
V  [jvm.dll+0x217451]
V  [jvm.dll+0x1a355d]
V  [jvm.dll+0x226e38]
V  [jvm.dll+0x224f7c]
V  [jvm.dll+0x7e3f5b]
V  [jvm.dll+0x7de51a]
V  [jvm.dll+0x673305]
C  [ucrtbase.dll+0x21bb2]
C  [KERNEL32.DLL+0x17034]
C  [ntdll.dll+0x52651]


---------------  P R O C E S S  ---------------

Threads class SMR info:
_java_thread_list=0x000001b42a6073e0, length=25, elements={
0x000001b410300420, 0x000001b4273796e0, 0x000001b42737a6e0, 0x000001b4273c4840,
0x000001b4273c5300, 0x000001b4273c6cd0, 0x000001b4273fda30, 0x000001b427404c70,
0x000001b427407580, 0x000001b42740a680, 0x000001b4273fdf00, 0x000001b4273fd560,
0x000001b4273fe3d0, 0x000001b4273fe8a0, 0x000001b4273ff240, 0x000001b4273fd090,
0x000001b4273fed70, 0x000001b4273ff710, 0x000001b4273ffbe0, 0x000001b4274000b0,
0x000001b429d70be0, 0x000001b429d76280, 0x000001b429d75db0, 0x000001b429d73c00,
0x000001b429d71f20
}

Java Threads: ( => current thread )
  0x000001b410300420 JavaThread "main" [_thread_blocked, id=2132, stack(0x0000008b55b00000,0x0000008b55c00000)]
  0x000001b4273796e0 JavaThread "Reference Handler" daemon [_thread_blocked, id=4976, stack(0x0000008b56200000,0x0000008b56300000)]
  0x000001b42737a6e0 JavaThread "Finalizer" daemon [_thread_blocked, id=18208, stack(0x0000008b56300000,0x0000008b56400000)]
  0x000001b4273c4840 JavaThread "Signal Dispatcher" daemon [_thread_blocked, id=10676, stack(0x0000008b56400000,0x0000008b56500000)]
  0x000001b4273c5300 JavaThread "Attach Listener" daemon [_thread_blocked, id=14304, stack(0x0000008b56500000,0x0000008b56600000)]
  0x000001b4273c6cd0 JavaThread "Service Thread" daemon [_thread_blocked, id=8020, stack(0x0000008b56600000,0x0000008b56700000)]
  0x000001b4273fda30 JavaThread "Monitor Deflation Thread" daemon [_thread_blocked, id=15908, stack(0x0000008b56700000,0x0000008b56800000)]
=>0x000001b427404c70 JavaThread "C2 CompilerThread0" daemon [_thread_in_native, id=13708, stack(0x0000008b56800000,0x0000008b56900000)]
  0x000001b427407580 JavaThread "C1 CompilerThread0" daemon [_thread_blocked, id=10988, stack(0x0000008b56900000,0x0000008b56a00000)]
  0x000001b42740a680 JavaThread "Sweeper thread" daemon [_thread_blocked, id=9924, stack(0x0000008b56a00000,0x0000008b56b00000)]
  0x000001b4273fdf00 JavaThread "Notification Thread" daemon [_thread_blocked, id=9292, stack(0x0000008b56b00000,0x0000008b56c00000)]
  0x000001b4273fd560 JavaThread "Common-Cleaner" daemon [_thread_blocked, id=9796, stack(0x0000008b56d00000,0x0000008b56e00000)]
  0x000001b4273fe3d0 JavaThread "ForkJoinPool.commonPool-worker-1" daemon [_thread_blocked, id=1172, stack(0x0000008b57300000,0x0000008b57400000)]
  0x000001b4273fe8a0 JavaThread "ForkJoinPool.commonPool-worker-2" daemon [_thread_blocked, id=14144, stack(0x0000008b57400000,0x0000008b57500000)]
  0x000001b4273ff240 JavaThread "ForkJoinPool.commonPool-worker-3" daemon [_thread_blocked, id=14360, stack(0x0000008b57500000,0x0000008b57600000)]
  0x000001b4273fd090 JavaThread "AsyncHttpClient-1-1" daemon [_thread_blocked, id=3208, stack(0x0000008b57600000,0x0000008b57700000)]
  0x000001b4273fed70 JavaThread "Exec Default Executor" daemon [_thread_in_native, id=14980, stack(0x0000008b57700000,0x0000008b57800000)]
  0x000001b4273ff710 JavaThread "Driver Service Executor" daemon [_thread_blocked, id=936, stack(0x0000008b57800000,0x0000008b57900000)]
  0x000001b4273ffbe0 JavaThread "Driver Service Executor" daemon [_thread_blocked, id=16156, stack(0x0000008b57900000,0x0000008b57a00000)]
  0x000001b4274000b0 JavaThread "UrlChecker-2" daemon [_thread_blocked, id=18244, stack(0x0000008b57a00000,0x0000008b57b00000)]
  0x000001b429d70be0 JavaThread "Exec Stream Pumper" daemon [_thread_in_native, id=10444, stack(0x0000008b57b00000,0x0000008b57c00000)]
  0x000001b429d76280 JavaThread "Exec Stream Pumper" daemon [_thread_in_native, id=19336, stack(0x0000008b57c00000,0x0000008b57d00000)]
  0x000001b429d75db0 JavaThread "AsyncHttpClient-1-2" daemon [_thread_in_native, id=7024, stack(0x0000008b57e00000,0x0000008b57f00000)]
  0x000001b429d73c00 JavaThread "AsyncHttpClient-1-3" daemon [_thread_in_native, id=9928, stack(0x0000008b57f00000,0x0000008b58000000)]
  0x000001b429d71f20 JavaThread "AsyncHttpClient-1-4" daemon [_thread_in_native, id=14300, stack(0x0000008b58000000,0x0000008b58100000)]

Other Threads:
  0x000001b427399d20 VMThread "VM Thread" [stack: 0x0000008b56100000,0x0000008b56200000] [id=12316]
  0x000001b428142830 WatcherThread [stack: 0x0000008b56c00000,0x0000008b56d00000] [id=14408]
  0x000001b41032eff0 GCTaskThread "GC Thread#0" [stack: 0x0000008b55c00000,0x0000008b55d00000] [id=12492]
  0x000001b4284c2950 GCTaskThread "GC Thread#1" [stack: 0x0000008b57000000,0x0000008b57100000] [id=16492]
  0x000001b4284c2c00 GCTaskThread "GC Thread#2" [stack: 0x0000008b57100000,0x0000008b57200000] [id=15644]
  0x000001b428b52ad0 GCTaskThread "GC Thread#3" [stack: 0x0000008b57200000,0x0000008b57300000] [id=16264]
  0x000001b410339370 ConcurrentGCThread "G1 Main Marker" [stack: 0x0000008b55d00000,0x0000008b55e00000] [id=10176]
  0x000001b410339c90 ConcurrentGCThread "G1 Conc#0" [stack: 0x0000008b55e00000,0x0000008b55f00000] [id=9060]
  0x000001b410389930 ConcurrentGCThread "G1 Refine#0" [stack: 0x0000008b55f00000,0x0000008b56000000] [id=11064]
  0x000001b41038a260 ConcurrentGCThread "G1 Service" [stack: 0x0000008b56000000,0x0000008b56100000] [id=16380]

Threads with active compile tasks:
C2 CompilerThread0    21909 2444       4       java.util.regex.Pattern$CharProperty::match (71 bytes)

VM state: not at safepoint (normal execution)

VM Mutex/Monitor currently owned by a thread: None

Heap address: 0x00000000c1400000, size: 1004 MB, Compressed Oops mode: 32-bit

CDS archive(s) not mapped
Compressed class space mapped at: 0x0000000100000000-0x0000000140000000, reserved size: 1073741824
Narrow klass base: 0x0000000000000000, Narrow klass shift: 3, Narrow klass range: 0x140000000

GC Precious Log:
 CPUs: 4 total, 4 available
 Memory: 4013M
 Large Page Support: Disabled
 NUMA Support: Disabled
 Compressed Oops: Enabled (32-bit)
 Heap Region Size: 1M
 Heap Min Capacity: 8M
 Heap Initial Capacity: 64M
 Heap Max Capacity: 1004M
 Pre-touch: Disabled
 Parallel Workers: 4
 Concurrent Workers: 1
 Concurrent Refinement Workers: 4
 Periodic GC: Disabled

Heap:
 garbage-first heap   total 46080K, used 31910K [0x00000000c1400000, 0x0000000100000000)
  region size 1024K, 6 young (6144K), 2 survivors (2048K)
 Metaspace       used 32823K, committed 33088K, reserved 1081344K
  class space    used 3767K, committed 3904K, reserved 1048576K

Heap Regions: E=young(eden), S=young(survivor), O=old, HS=humongous(starts), HC=humongous(continues), CS=collection set, F=free, OA=open archive, CA=closed archive, TAMS=top-at-mark-start (previous, next)
|   0|0x00000000c1400000, 0x00000000c1500000, 0x00000000c1500000|100%| O|  |TAMS 0x00000000c1500000, 0x00000000c1500000| Untracked 
|   1|0x00000000c1500000, 0x00000000c1600000, 0x00000000c1600000|100%| O|  |TAMS 0x00000000c1600000, 0x00000000c1600000| Untracked 
|   2|0x00000000c1600000, 0x00000000c1700000, 0x00000000c1700000|100%| O|  |TAMS 0x00000000c1700000, 0x00000000c1700000| Untracked 
|   3|0x00000000c1700000, 0x00000000c1800000, 0x00000000c1800000|100%| O|  |TAMS 0x00000000c1800000, 0x00000000c1800000| Untracked 
|   4|0x00000000c1800000, 0x00000000c187bc00, 0x00000000c1900000| 48%| O|  |TAMS 0x00000000c187bc00, 0x00000000c187bc00| Untracked 
|   5|0x00000000c1900000, 0x00000000c1a00000, 0x00000000c1a00000|100%| O|  |TAMS 0x00000000c1900000, 0x00000000c1a00000| Untracked 
|   6|0x00000000c1a00000, 0x00000000c1b00000, 0x00000000c1b00000|100%| O|  |TAMS 0x00000000c1a00000, 0x00000000c1b00000| Untracked 
|   7|0x00000000c1b00000, 0x00000000c1c00000, 0x00000000c1c00000|100%| O|  |TAMS 0x00000000c1b00000, 0x00000000c1c00000| Untracked 
|   8|0x00000000c1c00000, 0x00000000c1c00000, 0x00000000c1d00000|  0%| F|  |TAMS 0x00000000c1c00000, 0x00000000c1c00000| Untracked 
|   9|0x00000000c1d00000, 0x00000000c1d00000, 0x00000000c1e00000|  0%| F|  |TAMS 0x00000000c1d00000, 0x00000000c1d00000| Untracked 
|  10|0x00000000c1e00000, 0x00000000c1e00000, 0x00000000c1f00000|  0%| F|  |TAMS 0x00000000c1e00000, 0x00000000c1e00000| Untracked 
|  11|0x00000000c1f00000, 0x00000000c1f00000, 0x00000000c2000000|  0%| F|  |TAMS 0x00000000c1f00000, 0x00000000c1f00000| Untracked 
|  12|0x00000000c2000000, 0x00000000c2100000, 0x00000000c2100000|100%| O|  |TAMS 0x00000000c2000000, 0x00000000c2100000| Untracked 
|  13|0x00000000c2100000, 0x00000000c21ade00, 0x00000000c2200000| 67%| O|  |TAMS 0x00000000c2100000, 0x00000000c2178200| Untracked 
|  14|0x00000000c2200000, 0x00000000c2300000, 0x00000000c2300000|100%| S|CS|TAMS 0x00000000c2200000, 0x00000000c2200000| Complete 
|  15|0x00000000c2300000, 0x00000000c2400000, 0x00000000c2400000|100%| S|CS|TAMS 0x00000000c2300000, 0x00000000c2300000| Complete 
|  16|0x00000000c2400000, 0x00000000c2400000, 0x00000000c2500000|  0%| F|  |TAMS 0x00000000c2400000, 0x00000000c2400000| Untracked 
|  17|0x00000000c2500000, 0x00000000c2500000, 0x00000000c2600000|  0%| F|  |TAMS 0x00000000c2500000, 0x00000000c2500000| Untracked 
|  18|0x00000000c2600000, 0x00000000c2600000, 0x00000000c2700000|  0%| F|  |TAMS 0x00000000c2600000, 0x00000000c2600000| Untracked 
|  19|0x00000000c2700000, 0x00000000c2700000, 0x00000000c2800000|  0%| F|  |TAMS 0x00000000c2700000, 0x00000000c2700000| Untracked 
|  20|0x00000000c2800000, 0x00000000c2800000, 0x00000000c2900000|  0%| F|  |TAMS 0x00000000c2800000, 0x00000000c2800000| Untracked 
|  21|0x00000000c2900000, 0x00000000c2900000, 0x00000000c2a00000|  0%| F|  |TAMS 0x00000000c2900000, 0x00000000c2900000| Untracked 
|  22|0x00000000c2a00000, 0x00000000c2a00000, 0x00000000c2b00000|  0%| F|  |TAMS 0x00000000c2a00000, 0x00000000c2a00000| Untracked 
|  23|0x00000000c2b00000, 0x00000000c2b00000, 0x00000000c2c00000|  0%| F|  |TAMS 0x00000000c2b00000, 0x00000000c2b00000| Untracked 
|  24|0x00000000c2c00000, 0x00000000c2d00000, 0x00000000c2d00000|100%|HS|  |TAMS 0x00000000c2c00000, 0x00000000c2c00000| Complete 
|  25|0x00000000c2d00000, 0x00000000c2e00000, 0x00000000c2e00000|100%|HC|  |TAMS 0x00000000c2d00000, 0x00000000c2d00000| Complete 
|  26|0x00000000c2e00000, 0x00000000c2f00000, 0x00000000c2f00000|100%|HC|  |TAMS 0x00000000c2e00000, 0x00000000c2e00000| Complete 
|  27|0x00000000c2f00000, 0x00000000c3000000, 0x00000000c3000000|100%|HC|  |TAMS 0x00000000c2f00000, 0x00000000c2f00000| Complete 
|  28|0x00000000c3000000, 0x00000000c3100000, 0x00000000c3100000|100%|HC|  |TAMS 0x00000000c3000000, 0x00000000c3000000| Complete 
|  29|0x00000000c3100000, 0x00000000c3200000, 0x00000000c3200000|100%|HC|  |TAMS 0x00000000c3100000, 0x00000000c3100000| Complete 
|  30|0x00000000c3200000, 0x00000000c3300000, 0x00000000c3300000|100%|HC|  |TAMS 0x00000000c3200000, 0x00000000c3200000| Complete 
|  31|0x00000000c3300000, 0x00000000c3400000, 0x00000000c3400000|100%|HC|  |TAMS 0x00000000c3300000, 0x00000000c3300000| Complete 
|  32|0x00000000c3400000, 0x00000000c3500000, 0x00000000c3500000|100%|HC|  |TAMS 0x00000000c3400000, 0x00000000c3400000| Complete 
|  33|0x00000000c3500000, 0x00000000c3600000, 0x00000000c3600000|100%|HC|  |TAMS 0x00000000c3500000, 0x00000000c3500000| Complete 
|  34|0x00000000c3600000, 0x00000000c3700000, 0x00000000c3700000|100%|HC|  |TAMS 0x00000000c3600000, 0x00000000c3600000| Complete 
|  35|0x00000000c3700000, 0x00000000c3800000, 0x00000000c3800000|100%|HC|  |TAMS 0x00000000c3700000, 0x00000000c3700000| Complete 
|  36|0x00000000c3800000, 0x00000000c3900000, 0x00000000c3900000|100%|HC|  |TAMS 0x00000000c3800000, 0x00000000c3800000| Complete 
|  37|0x00000000c3900000, 0x00000000c3a00000, 0x00000000c3a00000|100%|HC|  |TAMS 0x00000000c3900000, 0x00000000c3900000| Complete 
|  38|0x00000000c3a00000, 0x00000000c3b00000, 0x00000000c3b00000|100%|HC|  |TAMS 0x00000000c3a00000, 0x00000000c3a00000| Complete 
|  39|0x00000000c3b00000, 0x00000000c3c00000, 0x00000000c3c00000|100%|HC|  |TAMS 0x00000000c3b00000, 0x00000000c3b00000| Complete 
|  40|0x00000000c3c00000, 0x00000000c3d00000, 0x00000000c3d00000|100%|HC|  |TAMS 0x00000000c3c00000, 0x00000000c3c00000| Complete 
|  45|0x00000000c4100000, 0x00000000c416a668, 0x00000000c4200000| 41%| E|  |TAMS 0x00000000c4100000, 0x00000000c4100000| Complete 
|  46|0x00000000c4200000, 0x00000000c4300000, 0x00000000c4300000|100%| E|CS|TAMS 0x00000000c4200000, 0x00000000c4200000| Complete 
|  47|0x00000000c4300000, 0x00000000c4400000, 0x00000000c4400000|100%| E|CS|TAMS 0x00000000c4300000, 0x00000000c4300000| Complete 
|  63|0x00000000c5300000, 0x00000000c5400000, 0x00000000c5400000|100%| E|CS|TAMS 0x00000000c5300000, 0x00000000c5300000| Complete 

Card table byte_map: [0x000001b422ba0000,0x000001b422da0000] _byte_map_base: 0x000001b422596000

Marking Bits (Prev, Next): (CMBitMap*) 0x000001b410330560, (CMBitMap*) 0x000001b410330520
 Prev Bits: [0x000001b423f50000, 0x000001b424f00000)
 Next Bits: [0x000001b422fa0000, 0x000001b423f50000)

Polling page: 0x000001b40fad0000

Metaspace:

Usage:
  Non-class:     28.38 MB used.
      Class:      3.68 MB used.
       Both:     32.05 MB used.

Virtual space:
  Non-class space:       32.00 MB reserved,      28.50 MB ( 89%) committed,  4 nodes.
      Class space:        1.00 GB reserved,       3.81 MB ( <1%) committed,  1 nodes.
             Both:        1.03 GB reserved,      32.31 MB (  3%) committed. 

Chunk freelists:
   Non-Class:  3.03 MB
       Class:  224.00 KB
        Both:  3.25 MB

MaxMetaspaceSize: unlimited
CompressedClassSpaceSize: 1.00 GB
Initial GC threshold: 21.00 MB
Current GC threshold: 35.25 MB
CDS: off
MetaspaceReclaimPolicy: balanced
 - commit_granule_bytes: 65536.
 - commit_granule_words: 8192.
 - virtual_space_node_default_size: 1048576.
 - enlarge_chunks_in_place: 1.
 - new_chunks_are_fully_committed: 0.
 - uncommit_free_chunks: 1.
 - use_allocation_guard: 0.
 - handle_deallocations: 1.


Internal statistics:

num_allocs_failed_limit: 3.
num_arena_births: 212.
num_arena_deaths: 0.
num_vsnodes_births: 5.
num_vsnodes_deaths: 0.
num_space_committed: 517.
num_space_uncommitted: 0.
num_chunks_returned_to_freelist: 3.
num_chunks_taken_from_freelist: 842.
num_chunk_merges: 0.
num_chunk_splits: 559.
num_chunks_enlarged: 450.
num_purges: 0.
num_inconsistent_stats: 0.

CodeHeap 'non-profiled nmethods': size=120000Kb used=955Kb max_used=955Kb free=119044Kb
 bounds [0x000001b41b470000, 0x000001b41b6e0000, 0x000001b4229a0000]
CodeHeap 'profiled nmethods': size=120000Kb used=4711Kb max_used=4711Kb free=115288Kb
 bounds [0x000001b413f40000, 0x000001b4143e0000, 0x000001b41b470000]
CodeHeap 'non-nmethods': size=5760Kb used=1282Kb max_used=1321Kb free=4478Kb
 bounds [0x000001b4139a0000, 0x000001b413c10000, 0x000001b413f40000]
 total_blobs=3094 nmethods=2498 adapters=508
 compilation: enabled
              stopped_count=0, restarted_count=0
 full_count=0

Compilation events (20 events):
Event: 21.209 Thread 0x000001b427407580 nmethod 2435 0x000001b4143c0d10 code [0x000001b4143c0ec0, 0x000001b4143c1008]
Event: 21.209 Thread 0x000001b427407580 2436   !   3       org.testng.reporters.FileStringBuffer::append (185 bytes)
Event: 21.210 Thread 0x000001b427407580 nmethod 2436 0x000001b4143c1090 code [0x000001b4143c13a0, 0x000001b4143c23a8]
Event: 21.210 Thread 0x000001b427407580 2437       3       java.util.concurrent.ConcurrentHashMap$BaseIterator::<init> (21 bytes)
Event: 21.210 Thread 0x000001b427407580 nmethod 2437 0x000001b4143c2b10 code [0x000001b4143c2cc0, 0x000001b4143c2e98]
Event: 21.228 Thread 0x000001b427407580 2438   !   3       java.util.concurrent.ConcurrentHashMap::initTable (112 bytes)
Event: 21.228 Thread 0x000001b427407580 nmethod 2438 0x000001b4143c2f90 code [0x000001b4143c3160, 0x000001b4143c36e8]
Event: 21.228 Thread 0x000001b427407580 2440       3       java.util.Calendar::internalGet (7 bytes)
Event: 21.228 Thread 0x000001b427407580 nmethod 2440 0x000001b4143c3890 code [0x000001b4143c3a20, 0x000001b4143c3b58]
Event: 21.228 Thread 0x000001b427407580 2439  s    1       java.lang.StringBuffer::length (5 bytes)
Event: 21.228 Thread 0x000001b427407580 nmethod 2439 0x000001b41b55c590 code [0x000001b41b55c720, 0x000001b41b55c898]
Event: 21.229 Thread 0x000001b427407580 2441       1       java.util.Calendar::getFirstDayOfWeek (5 bytes)
Event: 21.229 Thread 0x000001b427407580 nmethod 2441 0x000001b41b55c910 code [0x000001b41b55caa0, 0x000001b41b55cb78]
Event: 21.229 Thread 0x000001b427407580 2442       1       java.util.Calendar::getMinimalDaysInFirstWeek (5 bytes)
Event: 21.229 Thread 0x000001b427407580 nmethod 2442 0x000001b41b55cc10 code [0x000001b41b55cda0, 0x000001b41b55ce78]
Event: 21.229 Thread 0x000001b427407580 2443       3       java.util.Formatter$FormatSpecifier::<init> (77 bytes)
Event: 21.230 Thread 0x000001b427407580 nmethod 2443 0x000001b4143c3c10 code [0x000001b4143c3e20, 0x000001b4143c45d8]
Event: 21.230 Thread 0x000001b427404c70 2444       4       java.util.regex.Pattern$CharProperty::match (71 bytes)
Event: 21.239 Thread 0x000001b427407580 2448       3       java.util.concurrent.ConcurrentHashMap$MapEntry::<init> (20 bytes)
Event: 21.240 Thread 0x000001b427407580 nmethod 2448 0x000001b4143c4810 code [0x000001b4143c49c0, 0x000001b4143c4c38]

GC Heap History (14 events):
Event: 1.898 GC heap before
{Heap before GC invocations=0 (full 0):
 garbage-first heap   total 65536K, used 13312K [0x00000000c1400000, 0x0000000100000000)
  region size 1024K, 13 young (13312K), 0 survivors (0K)
 Metaspace       used 11866K, committed 11968K, reserved 1064960K
  class space    used 1125K, committed 1152K, reserved 1048576K
}
Event: 1.904 GC heap after
{Heap after GC invocations=1 (full 0):
 garbage-first heap   total 65536K, used 4805K [0x00000000c1400000, 0x0000000100000000)
  region size 1024K, 2 young (2048K), 2 survivors (2048K)
 Metaspace       used 11866K, committed 11968K, reserved 1064960K
  class space    used 1125K, committed 1152K, reserved 1048576K
}
Event: 2.875 GC heap before
{Heap before GC invocations=1 (full 0):
 garbage-first heap   total 65536K, used 15045K [0x00000000c1400000, 0x0000000100000000)
  region size 1024K, 13 young (13312K), 2 survivors (2048K)
 Metaspace       used 16825K, committed 17024K, reserved 1064960K
  class space    used 1695K, committed 1792K, reserved 1048576K
}
Event: 2.880 GC heap after
{Heap after GC invocations=2 (full 0):
 garbage-first heap   total 65536K, used 6106K [0x00000000c1400000, 0x0000000100000000)
  region size 1024K, 2 young (2048K), 2 survivors (2048K)
 Metaspace       used 16825K, committed 17024K, reserved 1064960K
  class space    used 1695K, committed 1792K, reserved 1048576K
}
Event: 3.539 GC heap before
{Heap before GC invocations=2 (full 0):
 garbage-first heap   total 65536K, used 19418K [0x00000000c1400000, 0x0000000100000000)
  region size 1024K, 16 young (16384K), 2 survivors (2048K)
 Metaspace       used 21254K, committed 21504K, reserved 1073152K
  class space    used 2280K, committed 2432K, reserved 1048576K
}
Event: 3.543 GC heap after
{Heap after GC invocations=3 (full 0):
 garbage-first heap   total 65536K, used 7381K [0x00000000c1400000, 0x0000000100000000)
  region size 1024K, 3 young (3072K), 3 survivors (3072K)
 Metaspace       used 21254K, committed 21504K, reserved 1073152K
  class space    used 2280K, committed 2432K, reserved 1048576K
}
Event: 3.930 GC heap before
{Heap before GC invocations=4 (full 0):
 garbage-first heap   total 30720K, used 21717K [0x00000000c1400000, 0x0000000100000000)
  region size 1024K, 18 young (18432K), 3 survivors (3072K)
 Metaspace       used 25789K, committed 25984K, reserved 1073152K
  class space    used 2814K, committed 2880K, reserved 1048576K
}
Event: 3.934 GC heap after
{Heap after GC invocations=5 (full 0):
 garbage-first heap   total 30720K, used 9334K [0x00000000c1400000, 0x0000000100000000)
  region size 1024K, 4 young (4096K), 4 survivors (4096K)
 Metaspace       used 25789K, committed 25984K, reserved 1073152K
  class space    used 2814K, committed 2880K, reserved 1048576K
}
Event: 4.893 GC heap before
{Heap before GC invocations=5 (full 0):
 garbage-first heap   total 30720K, used 18550K [0x00000000c1400000, 0x0000000100000000)
  region size 1024K, 13 young (13312K), 4 survivors (4096K)
 Metaspace       used 28357K, committed 28544K, reserved 1081344K
  class space    used 3185K, committed 3264K, reserved 1048576K
}
Event: 4.897 GC heap after
{Heap after GC invocations=6 (full 0):
 garbage-first heap   total 30720K, used 10027K [0x00000000c1400000, 0x0000000100000000)
  region size 1024K, 1 young (1024K), 1 survivors (1024K)
 Metaspace       used 28357K, committed 28544K, reserved 1081344K
  class space    used 3185K, committed 3264K, reserved 1048576K
}
Event: 5.128 GC heap before
{Heap before GC invocations=6 (full 0):
 garbage-first heap   total 30720K, used 15147K [0x00000000c1400000, 0x0000000100000000)
  region size 1024K, 7 young (7168K), 1 survivors (1024K)
 Metaspace       used 29829K, committed 30080K, reserved 1081344K
  class space    used 3395K, committed 3520K, reserved 1048576K
}
Event: 5.130 GC heap after
{Heap after GC invocations=7 (full 0):
 garbage-first heap   total 30720K, used 10191K [0x00000000c1400000, 0x0000000100000000)
  region size 1024K, 1 young (1024K), 1 survivors (1024K)
 Metaspace       used 29829K, committed 30080K, reserved 1081344K
  class space    used 3395K, committed 3520K, reserved 1048576K
}
Event: 21.193 GC heap before
{Heap before GC invocations=7 (full 0):
 garbage-first heap   total 46080K, used 37839K [0x00000000c1400000, 0x0000000100000000)
  region size 1024K, 12 young (12288K), 1 survivors (1024K)
 Metaspace       used 32460K, committed 32768K, reserved 1081344K
  class space    used 3720K, committed 3840K, reserved 1048576K
}
Event: 21.203 GC heap after
{Heap after GC invocations=8 (full 0):
 garbage-first heap   total 46080K, used 28838K [0x00000000c1400000, 0x0000000100000000)
  region size 1024K, 2 young (2048K), 2 survivors (2048K)
 Metaspace       used 32460K, committed 32768K, reserved 1081344K
  class space    used 3720K, committed 3840K, reserved 1048576K
}

Deoptimization events (20 events):
Event: 3.675 Thread 0x000001b410300420 Uncommon trap: trap_request=0xffffff45 fr.pc=0x000001b41b4fdb44 relative=0x00000000000001c4
Event: 3.675 Thread 0x000001b410300420 Uncommon trap: reason=unstable_if action=reinterpret pc=0x000001b41b4fdb44 method=java.util.HashMap.putVal(ILjava/lang/Object;Ljava/lang/Object;ZZ)Ljava/lang/Object; @ 162 c2
Event: 3.675 Thread 0x000001b410300420 DEOPT PACKING pc=0x000001b41b4fdb44 sp=0x0000008b55bf9010
Event: 3.675 Thread 0x000001b410300420 DEOPT UNPACKING pc=0x000001b4139f23a3 sp=0x0000008b55bf8fa0 mode 2
Event: 3.975 Thread 0x000001b410300420 Uncommon trap: trap_request=0xffffff45 fr.pc=0x000001b41b4d5724 relative=0x0000000000000584
Event: 3.975 Thread 0x000001b410300420 Uncommon trap: reason=unstable_if action=reinterpret pc=0x000001b41b4d5724 method=java.lang.String.replace(CC)Ljava/lang/String; @ 2 c2
Event: 3.975 Thread 0x000001b410300420 DEOPT PACKING pc=0x000001b41b4d5724 sp=0x0000008b55bfd740
Event: 3.975 Thread 0x000001b410300420 DEOPT UNPACKING pc=0x000001b4139f23a3 sp=0x0000008b55bfd6f0 mode 2
Event: 4.001 Thread 0x000001b4274000b0 Uncommon trap: trap_request=0xffffff45 fr.pc=0x000001b41b4fb9f8 relative=0x00000000000000d8
Event: 4.001 Thread 0x000001b4274000b0 Uncommon trap: reason=unstable_if action=reinterpret pc=0x000001b41b4fb9f8 method=java.lang.CharacterDataLatin1.digit(II)I @ 12 c2
Event: 4.001 Thread 0x000001b4274000b0 DEOPT PACKING pc=0x000001b41b4fb9f8 sp=0x0000008b57afecd0
Event: 4.001 Thread 0x000001b4274000b0 DEOPT UNPACKING pc=0x000001b4139f23a3 sp=0x0000008b57afeb88 mode 2
Event: 4.023 Thread 0x000001b4274000b0 Uncommon trap: trap_request=0xffffff45 fr.pc=0x000001b41b4fb648 relative=0x00000000000000a8
Event: 4.023 Thread 0x000001b4274000b0 Uncommon trap: reason=unstable_if action=reinterpret pc=0x000001b41b4fb648 method=java.lang.CharacterDataLatin1.digit(II)I @ 12 c2
Event: 4.023 Thread 0x000001b4274000b0 DEOPT PACKING pc=0x000001b41b4fb648 sp=0x0000008b57afec20
Event: 4.023 Thread 0x000001b4274000b0 DEOPT UNPACKING pc=0x000001b4139f23a3 sp=0x0000008b57afeb98 mode 2
Event: 8.324 Thread 0x000001b410300420 Uncommon trap: trap_request=0xffffff45 fr.pc=0x000001b41b4e1cc4 relative=0x0000000000001024
Event: 8.324 Thread 0x000001b410300420 Uncommon trap: reason=unstable_if action=reinterpret pc=0x000001b41b4e1cc4 method=java.util.concurrent.ConcurrentHashMap.putVal(Ljava/lang/Object;Ljava/lang/Object;Z)Ljava/lang/Object; @ 231 c2
Event: 8.324 Thread 0x000001b410300420 DEOPT PACKING pc=0x000001b41b4e1cc4 sp=0x0000008b55bfd710
Event: 8.324 Thread 0x000001b410300420 DEOPT UNPACKING pc=0x000001b4139f23a3 sp=0x0000008b55bfd680 mode 2

Classes unloaded (0 events):
No events

Classes redefined (0 events):
No events

Internal exceptions (20 events):
Event: 4.055 Thread 0x000001b4274000b0 Exception <a 'java/net/SocketException'{0x00000000c43c5090}: Socket is not connected: shutdown> (0x00000000c43c5090) 
thrown [e:\jenkins\tmp\workspace\build\src\src\hotspot\share\prims\jni.cpp, line 535]
Event: 4.101 Thread 0x000001b4274000b0 Exception <a 'java/net/ConnectException'{0x00000000c43c6028}: Connection refused: no further information> (0x00000000c43c6028) 
thrown [e:\jenkins\tmp\workspace\build\src\src\hotspot\share\prims\jni.cpp, line 535]
Event: 4.101 Thread 0x000001b4274000b0 Exception <a 'java/net/SocketException'{0x00000000c43c6360}: Socket is not connected: shutdown> (0x00000000c43c6360) 
thrown [e:\jenkins\tmp\workspace\build\src\src\hotspot\share\prims\jni.cpp, line 535]
Event: 4.195 Thread 0x000001b4274000b0 Exception <a 'java/net/ConnectException'{0x00000000c43c72f8}: Connection refused: no further information> (0x00000000c43c72f8) 
thrown [e:\jenkins\tmp\workspace\build\src\src\hotspot\share\prims\jni.cpp, line 535]
Event: 4.195 Thread 0x000001b4274000b0 Exception <a 'java/net/SocketException'{0x00000000c43c7630}: Socket is not connected: shutdown> (0x00000000c43c7630) 
thrown [e:\jenkins\tmp\workspace\build\src\src\hotspot\share\prims\jni.cpp, line 535]
Event: 4.367 Thread 0x000001b4274000b0 Exception <a 'java/net/ConnectException'{0x00000000c43c85c8}: Connection refused: no further information> (0x00000000c43c85c8) 
thrown [e:\jenkins\tmp\workspace\build\src\src\hotspot\share\prims\jni.cpp, line 535]
Event: 4.367 Thread 0x000001b4274000b0 Exception <a 'java/net/SocketException'{0x00000000c43c8900}: Socket is not connected: shutdown> (0x00000000c43c8900) 
thrown [e:\jenkins\tmp\workspace\build\src\src\hotspot\share\prims\jni.cpp, line 535]
Event: 4.717 Thread 0x000001b410300420 Exception <a 'java/lang/NoSuchMethodError'{0x00000000c427c510}: 'double java.lang.invoke.DirectMethodHandle$Holder.invokeVirtual(java.lang.Object, java.lang.Object)'> (0x00000000c427c510) 
thrown [e:\jenkins\tmp\workspace\build\src\src\hotspot\share\interpreter\linkResolver.cpp, line 766]
Event: 4.718 Thread 0x000001b410300420 Exception <a 'java/lang/NoSuchMethodError'{0x00000000c4282cb8}: 'float java.lang.invoke.DirectMethodHandle$Holder.invokeVirtual(java.lang.Object, java.lang.Object)'> (0x00000000c4282cb8) 
thrown [e:\jenkins\tmp\workspace\build\src\src\hotspot\share\interpreter\linkResolver.cpp, line 766]
Event: 4.718 Thread 0x000001b410300420 Exception <a 'java/lang/NoSuchMethodError'{0x00000000c428bc98}: 'long java.lang.invoke.DirectMethodHandle$Holder.invokeVirtual(java.lang.Object, java.lang.Object)'> (0x00000000c428bc98) 
thrown [e:\jenkins\tmp\workspace\build\src\src\hotspot\share\interpreter\linkResolver.cpp, line 766]
Event: 4.752 Thread 0x000001b410300420 Exception <a 'java/lang/NoSuchMethodError'{0x00000000c41d5b00}: 'void java.lang.invoke.DirectMethodHandle$Holder.invokeSpecial(java.lang.Object, java.lang.Object, java.lang.Object, java.lang.Object, java.lang.Object)'> (0x00000000c41d5b00) 
thrown [e:\jenkins\tmp\workspace\build\src\src\hotspot\share\interpreter\linkResolver.cpp, line 766]
Event: 4.753 Thread 0x000001b410300420 Exception <a 'java/lang/NoSuchMethodError'{0x00000000c41dcea0}: 'void java.lang.invoke.DirectMethodHandle$Holder.invokeStatic(java.lang.Object, java.lang.Object, int)'> (0x00000000c41dcea0) 
thrown [e:\jenkins\tmp\workspace\build\src\src\hotspot\share\interpreter\linkResolver.cpp, line 766]
Event: 4.775 Thread 0x000001b410300420 Exception <a 'java/lang/NoSuchMethodError'{0x00000000c2d98138}: 'java.lang.Object java.lang.invoke.DirectMethodHandle$Holder.newInvokeSpecial(java.lang.Object, java.lang.Object, java.lang.Object, java.lang.Object, java.lang.Object)'> (0x00000000c2d98138) 
thrown [e:\jenkins\tmp\workspace\build\src\src\hotspot\share\interpreter\linkResolver.cpp, line 766]
Event: 4.797 Thread 0x000001b410300420 Exception <a 'java/lang/NoSuchMethodError'{0x00000000c2c6f290}: 'int java.lang.invoke.DirectMethodHandle$Holder.invokeSpecialIFC(java.lang.Object, java.lang.Object, java.lang.Object)'> (0x00000000c2c6f290) 
thrown [e:\jenkins\tmp\workspace\build\src\src\hotspot\share\interpreter\linkResolver.cpp, line 766]
Event: 4.889 Thread 0x000001b410300420 Exception <a 'java/lang/NoSuchMethodError'{0x00000000c29d2ea8}: 'void java.lang.invoke.DirectMethodHandle$Holder.invokeSpecial(java.lang.Object, java.lang.Object, java.lang.Object, java.lang.Object, java.lang.Object, java.lang.Object)'> (0x00000000c29d2ea8) 
thrown [e:\jenkins\tmp\workspace\build\src\src\hotspot\share\interpreter\linkResolver.cpp, line 766]
Event: 8.205 Thread 0x000001b410300420 Exception <a 'java/lang/NoSuchMethodError'{0x00000000c42a1d68}: 'java.lang.Object java.lang.invoke.DirectMethodHandle$Holder.invokeSpecialIFC(java.lang.Object, java.lang.Object, java.lang.Object)'> (0x00000000c42a1d68) 
thrown [e:\jenkins\tmp\workspace\build\src\src\hotspot\share\interpreter\linkResolver.cpp, line 766]
Event: 8.212 Thread 0x000001b410300420 Exception <a 'java/lang/NoSuchMethodError'{0x00000000c42cd940}: 'void java.lang.invoke.DirectMethodHandle$Holder.invokeSpecial(java.lang.Object, java.lang.Object, java.lang.Object)'> (0x00000000c42cd940) 
thrown [e:\jenkins\tmp\workspace\build\src\src\hotspot\share\interpreter\linkResolver.cpp, line 766]
Event: 8.301 Thread 0x000001b410300420 Exception <a 'java/lang/ClassNotFoundException'{0x00000000c41a1150}: sun/util/logging/resources/spi/loggingProvider> (0x00000000c41a1150) 
thrown [e:\jenkins\tmp\workspace\build\src\src\hotspot\share\classfile\systemDictionary.cpp, line 256]
Event: 12.165 Thread 0x000001b410300420 Exception <a 'java/lang/NoSuchMethodError'{0x00000000c2692f08}: 'int java.lang.invoke.DirectMethodHandle$Holder.invokeInterface(java.lang.Object, java.lang.Object)'> (0x00000000c2692f08) 
thrown [e:\jenkins\tmp\workspace\build\src\src\hotspot\share\interpreter\linkResolver.cpp, line 766]
Event: 20.937 Thread 0x000001b410300420 Exception <a 'java/lang/reflect/InvocationTargetException'{0x00000000c25ea140}> (0x00000000c25ea140) 
thrown [e:\jenkins\tmp\workspace\build\src\src\hotspot\share\runtime\reflection.cpp, line 1121]

VM Operations (20 events):
Event: 5.127 Executing VM operation: G1TryInitiateConcMark
Event: 5.130 Executing VM operation: G1TryInitiateConcMark done
Event: 6.132 Executing VM operation: Cleanup
Event: 6.132 Executing VM operation: Cleanup done
Event: 8.157 Executing VM operation: Cleanup
Event: 8.157 Executing VM operation: Cleanup done
Event: 9.163 Executing VM operation: Cleanup
Event: 9.163 Executing VM operation: Cleanup done
Event: 10.173 Executing VM operation: Cleanup
Event: 10.173 Executing VM operation: Cleanup done
Event: 12.179 Executing VM operation: Cleanup
Event: 12.179 Executing VM operation: Cleanup done
Event: 13.189 Executing VM operation: Cleanup
Event: 13.189 Executing VM operation: Cleanup done
Event: 15.202 Executing VM operation: Cleanup
Event: 15.202 Executing VM operation: Cleanup done
Event: 17.217 Executing VM operation: Cleanup
Event: 17.217 Executing VM operation: Cleanup done
Event: 21.193 Executing VM operation: G1CollectForAllocation
Event: 21.203 Executing VM operation: G1CollectForAllocation done

Events (20 events):
Event: 21.127 loading class java/text/FieldPosition$Delegate
Event: 21.127 loading class java/text/Format$FieldDelegate
Event: 21.127 loading class java/text/Format$FieldDelegate done
Event: 21.127 loading class java/text/FieldPosition$Delegate done
Event: 21.128 loading class java/text/StringCharacterIterator
Event: 21.128 loading class java/text/CharacterIterator
Event: 21.152 loading class java/text/CharacterIterator done
Event: 21.152 loading class java/text/StringCharacterIterator done
Event: 21.192 loading class java/util/stream/Nodes$FixedNodeBuilder
Event: 21.193 loading class java/util/stream/Nodes$FixedNodeBuilder done
Event: 21.205 loading class java/util/concurrent/ConcurrentHashMap$KeySpliterator
Event: 21.205 loading class java/util/concurrent/ConcurrentHashMap$KeySpliterator done
Event: 21.207 loading class java/util/Vector$Itr
Event: 21.207 loading class java/util/Vector$Itr done
Event: 21.210 loading class java/util/ComparableTimSort
Event: 21.227 loading class java/util/ComparableTimSort done
Event: 21.256 loading class sun/nio/fs/WindowsChannelFactory$2
Event: 21.257 loading class sun/nio/fs/WindowsChannelFactory$2 done
Event: 21.257 loading class java/nio/channels/Channels$1
Event: 21.268 loading class java/nio/channels/Channels$1 done


Dynamic libraries:
0x00007ff74fa20000 - 0x00007ff74fa2e000 	C:\Users\anamendra.y(2420)\.p2\pool\plugins\org.eclipse.justj.openjdk.hotspot.jre.full.win32.x86_64_17.0.1.v20211116-1657\jre\bin\javaw.exe
0x00007ffd8b6f0000 - 0x00007ffd8b8e5000 	C:\WINDOWS\SYSTEM32\ntdll.dll
0x00007ffd8ab40000 - 0x00007ffd8abfe000 	C:\WINDOWS\System32\KERNEL32.DLL
0x00007ffd88e50000 - 0x00007ffd89118000 	C:\WINDOWS\System32\KERNELBASE.dll
0x00007ffd89120000 - 0x00007ffd89220000 	C:\WINDOWS\System32\ucrtbase.dll
0x00007ffd78480000 - 0x00007ffd78499000 	C:\Users\anamendra.y(2420)\.p2\pool\plugins\org.eclipse.justj.openjdk.hotspot.jre.full.win32.x86_64_17.0.1.v20211116-1657\jre\bin\VCRUNTIME140.dll
0x00007ffd79370000 - 0x00007ffd79388000 	C:\Users\anamendra.y(2420)\.p2\pool\plugins\org.eclipse.justj.openjdk.hotspot.jre.full.win32.x86_64_17.0.1.v20211116-1657\jre\bin\jli.dll
0x00007ffd89f30000 - 0x00007ffd8a0d1000 	C:\WINDOWS\System32\USER32.dll
0x00007ffd896d0000 - 0x00007ffd896f2000 	C:\WINDOWS\System32\win32u.dll
0x00007ffd8acb0000 - 0x00007ffd8acdb000 	C:\WINDOWS\System32\GDI32.dll
0x00007ffd77990000 - 0x00007ffd77c2a000 	C:\WINDOWS\WinSxS\amd64_microsoft.windows.common-controls_6595b64144ccf1df_6.0.19041.1110_none_60b5254171f9507e\COMCTL32.dll
0x00007ffd89220000 - 0x00007ffd8932d000 	C:\WINDOWS\System32\gdi32full.dll
0x00007ffd89390000 - 0x00007ffd8942d000 	C:\WINDOWS\System32\msvcp_win.dll
0x00007ffd89730000 - 0x00007ffd897ce000 	C:\WINDOWS\System32\msvcrt.dll
0x00007ffd8ace0000 - 0x00007ffd8ad10000 	C:\WINDOWS\System32\IMM32.DLL
0x00007ffd80ed0000 - 0x00007ffd80edc000 	C:\Users\anamendra.y(2420)\.p2\pool\plugins\org.eclipse.justj.openjdk.hotspot.jre.full.win32.x86_64_17.0.1.v20211116-1657\jre\bin\vcruntime140_1.dll
0x00007ffd59d90000 - 0x00007ffd59e21000 	C:\Users\anamendra.y(2420)\.p2\pool\plugins\org.eclipse.justj.openjdk.hotspot.jre.full.win32.x86_64_17.0.1.v20211116-1657\jre\bin\msvcp140.dll
0x00007ffd52a00000 - 0x00007ffd53646000 	C:\Users\anamendra.y(2420)\.p2\pool\plugins\org.eclipse.justj.openjdk.hotspot.jre.full.win32.x86_64_17.0.1.v20211116-1657\jre\bin\server\jvm.dll
0x00007ffd8a0e0000 - 0x00007ffd8a18c000 	C:\WINDOWS\System32\ADVAPI32.dll
0x00007ffd8ac00000 - 0x00007ffd8ac9b000 	C:\WINDOWS\System32\sechost.dll
0x00007ffd8b100000 - 0x00007ffd8b22a000 	C:\WINDOWS\System32\RPCRT4.dll
0x00007ffd8aca0000 - 0x00007ffd8aca8000 	C:\WINDOWS\System32\PSAPI.DLL
0x00007ffd75bc0000 - 0x00007ffd75bc9000 	C:\WINDOWS\SYSTEM32\WSOCK32.dll
0x00007ffd8aec0000 - 0x00007ffd8af2b000 	C:\WINDOWS\System32\WS2_32.dll
0x00007ffd7b520000 - 0x00007ffd7b547000 	C:\WINDOWS\SYSTEM32\WINMM.dll
0x00007ffd87bf0000 - 0x00007ffd87bfa000 	C:\WINDOWS\SYSTEM32\VERSION.dll
0x00007ffd87ba0000 - 0x00007ffd87bb2000 	C:\WINDOWS\SYSTEM32\kernel.appcore.dll
0x00007ffd828b0000 - 0x00007ffd828ba000 	C:\Users\anamendra.y(2420)\.p2\pool\plugins\org.eclipse.justj.openjdk.hotspot.jre.full.win32.x86_64_17.0.1.v20211116-1657\jre\bin\jimage.dll
0x00007ffd769d0000 - 0x00007ffd76bb4000 	C:\WINDOWS\SYSTEM32\DBGHELP.DLL
0x00007ffd75bd0000 - 0x00007ffd75bfc000 	C:\WINDOWS\SYSTEM32\dbgcore.DLL
0x00007ffd89590000 - 0x00007ffd89612000 	C:\WINDOWS\System32\bcryptPrimitives.dll
0x00007ffd80f60000 - 0x00007ffd80f85000 	C:\Users\anamendra.y(2420)\.p2\pool\plugins\org.eclipse.justj.openjdk.hotspot.jre.full.win32.x86_64_17.0.1.v20211116-1657\jre\bin\java.dll
0x00007ffd80be0000 - 0x00007ffd80bf8000 	C:\Users\anamendra.y(2420)\.p2\pool\plugins\org.eclipse.justj.openjdk.hotspot.jre.full.win32.x86_64_17.0.1.v20211116-1657\jre\bin\zip.dll
0x00007ffd8a2c0000 - 0x00007ffd8aa04000 	C:\WINDOWS\System32\SHELL32.dll
0x00007ffd86d30000 - 0x00007ffd874c4000 	C:\WINDOWS\SYSTEM32\windows.storage.dll
0x00007ffd897d0000 - 0x00007ffd89b25000 	C:\WINDOWS\System32\combase.dll
0x00007ffd88780000 - 0x00007ffd887ae000 	C:\WINDOWS\SYSTEM32\Wldp.dll
0x00007ffd89b30000 - 0x00007ffd89bdd000 	C:\WINDOWS\System32\SHCORE.dll
0x00007ffd89c80000 - 0x00007ffd89cd5000 	C:\WINDOWS\System32\shlwapi.dll
0x00007ffd88d40000 - 0x00007ffd88d5f000 	C:\WINDOWS\SYSTEM32\profapi.dll
0x00007ffd80bc0000 - 0x00007ffd80bd9000 	C:\Users\anamendra.y(2420)\.p2\pool\plugins\org.eclipse.justj.openjdk.hotspot.jre.full.win32.x86_64_17.0.1.v20211116-1657\jre\bin\net.dll
0x00007ffd81cf0000 - 0x00007ffd81dfc000 	C:\WINDOWS\SYSTEM32\WINHTTP.dll
0x00007ffd884e0000 - 0x00007ffd8854a000 	C:\WINDOWS\system32\mswsock.dll
0x00007ffd7a9b0000 - 0x00007ffd7a9c5000 	C:\Users\anamendra.y(2420)\.p2\pool\plugins\org.eclipse.justj.openjdk.hotspot.jre.full.win32.x86_64_17.0.1.v20211116-1657\jre\bin\nio.dll
0x00007ffd88210000 - 0x00007ffd882db000 	C:\WINDOWS\SYSTEM32\DNSAPI.dll
0x00007ffd881d0000 - 0x00007ffd8820b000 	C:\WINDOWS\SYSTEM32\IPHLPAPI.DLL
0x00007ffd8afb0000 - 0x00007ffd8afb8000 	C:\WINDOWS\System32\NSI.dll
0x00007ffd7bf00000 - 0x00007ffd7bf0a000 	C:\Windows\System32\rasadhlp.dll
0x00007ffd84150000 - 0x00007ffd841cf000 	C:\WINDOWS\System32\fwpuclnt.dll
0x00007ffd89700000 - 0x00007ffd89727000 	C:\WINDOWS\System32\bcrypt.dll
0x00007ffd886e0000 - 0x00007ffd886f8000 	C:\WINDOWS\SYSTEM32\CRYPTSP.dll
0x00007ffd87e60000 - 0x00007ffd87e94000 	C:\WINDOWS\system32\rsaenh.dll
0x00007ffd88d00000 - 0x00007ffd88d2e000 	C:\WINDOWS\SYSTEM32\USERENV.dll
0x00007ffd886d0000 - 0x00007ffd886dc000 	C:\WINDOWS\SYSTEM32\CRYPTBASE.dll
0x00007ffd84110000 - 0x00007ffd84127000 	C:\WINDOWS\SYSTEM32\dhcpcsvc6.DLL
0x00007ffd840f0000 - 0x00007ffd8410d000 	C:\WINDOWS\SYSTEM32\dhcpcsvc.DLL
0x00007ffd80ea0000 - 0x00007ffd80eb0000 	C:\Users\anamendra.y(2420)\.p2\pool\plugins\org.eclipse.justj.openjdk.hotspot.jre.full.win32.x86_64_17.0.1.v20211116-1657\jre\bin\verify.dll
0x00007ffd747a0000 - 0x00007ffd747b7000 	C:\WINDOWS\system32\napinsp.dll
0x00007ffd74780000 - 0x00007ffd7479b000 	C:\WINDOWS\system32\pnrpnsp.dll
0x00007ffd74640000 - 0x00007ffd74655000 	C:\WINDOWS\system32\wshbth.dll
0x00007ffd854d0000 - 0x00007ffd854ed000 	C:\WINDOWS\system32\NLAapi.dll
0x00007ffd74620000 - 0x00007ffd74632000 	C:\WINDOWS\System32\winrnr.dll
0x00007ffd81e00000 - 0x00007ffd81e09000 	C:\Users\anamendra.y(2420)\.p2\pool\plugins\org.eclipse.justj.openjdk.hotspot.jre.full.win32.x86_64_17.0.1.v20211116-1657\jre\bin\management.dll
0x00007ffd79950000 - 0x00007ffd7995b000 	C:\Users\anamendra.y(2420)\.p2\pool\plugins\org.eclipse.justj.openjdk.hotspot.jre.full.win32.x86_64_17.0.1.v20211116-1657\jre\bin\management_ext.dll
0x00007ffd798e0000 - 0x00007ffd798ee000 	C:\Users\anamendra.y(2420)\.p2\pool\plugins\org.eclipse.justj.openjdk.hotspot.jre.full.win32.x86_64_17.0.1.v20211116-1657\jre\bin\sunmscapi.dll
0x00007ffd89430000 - 0x00007ffd89586000 	C:\WINDOWS\System32\CRYPT32.dll
0x00007ffd887f0000 - 0x00007ffd88817000 	C:\WINDOWS\SYSTEM32\ncrypt.dll
0x00007ffd887b0000 - 0x00007ffd887eb000 	C:\WINDOWS\SYSTEM32\NTASN1.dll
0x00007ffd79f80000 - 0x00007ffd79f87000 	C:\WINDOWS\system32\wshunix.dll

dbghelp: loaded successfully - version: 4.0.5 - missing functions: none
symbol engine: initialized successfully - sym options: 0x614 - pdb path: .;C:\Users\anamendra.y(2420)\.p2\pool\plugins\org.eclipse.justj.openjdk.hotspot.jre.full.win32.x86_64_17.0.1.v20211116-1657\jre\bin;C:\WINDOWS\SYSTEM32;C:\WINDOWS\WinSxS\amd64_microsoft.windows.common-controls_6595b64144ccf1df_6.0.19041.1110_none_60b5254171f9507e;C:\Users\anamendra.y(2420)\.p2\pool\plugins\org.eclipse.justj.openjdk.hotspot.jre.full.win32.x86_64_17.0.1.v20211116-1657\jre\bin\server

VM Arguments:
jvm_args: -ea -Dfile.encoding=Cp1252 -XX:+ShowCodeDetailsInExceptionMessages 
java_command: org.testng.remote.RemoteTestNG -serport 50691 -protocol json -d C:\Users\anamendra.y(2420)\eclipse-workspace\automateDemo\test-output C:\Users\ANAMEN~1.Y(2\AppData\Local\Temp\testng-eclipse-1060593001\testng-customsuite.xml
java_class_path (initial): C:\Users\anamendra.y(2420)\eclipse\java-2021-12\eclipse\configuration\org.eclipse.osgi\429\0\.cp\lib\testng-remote.jar;C:\Users\anamendra.y(2420)\eclipse-workspace\automateDemo\target\test-classes;C:\Users\anamendra.y(2420)\eclipse-workspace\automateDemo\target\classes;C:\Users\anamendra.y(2420)\.p2\pool\plugins\org.testng_7.4.0.r202105021533.jar;C:\Users\anamendra.y(2420)\.p2\pool\plugins\com.beust.jcommander_1.78.0.jar;C:\Users\anamendra.y(2420)\.p2\pool\plugins\org.apache-extras.beanshell.bsh_2.0.0.b6.jar;C:\Users\anamendra.y(2420)\.p2\pool\plugins\org.yaml.snakeyaml_1.21.0.jar;C:\Users\anamendra.y(2420)\.p2\pool\plugins\org.webjars.jquery_3.5.1.jar;C:\Users\anamendra.y(2420)\.m2\repository\org\seleniumhq\selenium\selenium-java\4.1.1\selenium-java-4.1.1.jar;C:\Users\anamendra.y(2420)\.m2\repository\org\seleniumhq\selenium\selenium-api\4.1.1\selenium-api-4.1.1.jar;C:\Users\anamendra.y(2420)\.m2\repository\org\seleniumhq\selenium\selenium-chrome-driver\4.1.1\selenium-chrome-driver-4.1.1.jar;C:\Users\anamendra.y(2420)\.m2\repository\com\google\auto\service\auto-service-annotations\1.0.1\auto-service-annotations-1.0.1.jar;C:\Users\anamendra.y(2420)\.m2\repository\com\google\auto\service\auto-service\1.0.1\auto-service-1.0.1.jar;C:\Users\anamendra.y(2420)\.m2\repository\com\google\auto\auto-common\1.2\auto-common-1.2.jar;C:\Users\anamendra.y(2420)\.m2\repository\com\google\guava\guava\31.0.1-jre\guava-31.0.1-jre.jar;C:\Users\anamendra.y(2420)\.m2\repository\com\google\guava\failureaccess\1.0.1\failureaccess-1.0.1.jar;C:\Users\anamendra.y(2420)\.m2\repository\com\google\guava\listenablefuture\9999.0-empty-to-avoid-conflict-with-guava\listenablefuture-9999.0-empty-to-avoid-conflict-with-guava.jar;C:\Users\anamendra.y(2420)\.m2\repository\com\google\code\findbugs\jsr305\3.0.2\jsr305-3.0.2.jar;C:\Users\anamendra.y(2420)\.m2\repository\org\checkerframework\checker-qual\3.12.0\checker-qual-3.12.0.jar;C:\Users\anamendra.y(2420)\.m2\repository\com
Launcher Type: SUN_STANDARD

[Global flags]
     intx CICompilerCount                          = 3                                         {product} {ergonomic}
     uint ConcGCThreads                            = 1                                         {product} {ergonomic}
     uint G1ConcRefinementThreads                  = 4                                         {product} {ergonomic}
   size_t G1HeapRegionSize                         = 1048576                                   {product} {ergonomic}
    uintx GCDrainStackTargetSize                   = 64                                        {product} {ergonomic}
   size_t InitialHeapSize                          = 67108864                                  {product} {ergonomic}
   size_t MarkStackSize                            = 4194304                                   {product} {ergonomic}
   size_t MaxHeapSize                              = 1052770304                                {product} {ergonomic}
   size_t MaxNewSize                               = 631242752                                 {product} {ergonomic}
   size_t MinHeapDeltaBytes                        = 1048576                                   {product} {ergonomic}
   size_t MinHeapSize                              = 8388608                                   {product} {ergonomic}
    uintx NonNMethodCodeHeapSize                   = 5832780                                {pd product} {ergonomic}
    uintx NonProfiledCodeHeapSize                  = 122912730                              {pd product} {ergonomic}
    uintx ProfiledCodeHeapSize                     = 122912730                              {pd product} {ergonomic}
    uintx ReservedCodeCacheSize                    = 251658240                              {pd product} {ergonomic}
     bool SegmentedCodeCache                       = true                                      {product} {ergonomic}
     bool ShowCodeDetailsInExceptionMessages       = true                                   {manageable} {command line}
   size_t SoftMaxHeapSize                          = 1052770304                             {manageable} {ergonomic}
     bool UseCompressedClassPointers               = true                           {product lp64_product} {ergonomic}
     bool UseCompressedOops                        = true                           {product lp64_product} {ergonomic}
     bool UseG1GC                                  = true                                      {product} {ergonomic}
     bool UseLargePagesIndividualAllocation        = false                                  {pd product} {ergonomic}

Logging:
Log output configuration:
 #0: stdout all=warning uptime,level,tags
 #1: stderr all=off uptime,level,tags

Environment Variables:
PATH=C:/Users/anamendra.y(2420)/.p2/pool/plugins/org.eclipse.justj.openjdk.hotspot.jre.full.win32.x86_64_17.0.1.v20211116-1657/jre/bin/server;C:/Users/anamendra.y(2420)/.p2/pool/plugins/org.eclipse.justj.openjdk.hotspot.jre.full.win32.x86_64_17.0.1.v20211116-1657/jre/bin;"C:\Program Files\nodejs\node_modules\npm\bin;C:\Users\anamendra.y(2420)\Downloads\chromedriver_win32;";C:\Python310\;C:\Program Files (x86)\Common Files\Oracle\Java\javapath;C:\Program Files (x86)\Intel\iCLS Client\;C:\Users\anamendra.y(2420)\Downloads\apache-ant-1.10.12\apache-ant-1.10.12\bin;C:\Program Files\Intel\iCLS Client\;C:\WINDOWS\system32;C:\WINDOWS;C:\WINDOWS\System32\Wbem;C:\WINDOWS\System32\WindowsPowerShell\v1.0\;C:\Program Files\Intel\Intel(R) Management Engine Components\DAL;C:\Program Files\Intel\Intel(R) Management Engine Components\IPT;C:\Program Files (x86)\Intel\Intel(R) Management Engine Components\DAL;C:\Program Files (x86)\Intel\Intel(R) Management Engine Components\IPT;C:\WINDOWS\System32\OpenSSH\;D:\Softwares\apache-jmeter-5.2.1\apache-jmeter-5.2.1\bin;D:\apache-ant-1.9.9\bin;C:\Program Files\Git\cmd;C:\Program Files\nodejs\;C:\Program Files (x86)\dotnet\;C:\ProgramData\chocolatey\bin;C:\Program Files\Microsoft VS Code\bin;C:\apache-maven-3.8.4\bin;C:\Program Files\dotnet\;C:\Users\anamendra.y(2420)\AppData\Local\Microsoft\WindowsApps;C:\Users\anamendra.y(2420)\AppData\Roaming\npm;C:\Users\anamendra.y(2420)\.dotnet\tools;C:\Users\anamendra.y(2420)\Desktop;
USERNAME=anamendra.y(2420)
OS=Windows_NT
PROCESSOR_IDENTIFIER=Intel64 Family 6 Model 60 Stepping 3, GenuineIntel



---------------  S Y S T E M  ---------------

OS:
 Windows 10 , 64 bit Build 19041 (10.0.19041.1348)
OS uptime: 0 days 8:39 hours

CPU: total 4 (initial active 4) (4 cores per cpu, 1 threads per core) family 6 model 60 stepping 3 microcode 0x27, cx8, cmov, fxsr, mmx, sse, sse2, sse3, ssse3, sse4.1, sse4.2, popcnt, lzcnt, tsc, tscinvbit, avx, avx2, aes, erms, clmul, bmi1, bmi2, fma, vzeroupper, clflush

Memory: 4k page, system-wide physical 4013M (154M free)
TotalPageFile size 10526M (AvailPageFile size 29M)
current process WorkingSet (physical memory assigned to process): 178M, peak: 199M
current process commit charge ("private bytes"): 206M, peak: 227M

vm_info: OpenJDK 64-Bit Server VM (17.0.1+12) for windows-amd64 JRE (17.0.1+12), built on Oct 20 2021 07:42:55 by "" with MS VC++ 16.7 (VS2019)

END.
