#
# There is insufficient memory for the Java Runtime Environment to continue.
# Native memory allocation (mmap) failed to map 13631488 bytes for G1 virtual space
# Possible reasons:
#   The system is out of physical RAM or swap space
#   The process is running with CompressedOops enabled, and the Java Heap may be blocking the growth of the native heap
# Possible solutions:
#   Reduce memory load on the system
#   Increase physical memory or swap space
#   Check if swap backing store is full
#   Decrease Java heap size (-Xmx/-Xms)
#   Decrease number of Java threads
#   Decrease Java thread stack sizes (-Xss)
#   Set larger code cache with -XX:ReservedCodeCacheSize=
#   JVM is running with Unscaled Compressed Oops mode in which the Java heap is
#     placed in the first 4GB address space. The Java Heap base address is the
#     maximum limit for the native heap growth. Please use -XX:HeapBaseMinAddress
#     to set the Java Heap base and to place the Java Heap above 4GB virtual address.
# This output file may be truncated or incomplete.
#
#  Out of Memory Error (os_windows.cpp:3469), pid=9120, tid=7696
#
# JRE version: OpenJDK Runtime Environment Temurin-17.0.1+12 (17.0.1+12) (build 17.0.1+12)
# Java VM: OpenJDK 64-Bit Server VM Temurin-17.0.1+12 (17.0.1+12, mixed mode, tiered, compressed oops, compressed class ptrs, g1 gc, windows-amd64)
# No core dump will be written. Minidumps are not enabled by default on client versions of Windows
#

---------------  S U M M A R Y ------------

Command Line: -ea -Dfile.encoding=Cp1252 -XX:+ShowCodeDetailsInExceptionMessages org.testng.remote.RemoteTestNG -serport 58085 -protocol json -d C:\Users\anamendra.y(2420)\eclipse-workspace\automateDemo\test-output C:\Users\ANAMEN~1.Y(2\AppData\Local\Temp\testng-eclipse-1682002526\testng-customsuite.xml

Host: Intel(R) Core(TM) i5-4590T CPU @ 2.00GHz, 4 cores, 3G,  Windows 10 , 64 bit Build 19041 (10.0.19041.1348)
Time: Mon Mar 14 13:08:31 2022 India Standard Time elapsed time: 221.472488 seconds (0d 0h 3m 41s)

---------------  T H R E A D  ---------------

Current thread (0x000002f5c43beab0):  VMThread "VM Thread" [stack: 0x000000fa8c500000,0x000000fa8c600000] [id=7696]

Stack: [0x000000fa8c500000,0x000000fa8c600000]
Native frames: (J=compiled Java code, j=interpreted, Vv=VM code, C=native code)
V  [jvm.dll+0x6744da]
V  [jvm.dll+0x82e144]
V  [jvm.dll+0x82f8ee]
V  [jvm.dll+0x82ff53]
V  [jvm.dll+0x245175]
V  [jvm.dll+0x6714c9]
V  [jvm.dll+0x665f92]
V  [jvm.dll+0x303c3b]
V  [jvm.dll+0x30b176]
V  [jvm.dll+0x35af1e]
V  [jvm.dll+0x35b14f]
V  [jvm.dll+0x2dab78]
V  [jvm.dll+0x2ddc06]
V  [jvm.dll+0x2e82b8]
V  [jvm.dll+0x31c460]
V  [jvm.dll+0x8343bb]
V  [jvm.dll+0x8350f4]
V  [jvm.dll+0x83560c]
V  [jvm.dll+0x8359e4]
V  [jvm.dll+0x835ab0]
V  [jvm.dll+0x7de51a]
V  [jvm.dll+0x673305]
C  [ucrtbase.dll+0x21bb2]
C  [KERNEL32.DLL+0x17034]
C  [ntdll.dll+0x52651]

VM_Operation (0x000000fa8c1ff5c0): G1Concurrent, mode: safepoint, requested by thread 0x000002f5c43273c0


---------------  P R O C E S S  ---------------

Threads class SMR info:
_java_thread_list=0x000002f5dfbbbe90, length=23, elements={
0x000002f5c42f0a40, 0x000002f5dd2e82b0, 0x000002f5dd2e8e30, 0x000002f5dd323010,
0x000002f5dd3248e0, 0x000002f5dd3251a0, 0x000002f5dd329f70, 0x000002f5dd332840,
0x000002f5dd335150, 0x000002f5dd338240, 0x000002f5dde69050, 0x000002f5dde6f1a0,
0x000002f5de5a8060, 0x000002f5de056230, 0x000002f5de4dd2c0, 0x000002f5de4dd790,
0x000002f5df8fcf80, 0x000002f5df8fbc40, 0x000002f5df8fc5e0, 0x000002f5df8fb770,
0x000002f5df8fcab0, 0x000002f5e019e340, 0x000002f5e019e810
}

Java Threads: ( => current thread )
  0x000002f5c42f0a40 JavaThread "Forwarding findElement on session ad8fa88fa9733c1ad714279f28806148 to remote" [_thread_blocked, id=1096, stack(0x000000fa8bf00000,0x000000fa8c000000)]
  0x000002f5dd2e82b0 JavaThread "Reference Handler" daemon [_thread_blocked, id=8924, stack(0x000000fa8c600000,0x000000fa8c700000)]
  0x000002f5dd2e8e30 JavaThread "Finalizer" daemon [_thread_blocked, id=16584, stack(0x000000fa8c700000,0x000000fa8c800000)]
  0x000002f5dd323010 JavaThread "Signal Dispatcher" daemon [_thread_blocked, id=12444, stack(0x000000fa8c800000,0x000000fa8c900000)]
  0x000002f5dd3248e0 JavaThread "Attach Listener" daemon [_thread_blocked, id=5832, stack(0x000000fa8c900000,0x000000fa8ca00000)]
  0x000002f5dd3251a0 JavaThread "Service Thread" daemon [_thread_blocked, id=11928, stack(0x000000fa8ca00000,0x000000fa8cb00000)]
  0x000002f5dd329f70 JavaThread "Monitor Deflation Thread" daemon [_thread_blocked, id=13748, stack(0x000000fa8cb00000,0x000000fa8cc00000)]
  0x000002f5dd332840 JavaThread "C2 CompilerThread0" daemon [_thread_blocked, id=19180, stack(0x000000fa8cc00000,0x000000fa8cd00000)]
  0x000002f5dd335150 JavaThread "C1 CompilerThread0" daemon [_thread_blocked, id=16672, stack(0x000000fa8cd00000,0x000000fa8ce00000)]
  0x000002f5dd338240 JavaThread "Sweeper thread" daemon [_thread_blocked, id=912, stack(0x000000fa8ce00000,0x000000fa8cf00000)]
  0x000002f5dde69050 JavaThread "Notification Thread" daemon [_thread_blocked, id=15396, stack(0x000000fa8cf00000,0x000000fa8d000000)]
  0x000002f5dde6f1a0 JavaThread "Common-Cleaner" daemon [_thread_blocked, id=6896, stack(0x000000fa8d100000,0x000000fa8d200000)]
  0x000002f5de5a8060 JavaThread "ReaderThread" [_thread_in_native, id=4800, stack(0x000000fa8d300000,0x000000fa8d400000)]
  0x000002f5de056230 JavaThread "AsyncHttpClient-1-1" daemon [_thread_blocked, id=17028, stack(0x000000fa8da00000,0x000000fa8db00000)]
  0x000002f5de4dd2c0 JavaThread "Exec Default Executor" daemon [_thread_in_native, id=11680, stack(0x000000fa8db00000,0x000000fa8dc00000)]
  0x000002f5de4dd790 JavaThread "Driver Service Executor" daemon [_thread_blocked, id=18024, stack(0x000000fa8dc00000,0x000000fa8dd00000)]
  0x000002f5df8fcf80 JavaThread "Driver Service Executor" daemon [_thread_blocked, id=7080, stack(0x000000fa8dd00000,0x000000fa8de00000)]
  0x000002f5df8fbc40 JavaThread "Exec Stream Pumper" daemon [_thread_in_native, id=15596, stack(0x000000fa8df00000,0x000000fa8e000000)]
  0x000002f5df8fc5e0 JavaThread "Exec Stream Pumper" daemon [_thread_in_native, id=8684, stack(0x000000fa8e000000,0x000000fa8e100000)]
  0x000002f5df8fb770 JavaThread "AsyncHttpClient-1-2" daemon [_thread_in_native, id=10756, stack(0x000000fa8e200000,0x000000fa8e300000)]
  0x000002f5df8fcab0 JavaThread "AsyncHttpClient-1-3" daemon [_thread_in_native, id=10424, stack(0x000000fa8e100000,0x000000fa8e200000)]
  0x000002f5e019e340 JavaThread "AsyncHttpClient-1-4" daemon [_thread_in_native, id=9960, stack(0x000000fa8e300000,0x000000fa8e400000)]
  0x000002f5e019e810 JavaThread "AsyncHttpClient-1-5" daemon [_thread_in_native, id=17440, stack(0x000000fa8bc00000,0x000000fa8bd00000)]

Other Threads:
=>0x000002f5c43beab0 VMThread "VM Thread" [stack: 0x000000fa8c500000,0x000000fa8c600000] [id=7696]
  0x000002f5dde6b530 WatcherThread [stack: 0x000000fa8d000000,0x000000fa8d100000] [id=15748]
  0x000002f5c431d7e0 GCTaskThread "GC Thread#0" [stack: 0x000000fa8c000000,0x000000fa8c100000] [id=16696]
  0x000002f5de848030 GCTaskThread "GC Thread#1" [stack: 0x000000fa8d400000,0x000000fa8d500000] [id=18652]
  0x000002f5de8d1350 GCTaskThread "GC Thread#2" [stack: 0x000000fa8d500000,0x000000fa8d600000] [id=19340]
  0x000002f5de8d4400 GCTaskThread "GC Thread#3" [stack: 0x000000fa8d600000,0x000000fa8d700000] [id=6056]
  0x000002f5c43273c0 ConcurrentGCThread "G1 Main Marker" [stack: 0x000000fa8c100000,0x000000fa8c200000] [id=14756]
  0x000002f5c43285c0 ConcurrentGCThread "G1 Conc#0" [stack: 0x000000fa8c200000,0x000000fa8c300000] [id=15908]
  0x000002f5c4377df0 ConcurrentGCThread "G1 Refine#0" [stack: 0x000000fa8c300000,0x000000fa8c400000] [id=17052]
  0x000002f5c4378720 ConcurrentGCThread "G1 Service" [stack: 0x000000fa8c400000,0x000000fa8c500000] [id=13988]

Threads with active compile tasks:

VM state: at safepoint (normal execution)

VM Mutex/Monitor currently owned by a thread:  ([mutex/lock_event])
[0x000002f5c42efc70] Threads_lock - owner thread: 0x000002f5c43beab0
[0x000002f5c42ef0a0] Heap_lock - owner thread: 0x000002f5c43273c0

Heap address: 0x00000000c1400000, size: 1004 MB, Compressed Oops mode: 32-bit

CDS archive(s) not mapped
Compressed class space mapped at: 0x0000000100000000-0x0000000140000000, reserved size: 1073741824
Narrow klass base: 0x0000000000000000, Narrow klass shift: 3, Narrow klass range: 0x140000000

GC Precious Log:
 CPUs: 4 total, 4 available
 Memory: 4013M
 Large Page Support: Disabled
 NUMA Support: Disabled
 Compressed Oops: Enabled (32-bit)
 Heap Region Size: 1M
 Heap Min Capacity: 8M
 Heap Initial Capacity: 64M
 Heap Max Capacity: 1004M
 Pre-touch: Disabled
 Parallel Workers: 4
 Concurrent Workers: 1
 Concurrent Refinement Workers: 4
 Periodic GC: Disabled

Heap:
 garbage-first heap   total 65536K, used 45967K [0x00000000c1400000, 0x0000000100000000)
  region size 1024K, 1 young (1024K), 0 survivors (0K)
 Metaspace       used 32352K, committed 32640K, reserved 1081344K
  class space    used 3704K, committed 3840K, reserved 1048576K

Heap Regions: E=young(eden), S=young(survivor), O=old, HS=humongous(starts), HC=humongous(continues), CS=collection set, F=free, OA=open archive, CA=closed archive, TAMS=top-at-mark-start (previous, next)
|   0|0x00000000c1400000, 0x00000000c1500000, 0x00000000c1500000|100%| O|  |TAMS 0x00000000c1500000, 0x00000000c1400000| Untracked 
|   1|0x00000000c1500000, 0x00000000c1600000, 0x00000000c1600000|100%| O|  |TAMS 0x00000000c1600000, 0x00000000c1500000| Untracked 
|   2|0x00000000c1600000, 0x00000000c1700000, 0x00000000c1700000|100%| O|  |TAMS 0x00000000c1700000, 0x00000000c1600000| Untracked 
|   3|0x00000000c1700000, 0x00000000c1800000, 0x00000000c1800000|100%| O|  |TAMS 0x00000000c1800000, 0x00000000c1700000| Untracked 
|   4|0x00000000c1800000, 0x00000000c1900000, 0x00000000c1900000|100%| O|  |TAMS 0x00000000c1900000, 0x00000000c1800000| Untracked 
|   5|0x00000000c1900000, 0x00000000c19ff600, 0x00000000c1a00000| 99%| O|  |TAMS 0x00000000c19ff600, 0x00000000c1900000| Untracked 
|   6|0x00000000c1a00000, 0x00000000c1b00000, 0x00000000c1b00000|100%| O|  |TAMS 0x00000000c1b00000, 0x00000000c1a00000| Untracked 
|   7|0x00000000c1b00000, 0x00000000c1c00000, 0x00000000c1c00000|100%| O|  |TAMS 0x00000000c1c00000, 0x00000000c1b00000| Untracked 
|   8|0x00000000c1c00000, 0x00000000c1d00000, 0x00000000c1d00000|100%| O|  |TAMS 0x00000000c1cd1400, 0x00000000c1c00000| Untracked 
|   9|0x00000000c1d00000, 0x00000000c1e00000, 0x00000000c1e00000|100%| O|  |TAMS 0x00000000c1d00000, 0x00000000c1d00000| Untracked 
|  10|0x00000000c1e00000, 0x00000000c1ee4600, 0x00000000c1f00000| 89%| O|  |TAMS 0x00000000c1e00000, 0x00000000c1e00000| Untracked 
|  11|0x00000000c1f00000, 0x00000000c1f00000, 0x00000000c2000000|  0%| F|  |TAMS 0x00000000c1f00000, 0x00000000c1f00000| Untracked 
|  12|0x00000000c2000000, 0x00000000c2000000, 0x00000000c2100000|  0%| F|  |TAMS 0x00000000c2000000, 0x00000000c2000000| Untracked 
|  13|0x00000000c2100000, 0x00000000c2100000, 0x00000000c2200000|  0%| F|  |TAMS 0x00000000c2100000, 0x00000000c2100000| Untracked 
|  14|0x00000000c2200000, 0x00000000c2200000, 0x00000000c2300000|  0%| F|  |TAMS 0x00000000c2200000, 0x00000000c2200000| Untracked 
|  15|0x00000000c2300000, 0x00000000c2300000, 0x00000000c2400000|  0%| F|  |TAMS 0x00000000c2300000, 0x00000000c2300000| Untracked 
|  16|0x00000000c2400000, 0x00000000c2400000, 0x00000000c2500000|  0%| F|  |TAMS 0x00000000c2400000, 0x00000000c2400000| Untracked 
|  17|0x00000000c2500000, 0x00000000c2500000, 0x00000000c2600000|  0%| F|  |TAMS 0x00000000c2500000, 0x00000000c2500000| Untracked 
|  18|0x00000000c2600000, 0x00000000c2600000, 0x00000000c2700000|  0%| F|  |TAMS 0x00000000c2600000, 0x00000000c2600000| Untracked 
|  19|0x00000000c2700000, 0x00000000c2700000, 0x00000000c2800000|  0%| F|  |TAMS 0x00000000c2700000, 0x00000000c2700000| Untracked 
|  20|0x00000000c2800000, 0x00000000c2800000, 0x00000000c2900000|  0%| F|  |TAMS 0x00000000c2800000, 0x00000000c2800000| Untracked 
|  21|0x00000000c2900000, 0x00000000c2900000, 0x00000000c2a00000|  0%| F|  |TAMS 0x00000000c2900000, 0x00000000c2900000| Untracked 
|  22|0x00000000c2a00000, 0x00000000c2a00000, 0x00000000c2b00000|  0%| F|  |TAMS 0x00000000c2a00000, 0x00000000c2a00000| Untracked 
|  23|0x00000000c2b00000, 0x00000000c2b00000, 0x00000000c2c00000|  0%| F|  |TAMS 0x00000000c2b00000, 0x00000000c2b00000| Untracked 
|  24|0x00000000c2c00000, 0x00000000c2c00000, 0x00000000c2d00000|  0%| F|  |TAMS 0x00000000c2c00000, 0x00000000c2c00000| Untracked 
|  25|0x00000000c2d00000, 0x00000000c2d00000, 0x00000000c2e00000|  0%| F|  |TAMS 0x00000000c2d00000, 0x00000000c2d00000| Untracked 
|  26|0x00000000c2e00000, 0x00000000c2f00000, 0x00000000c2f00000|100%|HS|  |TAMS 0x00000000c2f00000, 0x00000000c2e00000| Complete 
|  27|0x00000000c2f00000, 0x00000000c3000000, 0x00000000c3000000|100%|HC|  |TAMS 0x00000000c3000000, 0x00000000c2f00000| Complete 
|  28|0x00000000c3000000, 0x00000000c3100000, 0x00000000c3100000|100%|HC|  |TAMS 0x00000000c3100000, 0x00000000c3000000| Complete 
|  29|0x00000000c3100000, 0x00000000c3200000, 0x00000000c3200000|100%|HC|  |TAMS 0x00000000c3200000, 0x00000000c3100000| Complete 
|  30|0x00000000c3200000, 0x00000000c3300000, 0x00000000c3300000|100%|HC|  |TAMS 0x00000000c3300000, 0x00000000c3200000| Complete 
|  31|0x00000000c3300000, 0x00000000c3400000, 0x00000000c3400000|100%|HC|  |TAMS 0x00000000c3400000, 0x00000000c3300000| Complete 
|  32|0x00000000c3400000, 0x00000000c3500000, 0x00000000c3500000|100%|HC|  |TAMS 0x00000000c3500000, 0x00000000c3400000| Complete 
|  33|0x00000000c3500000, 0x00000000c3600000, 0x00000000c3600000|100%|HC|  |TAMS 0x00000000c3600000, 0x00000000c3500000| Complete 
|  34|0x00000000c3600000, 0x00000000c3700000, 0x00000000c3700000|100%|HC|  |TAMS 0x00000000c3700000, 0x00000000c3600000| Complete 
|  35|0x00000000c3700000, 0x00000000c3800000, 0x00000000c3800000|100%|HC|  |TAMS 0x00000000c3800000, 0x00000000c3700000| Complete 
|  36|0x00000000c3800000, 0x00000000c3900000, 0x00000000c3900000|100%|HC|  |TAMS 0x00000000c3900000, 0x00000000c3800000| Complete 
|  37|0x00000000c3900000, 0x00000000c3a00000, 0x00000000c3a00000|100%|HC|  |TAMS 0x00000000c3a00000, 0x00000000c3900000| Complete 
|  38|0x00000000c3a00000, 0x00000000c3b00000, 0x00000000c3b00000|100%|HC|  |TAMS 0x00000000c3b00000, 0x00000000c3a00000| Complete 
|  39|0x00000000c3b00000, 0x00000000c3c00000, 0x00000000c3c00000|100%|HC|  |TAMS 0x00000000c3c00000, 0x00000000c3b00000| Complete 
|  40|0x00000000c3c00000, 0x00000000c3d00000, 0x00000000c3d00000|100%|HC|  |TAMS 0x00000000c3d00000, 0x00000000c3c00000| Complete 
|  41|0x00000000c3d00000, 0x00000000c3e00000, 0x00000000c3e00000|100%|HC|  |TAMS 0x00000000c3e00000, 0x00000000c3d00000| Complete 
|  42|0x00000000c3e00000, 0x00000000c3f00000, 0x00000000c3f00000|100%|HC|  |TAMS 0x00000000c3f00000, 0x00000000c3e00000| Complete 
|  43|0x00000000c3f00000, 0x00000000c4000000, 0x00000000c4000000|100%|HS|  |TAMS 0x00000000c3f00000, 0x00000000c3f00000| Complete 
|  44|0x00000000c4000000, 0x00000000c4100000, 0x00000000c4100000|100%|HC|  |TAMS 0x00000000c4000000, 0x00000000c4000000| Complete 
|  45|0x00000000c4100000, 0x00000000c4200000, 0x00000000c4200000|100%|HC|  |TAMS 0x00000000c4100000, 0x00000000c4100000| Complete 
|  46|0x00000000c4200000, 0x00000000c4300000, 0x00000000c4300000|100%|HC|  |TAMS 0x00000000c4200000, 0x00000000c4200000| Complete 
|  47|0x00000000c4300000, 0x00000000c4400000, 0x00000000c4400000|100%|HC|  |TAMS 0x00000000c4300000, 0x00000000c4300000| Complete 
|  48|0x00000000c4400000, 0x00000000c4500000, 0x00000000c4500000|100%|HC|  |TAMS 0x00000000c4400000, 0x00000000c4400000| Complete 
|  49|0x00000000c4500000, 0x00000000c4600000, 0x00000000c4600000|100%|HC|  |TAMS 0x00000000c4500000, 0x00000000c4500000| Complete 
|  50|0x00000000c4600000, 0x00000000c4700000, 0x00000000c4700000|100%|HC|  |TAMS 0x00000000c4600000, 0x00000000c4600000| Complete 
|  51|0x00000000c4700000, 0x00000000c4800000, 0x00000000c4800000|100%|HC|  |TAMS 0x00000000c4700000, 0x00000000c4700000| Complete 
|  52|0x00000000c4800000, 0x00000000c4900000, 0x00000000c4900000|100%|HC|  |TAMS 0x00000000c4800000, 0x00000000c4800000| Complete 
|  53|0x00000000c4900000, 0x00000000c4a00000, 0x00000000c4a00000|100%|HC|  |TAMS 0x00000000c4900000, 0x00000000c4900000| Complete 
|  54|0x00000000c4a00000, 0x00000000c4b00000, 0x00000000c4b00000|100%|HC|  |TAMS 0x00000000c4a00000, 0x00000000c4a00000| Complete 
|  55|0x00000000c4b00000, 0x00000000c4c00000, 0x00000000c4c00000|100%|HC|  |TAMS 0x00000000c4b00000, 0x00000000c4b00000| Complete 
|  56|0x00000000c4c00000, 0x00000000c4d00000, 0x00000000c4d00000|100%|HC|  |TAMS 0x00000000c4c00000, 0x00000000c4c00000| Complete 
|  57|0x00000000c4d00000, 0x00000000c4e00000, 0x00000000c4e00000|100%|HC|  |TAMS 0x00000000c4d00000, 0x00000000c4d00000| Complete 
|  58|0x00000000c4e00000, 0x00000000c4f00000, 0x00000000c4f00000|100%|HC|  |TAMS 0x00000000c4e00000, 0x00000000c4e00000| Complete 
|  59|0x00000000c4f00000, 0x00000000c5000000, 0x00000000c5000000|100%|HC|  |TAMS 0x00000000c4f00000, 0x00000000c4f00000| Complete 
|  60|0x00000000c5000000, 0x00000000c5000000, 0x00000000c5100000|  0%| F|  |TAMS 0x00000000c5000000, 0x00000000c5000000| Untracked 
|  61|0x00000000c5100000, 0x00000000c5100000, 0x00000000c5200000|  0%| F|  |TAMS 0x00000000c5100000, 0x00000000c5100000| Untracked 
|  62|0x00000000c5200000, 0x00000000c5200000, 0x00000000c5300000|  0%| F|  |TAMS 0x00000000c5200000, 0x00000000c5200000| Untracked 
|  63|0x00000000c5300000, 0x00000000c530c7b0, 0x00000000c5400000|  4%| E|  |TAMS 0x00000000c5300000, 0x00000000c5300000| Complete 

Card table byte_map: [0x000002f5d8990000,0x000002f5d8b90000] _byte_map_base: 0x000002f5d8386000

Marking Bits (Prev, Next): (CMBitMap*) 0x000002f5c431ed10, (CMBitMap*) 0x000002f5c431ed50
 Prev Bits: [0x000002f5d8d90000, 0x000002f5d9d40000)
 Next Bits: [0x000002f5d9d40000, 0x000002f5dacf0000)

Polling page: 0x000002f5c41a0000

Metaspace:

Usage:
  Non-class:     27.98 MB used.
      Class:      3.62 MB used.
       Both:     31.59 MB used.

Virtual space:
  Non-class space:       32.00 MB reserved,      28.12 MB ( 88%) committed,  4 nodes.
      Class space:        1.00 GB reserved,       3.75 MB ( <1%) committed,  1 nodes.
             Both:        1.03 GB reserved,      31.88 MB (  3%) committed. 

Chunk freelists:
   Non-Class:  3.28 MB
       Class:  3.98 MB
        Both:  7.26 MB

MaxMetaspaceSize: unlimited
CompressedClassSpaceSize: 1.00 GB
Initial GC threshold: 21.00 MB
Current GC threshold: 35.12 MB
CDS: off
MetaspaceReclaimPolicy: balanced
 - commit_granule_bytes: 65536.
 - commit_granule_words: 8192.
 - virtual_space_node_default_size: 1048576.
 - enlarge_chunks_in_place: 1.
 - new_chunks_are_fully_committed: 0.
 - uncommit_free_chunks: 1.
 - use_allocation_guard: 0.
 - handle_deallocations: 1.


Internal statistics:

num_allocs_failed_limit: 3.
num_arena_births: 210.
num_arena_deaths: 0.
num_vsnodes_births: 5.
num_vsnodes_deaths: 0.
num_space_committed: 510.
num_space_uncommitted: 0.
num_chunks_returned_to_freelist: 3.
num_chunks_taken_from_freelist: 825.
num_chunk_merges: 0.
num_chunk_splits: 558.
num_chunks_enlarged: 443.
num_purges: 0.
num_inconsistent_stats: 0.

CodeHeap 'non-profiled nmethods': size=120000Kb used=933Kb max_used=933Kb free=119066Kb
 bounds [0x000002f5d0c40000, 0x000002f5d0eb0000, 0x000002f5d8170000]
CodeHeap 'profiled nmethods': size=120000Kb used=4830Kb max_used=4830Kb free=115169Kb
 bounds [0x000002f5c9710000, 0x000002f5c9bd0000, 0x000002f5d0c40000]
CodeHeap 'non-nmethods': size=5760Kb used=1278Kb max_used=1318Kb free=4481Kb
 bounds [0x000002f5c9170000, 0x000002f5c93e0000, 0x000002f5c9710000]
 total_blobs=3119 nmethods=2524 adapters=507
 compilation: enabled
              stopped_count=0, restarted_count=0
 full_count=0

Compilation events (20 events):
Event: 221.345 Thread 0x000002f5dd335150 2516       1       io.netty.channel.CombinedChannelDuplexHandler$DelegatingChannelHandlerContext::access$300 (5 bytes)
Event: 221.345 Thread 0x000002f5dd335150 nmethod 2516 0x000002f5d0d28c10 code [0x000002f5d0d28da0, 0x000002f5d0d28e58]
Event: 221.348 Thread 0x000002f5dd335150 2517       3       io.netty.util.internal.MathUtil::safeFindNextPositivePowerOfTwo (24 bytes)
Event: 221.348 Thread 0x000002f5dd335150 nmethod 2517 0x000002f5c9bc4490 code [0x000002f5c9bc4640, 0x000002f5c9bc4808]
Event: 221.348 Thread 0x000002f5dd335150 2518       3       io.netty.buffer.PoolThreadCache$MemoryRegionCache::<init> (29 bytes)
Event: 221.349 Thread 0x000002f5dd335150 nmethod 2518 0x000002f5c9bc4890 code [0x000002f5c9bc4ac0, 0x000002f5c9bc5338]
Event: 221.349 Thread 0x000002f5dd335150 2519       3       io.netty.util.internal.PlatformDependent::newFixedMpscQueue (26 bytes)
Event: 221.350 Thread 0x000002f5dd335150 nmethod 2519 0x000002f5c9bc5690 code [0x000002f5c9bc5880, 0x000002f5c9bc5de8]
Event: 221.350 Thread 0x000002f5dd335150 2520       3       io.netty.buffer.PoolThreadCache$SubPageMemoryRegionCache::<init> (9 bytes)
Event: 221.350 Thread 0x000002f5dd335150 nmethod 2520 0x000002f5c9bc6010 code [0x000002f5c9bc6240, 0x000002f5c9bc6b18]
Event: 221.363 Thread 0x000002f5dd335150 2521       1       io.netty.handler.codec.DefaultHeaders$HeaderEntry::getValue (5 bytes)
Event: 221.363 Thread 0x000002f5dd335150 nmethod 2521 0x000002f5d0d28f10 code [0x000002f5d0d290a0, 0x000002f5d0d29178]
Event: 221.363 Thread 0x000002f5dd335150 2522       3       io.netty.util.concurrent.DefaultPromise::isDone0 (17 bytes)
Event: 221.364 Thread 0x000002f5dd335150 nmethod 2522 0x000002f5c9bc6e90 code [0x000002f5c9bc7020, 0x000002f5c9bc71b8]
Event: 221.409 Thread 0x000002f5dd335150 2523       3       java.nio.charset.CoderResult::isOverflow (14 bytes)
Event: 221.409 Thread 0x000002f5dd335150 nmethod 2523 0x000002f5c9bc7290 code [0x000002f5c9bc7420, 0x000002f5c9bc7598]
Event: 221.425 Thread 0x000002f5dd335150 2524       3       io.netty.util.concurrent.DefaultPromise::isDone (8 bytes)
Event: 221.426 Thread 0x000002f5dd335150 nmethod 2524 0x000002f5c9bc7610 code [0x000002f5c9bc77c0, 0x000002f5c9bc79d8]
Event: 221.426 Thread 0x000002f5dd335150 2525       1       io.netty.channel.DefaultChannelProgressivePromise::channel (5 bytes)
Event: 221.426 Thread 0x000002f5dd335150 nmethod 2525 0x000002f5d0d29210 code [0x000002f5d0d293a0, 0x000002f5d0d29478]

GC Heap History (16 events):
Event: 6.533 GC heap before
{Heap before GC invocations=0 (full 0):
 garbage-first heap   total 65536K, used 13312K [0x00000000c1400000, 0x0000000100000000)
  region size 1024K, 13 young (13312K), 0 survivors (0K)
 Metaspace       used 11801K, committed 11904K, reserved 1064960K
  class space    used 1112K, committed 1152K, reserved 1048576K
}
Event: 6.552 GC heap after
{Heap after GC invocations=1 (full 0):
 garbage-first heap   total 65536K, used 4620K [0x00000000c1400000, 0x0000000100000000)
  region size 1024K, 2 young (2048K), 2 survivors (2048K)
 Metaspace       used 11801K, committed 11904K, reserved 1064960K
  class space    used 1112K, committed 1152K, reserved 1048576K
}
Event: 9.827 GC heap before
{Heap before GC invocations=1 (full 0):
 garbage-first heap   total 65536K, used 17932K [0x00000000c1400000, 0x0000000100000000)
  region size 1024K, 15 young (15360K), 2 survivors (2048K)
 Metaspace       used 17266K, committed 17472K, reserved 1064960K
  class space    used 1752K, committed 1856K, reserved 1048576K
}
Event: 9.841 GC heap after
{Heap after GC invocations=2 (full 0):
 garbage-first heap   total 65536K, used 6089K [0x00000000c1400000, 0x0000000100000000)
  region size 1024K, 2 young (2048K), 2 survivors (2048K)
 Metaspace       used 17266K, committed 17472K, reserved 1064960K
  class space    used 1752K, committed 1856K, reserved 1048576K
}
Event: 12.121 GC heap before
{Heap before GC invocations=2 (full 0):
 garbage-first heap   total 65536K, used 17353K [0x00000000c1400000, 0x0000000100000000)
  region size 1024K, 14 young (14336K), 2 survivors (2048K)
 Metaspace       used 21312K, committed 21504K, reserved 1073152K
  class space    used 2281K, committed 2368K, reserved 1048576K
}
Event: 12.133 GC heap after
{Heap after GC invocations=3 (full 0):
 garbage-first heap   total 65536K, used 7464K [0x00000000c1400000, 0x0000000100000000)
  region size 1024K, 2 young (2048K), 2 survivors (2048K)
 Metaspace       used 21312K, committed 21504K, reserved 1073152K
  class space    used 2281K, committed 2368K, reserved 1048576K
}
Event: 14.607 GC heap before
{Heap before GC invocations=4 (full 0):
 garbage-first heap   total 30720K, used 21800K [0x00000000c1400000, 0x0000000100000000)
  region size 1024K, 17 young (17408K), 2 survivors (2048K)
 Metaspace       used 25880K, committed 26112K, reserved 1073152K
  class space    used 2822K, committed 2944K, reserved 1048576K
}
Event: 14.617 GC heap after
{Heap after GC invocations=5 (full 0):
 garbage-first heap   total 30720K, used 9124K [0x00000000c1400000, 0x0000000100000000)
  region size 1024K, 3 young (3072K), 3 survivors (3072K)
 Metaspace       used 25880K, committed 26112K, reserved 1073152K
  class space    used 2822K, committed 2944K, reserved 1048576K
}
Event: 17.828 GC heap before
{Heap before GC invocations=5 (full 0):
 garbage-first heap   total 30720K, used 20388K [0x00000000c1400000, 0x0000000100000000)
  region size 1024K, 14 young (14336K), 3 survivors (3072K)
 Metaspace       used 28973K, committed 29184K, reserved 1081344K
  class space    used 3248K, committed 3328K, reserved 1048576K
}
Event: 17.834 GC heap after
{Heap after GC invocations=6 (full 0):
 garbage-first heap   total 30720K, used 9982K [0x00000000c1400000, 0x0000000100000000)
  region size 1024K, 1 young (1024K), 1 survivors (1024K)
 Metaspace       used 28973K, committed 29184K, reserved 1081344K
  class space    used 3248K, committed 3328K, reserved 1048576K
}
Event: 18.339 GC heap before
{Heap before GC invocations=6 (full 0):
 garbage-first heap   total 30720K, used 12030K [0x00000000c1400000, 0x0000000100000000)
  region size 1024K, 5 young (5120K), 1 survivors (1024K)
 Metaspace       used 29904K, committed 30144K, reserved 1081344K
  class space    used 3393K, committed 3520K, reserved 1048576K
}
Event: 18.341 GC heap after
{Heap after GC invocations=7 (full 0):
 garbage-first heap   total 30720K, used 10017K [0x00000000c1400000, 0x0000000100000000)
  region size 1024K, 1 young (1024K), 1 survivors (1024K)
 Metaspace       used 29904K, committed 30144K, reserved 1081344K
  class space    used 3393K, committed 3520K, reserved 1048576K
}
Event: 221.367 GC heap before
{Heap before GC invocations=7 (full 0):
 garbage-first heap   total 47104K, used 36641K [0x00000000c1400000, 0x0000000100000000)
  region size 1024K, 12 young (12288K), 1 survivors (1024K)
 Metaspace       used 32352K, committed 32640K, reserved 1081344K
  class space    used 3704K, committed 3840K, reserved 1048576K
}
Event: 221.400 GC heap after
{Heap after GC invocations=8 (full 0):
 garbage-first heap   total 47104K, used 28562K [0x00000000c1400000, 0x0000000100000000)
  region size 1024K, 2 young (2048K), 2 survivors (2048K)
 Metaspace       used 32352K, committed 32640K, reserved 1081344K
  class space    used 3704K, committed 3840K, reserved 1048576K
}
Event: 221.402 GC heap before
{Heap before GC invocations=8 (full 0):
 garbage-first heap   total 47104K, used 28562K [0x00000000c1400000, 0x0000000100000000)
  region size 1024K, 2 young (2048K), 2 survivors (2048K)
 Metaspace       used 32352K, committed 32640K, reserved 1081344K
  class space    used 3704K, committed 3840K, reserved 1048576K
}
Event: 221.408 GC heap after
{Heap after GC invocations=9 (full 0):
 garbage-first heap   total 47104K, used 28559K [0x00000000c1400000, 0x0000000100000000)
  region size 1024K, 0 young (0K), 0 survivors (0K)
 Metaspace       used 32352K, committed 32640K, reserved 1081344K
  class space    used 3704K, committed 3840K, reserved 1048576K
}

Deoptimization events (20 events):
Event: 16.697 Thread 0x000002f5c42f0a40 Uncommon trap: trap_request=0xffffff45 fr.pc=0x000002f5d0cf3a04 relative=0x0000000000000084
Event: 16.697 Thread 0x000002f5c42f0a40 Uncommon trap: reason=unstable_if action=reinterpret pc=0x000002f5d0cf3a04 method=java.lang.CharacterDataLatin1.isWhitespace(I)Z @ 14 c2
Event: 16.697 Thread 0x000002f5c42f0a40 DEOPT PACKING pc=0x000002f5d0cf3a04 sp=0x000000fa8bffd0d0
Event: 16.697 Thread 0x000002f5c42f0a40 DEOPT UNPACKING pc=0x000002f5c91c23a3 sp=0x000000fa8bffd040 mode 2
Event: 18.358 Thread 0x000002f5df8fb770 Uncommon trap: trap_request=0xffffffc6 fr.pc=0x000002f5d0ce4a34 relative=0x0000000000000934
Event: 18.358 Thread 0x000002f5df8fb770 Uncommon trap: reason=bimorphic_or_optimized_type_check action=maybe_recompile pc=0x000002f5d0ce4a34 method=java.util.HashMap.putVal(ILjava/lang/Object;Ljava/lang/Object;ZZ)Ljava/lang/Object; @ 91 c2
Event: 18.358 Thread 0x000002f5df8fb770 DEOPT PACKING pc=0x000002f5d0ce4a34 sp=0x000000fa8e2ff050
Event: 18.358 Thread 0x000002f5df8fb770 DEOPT UNPACKING pc=0x000002f5c91c23a3 sp=0x000000fa8e2ff010 mode 2
Event: 18.358 Thread 0x000002f5df8fb770 Uncommon trap: trap_request=0xffffffc6 fr.pc=0x000002f5d0ce4a34 relative=0x0000000000000934
Event: 18.358 Thread 0x000002f5df8fb770 Uncommon trap: reason=bimorphic_or_optimized_type_check action=maybe_recompile pc=0x000002f5d0ce4a34 method=java.util.HashMap.putVal(ILjava/lang/Object;Ljava/lang/Object;ZZ)Ljava/lang/Object; @ 91 c2
Event: 18.358 Thread 0x000002f5df8fb770 DEOPT PACKING pc=0x000002f5d0ce4a34 sp=0x000000fa8e2ff050
Event: 18.358 Thread 0x000002f5df8fb770 DEOPT UNPACKING pc=0x000002f5c91c23a3 sp=0x000000fa8e2ff010 mode 2
Event: 27.950 Thread 0x000002f5c42f0a40 Uncommon trap: trap_request=0xffffff45 fr.pc=0x000002f5d0cf28fc relative=0x0000000000000ffc
Event: 27.950 Thread 0x000002f5c42f0a40 Uncommon trap: reason=unstable_if action=reinterpret pc=0x000002f5d0cf28fc method=java.util.concurrent.ConcurrentHashMap.putVal(Ljava/lang/Object;Ljava/lang/Object;Z)Ljava/lang/Object; @ 231 c2
Event: 27.950 Thread 0x000002f5c42f0a40 DEOPT PACKING pc=0x000002f5d0cf28fc sp=0x000000fa8bffd220
Event: 27.951 Thread 0x000002f5c42f0a40 DEOPT UNPACKING pc=0x000002f5c91c23a3 sp=0x000000fa8bffd190 mode 2
Event: 28.644 Thread 0x000002f5e019e340 Uncommon trap: trap_request=0xffffff45 fr.pc=0x000002f5d0c7f804 relative=0x0000000000000ee4
Event: 28.644 Thread 0x000002f5e019e340 Uncommon trap: reason=unstable_if action=reinterpret pc=0x000002f5d0c7f804 method=sun.security.provider.SHA.implCompress0([BI)V @ 4 c2
Event: 28.644 Thread 0x000002f5e019e340 DEOPT PACKING pc=0x000002f5d0c7f804 sp=0x000000fa8e3fdf50
Event: 28.644 Thread 0x000002f5e019e340 DEOPT UNPACKING pc=0x000002f5c91c23a3 sp=0x000000fa8e3fdec0 mode 2

Classes unloaded (0 events):
No events

Classes redefined (0 events):
No events

Internal exceptions (20 events):
Event: 15.149 Thread 0x000002f5df8fc110 Exception <a 'java/net/SocketException'{0x00000000c47a6098}: Socket is not connected: shutdown> (0x00000000c47a6098) 
thrown [e:\jenkins\tmp\workspace\build\src\src\hotspot\share\prims\jni.cpp, line 535]
Event: 15.348 Thread 0x000002f5df8fc110 Exception <a 'java/net/ConnectException'{0x00000000c47a7030}: Connection refused: no further information> (0x00000000c47a7030) 
thrown [e:\jenkins\tmp\workspace\build\src\src\hotspot\share\prims\jni.cpp, line 535]
Event: 15.348 Thread 0x000002f5df8fc110 Exception <a 'java/net/SocketException'{0x00000000c47e0448}: Socket is not connected: shutdown> (0x00000000c47e0448) 
thrown [e:\jenkins\tmp\workspace\build\src\src\hotspot\share\prims\jni.cpp, line 535]
Event: 15.679 Thread 0x000002f5df8fc110 Exception <a 'java/net/ConnectException'{0x00000000c47e13e0}: Connection refused: no further information> (0x00000000c47e13e0) 
thrown [e:\jenkins\tmp\workspace\build\src\src\hotspot\share\prims\jni.cpp, line 535]
Event: 15.679 Thread 0x000002f5df8fc110 Exception <a 'java/net/SocketException'{0x00000000c47e1718}: Socket is not connected: shutdown> (0x00000000c47e1718) 
thrown [e:\jenkins\tmp\workspace\build\src\src\hotspot\share\prims\jni.cpp, line 535]
Event: 16.139 Thread 0x000002f5c42f0a40 Exception <a 'java/lang/NoSuchMethodError'{0x00000000c4665f78}: 'double java.lang.invoke.DirectMethodHandle$Holder.invokeVirtual(java.lang.Object, java.lang.Object)'> (0x00000000c4665f78) 
thrown [e:\jenkins\tmp\workspace\build\src\src\hotspot\share\interpreter\linkResolver.cpp, line 766]
Event: 16.148 Thread 0x000002f5c42f0a40 Exception <a 'java/lang/NoSuchMethodError'{0x00000000c466c720}: 'float java.lang.invoke.DirectMethodHandle$Holder.invokeVirtual(java.lang.Object, java.lang.Object)'> (0x00000000c466c720) 
thrown [e:\jenkins\tmp\workspace\build\src\src\hotspot\share\interpreter\linkResolver.cpp, line 766]
Event: 16.150 Thread 0x000002f5c42f0a40 Exception <a 'java/lang/NoSuchMethodError'{0x00000000c4675940}: 'long java.lang.invoke.DirectMethodHandle$Holder.invokeVirtual(java.lang.Object, java.lang.Object)'> (0x00000000c4675940) 
thrown [e:\jenkins\tmp\workspace\build\src\src\hotspot\share\interpreter\linkResolver.cpp, line 766]
Event: 16.508 Thread 0x000002f5c42f0a40 Exception <a 'java/lang/NoSuchMethodError'{0x00000000c2ebee68}: 'void java.lang.invoke.DirectMethodHandle$Holder.invokeSpecial(java.lang.Object, java.lang.Object, java.lang.Object, java.lang.Object, java.lang.Object)'> (0x00000000c2ebee68) 
thrown [e:\jenkins\tmp\workspace\build\src\src\hotspot\share\interpreter\linkResolver.cpp, line 766]
Event: 16.528 Thread 0x000002f5c42f0a40 Exception <a 'java/lang/NoSuchMethodError'{0x00000000c2ec5d48}: 'void java.lang.invoke.DirectMethodHandle$Holder.invokeStatic(java.lang.Object, java.lang.Object, int)'> (0x00000000c2ec5d48) 
thrown [e:\jenkins\tmp\workspace\build\src\src\hotspot\share\interpreter\linkResolver.cpp, line 766]
Event: 16.737 Thread 0x000002f5c42f0a40 Exception <a 'java/lang/NoSuchMethodError'{0x00000000c2d81368}: 'java.lang.Object java.lang.invoke.DirectMethodHandle$Holder.newInvokeSpecial(java.lang.Object, java.lang.Object, java.lang.Object, java.lang.Object, java.lang.Object)'> (0x00000000c2d81368) 
thrown [e:\jenkins\tmp\workspace\build\src\src\hotspot\share\interpreter\linkResolver.cpp, line 766]
Event: 16.858 Thread 0x000002f5c42f0a40 Exception <a 'java/lang/NoSuchMethodError'{0x00000000c2c56848}: 'int java.lang.invoke.DirectMethodHandle$Holder.invokeSpecialIFC(java.lang.Object, java.lang.Object, java.lang.Object)'> (0x00000000c2c56848) 
thrown [e:\jenkins\tmp\workspace\build\src\src\hotspot\share\interpreter\linkResolver.cpp, line 766]
Event: 17.325 Thread 0x000002f5c42f0a40 Exception <a 'java/lang/NoSuchMethodError'{0x00000000c29b4908}: 'void java.lang.invoke.DirectMethodHandle$Holder.invokeSpecial(java.lang.Object, java.lang.Object, java.lang.Object, java.lang.Object, java.lang.Object, java.lang.Object)'> (0x00000000c29b4908) 
thrown [e:\jenkins\tmp\workspace\build\src\src\hotspot\share\interpreter\linkResolver.cpp, line 766]
Event: 27.352 Thread 0x000002f5c42f0a40 Exception <a 'java/lang/NoSuchMethodError'{0x00000000c469e1d0}: 'java.lang.Object java.lang.invoke.DirectMethodHandle$Holder.invokeSpecialIFC(java.lang.Object, java.lang.Object, java.lang.Object)'> (0x00000000c469e1d0) 
thrown [e:\jenkins\tmp\workspace\build\src\src\hotspot\share\interpreter\linkResolver.cpp, line 766]
Event: 27.375 Thread 0x000002f5c42f0a40 Exception <a 'java/lang/NoSuchMethodError'{0x00000000c46c9d30}: 'void java.lang.invoke.DirectMethodHandle$Holder.invokeSpecial(java.lang.Object, java.lang.Object, java.lang.Object)'> (0x00000000c46c9d30) 
thrown [e:\jenkins\tmp\workspace\build\src\src\hotspot\share\interpreter\linkResolver.cpp, line 766]
Event: 27.848 Thread 0x000002f5c42f0a40 Exception <a 'java/lang/ClassNotFoundException'{0x00000000c2c64ed0}: sun/util/logging/resources/spi/loggingProvider> (0x00000000c2c64ed0) 
thrown [e:\jenkins\tmp\workspace\build\src\src\hotspot\share\classfile\systemDictionary.cpp, line 256]
Event: 28.629 Thread 0x000002f5e019e340 Implicit null exception at 0x000002f5d0c7e953 to 0x000002f5d0c7f7e4
Event: 39.210 Thread 0x000002f5c42f0a40 Exception <a 'java/lang/NoSuchMethodError'{0x00000000c276efd8}: 'int java.lang.invoke.DirectMethodHandle$Holder.invokeInterface(java.lang.Object, java.lang.Object)'> (0x00000000c276efd8) 
thrown [e:\jenkins\tmp\workspace\build\src\src\hotspot\share\interpreter\linkResolver.cpp, line 766]
Event: 221.178 Thread 0x000002f5c42f0a40 Exception <a 'java/lang/ClassNotFoundException'{0x00000000c267b720}: sun/misc/SharedSecrets> (0x00000000c267b720) 
thrown [e:\jenkins\tmp\workspace\build\src\src\hotspot\share\classfile\systemDictionary.cpp, line 256]
Event: 221.246 Thread 0x000002f5c42f0a40 Exception <a 'java/lang/reflect/InvocationTargetException'{0x00000000c26a03d0}> (0x00000000c26a03d0) 
thrown [e:\jenkins\tmp\workspace\build\src\src\hotspot\share\runtime\reflection.cpp, line 1121]

VM Operations (20 events):
Event: 29.480 Executing VM operation: Cleanup done
Event: 30.484 Executing VM operation: Cleanup
Event: 30.484 Executing VM operation: Cleanup done
Event: 39.569 Executing VM operation: Cleanup
Event: 39.570 Executing VM operation: Cleanup done
Event: 40.580 Executing VM operation: Cleanup
Event: 40.580 Executing VM operation: Cleanup done
Event: 41.583 Executing VM operation: Cleanup
Event: 41.583 Executing VM operation: Cleanup done
Event: 89.957 Executing VM operation: Cleanup
Event: 89.957 Executing VM operation: Cleanup done
Event: 137.329 Executing VM operation: Cleanup
Event: 137.329 Executing VM operation: Cleanup done
Event: 220.986 Executing VM operation: Cleanup
Event: 220.986 Executing VM operation: Cleanup done
Event: 221.365 Executing VM operation: G1TryInitiateConcMark
Event: 221.400 Executing VM operation: G1TryInitiateConcMark done
Event: 221.400 Executing VM operation: G1CollectForAllocation
Event: 221.409 Executing VM operation: G1CollectForAllocation done
Event: 221.440 Executing VM operation: G1Concurrent

Events (20 events):
Event: 39.253 loading class java/net/URLEncoder done
Event: 39.253 loading class java/io/CharArrayWriter
Event: 39.254 loading class java/io/CharArrayWriter done
Event: 76.049 loading class java/util/IdentityHashMap$KeyIterator
Event: 76.052 loading class java/util/IdentityHashMap$IdentityHashMapIterator
Event: 76.052 loading class java/util/IdentityHashMap$IdentityHashMapIterator done
Event: 76.052 loading class java/util/IdentityHashMap$KeyIterator done
Event: 76.052 Thread 0x000002f5df8fc110 Thread exited: 0x000002f5df8fc110
Event: 88.243 Thread 0x000002f5de53dab0 Thread exited: 0x000002f5de53dab0
Event: 148.254 Thread 0x000002f5de8fe290 Thread exited: 0x000002f5de8fe290
Event: 208.260 Thread 0x000002f5de628c10 Thread exited: 0x000002f5de628c10
Event: 221.175 loading class sun/misc/SharedSecrets
Event: 221.177 loading class sun/misc/SharedSecrets done
Event: 221.250 loading class java/lang/Throwable$WrappedPrintWriter
Event: 221.260 loading class java/lang/Throwable$PrintStreamOrWriter
Event: 221.260 loading class java/lang/Throwable$PrintStreamOrWriter done
Event: 221.260 loading class java/lang/Throwable$WrappedPrintWriter done
Event: 221.282 loading class java/lang/StackTraceElement$HashedModules
Event: 221.285 loading class java/lang/StackTraceElement$HashedModules done
Event: 221.335 Thread 0x000002f5e019e810 Thread added: 0x000002f5e019e810


Dynamic libraries:
0x00007ff722790000 - 0x00007ff72279e000 	C:\Users\anamendra.y(2420)\.p2\pool\plugins\org.eclipse.justj.openjdk.hotspot.jre.full.win32.x86_64_17.0.1.v20211116-1657\jre\bin\javaw.exe
0x00007ffc965f0000 - 0x00007ffc967e5000 	C:\WINDOWS\SYSTEM32\ntdll.dll
0x00007ffc94db0000 - 0x00007ffc94e6e000 	C:\WINDOWS\System32\KERNEL32.DLL
0x00007ffc94310000 - 0x00007ffc945d8000 	C:\WINDOWS\System32\KERNELBASE.dll
0x00007ffc93d00000 - 0x00007ffc93e00000 	C:\WINDOWS\System32\ucrtbase.dll
0x00007ffc8f740000 - 0x00007ffc8f758000 	C:\Users\anamendra.y(2420)\.p2\pool\plugins\org.eclipse.justj.openjdk.hotspot.jre.full.win32.x86_64_17.0.1.v20211116-1657\jre\bin\jli.dll
0x00007ffc84fe0000 - 0x00007ffc84ff9000 	C:\Users\anamendra.y(2420)\.p2\pool\plugins\org.eclipse.justj.openjdk.hotspot.jre.full.win32.x86_64_17.0.1.v20211116-1657\jre\bin\VCRUNTIME140.dll
0x00007ffc94630000 - 0x00007ffc947d1000 	C:\WINDOWS\System32\USER32.dll
0x00007ffc94140000 - 0x00007ffc94162000 	C:\WINDOWS\System32\win32u.dll
0x00007ffc95c90000 - 0x00007ffc95cbb000 	C:\WINDOWS\System32\GDI32.dll
0x00007ffc94200000 - 0x00007ffc9430d000 	C:\WINDOWS\System32\gdi32full.dll
0x00007ffc7f190000 - 0x00007ffc7f42a000 	C:\WINDOWS\WinSxS\amd64_microsoft.windows.common-controls_6595b64144ccf1df_6.0.19041.1110_none_60b5254171f9507e\COMCTL32.dll
0x00007ffc940a0000 - 0x00007ffc9413d000 	C:\WINDOWS\System32\msvcp_win.dll
0x00007ffc95770000 - 0x00007ffc9580e000 	C:\WINDOWS\System32\msvcrt.dll
0x00007ffc963f0000 - 0x00007ffc96420000 	C:\WINDOWS\System32\IMM32.DLL
0x00007ffc8f730000 - 0x00007ffc8f73c000 	C:\Users\anamendra.y(2420)\.p2\pool\plugins\org.eclipse.justj.openjdk.hotspot.jre.full.win32.x86_64_17.0.1.v20211116-1657\jre\bin\vcruntime140_1.dll
0x00007ffc7d6c0000 - 0x00007ffc7d751000 	C:\Users\anamendra.y(2420)\.p2\pool\plugins\org.eclipse.justj.openjdk.hotspot.jre.full.win32.x86_64_17.0.1.v20211116-1657\jre\bin\msvcp140.dll
0x00007ffc74c00000 - 0x00007ffc75846000 	C:\Users\anamendra.y(2420)\.p2\pool\plugins\org.eclipse.justj.openjdk.hotspot.jre.full.win32.x86_64_17.0.1.v20211116-1657\jre\bin\server\jvm.dll
0x00007ffc960c0000 - 0x00007ffc9616c000 	C:\WINDOWS\System32\ADVAPI32.dll
0x00007ffc961f0000 - 0x00007ffc9628b000 	C:\WINDOWS\System32\sechost.dll
0x00007ffc962c0000 - 0x00007ffc963ea000 	C:\WINDOWS\System32\RPCRT4.dll
0x00007ffc95f20000 - 0x00007ffc95f28000 	C:\WINDOWS\System32\PSAPI.DLL
0x00007ffc80c80000 - 0x00007ffc80c89000 	C:\WINDOWS\SYSTEM32\WSOCK32.dll
0x00007ffc95700000 - 0x00007ffc9576b000 	C:\WINDOWS\System32\WS2_32.dll
0x00007ffc85ca0000 - 0x00007ffc85cc7000 	C:\WINDOWS\SYSTEM32\WINMM.dll
0x00007ffc92ae0000 - 0x00007ffc92aea000 	C:\WINDOWS\SYSTEM32\VERSION.dll
0x00007ffc92aa0000 - 0x00007ffc92ab2000 	C:\WINDOWS\SYSTEM32\kernel.appcore.dll
0x00007ffc8f860000 - 0x00007ffc8f86a000 	C:\Users\anamendra.y(2420)\.p2\pool\plugins\org.eclipse.justj.openjdk.hotspot.jre.full.win32.x86_64_17.0.1.v20211116-1657\jre\bin\jimage.dll
0x00007ffc82290000 - 0x00007ffc82474000 	C:\WINDOWS\SYSTEM32\DBGHELP.DLL
0x00007ffc820f0000 - 0x00007ffc8211c000 	C:\WINDOWS\SYSTEM32\dbgcore.DLL
0x00007ffc94170000 - 0x00007ffc941f2000 	C:\WINDOWS\System32\bcryptPrimitives.dll
0x00007ffc84e00000 - 0x00007ffc84e25000 	C:\Users\anamendra.y(2420)\.p2\pool\plugins\org.eclipse.justj.openjdk.hotspot.jre.full.win32.x86_64_17.0.1.v20211116-1657\jre\bin\java.dll
0x00007ffc82e80000 - 0x00007ffc82e98000 	C:\Users\anamendra.y(2420)\.p2\pool\plugins\org.eclipse.justj.openjdk.hotspot.jre.full.win32.x86_64_17.0.1.v20211116-1657\jre\bin\zip.dll
0x00007ffc94ed0000 - 0x00007ffc95614000 	C:\WINDOWS\System32\SHELL32.dll
0x00007ffc91c30000 - 0x00007ffc923c4000 	C:\WINDOWS\SYSTEM32\windows.storage.dll
0x00007ffc947e0000 - 0x00007ffc94b35000 	C:\WINDOWS\System32\combase.dll
0x00007ffc93680000 - 0x00007ffc936ae000 	C:\WINDOWS\SYSTEM32\Wldp.dll
0x00007ffc95cc0000 - 0x00007ffc95d6d000 	C:\WINDOWS\System32\SHCORE.dll
0x00007ffc96550000 - 0x00007ffc965a5000 	C:\WINDOWS\System32\shlwapi.dll
0x00007ffc93c40000 - 0x00007ffc93c5f000 	C:\WINDOWS\SYSTEM32\profapi.dll
0x00007ffc78c90000 - 0x00007ffc78ca9000 	C:\Users\anamendra.y(2420)\.p2\pool\plugins\org.eclipse.justj.openjdk.hotspot.jre.full.win32.x86_64_17.0.1.v20211116-1657\jre\bin\net.dll
0x00007ffc8ced0000 - 0x00007ffc8cfdc000 	C:\WINDOWS\SYSTEM32\WINHTTP.dll
0x00007ffc933e0000 - 0x00007ffc9344a000 	C:\WINDOWS\system32\mswsock.dll
0x00007ffc762b0000 - 0x00007ffc762c5000 	C:\Users\anamendra.y(2420)\.p2\pool\plugins\org.eclipse.justj.openjdk.hotspot.jre.full.win32.x86_64_17.0.1.v20211116-1657\jre\bin\nio.dll
0x00007ffc93110000 - 0x00007ffc931db000 	C:\WINDOWS\SYSTEM32\DNSAPI.dll
0x00007ffc930d0000 - 0x00007ffc9310b000 	C:\WINDOWS\SYSTEM32\IPHLPAPI.DLL
0x00007ffc96290000 - 0x00007ffc96298000 	C:\WINDOWS\System32\NSI.dll
0x00007ffc87300000 - 0x00007ffc8730a000 	C:\Windows\System32\rasadhlp.dll
0x00007ffc8f020000 - 0x00007ffc8f09f000 	C:\WINDOWS\System32\fwpuclnt.dll
0x00007ffc94070000 - 0x00007ffc94097000 	C:\WINDOWS\System32\bcrypt.dll
0x00007ffc935e0000 - 0x00007ffc935f8000 	C:\WINDOWS\SYSTEM32\CRYPTSP.dll
0x00007ffc92d60000 - 0x00007ffc92d94000 	C:\WINDOWS\system32\rsaenh.dll
0x00007ffc93c00000 - 0x00007ffc93c2e000 	C:\WINDOWS\SYSTEM32\USERENV.dll
0x00007ffc935d0000 - 0x00007ffc935dc000 	C:\WINDOWS\SYSTEM32\CRYPTBASE.dll
0x00007ffc8ea70000 - 0x00007ffc8ea87000 	C:\WINDOWS\SYSTEM32\dhcpcsvc6.DLL
0x00007ffc8e850000 - 0x00007ffc8e86d000 	C:\WINDOWS\SYSTEM32\dhcpcsvc.DLL
0x00007ffc8f7c0000 - 0x00007ffc8f7d0000 	C:\Users\anamendra.y(2420)\.p2\pool\plugins\org.eclipse.justj.openjdk.hotspot.jre.full.win32.x86_64_17.0.1.v20211116-1657\jre\bin\verify.dll
0x00007ffc81450000 - 0x00007ffc81467000 	C:\WINDOWS\system32\napinsp.dll
0x00007ffc81430000 - 0x00007ffc8144b000 	C:\WINDOWS\system32\pnrpnsp.dll
0x00007ffc81230000 - 0x00007ffc81245000 	C:\WINDOWS\system32\wshbth.dll
0x00007ffc8f700000 - 0x00007ffc8f71d000 	C:\WINDOWS\system32\NLAapi.dll
0x00007ffc80ce0000 - 0x00007ffc80cf2000 	C:\WINDOWS\System32\winrnr.dll
0x00007ffc82e70000 - 0x00007ffc82e79000 	C:\Users\anamendra.y(2420)\.p2\pool\plugins\org.eclipse.justj.openjdk.hotspot.jre.full.win32.x86_64_17.0.1.v20211116-1657\jre\bin\management.dll
0x00007ffc78c80000 - 0x00007ffc78c8b000 	C:\Users\anamendra.y(2420)\.p2\pool\plugins\org.eclipse.justj.openjdk.hotspot.jre.full.win32.x86_64_17.0.1.v20211116-1657\jre\bin\management_ext.dll
0x00007ffc83d60000 - 0x00007ffc83d6e000 	C:\Users\anamendra.y(2420)\.p2\pool\plugins\org.eclipse.justj.openjdk.hotspot.jre.full.win32.x86_64_17.0.1.v20211116-1657\jre\bin\sunmscapi.dll
0x00007ffc93eb0000 - 0x00007ffc94006000 	C:\WINDOWS\System32\CRYPT32.dll
0x00007ffc936f0000 - 0x00007ffc93717000 	C:\WINDOWS\SYSTEM32\ncrypt.dll
0x00007ffc936b0000 - 0x00007ffc936eb000 	C:\WINDOWS\SYSTEM32\NTASN1.dll
0x00007ffc8d0e0000 - 0x00007ffc8d0e7000 	C:\WINDOWS\system32\wshunix.dll

dbghelp: loaded successfully - version: 4.0.5 - missing functions: none
symbol engine: initialized successfully - sym options: 0x614 - pdb path: .;C:\Users\anamendra.y(2420)\.p2\pool\plugins\org.eclipse.justj.openjdk.hotspot.jre.full.win32.x86_64_17.0.1.v20211116-1657\jre\bin;C:\WINDOWS\SYSTEM32;C:\WINDOWS\WinSxS\amd64_microsoft.windows.common-controls_6595b64144ccf1df_6.0.19041.1110_none_60b5254171f9507e;C:\Users\anamendra.y(2420)\.p2\pool\plugins\org.eclipse.justj.openjdk.hotspot.jre.full.win32.x86_64_17.0.1.v20211116-1657\jre\bin\server

VM Arguments:
jvm_args: -ea -Dfile.encoding=Cp1252 -XX:+ShowCodeDetailsInExceptionMessages 
java_command: org.testng.remote.RemoteTestNG -serport 58085 -protocol json -d C:\Users\anamendra.y(2420)\eclipse-workspace\automateDemo\test-output C:\Users\ANAMEN~1.Y(2\AppData\Local\Temp\testng-eclipse-1682002526\testng-customsuite.xml
java_class_path (initial): C:\Users\anamendra.y(2420)\eclipse\java-2021-12\eclipse\configuration\org.eclipse.osgi\429\0\.cp\lib\testng-remote.jar;C:\Users\anamendra.y(2420)\eclipse-workspace\automateDemo\target\test-classes;C:\Users\anamendra.y(2420)\eclipse-workspace\automateDemo\target\classes;C:\Users\anamendra.y(2420)\.p2\pool\plugins\org.testng_7.4.0.r202105021533.jar;C:\Users\anamendra.y(2420)\.p2\pool\plugins\com.beust.jcommander_1.78.0.jar;C:\Users\anamendra.y(2420)\.p2\pool\plugins\org.apache-extras.beanshell.bsh_2.0.0.b6.jar;C:\Users\anamendra.y(2420)\.p2\pool\plugins\org.yaml.snakeyaml_1.21.0.jar;C:\Users\anamendra.y(2420)\.p2\pool\plugins\org.webjars.jquery_3.5.1.jar;C:\Users\anamendra.y(2420)\.m2\repository\org\seleniumhq\selenium\selenium-java\4.1.1\selenium-java-4.1.1.jar;C:\Users\anamendra.y(2420)\.m2\repository\org\seleniumhq\selenium\selenium-api\4.1.1\selenium-api-4.1.1.jar;C:\Users\anamendra.y(2420)\.m2\repository\org\seleniumhq\selenium\selenium-chrome-driver\4.1.1\selenium-chrome-driver-4.1.1.jar;C:\Users\anamendra.y(2420)\.m2\repository\com\google\auto\service\auto-service-annotations\1.0.1\auto-service-annotations-1.0.1.jar;C:\Users\anamendra.y(2420)\.m2\repository\com\google\auto\service\auto-service\1.0.1\auto-service-1.0.1.jar;C:\Users\anamendra.y(2420)\.m2\repository\com\google\auto\auto-common\1.2\auto-common-1.2.jar;C:\Users\anamendra.y(2420)\.m2\repository\com\google\guava\guava\31.0.1-jre\guava-31.0.1-jre.jar;C:\Users\anamendra.y(2420)\.m2\repository\com\google\guava\failureaccess\1.0.1\failureaccess-1.0.1.jar;C:\Users\anamendra.y(2420)\.m2\repository\com\google\guava\listenablefuture\9999.0-empty-to-avoid-conflict-with-guava\listenablefuture-9999.0-empty-to-avoid-conflict-with-guava.jar;C:\Users\anamendra.y(2420)\.m2\repository\com\google\code\findbugs\jsr305\3.0.2\jsr305-3.0.2.jar;C:\Users\anamendra.y(2420)\.m2\repository\org\checkerframework\checker-qual\3.12.0\checker-qual-3.12.0.jar;C:\Users\anamendra.y(2420)\.m2\repository\com
Launcher Type: SUN_STANDARD

[Global flags]
     intx CICompilerCount                          = 3                                         {product} {ergonomic}
     uint ConcGCThreads                            = 1                                         {product} {ergonomic}
     uint G1ConcRefinementThreads                  = 4                                         {product} {ergonomic}
   size_t G1HeapRegionSize                         = 1048576                                   {product} {ergonomic}
    uintx GCDrainStackTargetSize                   = 64                                        {product} {ergonomic}
   size_t InitialHeapSize                          = 67108864                                  {product} {ergonomic}
   size_t MarkStackSize                            = 4194304                                   {product} {ergonomic}
   size_t MaxHeapSize                              = 1052770304                                {product} {ergonomic}
   size_t MaxNewSize                               = 631242752                                 {product} {ergonomic}
   size_t MinHeapDeltaBytes                        = 1048576                                   {product} {ergonomic}
   size_t MinHeapSize                              = 8388608                                   {product} {ergonomic}
    uintx NonNMethodCodeHeapSize                   = 5832780                                {pd product} {ergonomic}
    uintx NonProfiledCodeHeapSize                  = 122912730                              {pd product} {ergonomic}
    uintx ProfiledCodeHeapSize                     = 122912730                              {pd product} {ergonomic}
    uintx ReservedCodeCacheSize                    = 251658240                              {pd product} {ergonomic}
     bool SegmentedCodeCache                       = true                                      {product} {ergonomic}
     bool ShowCodeDetailsInExceptionMessages       = true                                   {manageable} {command line}
   size_t SoftMaxHeapSize                          = 1052770304                             {manageable} {ergonomic}
     bool UseCompressedClassPointers               = true                           {product lp64_product} {ergonomic}
     bool UseCompressedOops                        = true                           {product lp64_product} {ergonomic}
     bool UseG1GC                                  = true                                      {product} {ergonomic}
     bool UseLargePagesIndividualAllocation        = false                                  {pd product} {ergonomic}

Logging:
Log output configuration:
 #0: stdout all=warning uptime,level,tags
 #1: stderr all=off uptime,level,tags

Environment Variables:
PATH=C:/Users/anamendra.y(2420)/.p2/pool/plugins/org.eclipse.justj.openjdk.hotspot.jre.full.win32.x86_64_17.0.1.v20211116-1657/jre/bin/server;C:/Users/anamendra.y(2420)/.p2/pool/plugins/org.eclipse.justj.openjdk.hotspot.jre.full.win32.x86_64_17.0.1.v20211116-1657/jre/bin;"C:\Program Files\nodejs\node_modules\npm\bin;C:\Users\anamendra.y(2420)\Downloads\chromedriver_win32;";C:\Python310\;C:\Program Files (x86)\Common Files\Oracle\Java\javapath;C:\Program Files (x86)\Intel\iCLS Client\;C:\Users\anamendra.y(2420)\Downloads\apache-ant-1.10.12\apache-ant-1.10.12\bin;C:\Program Files\Intel\iCLS Client\;C:\WINDOWS\system32;C:\WINDOWS;C:\WINDOWS\System32\Wbem;C:\WINDOWS\System32\WindowsPowerShell\v1.0\;C:\Program Files\Intel\Intel(R) Management Engine Components\DAL;C:\Program Files\Intel\Intel(R) Management Engine Components\IPT;C:\Program Files (x86)\Intel\Intel(R) Management Engine Components\DAL;C:\Program Files (x86)\Intel\Intel(R) Management Engine Components\IPT;C:\WINDOWS\System32\OpenSSH\;D:\Softwares\apache-jmeter-5.2.1\apache-jmeter-5.2.1\bin;D:\apache-ant-1.9.9\bin;C:\Program Files\Git\cmd;C:\Program Files\nodejs\;C:\Program Files (x86)\dotnet\;C:\ProgramData\chocolatey\bin;C:\Program Files\Microsoft VS Code\bin;C:\apache-maven-3.8.4\bin;C:\Program Files\dotnet\;C:\Users\anamendra.y(2420)\AppData\Local\Microsoft\WindowsApps;C:\Users\anamendra.y(2420)\AppData\Roaming\npm;C:\Users\anamendra.y(2420)\.dotnet\tools;C:\WINDOWS\system32;
USERNAME=anamendra.y(2420)
OS=Windows_NT
PROCESSOR_IDENTIFIER=Intel64 Family 6 Model 60 Stepping 3, GenuineIntel



---------------  S Y S T E M  ---------------

OS:
 Windows 10 , 64 bit Build 19041 (10.0.19041.1348)
OS uptime: 0 days 2:25 hours

CPU: total 4 (initial active 4) (4 cores per cpu, 1 threads per core) family 6 model 60 stepping 3 microcode 0x27, cx8, cmov, fxsr, mmx, sse, sse2, sse3, ssse3, sse4.1, sse4.2, popcnt, lzcnt, tsc, tscinvbit, avx, avx2, aes, erms, clmul, bmi1, bmi2, fma, vzeroupper, clflush

Memory: 4k page, system-wide physical 4013M (109M free)
TotalPageFile size 10526M (AvailPageFile size 13M)
current process WorkingSet (physical memory assigned to process): 91M, peak: 180M
current process commit charge ("private bytes"): 238M, peak: 251M

vm_info: OpenJDK 64-Bit Server VM (17.0.1+12) for windows-amd64 JRE (17.0.1+12), built on Oct 20 2021 07:42:55 by "" with MS VC++ 16.7 (VS2019)

END.
