#
# There is insufficient memory for the Java Runtime Environment to continue.
# Native memory allocation (mmap) failed to map 15728640 bytes for G1 virtual space
# Possible reasons:
#   The system is out of physical RAM or swap space
#   The process is running with CompressedOops enabled, and the Java Heap may be blocking the growth of the native heap
# Possible solutions:
#   Reduce memory load on the system
#   Increase physical memory or swap space
#   Check if swap backing store is full
#   Decrease Java heap size (-Xmx/-Xms)
#   Decrease number of Java threads
#   Decrease Java thread stack sizes (-Xss)
#   Set larger code cache with -XX:ReservedCodeCacheSize=
#   JVM is running with Unscaled Compressed Oops mode in which the Java heap is
#     placed in the first 4GB address space. The Java Heap base address is the
#     maximum limit for the native heap growth. Please use -XX:HeapBaseMinAddress
#     to set the Java Heap base and to place the Java Heap above 4GB virtual address.
# This output file may be truncated or incomplete.
#
#  Out of Memory Error (os_windows.cpp:3469), pid=5084, tid=12960
#
# JRE version: OpenJDK Runtime Environment Temurin-17.0.1+12 (17.0.1+12) (build 17.0.1+12)
# Java VM: OpenJDK 64-Bit Server VM Temurin-17.0.1+12 (17.0.1+12, mixed mode, tiered, compressed oops, compressed class ptrs, g1 gc, windows-amd64)
# No core dump will be written. Minidumps are not enabled by default on client versions of Windows
#

---------------  S U M M A R Y ------------

Command Line: -ea -Dfile.encoding=Cp1252 -XX:+ShowCodeDetailsInExceptionMessages org.testng.remote.RemoteTestNG -serport 55207 -protocol json -d C:\Users\anamendra.y(2420)\eclipse-workspace\automateDemo\test-output C:\Users\anamendra.y(2420)\eclipse-workspace\automateDemo\testng.xml

Host: Intel(R) Core(TM) i5-4590T CPU @ 2.00GHz, 4 cores, 3G,  Windows 10 , 64 bit Build 19041 (10.0.19041.1348)
Time: Tue Mar  8 15:21:31 2022 India Standard Time elapsed time: 25.785194 seconds (0d 0h 0m 25s)

---------------  T H R E A D  ---------------

Current thread (0x000001a74361b620):  VMThread "VM Thread" [stack: 0x0000005c0e100000,0x0000005c0e200000] [id=12960]

Stack: [0x0000005c0e100000,0x0000005c0e200000]
Native frames: (J=compiled Java code, j=interpreted, Vv=VM code, C=native code)
V  [jvm.dll+0x6744da]
V  [jvm.dll+0x82e144]
V  [jvm.dll+0x82f8ee]
V  [jvm.dll+0x82ff53]
V  [jvm.dll+0x245175]
V  [jvm.dll+0x6714c9]
V  [jvm.dll+0x665f92]
V  [jvm.dll+0x303c3b]
V  [jvm.dll+0x30b176]
V  [jvm.dll+0x35af1e]
V  [jvm.dll+0x35b14f]
V  [jvm.dll+0x2dab78]
V  [jvm.dll+0x2ddc06]
V  [jvm.dll+0x2e82b8]
V  [jvm.dll+0x31c460]
V  [jvm.dll+0x8343bb]
V  [jvm.dll+0x8350f4]
V  [jvm.dll+0x83560c]
V  [jvm.dll+0x8359e4]
V  [jvm.dll+0x835ab0]
V  [jvm.dll+0x7de51a]
V  [jvm.dll+0x673305]
C  [ucrtbase.dll+0x21bb2]
C  [KERNEL32.DLL+0x17034]
C  [ntdll.dll+0x52651]

VM_Operation (0x0000005c0ddff360): G1Concurrent, mode: safepoint, requested by thread 0x000001a72a666590


---------------  P R O C E S S  ---------------

Threads class SMR info:
_java_thread_list=0x000001a744996d00, length=33, elements={
0x000001a72a630940, 0x000001a7435fac40, 0x000001a7435fbd30, 0x000001a743671430,
0x000001a743672e00, 0x000001a7436756d0, 0x000001a743677090, 0x000001a74367b270,
0x000001a743684500, 0x000001a744030020, 0x000001a744131160, 0x000001a74413f730,
0x000001a7445f0fb0, 0x000001a74581f3f0, 0x000001a74581fcd0, 0x000001a7458249d0,
0x000001a7461862c0, 0x000001a7458aa390, 0x000001a746472050, 0x000001a746359330,
0x000001a74635b9b0, 0x000001a746359cd0, 0x000001a74635ab40, 0x000001a7463584c0,
0x000001a746358990, 0x000001a746358e60, 0x000001a746359800, 0x000001a74635a1a0,
0x000001a74635b4e0, 0x000001a74635be80, 0x000001a74635b010, 0x000001a74635a670,
0x000001a74433eec0
}

Java Threads: ( => current thread )
  0x000001a72a630940 JavaThread "Forwarding newSession on session null to remote" [_thread_blocked, id=740, stack(0x0000005c0db00000,0x0000005c0dc00000)]
  0x000001a7435fac40 JavaThread "Reference Handler" daemon [_thread_blocked, id=11440, stack(0x0000005c0e200000,0x0000005c0e300000)]
  0x000001a7435fbd30 JavaThread "Finalizer" daemon [_thread_blocked, id=8324, stack(0x0000005c0e300000,0x0000005c0e400000)]
  0x000001a743671430 JavaThread "Signal Dispatcher" daemon [_thread_blocked, id=7588, stack(0x0000005c0e400000,0x0000005c0e500000)]
  0x000001a743672e00 JavaThread "Attach Listener" daemon [_thread_blocked, id=12776, stack(0x0000005c0e500000,0x0000005c0e600000)]
  0x000001a7436756d0 JavaThread "Service Thread" daemon [_thread_blocked, id=8688, stack(0x0000005c0e600000,0x0000005c0e700000)]
  0x000001a743677090 JavaThread "Monitor Deflation Thread" daemon [_thread_blocked, id=19712, stack(0x0000005c0e700000,0x0000005c0e800000)]
  0x000001a74367b270 JavaThread "C2 CompilerThread0" daemon [_thread_blocked, id=2004, stack(0x0000005c0e800000,0x0000005c0e900000)]
  0x000001a743684500 JavaThread "C1 CompilerThread0" daemon [_thread_blocked, id=20460, stack(0x0000005c0e900000,0x0000005c0ea00000)]
  0x000001a744030020 JavaThread "Sweeper thread" daemon [_thread_blocked, id=932, stack(0x0000005c0ea00000,0x0000005c0eb00000)]
  0x000001a744131160 JavaThread "Notification Thread" daemon [_thread_blocked, id=16168, stack(0x0000005c0eb00000,0x0000005c0ec00000)]
  0x000001a74413f730 JavaThread "Common-Cleaner" daemon [_thread_blocked, id=12672, stack(0x0000005c0ed00000,0x0000005c0ee00000)]
  0x000001a7445f0fb0 JavaThread "ReaderThread" [_thread_in_native, id=1352, stack(0x0000005c0f000000,0x0000005c0f100000)]
  0x000001a74581f3f0 JavaThread "ForkJoinPool.commonPool-worker-1" daemon [_thread_blocked, id=16892, stack(0x0000005c0f300000,0x0000005c0f400000)]
  0x000001a74581fcd0 JavaThread "ForkJoinPool.commonPool-worker-2" daemon [_thread_blocked, id=18216, stack(0x0000005c0f400000,0x0000005c0f500000)]
  0x000001a7458249d0 JavaThread "ForkJoinPool.commonPool-worker-3" daemon [_thread_blocked, id=11760, stack(0x0000005c0f500000,0x0000005c0f600000)]
  0x000001a7461862c0 JavaThread "AsyncHttpClient-1-1" daemon [_thread_blocked, id=14008, stack(0x0000005c0f700000,0x0000005c0f800000)]
  0x000001a7458aa390 JavaThread "Exec Default Executor" daemon [_thread_in_native, id=14264, stack(0x0000005c0f800000,0x0000005c0f900000)]
  0x000001a746472050 JavaThread "Driver Service Executor" daemon [_thread_blocked, id=8236, stack(0x0000005c0f900000,0x0000005c0fa00000)]
  0x000001a746359330 JavaThread "Driver Service Executor" daemon [_thread_blocked, id=236, stack(0x0000005c0fa00000,0x0000005c0fb00000)]
  0x000001a74635b9b0 JavaThread "UrlChecker-2" daemon [_thread_blocked, id=20452, stack(0x0000005c0fb00000,0x0000005c0fc00000)]
  0x000001a746359cd0 JavaThread "Exec Stream Pumper" daemon [_thread_in_native, id=19676, stack(0x0000005c0f600000,0x0000005c0f700000)]
  0x000001a74635ab40 JavaThread "Exec Stream Pumper" daemon [_thread_in_native, id=16204, stack(0x0000005c0fc00000,0x0000005c0fd00000)]
  0x000001a7463584c0 JavaThread "AsyncHttpClient-1-2" daemon [_thread_in_native, id=11820, stack(0x0000005c0fe00000,0x0000005c0ff00000)]
  0x000001a746358990 JavaThread "AsyncHttpClient-1-3" daemon [_thread_in_native, id=1960, stack(0x0000005c0ff00000,0x0000005c10000000)]
  0x000001a746358e60 JavaThread "AsyncHttpClient-1-4" daemon [_thread_in_native, id=17008, stack(0x0000005c10000000,0x0000005c10100000)]
  0x000001a746359800 JavaThread "Exec Default Executor" daemon [_thread_in_native, id=16944, stack(0x0000005c0fd00000,0x0000005c0fe00000)]
  0x000001a74635a1a0 JavaThread "Driver Service Executor" daemon [_thread_blocked, id=13384, stack(0x0000005c10100000,0x0000005c10200000)]
  0x000001a74635b4e0 JavaThread "Driver Service Executor" daemon [_thread_blocked, id=15728, stack(0x0000005c10200000,0x0000005c10300000)]
  0x000001a74635be80 JavaThread "Exec Stream Pumper" daemon [_thread_in_native, id=16064, stack(0x0000005c10300000,0x0000005c10400000)]
  0x000001a74635b010 JavaThread "Exec Stream Pumper" daemon [_thread_in_native, id=19392, stack(0x0000005c10400000,0x0000005c10500000)]
  0x000001a74635a670 JavaThread "Keep-Alive-Timer" daemon [_thread_blocked, id=10864, stack(0x0000005c10500000,0x0000005c10600000)]
  0x000001a74433eec0 JavaThread "AsyncHttpClient-1-5" daemon [_thread_in_native, id=13420, stack(0x0000005c10600000,0x0000005c10700000)]

Other Threads:
=>0x000001a74361b620 VMThread "VM Thread" [stack: 0x0000005c0e100000,0x0000005c0e200000] [id=12960]
  0x000001a744133640 WatcherThread [stack: 0x0000005c0ec00000,0x0000005c0ed00000] [id=12928]
  0x000001a72a65c120 GCTaskThread "GC Thread#0" [stack: 0x0000005c0dc00000,0x0000005c0dd00000] [id=19744]
  0x000001a744b60450 GCTaskThread "GC Thread#1" [stack: 0x0000005c0ee00000,0x0000005c0ef00000] [id=6860]
  0x000001a744b60700 GCTaskThread "GC Thread#2" [stack: 0x0000005c0f100000,0x0000005c0f200000] [id=18412]
  0x000001a744b609b0 GCTaskThread "GC Thread#3" [stack: 0x0000005c0f200000,0x0000005c0f300000] [id=6248]
  0x000001a72a666590 ConcurrentGCThread "G1 Main Marker" [stack: 0x0000005c0dd00000,0x0000005c0de00000] [id=14552]
  0x000001a72a666fa0 ConcurrentGCThread "G1 Conc#0" [stack: 0x0000005c0de00000,0x0000005c0df00000] [id=17652]
  0x000001a72a6a9130 ConcurrentGCThread "G1 Refine#0" [stack: 0x0000005c0df00000,0x0000005c0e000000] [id=7936]
  0x000001a72a6a9b50 ConcurrentGCThread "G1 Service" [stack: 0x0000005c0e000000,0x0000005c0e100000] [id=4064]

Threads with active compile tasks:

VM state: at safepoint (normal execution)

VM Mutex/Monitor currently owned by a thread:  ([mutex/lock_event])
[0x000001a72a62ea00] Threads_lock - owner thread: 0x000001a74361b620
[0x000001a72a62e070] Heap_lock - owner thread: 0x000001a72a666590

Heap address: 0x00000000c1400000, size: 1004 MB, Compressed Oops mode: 32-bit

CDS archive(s) not mapped
Compressed class space mapped at: 0x0000000100000000-0x0000000140000000, reserved size: 1073741824
Narrow klass base: 0x0000000000000000, Narrow klass shift: 3, Narrow klass range: 0x140000000

GC Precious Log:
 CPUs: 4 total, 4 available
 Memory: 4013M
 Large Page Support: Disabled
 NUMA Support: Disabled
 Compressed Oops: Enabled (32-bit)
 Heap Region Size: 1M
 Heap Min Capacity: 8M
 Heap Initial Capacity: 64M
 Heap Max Capacity: 1004M
 Pre-touch: Disabled
 Parallel Workers: 4
 Concurrent Workers: 1
 Concurrent Refinement Workers: 4
 Periodic GC: Disabled

Heap:
 garbage-first heap   total 66560K, used 46185K [0x00000000c1400000, 0x0000000100000000)
  region size 1024K, 2 young (2048K), 1 survivors (1024K)
 Metaspace       used 32239K, committed 32512K, reserved 1081344K
  class space    used 3701K, committed 3840K, reserved 1048576K

Heap Regions: E=young(eden), S=young(survivor), O=old, HS=humongous(starts), HC=humongous(continues), CS=collection set, F=free, OA=open archive, CA=closed archive, TAMS=top-at-mark-start (previous, next)
|   0|0x00000000c1400000, 0x00000000c1500000, 0x00000000c1500000|100%| O|  |TAMS 0x00000000c1500000, 0x00000000c1400000| Updating 
|   1|0x00000000c1500000, 0x00000000c1600000, 0x00000000c1600000|100%| O|  |TAMS 0x00000000c1600000, 0x00000000c1500000| Untracked 
|   2|0x00000000c1600000, 0x00000000c1700000, 0x00000000c1700000|100%| O|  |TAMS 0x00000000c1700000, 0x00000000c1600000| Untracked 
|   3|0x00000000c1700000, 0x00000000c1800000, 0x00000000c1800000|100%| O|  |TAMS 0x00000000c1800000, 0x00000000c1700000| Untracked 
|   4|0x00000000c1800000, 0x00000000c1869800, 0x00000000c1900000| 41%| O|  |TAMS 0x00000000c1869800, 0x00000000c1800000| Updating 
|   5|0x00000000c1900000, 0x00000000c1a00000, 0x00000000c1a00000|100%| O|  |TAMS 0x00000000c1a00000, 0x00000000c1900000| Untracked 
|   6|0x00000000c1a00000, 0x00000000c1b00000, 0x00000000c1b00000|100%| O|  |TAMS 0x00000000c1b00000, 0x00000000c1a00000| Untracked 
|   7|0x00000000c1b00000, 0x00000000c1c00000, 0x00000000c1c00000|100%| O|  |TAMS 0x00000000c1c00000, 0x00000000c1b00000| Untracked 
|   8|0x00000000c1c00000, 0x00000000c1d00000, 0x00000000c1d00000|100%| O|  |TAMS 0x00000000c1d00000, 0x00000000c1c00000| Untracked 
|   9|0x00000000c1d00000, 0x00000000c1e00000, 0x00000000c1e00000|100%| O|  |TAMS 0x00000000c1d94400, 0x00000000c1d00000| Updating 
|  10|0x00000000c1e00000, 0x00000000c1f00000, 0x00000000c1f00000|100%| O|  |TAMS 0x00000000c1e00000, 0x00000000c1e00000| Untracked 
|  11|0x00000000c1f00000, 0x00000000c1f9b800, 0x00000000c2000000| 60%| O|  |TAMS 0x00000000c1f00000, 0x00000000c1f00000| Updating 
|  12|0x00000000c2000000, 0x00000000c2000000, 0x00000000c2100000|  0%| F|  |TAMS 0x00000000c2000000, 0x00000000c2000000| Untracked 
|  13|0x00000000c2100000, 0x00000000c2100000, 0x00000000c2200000|  0%| F|  |TAMS 0x00000000c2100000, 0x00000000c2100000| Untracked 
|  14|0x00000000c2200000, 0x00000000c2200000, 0x00000000c2300000|  0%| F|  |TAMS 0x00000000c2200000, 0x00000000c2200000| Untracked 
|  15|0x00000000c2300000, 0x00000000c2300000, 0x00000000c2400000|  0%| F|  |TAMS 0x00000000c2300000, 0x00000000c2300000| Untracked 
|  16|0x00000000c2400000, 0x00000000c2400000, 0x00000000c2500000|  0%| F|  |TAMS 0x00000000c2400000, 0x00000000c2400000| Untracked 
|  17|0x00000000c2500000, 0x00000000c2500000, 0x00000000c2600000|  0%| F|  |TAMS 0x00000000c2500000, 0x00000000c2500000| Untracked 
|  18|0x00000000c2600000, 0x00000000c2600000, 0x00000000c2700000|  0%| F|  |TAMS 0x00000000c2600000, 0x00000000c2600000| Untracked 
|  19|0x00000000c2700000, 0x00000000c2700000, 0x00000000c2800000|  0%| F|  |TAMS 0x00000000c2700000, 0x00000000c2700000| Untracked 
|  20|0x00000000c2800000, 0x00000000c2800000, 0x00000000c2900000|  0%| F|  |TAMS 0x00000000c2800000, 0x00000000c2800000| Untracked 
|  21|0x00000000c2900000, 0x00000000c2900000, 0x00000000c2a00000|  0%| F|  |TAMS 0x00000000c2900000, 0x00000000c2900000| Untracked 
|  22|0x00000000c2a00000, 0x00000000c2a00000, 0x00000000c2b00000|  0%| F|  |TAMS 0x00000000c2a00000, 0x00000000c2a00000| Untracked 
|  23|0x00000000c2b00000, 0x00000000c2b00000, 0x00000000c2c00000|  0%| F|  |TAMS 0x00000000c2b00000, 0x00000000c2b00000| Untracked 
|  24|0x00000000c2c00000, 0x00000000c2d00000, 0x00000000c2d00000|100%|HS|  |TAMS 0x00000000c2d00000, 0x00000000c2c00000| Complete 
|  25|0x00000000c2d00000, 0x00000000c2e00000, 0x00000000c2e00000|100%|HC|  |TAMS 0x00000000c2e00000, 0x00000000c2d00000| Complete 
|  26|0x00000000c2e00000, 0x00000000c2f00000, 0x00000000c2f00000|100%|HC|  |TAMS 0x00000000c2f00000, 0x00000000c2e00000| Complete 
|  27|0x00000000c2f00000, 0x00000000c3000000, 0x00000000c3000000|100%|HC|  |TAMS 0x00000000c3000000, 0x00000000c2f00000| Complete 
|  28|0x00000000c3000000, 0x00000000c3100000, 0x00000000c3100000|100%|HC|  |TAMS 0x00000000c3100000, 0x00000000c3000000| Complete 
|  29|0x00000000c3100000, 0x00000000c3200000, 0x00000000c3200000|100%|HC|  |TAMS 0x00000000c3200000, 0x00000000c3100000| Complete 
|  30|0x00000000c3200000, 0x00000000c3300000, 0x00000000c3300000|100%|HC|  |TAMS 0x00000000c3300000, 0x00000000c3200000| Complete 
|  31|0x00000000c3300000, 0x00000000c3400000, 0x00000000c3400000|100%|HC|  |TAMS 0x00000000c3400000, 0x00000000c3300000| Complete 
|  32|0x00000000c3400000, 0x00000000c3500000, 0x00000000c3500000|100%|HC|  |TAMS 0x00000000c3500000, 0x00000000c3400000| Complete 
|  33|0x00000000c3500000, 0x00000000c3600000, 0x00000000c3600000|100%|HC|  |TAMS 0x00000000c3600000, 0x00000000c3500000| Complete 
|  34|0x00000000c3600000, 0x00000000c3700000, 0x00000000c3700000|100%|HC|  |TAMS 0x00000000c3700000, 0x00000000c3600000| Complete 
|  35|0x00000000c3700000, 0x00000000c3800000, 0x00000000c3800000|100%|HC|  |TAMS 0x00000000c3800000, 0x00000000c3700000| Complete 
|  36|0x00000000c3800000, 0x00000000c3900000, 0x00000000c3900000|100%|HC|  |TAMS 0x00000000c3900000, 0x00000000c3800000| Complete 
|  37|0x00000000c3900000, 0x00000000c3a00000, 0x00000000c3a00000|100%|HC|  |TAMS 0x00000000c3a00000, 0x00000000c3900000| Complete 
|  38|0x00000000c3a00000, 0x00000000c3b00000, 0x00000000c3b00000|100%|HC|  |TAMS 0x00000000c3b00000, 0x00000000c3a00000| Complete 
|  39|0x00000000c3b00000, 0x00000000c3c00000, 0x00000000c3c00000|100%|HC|  |TAMS 0x00000000c3c00000, 0x00000000c3b00000| Complete 
|  40|0x00000000c3c00000, 0x00000000c3d00000, 0x00000000c3d00000|100%|HC|  |TAMS 0x00000000c3d00000, 0x00000000c3c00000| Complete 
|  41|0x00000000c3d00000, 0x00000000c3d00000, 0x00000000c3e00000|  0%| F|  |TAMS 0x00000000c3d00000, 0x00000000c3d00000| Untracked 
|  42|0x00000000c3e00000, 0x00000000c3e00000, 0x00000000c3f00000|  0%| F|  |TAMS 0x00000000c3e00000, 0x00000000c3e00000| Untracked 
|  43|0x00000000c3f00000, 0x00000000c3f00000, 0x00000000c4000000|  0%| F|  |TAMS 0x00000000c3f00000, 0x00000000c3f00000| Untracked 
|  44|0x00000000c4000000, 0x00000000c4000000, 0x00000000c4100000|  0%| F|  |TAMS 0x00000000c4000000, 0x00000000c4000000| Untracked 
|  45|0x00000000c4100000, 0x00000000c4100000, 0x00000000c4200000|  0%| F|  |TAMS 0x00000000c4100000, 0x00000000c4100000| Untracked 
|  46|0x00000000c4200000, 0x00000000c4205be8, 0x00000000c4300000|  2%| E|  |TAMS 0x00000000c4200000, 0x00000000c4200000| Complete 
|  47|0x00000000c4300000, 0x00000000c43156b8, 0x00000000c4400000|  8%| S|CS|TAMS 0x00000000c4300000, 0x00000000c4300000| Complete 
|  48|0x00000000c4400000, 0x00000000c4500000, 0x00000000c4500000|100%|HS|  |TAMS 0x00000000c4400000, 0x00000000c4400000| Complete 
|  49|0x00000000c4500000, 0x00000000c4600000, 0x00000000c4600000|100%|HC|  |TAMS 0x00000000c4500000, 0x00000000c4500000| Complete 
|  50|0x00000000c4600000, 0x00000000c4700000, 0x00000000c4700000|100%|HC|  |TAMS 0x00000000c4600000, 0x00000000c4600000| Complete 
|  51|0x00000000c4700000, 0x00000000c4800000, 0x00000000c4800000|100%|HC|  |TAMS 0x00000000c4700000, 0x00000000c4700000| Complete 
|  52|0x00000000c4800000, 0x00000000c4900000, 0x00000000c4900000|100%|HC|  |TAMS 0x00000000c4800000, 0x00000000c4800000| Complete 
|  53|0x00000000c4900000, 0x00000000c4a00000, 0x00000000c4a00000|100%|HC|  |TAMS 0x00000000c4900000, 0x00000000c4900000| Complete 
|  54|0x00000000c4a00000, 0x00000000c4b00000, 0x00000000c4b00000|100%|HC|  |TAMS 0x00000000c4a00000, 0x00000000c4a00000| Complete 
|  55|0x00000000c4b00000, 0x00000000c4c00000, 0x00000000c4c00000|100%|HC|  |TAMS 0x00000000c4b00000, 0x00000000c4b00000| Complete 
|  56|0x00000000c4c00000, 0x00000000c4d00000, 0x00000000c4d00000|100%|HC|  |TAMS 0x00000000c4c00000, 0x00000000c4c00000| Complete 
|  57|0x00000000c4d00000, 0x00000000c4e00000, 0x00000000c4e00000|100%|HC|  |TAMS 0x00000000c4d00000, 0x00000000c4d00000| Complete 
|  58|0x00000000c4e00000, 0x00000000c4f00000, 0x00000000c4f00000|100%|HC|  |TAMS 0x00000000c4e00000, 0x00000000c4e00000| Complete 
|  59|0x00000000c4f00000, 0x00000000c5000000, 0x00000000c5000000|100%|HC|  |TAMS 0x00000000c4f00000, 0x00000000c4f00000| Complete 
|  60|0x00000000c5000000, 0x00000000c5100000, 0x00000000c5100000|100%|HC|  |TAMS 0x00000000c5000000, 0x00000000c5000000| Complete 
|  61|0x00000000c5100000, 0x00000000c5200000, 0x00000000c5200000|100%|HC|  |TAMS 0x00000000c5100000, 0x00000000c5100000| Complete 
|  62|0x00000000c5200000, 0x00000000c5300000, 0x00000000c5300000|100%|HC|  |TAMS 0x00000000c5200000, 0x00000000c5200000| Complete 
|  63|0x00000000c5300000, 0x00000000c5400000, 0x00000000c5400000|100%|HC|  |TAMS 0x00000000c5300000, 0x00000000c5300000| Complete 
|  64|0x00000000c5400000, 0x00000000c5500000, 0x00000000c5500000|100%|HC|  |TAMS 0x00000000c5400000, 0x00000000c5400000| Complete 

Card table byte_map: [0x000001a73ece0000,0x000001a73eee0000] _byte_map_base: 0x000001a73e6d6000

Marking Bits (Prev, Next): (CMBitMap*) 0x000001a72a65d740, (CMBitMap*) 0x000001a72a65d780
 Prev Bits: [0x000001a73f0e0000, 0x000001a740090000)
 Next Bits: [0x000001a740090000, 0x000001a741040000)

Polling page: 0x000001a72a700000

Metaspace:

Usage:
  Non-class:     27.87 MB used.
      Class:      3.61 MB used.
       Both:     31.48 MB used.

Virtual space:
  Non-class space:       32.00 MB reserved,      28.00 MB ( 88%) committed,  4 nodes.
      Class space:        1.00 GB reserved,       3.75 MB ( <1%) committed,  1 nodes.
             Both:        1.03 GB reserved,      31.75 MB (  3%) committed. 

Chunk freelists:
   Non-Class:  3.28 MB
       Class:  271.00 KB
        Both:  3.55 MB

MaxMetaspaceSize: unlimited
CompressedClassSpaceSize: 1.00 GB
Initial GC threshold: 21.00 MB
Current GC threshold: 35.25 MB
CDS: off
MetaspaceReclaimPolicy: balanced
 - commit_granule_bytes: 65536.
 - commit_granule_words: 8192.
 - virtual_space_node_default_size: 1048576.
 - enlarge_chunks_in_place: 1.
 - new_chunks_are_fully_committed: 0.
 - uncommit_free_chunks: 1.
 - use_allocation_guard: 0.
 - handle_deallocations: 1.


Internal statistics:

num_allocs_failed_limit: 3.
num_arena_births: 210.
num_arena_deaths: 0.
num_vsnodes_births: 5.
num_vsnodes_deaths: 0.
num_space_committed: 508.
num_space_uncommitted: 0.
num_chunks_returned_to_freelist: 3.
num_chunks_taken_from_freelist: 835.
num_chunk_merges: 0.
num_chunk_splits: 557.
num_chunks_enlarged: 439.
num_purges: 0.
num_inconsistent_stats: 0.

CodeHeap 'non-profiled nmethods': size=120000Kb used=897Kb max_used=897Kb free=119103Kb
 bounds [0x000001a736f90000, 0x000001a737200000, 0x000001a73e4c0000]
CodeHeap 'profiled nmethods': size=120000Kb used=4601Kb max_used=4601Kb free=115399Kb
 bounds [0x000001a72fa60000, 0x000001a72fee0000, 0x000001a736f90000]
CodeHeap 'non-nmethods': size=5760Kb used=1284Kb max_used=1306Kb free=4476Kb
 bounds [0x000001a72f4c0000, 0x000001a72f730000, 0x000001a72fa60000]
 total_blobs=3052 nmethods=2457 adapters=507
 compilation: enabled
              stopped_count=0, restarted_count=0
 full_count=0

Compilation events (20 events):
Event: 25.743 Thread 0x000001a743684500 2448       3       java.nio.CharBuffer::<init> (24 bytes)
Event: 25.743 Thread 0x000001a743684500 nmethod 2448 0x000001a72fedac10 code [0x000001a72fedadc0, 0x000001a72fedaf68]
Event: 25.743 Thread 0x000001a743684500 2449       3       java.nio.HeapCharBuffer::<init> (23 bytes)
Event: 25.744 Thread 0x000001a743684500 nmethod 2449 0x000001a72fedb010 code [0x000001a72fedb1c0, 0x000001a72fedb348]
Event: 25.744 Thread 0x000001a743684500 2450       3       java.lang.Class::getDeclaredMethod (63 bytes)
Event: 25.744 Thread 0x000001a743684500 nmethod 2450 0x000001a72fedb410 code [0x000001a72fedb6e0, 0x000001a72fedc318]
Event: 25.744 Thread 0x000001a743684500 2453       1       org.asynchttpclient.DefaultRequest::getUri (5 bytes)
Event: 25.744 Thread 0x000001a743684500 nmethod 2453 0x000001a73706fb10 code [0x000001a73706fca0, 0x000001a73706fd78]
Event: 25.744 Thread 0x000001a743684500 2451       1       java.util.stream.ForEachOps$ForEachOp::get (2 bytes)
Event: 25.744 Thread 0x000001a743684500 nmethod 2451 0x000001a73706fe10 code [0x000001a73706ffa0, 0x000001a737070078]
Event: 25.745 Thread 0x000001a743684500 2454       3       io.netty.util.concurrent.DefaultPromise::isDone (8 bytes)
Event: 25.745 Thread 0x000001a743684500 nmethod 2454 0x000001a72fedc810 code [0x000001a72fedc9c0, 0x000001a72fedcbd8]
Event: 25.745 Thread 0x000001a743684500 2455       3       io.netty.util.internal.MathUtil::safeFindNextPositivePowerOfTwo (24 bytes)
Event: 25.745 Thread 0x000001a743684500 nmethod 2455 0x000001a72fedcc90 code [0x000001a72fedce40, 0x000001a72fedd008]
Event: 25.745 Thread 0x000001a743684500 2456       3       io.netty.buffer.PoolThreadCache$MemoryRegionCache::<init> (29 bytes)
Event: 25.752 Thread 0x000001a743684500 nmethod 2456 0x000001a72fedd090 code [0x000001a72fedd2c0, 0x000001a72feddb38]
Event: 25.752 Thread 0x000001a743684500 2457       3       io.netty.util.internal.shaded.org.jctools.queues.MpscArrayQueueProducerLimitField::<init> (12 bytes)
Event: 25.752 Thread 0x000001a743684500 nmethod 2457 0x000001a72fedde90 code [0x000001a72fede040, 0x000001a72fede2e8]
Event: 25.758 Thread 0x000001a743684500 2458       1       io.netty.handler.codec.DefaultHeaders$HeaderEntry::getKey (5 bytes)
Event: 25.758 Thread 0x000001a743684500 nmethod 2458 0x000001a737070110 code [0x000001a7370702a0, 0x000001a737070378]

GC Heap History (16 events):
Event: 1.015 GC heap before
{Heap before GC invocations=0 (full 0):
 garbage-first heap   total 65536K, used 13312K [0x00000000c1400000, 0x0000000100000000)
  region size 1024K, 13 young (13312K), 0 survivors (0K)
 Metaspace       used 12098K, committed 12224K, reserved 1064960K
  class space    used 1136K, committed 1152K, reserved 1048576K
}
Event: 1.019 GC heap after
{Heap after GC invocations=1 (full 0):
 garbage-first heap   total 65536K, used 4477K [0x00000000c1400000, 0x0000000100000000)
  region size 1024K, 2 young (2048K), 2 survivors (2048K)
 Metaspace       used 12098K, committed 12224K, reserved 1064960K
  class space    used 1136K, committed 1152K, reserved 1048576K
}
Event: 1.397 GC heap before
{Heap before GC invocations=1 (full 0):
 garbage-first heap   total 65536K, used 15741K [0x00000000c1400000, 0x0000000100000000)
  region size 1024K, 13 young (13312K), 2 survivors (2048K)
 Metaspace       used 16548K, committed 16704K, reserved 1064960K
  class space    used 1652K, committed 1728K, reserved 1048576K
}
Event: 1.401 GC heap after
{Heap after GC invocations=2 (full 0):
 garbage-first heap   total 65536K, used 6066K [0x00000000c1400000, 0x0000000100000000)
  region size 1024K, 2 young (2048K), 2 survivors (2048K)
 Metaspace       used 16548K, committed 16704K, reserved 1064960K
  class space    used 1652K, committed 1728K, reserved 1048576K
}
Event: 1.962 GC heap before
{Heap before GC invocations=2 (full 0):
 garbage-first heap   total 65536K, used 19378K [0x00000000c1400000, 0x0000000100000000)
  region size 1024K, 16 young (16384K), 2 survivors (2048K)
 Metaspace       used 21261K, committed 21504K, reserved 1073152K
  class space    used 2279K, committed 2432K, reserved 1048576K
}
Event: 1.966 GC heap after
{Heap after GC invocations=3 (full 0):
 garbage-first heap   total 65536K, used 7395K [0x00000000c1400000, 0x0000000100000000)
  region size 1024K, 3 young (3072K), 3 survivors (3072K)
 Metaspace       used 21261K, committed 21504K, reserved 1073152K
  class space    used 2279K, committed 2432K, reserved 1048576K
}
Event: 2.321 GC heap before
{Heap before GC invocations=4 (full 0):
 garbage-first heap   total 30720K, used 20707K [0x00000000c1400000, 0x0000000100000000)
  region size 1024K, 17 young (17408K), 3 survivors (3072K)
 Metaspace       used 25558K, committed 25728K, reserved 1073152K
  class space    used 2779K, committed 2880K, reserved 1048576K
}
Event: 2.326 GC heap after
{Heap after GC invocations=5 (full 0):
 garbage-first heap   total 30720K, used 9045K [0x00000000c1400000, 0x0000000100000000)
  region size 1024K, 3 young (3072K), 3 survivors (3072K)
 Metaspace       used 25558K, committed 25728K, reserved 1073152K
  class space    used 2779K, committed 2880K, reserved 1048576K
}
Event: 2.796 GC heap before
{Heap before GC invocations=5 (full 0):
 garbage-first heap   total 30720K, used 18261K [0x00000000c1400000, 0x0000000100000000)
  region size 1024K, 13 young (13312K), 3 survivors (3072K)
 Metaspace       used 28371K, committed 28608K, reserved 1081344K
  class space    used 3189K, committed 3264K, reserved 1048576K
}
Event: 2.800 GC heap after
{Heap after GC invocations=6 (full 0):
 garbage-first heap   total 30720K, used 9955K [0x00000000c1400000, 0x0000000100000000)
  region size 1024K, 1 young (1024K), 1 survivors (1024K)
 Metaspace       used 28371K, committed 28608K, reserved 1081344K
  class space    used 3189K, committed 3264K, reserved 1048576K
}
Event: 2.969 GC heap before
{Heap before GC invocations=6 (full 0):
 garbage-first heap   total 30720K, used 14051K [0x00000000c1400000, 0x0000000100000000)
  region size 1024K, 7 young (7168K), 1 survivors (1024K)
 Metaspace       used 29863K, committed 30080K, reserved 1081344K
  class space    used 3400K, committed 3520K, reserved 1048576K
}
Event: 2.971 GC heap after
{Heap after GC invocations=7 (full 0):
 garbage-first heap   total 30720K, used 10018K [0x00000000c1400000, 0x0000000100000000)
  region size 1024K, 1 young (1024K), 1 survivors (1024K)
 Metaspace       used 29863K, committed 30080K, reserved 1081344K
  class space    used 3400K, committed 3520K, reserved 1048576K
}
Event: 25.745 GC heap before
{Heap before GC invocations=7 (full 0):
 garbage-first heap   total 46080K, used 38690K [0x00000000c1400000, 0x0000000100000000)
  region size 1024K, 12 young (12288K), 1 survivors (1024K)
 Metaspace       used 32239K, committed 32512K, reserved 1081344K
  class space    used 3701K, committed 3840K, reserved 1048576K
}
Event: 25.751 GC heap after
{Heap after GC invocations=8 (full 0):
 garbage-first heap   total 46080K, used 28663K [0x00000000c1400000, 0x0000000100000000)
  region size 1024K, 2 young (2048K), 2 survivors (2048K)
 Metaspace       used 32239K, committed 32512K, reserved 1081344K
  class space    used 3701K, committed 3840K, reserved 1048576K
}
Event: 25.758 GC heap before
{Heap before GC invocations=8 (full 0):
 garbage-first heap   total 46080K, used 28663K [0x00000000c1400000, 0x0000000100000000)
  region size 1024K, 3 young (3072K), 2 survivors (2048K)
 Metaspace       used 32239K, committed 32512K, reserved 1081344K
  class space    used 3701K, committed 3840K, reserved 1048576K
}
Event: 25.761 GC heap after
{Heap after GC invocations=9 (full 0):
 garbage-first heap   total 46080K, used 28777K [0x00000000c1400000, 0x0000000100000000)
  region size 1024K, 1 young (1024K), 1 survivors (1024K)
 Metaspace       used 32239K, committed 32512K, reserved 1081344K
  class space    used 3701K, committed 3840K, reserved 1048576K
}

Deoptimization events (20 events):
Event: 2.096 Thread 0x000001a72a630940 Uncommon trap: trap_request=0xffffff45 fr.pc=0x000001a73701c0dc relative=0x00000000000003bc
Event: 2.096 Thread 0x000001a72a630940 Uncommon trap: reason=unstable_if action=reinterpret pc=0x000001a73701c0dc method=java.util.HashMap.putVal(ILjava/lang/Object;Ljava/lang/Object;ZZ)Ljava/lang/Object; @ 162 c2
Event: 2.096 Thread 0x000001a72a630940 DEOPT PACKING pc=0x000001a73701c0dc sp=0x0000005c0dbf8f10
Event: 2.096 Thread 0x000001a72a630940 DEOPT UNPACKING pc=0x000001a72f5123a3 sp=0x0000005c0dbf8e68 mode 2
Event: 2.391 Thread 0x000001a72a630940 Uncommon trap: trap_request=0xffffff45 fr.pc=0x000001a737003020 relative=0x0000000000000580
Event: 2.391 Thread 0x000001a72a630940 Uncommon trap: reason=unstable_if action=reinterpret pc=0x000001a737003020 method=java.lang.String.replace(CC)Ljava/lang/String; @ 2 c2
Event: 2.391 Thread 0x000001a72a630940 DEOPT PACKING pc=0x000001a737003020 sp=0x0000005c0dbfd620
Event: 2.391 Thread 0x000001a72a630940 DEOPT UNPACKING pc=0x000001a72f5123a3 sp=0x0000005c0dbfd5d0 mode 2
Event: 2.411 Thread 0x000001a74635b9b0 Uncommon trap: trap_request=0xffffff45 fr.pc=0x000001a73701e6f8 relative=0x00000000000000d8
Event: 2.411 Thread 0x000001a74635b9b0 Uncommon trap: reason=unstable_if action=reinterpret pc=0x000001a73701e6f8 method=java.lang.CharacterDataLatin1.digit(II)I @ 12 c2
Event: 2.411 Thread 0x000001a74635b9b0 DEOPT PACKING pc=0x000001a73701e6f8 sp=0x0000005c0fbfed00
Event: 2.411 Thread 0x000001a74635b9b0 DEOPT UNPACKING pc=0x000001a72f5123a3 sp=0x0000005c0fbfebb8 mode 2
Event: 2.434 Thread 0x000001a74635b9b0 Uncommon trap: trap_request=0xffffff45 fr.pc=0x000001a73701e348 relative=0x00000000000000a8
Event: 2.434 Thread 0x000001a74635b9b0 Uncommon trap: reason=unstable_if action=reinterpret pc=0x000001a73701e348 method=java.lang.CharacterDataLatin1.digit(II)I @ 12 c2
Event: 2.434 Thread 0x000001a74635b9b0 DEOPT PACKING pc=0x000001a73701e348 sp=0x0000005c0fbfec50
Event: 2.434 Thread 0x000001a74635b9b0 DEOPT UNPACKING pc=0x000001a72f5123a3 sp=0x0000005c0fbfebc8 mode 2
Event: 6.933 Thread 0x000001a72a630940 Uncommon trap: trap_request=0xffffff45 fr.pc=0x000001a736ffed30 relative=0x0000000000001010
Event: 6.933 Thread 0x000001a72a630940 Uncommon trap: reason=unstable_if action=reinterpret pc=0x000001a736ffed30 method=java.util.concurrent.ConcurrentHashMap.putVal(Ljava/lang/Object;Ljava/lang/Object;Z)Ljava/lang/Object; @ 231 c2
Event: 6.933 Thread 0x000001a72a630940 DEOPT PACKING pc=0x000001a736ffed30 sp=0x0000005c0dbfd5f0
Event: 6.933 Thread 0x000001a72a630940 DEOPT UNPACKING pc=0x000001a72f5123a3 sp=0x0000005c0dbfd560 mode 2

Classes unloaded (0 events):
No events

Classes redefined (0 events):
No events

Internal exceptions (20 events):
Event: 2.795 Thread 0x000001a72a630940 Exception <a 'java/lang/NoSuchMethodError'{0x00000000c28f36b8}: 'void java.lang.invoke.DirectMethodHandle$Holder.invokeSpecial(java.lang.Object, java.lang.Object, java.lang.Object, java.lang.Object, java.lang.Object, java.lang.Object)'> (0x00000000c28f36b8) 
thrown [e:\jenkins\tmp\workspace\build\src\src\hotspot\share\interpreter\linkResolver.cpp, line 766]
Event: 6.870 Thread 0x000001a72a630940 Exception <a 'java/lang/NoSuchMethodError'{0x00000000c4294208}: 'java.lang.Object java.lang.invoke.DirectMethodHandle$Holder.invokeSpecialIFC(java.lang.Object, java.lang.Object, java.lang.Object)'> (0x00000000c4294208) 
thrown [e:\jenkins\tmp\workspace\build\src\src\hotspot\share\interpreter\linkResolver.cpp, line 766]
Event: 6.876 Thread 0x000001a72a630940 Exception <a 'java/lang/NoSuchMethodError'{0x00000000c42bfdf0}: 'void java.lang.invoke.DirectMethodHandle$Holder.invokeSpecial(java.lang.Object, java.lang.Object, java.lang.Object)'> (0x00000000c42bfdf0) 
thrown [e:\jenkins\tmp\workspace\build\src\src\hotspot\share\interpreter\linkResolver.cpp, line 766]
Event: 6.917 Thread 0x000001a72a630940 Exception <a 'java/lang/ClassNotFoundException'{0x00000000c415e1b8}: sun/util/logging/resources/spi/loggingProvider> (0x00000000c415e1b8) 
thrown [e:\jenkins\tmp\workspace\build\src\src\hotspot\share\classfile\systemDictionary.cpp, line 256]
Event: 10.383 Thread 0x000001a72a630940 Exception <a 'java/lang/NoSuchMethodError'{0x00000000c265ac38}: 'int java.lang.invoke.DirectMethodHandle$Holder.invokeInterface(java.lang.Object, java.lang.Object)'> (0x00000000c265ac38) 
thrown [e:\jenkins\tmp\workspace\build\src\src\hotspot\share\interpreter\linkResolver.cpp, line 766]
Event: 24.634 Thread 0x000001a72a630940 Exception <a 'java/net/SocketException'{0x00000000c25c2c98}: Socket is not connected: shutdown> (0x00000000c25c2c98) 
thrown [e:\jenkins\tmp\workspace\build\src\src\hotspot\share\prims\jni.cpp, line 535]
Event: 24.663 Thread 0x000001a74635b9b0 Exception <a 'java/net/ConnectException'{0x00000000c25faaf0}: Connection refused: no further information> (0x00000000c25faaf0) 
thrown [e:\jenkins\tmp\workspace\build\src\src\hotspot\share\prims\jni.cpp, line 535]
Event: 24.664 Thread 0x000001a74635b9b0 Exception <a 'java/net/SocketException'{0x00000000c25fae28}: Socket is not connected: shutdown> (0x00000000c25fae28) 
thrown [e:\jenkins\tmp\workspace\build\src\src\hotspot\share\prims\jni.cpp, line 535]
Event: 24.695 Thread 0x000001a74635b9b0 Exception <a 'java/net/ConnectException'{0x00000000c25fbe70}: Connection refused: no further information> (0x00000000c25fbe70) 
thrown [e:\jenkins\tmp\workspace\build\src\src\hotspot\share\prims\jni.cpp, line 535]
Event: 24.695 Thread 0x000001a74635b9b0 Exception <a 'java/net/SocketException'{0x00000000c25fc1a8}: Socket is not connected: shutdown> (0x00000000c25fc1a8) 
thrown [e:\jenkins\tmp\workspace\build\src\src\hotspot\share\prims\jni.cpp, line 535]
Event: 24.741 Thread 0x000001a74635b9b0 Exception <a 'java/net/ConnectException'{0x00000000c25fd1f0}: Connection refused: no further information> (0x00000000c25fd1f0) 
thrown [e:\jenkins\tmp\workspace\build\src\src\hotspot\share\prims\jni.cpp, line 535]
Event: 24.741 Thread 0x000001a74635b9b0 Exception <a 'java/net/SocketException'{0x00000000c25fd528}: Socket is not connected: shutdown> (0x00000000c25fd528) 
thrown [e:\jenkins\tmp\workspace\build\src\src\hotspot\share\prims\jni.cpp, line 535]
Event: 24.789 Thread 0x000001a74635b9b0 Exception <a 'java/net/ConnectException'{0x00000000c25fe570}: Connection refused: no further information> (0x00000000c25fe570) 
thrown [e:\jenkins\tmp\workspace\build\src\src\hotspot\share\prims\jni.cpp, line 535]
Event: 24.789 Thread 0x000001a74635b9b0 Exception <a 'java/net/SocketException'{0x00000000c25fe8a8}: Socket is not connected: shutdown> (0x00000000c25fe8a8) 
thrown [e:\jenkins\tmp\workspace\build\src\src\hotspot\share\prims\jni.cpp, line 535]
Event: 24.881 Thread 0x000001a74635b9b0 Exception <a 'java/net/ConnectException'{0x00000000c25ff8f0}: Connection refused: no further information> (0x00000000c25ff8f0) 
thrown [e:\jenkins\tmp\workspace\build\src\src\hotspot\share\prims\jni.cpp, line 535]
Event: 24.881 Thread 0x000001a74635b9b0 Exception <a 'java/net/SocketException'{0x00000000c25ffc28}: Socket is not connected: shutdown> (0x00000000c25ffc28) 
thrown [e:\jenkins\tmp\workspace\build\src\src\hotspot\share\prims\jni.cpp, line 535]
Event: 25.066 Thread 0x000001a74635b9b0 Exception <a 'java/net/ConnectException'{0x00000000c241dc18}: Connection refused: no further information> (0x00000000c241dc18) 
thrown [e:\jenkins\tmp\workspace\build\src\src\hotspot\share\prims\jni.cpp, line 535]
Event: 25.066 Thread 0x000001a74635b9b0 Exception <a 'java/net/SocketException'{0x00000000c241df50}: Socket is not connected: shutdown> (0x00000000c241df50) 
thrown [e:\jenkins\tmp\workspace\build\src\src\hotspot\share\prims\jni.cpp, line 535]
Event: 25.405 Thread 0x000001a74635b9b0 Exception <a 'java/net/ConnectException'{0x00000000c241ef98}: Connection refused: no further information> (0x00000000c241ef98) 
thrown [e:\jenkins\tmp\workspace\build\src\src\hotspot\share\prims\jni.cpp, line 535]
Event: 25.405 Thread 0x000001a74635b9b0 Exception <a 'java/net/SocketException'{0x00000000c241f2d0}: Socket is not connected: shutdown> (0x00000000c241f2d0) 
thrown [e:\jenkins\tmp\workspace\build\src\src\hotspot\share\prims\jni.cpp, line 535]

VM Operations (20 events):
Event: 2.971 Executing VM operation: G1TryInitiateConcMark done
Event: 3.974 Executing VM operation: Cleanup
Event: 3.974 Executing VM operation: Cleanup done
Event: 6.990 Executing VM operation: Cleanup
Event: 6.991 Executing VM operation: Cleanup done
Event: 8.002 Executing VM operation: Cleanup
Event: 8.002 Executing VM operation: Cleanup done
Event: 11.027 Executing VM operation: Cleanup
Event: 11.027 Executing VM operation: Cleanup done
Event: 12.036 Executing VM operation: Cleanup
Event: 12.036 Executing VM operation: Cleanup done
Event: 20.111 Executing VM operation: Cleanup
Event: 20.111 Executing VM operation: Cleanup done
Event: 25.143 Executing VM operation: Cleanup
Event: 25.144 Executing VM operation: Cleanup done
Event: 25.745 Executing VM operation: G1CollectForAllocation
Event: 25.751 Executing VM operation: G1CollectForAllocation done
Event: 25.758 Executing VM operation: G1TryInitiateConcMark
Event: 25.761 Executing VM operation: G1TryInitiateConcMark done
Event: 25.778 Executing VM operation: G1Concurrent

Events (20 events):
Event: 10.377 loading class java/util/concurrent/ConcurrentLinkedQueue$Itr done
Event: 10.381 loading class java/util/Spliterators$IntArraySpliterator
Event: 10.382 loading class java/util/Spliterators$IntArraySpliterator done
Event: 10.382 loading class java/util/stream/IntPipeline$1
Event: 10.382 loading class java/util/stream/IntPipeline$1 done
Event: 10.382 loading class java/util/stream/IntPipeline$1$1
Event: 10.382 loading class java/util/stream/IntPipeline$1$1 done
Event: 10.425 loading class java/net/URLEncoder
Event: 10.426 loading class java/net/URLEncoder done
Event: 10.426 loading class java/io/CharArrayWriter
Event: 10.426 loading class java/io/CharArrayWriter done
Event: 19.939 loading class java/util/concurrent/ConcurrentHashMap$KeySpliterator
Event: 19.939 loading class java/util/concurrent/ConcurrentHashMap$KeySpliterator done
Event: 24.641 Thread 0x000001a746359800 Thread added: 0x000001a746359800
Event: 24.641 Thread 0x000001a74635a1a0 Thread added: 0x000001a74635a1a0
Event: 24.641 Thread 0x000001a74635b4e0 Thread added: 0x000001a74635b4e0
Event: 24.904 Thread 0x000001a74635be80 Thread added: 0x000001a74635be80
Event: 24.904 Thread 0x000001a74635b010 Thread added: 0x000001a74635b010
Event: 25.733 Thread 0x000001a74635a670 Thread added: 0x000001a74635a670
Event: 25.743 Thread 0x000001a74433eec0 Thread added: 0x000001a74433eec0


Dynamic libraries:
0x00007ff620900000 - 0x00007ff62090e000 	C:\Users\anamendra.y(2420)\.p2\pool\plugins\org.eclipse.justj.openjdk.hotspot.jre.full.win32.x86_64_17.0.1.v20211116-1657\jre\bin\javaw.exe
0x00007ff873b10000 - 0x00007ff873d05000 	C:\WINDOWS\SYSTEM32\ntdll.dll
0x00007ff873a00000 - 0x00007ff873abe000 	C:\WINDOWS\System32\KERNEL32.DLL
0x00007ff871560000 - 0x00007ff871828000 	C:\WINDOWS\System32\KERNELBASE.dll
0x00007ff871350000 - 0x00007ff871450000 	C:\WINDOWS\System32\ucrtbase.dll
0x00007ff861680000 - 0x00007ff861699000 	C:\Users\anamendra.y(2420)\.p2\pool\plugins\org.eclipse.justj.openjdk.hotspot.jre.full.win32.x86_64_17.0.1.v20211116-1657\jre\bin\VCRUNTIME140.dll
0x00007ff862dc0000 - 0x00007ff862dd8000 	C:\Users\anamendra.y(2420)\.p2\pool\plugins\org.eclipse.justj.openjdk.hotspot.jre.full.win32.x86_64_17.0.1.v20211116-1657\jre\bin\jli.dll
0x00007ff873680000 - 0x00007ff873821000 	C:\WINDOWS\System32\USER32.dll
0x00007ff85d8e0000 - 0x00007ff85db7a000 	C:\WINDOWS\WinSxS\amd64_microsoft.windows.common-controls_6595b64144ccf1df_6.0.19041.1110_none_60b5254171f9507e\COMCTL32.dll
0x00007ff871a90000 - 0x00007ff871ab2000 	C:\WINDOWS\System32\win32u.dll
0x00007ff873260000 - 0x00007ff8732fe000 	C:\WINDOWS\System32\msvcrt.dll
0x00007ff872550000 - 0x00007ff87257b000 	C:\WINDOWS\System32\GDI32.dll
0x00007ff871450000 - 0x00007ff87155d000 	C:\WINDOWS\System32\gdi32full.dll
0x00007ff871220000 - 0x00007ff8712bd000 	C:\WINDOWS\System32\msvcp_win.dll
0x00007ff872f30000 - 0x00007ff872f60000 	C:\WINDOWS\System32\IMM32.DLL
0x00007ff862db0000 - 0x00007ff862dbc000 	C:\Users\anamendra.y(2420)\.p2\pool\plugins\org.eclipse.justj.openjdk.hotspot.jre.full.win32.x86_64_17.0.1.v20211116-1657\jre\bin\vcruntime140_1.dll
0x00007ff860b50000 - 0x00007ff860be1000 	C:\Users\anamendra.y(2420)\.p2\pool\plugins\org.eclipse.justj.openjdk.hotspot.jre.full.win32.x86_64_17.0.1.v20211116-1657\jre\bin\msvcp140.dll
0x00007ff80a030000 - 0x00007ff80ac76000 	C:\Users\anamendra.y(2420)\.p2\pool\plugins\org.eclipse.justj.openjdk.hotspot.jre.full.win32.x86_64_17.0.1.v20211116-1657\jre\bin\server\jvm.dll
0x00007ff872140000 - 0x00007ff8721ec000 	C:\WINDOWS\System32\ADVAPI32.dll
0x00007ff873310000 - 0x00007ff8733ab000 	C:\WINDOWS\System32\sechost.dll
0x00007ff8726b0000 - 0x00007ff8727da000 	C:\WINDOWS\System32\RPCRT4.dll
0x00007ff873ac0000 - 0x00007ff873ac8000 	C:\WINDOWS\System32\PSAPI.DLL
0x00007ff85ed60000 - 0x00007ff85ed69000 	C:\WINDOWS\SYSTEM32\WSOCK32.dll
0x00007ff873550000 - 0x00007ff8735bb000 	C:\WINDOWS\System32\WS2_32.dll
0x00007ff862ed0000 - 0x00007ff862ef7000 	C:\WINDOWS\SYSTEM32\WINMM.dll
0x00007ff870000000 - 0x00007ff87000a000 	C:\WINDOWS\SYSTEM32\VERSION.dll
0x00007ff86ffc0000 - 0x00007ff86ffd2000 	C:\WINDOWS\SYSTEM32\kernel.appcore.dll
0x00007ff86aed0000 - 0x00007ff86aeda000 	C:\Users\anamendra.y(2420)\.p2\pool\plugins\org.eclipse.justj.openjdk.hotspot.jre.full.win32.x86_64_17.0.1.v20211116-1657\jre\bin\jimage.dll
0x00007ff85f260000 - 0x00007ff85f444000 	C:\WINDOWS\SYSTEM32\DBGHELP.DLL
0x00007ff85ed30000 - 0x00007ff85ed5c000 	C:\WINDOWS\SYSTEM32\dbgcore.DLL
0x00007ff871ac0000 - 0x00007ff871b42000 	C:\WINDOWS\System32\bcryptPrimitives.dll
0x00007ff84a500000 - 0x00007ff84a525000 	C:\Users\anamendra.y(2420)\.p2\pool\plugins\org.eclipse.justj.openjdk.hotspot.jre.full.win32.x86_64_17.0.1.v20211116-1657\jre\bin\java.dll
0x00007ff8616e0000 - 0x00007ff8616f8000 	C:\Users\anamendra.y(2420)\.p2\pool\plugins\org.eclipse.justj.openjdk.hotspot.jre.full.win32.x86_64_17.0.1.v20211116-1657\jre\bin\zip.dll
0x00007ff8727e0000 - 0x00007ff872f24000 	C:\WINDOWS\System32\SHELL32.dll
0x00007ff86f150000 - 0x00007ff86f8e4000 	C:\WINDOWS\SYSTEM32\windows.storage.dll
0x00007ff8721f0000 - 0x00007ff872545000 	C:\WINDOWS\System32\combase.dll
0x00007ff870ba0000 - 0x00007ff870bce000 	C:\WINDOWS\SYSTEM32\Wldp.dll
0x00007ff873440000 - 0x00007ff8734ed000 	C:\WINDOWS\System32\SHCORE.dll
0x00007ff8735c0000 - 0x00007ff873615000 	C:\WINDOWS\System32\shlwapi.dll
0x00007ff871160000 - 0x00007ff87117f000 	C:\WINDOWS\SYSTEM32\profapi.dll
0x00007ff81a2d0000 - 0x00007ff81a2e9000 	C:\Users\anamendra.y(2420)\.p2\pool\plugins\org.eclipse.justj.openjdk.hotspot.jre.full.win32.x86_64_17.0.1.v20211116-1657\jre\bin\net.dll
0x00007ff8698b0000 - 0x00007ff8699bc000 	C:\WINDOWS\SYSTEM32\WINHTTP.dll
0x00007ff870900000 - 0x00007ff87096a000 	C:\WINDOWS\system32\mswsock.dll
0x00007ff817110000 - 0x00007ff817125000 	C:\Users\anamendra.y(2420)\.p2\pool\plugins\org.eclipse.justj.openjdk.hotspot.jre.full.win32.x86_64_17.0.1.v20211116-1657\jre\bin\nio.dll
0x00007ff870630000 - 0x00007ff8706fb000 	C:\WINDOWS\SYSTEM32\DNSAPI.dll
0x00007ff8705f0000 - 0x00007ff87062b000 	C:\WINDOWS\SYSTEM32\IPHLPAPI.DLL
0x00007ff873300000 - 0x00007ff873308000 	C:\WINDOWS\System32\NSI.dll
0x00007ff864880000 - 0x00007ff86488a000 	C:\Windows\System32\rasadhlp.dll
0x00007ff86c450000 - 0x00007ff86c4cf000 	C:\WINDOWS\System32\fwpuclnt.dll
0x00007ff8712c0000 - 0x00007ff8712e7000 	C:\WINDOWS\System32\bcrypt.dll
0x00007ff870b00000 - 0x00007ff870b18000 	C:\WINDOWS\SYSTEM32\CRYPTSP.dll
0x00007ff870280000 - 0x00007ff8702b4000 	C:\WINDOWS\system32\rsaenh.dll
0x00007ff871120000 - 0x00007ff87114e000 	C:\WINDOWS\SYSTEM32\USERENV.dll
0x00007ff870af0000 - 0x00007ff870afc000 	C:\WINDOWS\SYSTEM32\CRYPTBASE.dll
0x00007ff86c140000 - 0x00007ff86c157000 	C:\WINDOWS\SYSTEM32\dhcpcsvc6.DLL
0x00007ff86c0c0000 - 0x00007ff86c0dd000 	C:\WINDOWS\SYSTEM32\dhcpcsvc.DLL
0x00007ff85ddc0000 - 0x00007ff85ddd7000 	C:\WINDOWS\system32\napinsp.dll
0x00007ff85dda0000 - 0x00007ff85ddbb000 	C:\WINDOWS\system32\pnrpnsp.dll
0x00007ff85dcb0000 - 0x00007ff85dcc5000 	C:\WINDOWS\system32\wshbth.dll
0x00007ff86cb00000 - 0x00007ff86cb1d000 	C:\WINDOWS\system32\NLAapi.dll
0x00007ff85dc30000 - 0x00007ff85dc42000 	C:\WINDOWS\System32\winrnr.dll
0x00007ff861eb0000 - 0x00007ff861ec0000 	C:\Users\anamendra.y(2420)\.p2\pool\plugins\org.eclipse.justj.openjdk.hotspot.jre.full.win32.x86_64_17.0.1.v20211116-1657\jre\bin\verify.dll
0x00007ff861ea0000 - 0x00007ff861ea9000 	C:\Users\anamendra.y(2420)\.p2\pool\plugins\org.eclipse.justj.openjdk.hotspot.jre.full.win32.x86_64_17.0.1.v20211116-1657\jre\bin\management.dll
0x00007ff861620000 - 0x00007ff86162b000 	C:\Users\anamendra.y(2420)\.p2\pool\plugins\org.eclipse.justj.openjdk.hotspot.jre.full.win32.x86_64_17.0.1.v20211116-1657\jre\bin\management_ext.dll
0x00007ff86aec0000 - 0x00007ff86aece000 	C:\Users\anamendra.y(2420)\.p2\pool\plugins\org.eclipse.justj.openjdk.hotspot.jre.full.win32.x86_64_17.0.1.v20211116-1657\jre\bin\sunmscapi.dll
0x00007ff8718e0000 - 0x00007ff871a36000 	C:\WINDOWS\System32\CRYPT32.dll
0x00007ff870c10000 - 0x00007ff870c37000 	C:\WINDOWS\SYSTEM32\ncrypt.dll
0x00007ff870bd0000 - 0x00007ff870c0b000 	C:\WINDOWS\SYSTEM32\NTASN1.dll
0x00007ff86cc90000 - 0x00007ff86cc97000 	C:\WINDOWS\system32\wshunix.dll

dbghelp: loaded successfully - version: 4.0.5 - missing functions: none
symbol engine: initialized successfully - sym options: 0x614 - pdb path: .;C:\Users\anamendra.y(2420)\.p2\pool\plugins\org.eclipse.justj.openjdk.hotspot.jre.full.win32.x86_64_17.0.1.v20211116-1657\jre\bin;C:\WINDOWS\SYSTEM32;C:\WINDOWS\WinSxS\amd64_microsoft.windows.common-controls_6595b64144ccf1df_6.0.19041.1110_none_60b5254171f9507e;C:\Users\anamendra.y(2420)\.p2\pool\plugins\org.eclipse.justj.openjdk.hotspot.jre.full.win32.x86_64_17.0.1.v20211116-1657\jre\bin\server

VM Arguments:
jvm_args: -ea -Dfile.encoding=Cp1252 -XX:+ShowCodeDetailsInExceptionMessages 
java_command: org.testng.remote.RemoteTestNG -serport 55207 -protocol json -d C:\Users\anamendra.y(2420)\eclipse-workspace\automateDemo\test-output C:\Users\anamendra.y(2420)\eclipse-workspace\automateDemo\testng.xml
java_class_path (initial): C:\Users\anamendra.y(2420)\eclipse\java-2021-12\eclipse\configuration\org.eclipse.osgi\429\0\.cp\lib\testng-remote.jar;C:\Users\anamendra.y(2420)\eclipse-workspace\automateDemo\target\test-classes;C:\Users\anamendra.y(2420)\eclipse-workspace\automateDemo\target\classes;C:\Users\anamendra.y(2420)\.p2\pool\plugins\org.testng_7.4.0.r202105021533.jar;C:\Users\anamendra.y(2420)\.p2\pool\plugins\com.beust.jcommander_1.78.0.jar;C:\Users\anamendra.y(2420)\.p2\pool\plugins\org.apache-extras.beanshell.bsh_2.0.0.b6.jar;C:\Users\anamendra.y(2420)\.p2\pool\plugins\org.yaml.snakeyaml_1.21.0.jar;C:\Users\anamendra.y(2420)\.p2\pool\plugins\org.webjars.jquery_3.5.1.jar;C:\Users\anamendra.y(2420)\.m2\repository\org\seleniumhq\selenium\selenium-java\4.1.1\selenium-java-4.1.1.jar;C:\Users\anamendra.y(2420)\.m2\repository\org\seleniumhq\selenium\selenium-api\4.1.1\selenium-api-4.1.1.jar;C:\Users\anamendra.y(2420)\.m2\repository\org\seleniumhq\selenium\selenium-chrome-driver\4.1.1\selenium-chrome-driver-4.1.1.jar;C:\Users\anamendra.y(2420)\.m2\repository\com\google\auto\service\auto-service-annotations\1.0.1\auto-service-annotations-1.0.1.jar;C:\Users\anamendra.y(2420)\.m2\repository\com\google\auto\service\auto-service\1.0.1\auto-service-1.0.1.jar;C:\Users\anamendra.y(2420)\.m2\repository\com\google\auto\auto-common\1.2\auto-common-1.2.jar;C:\Users\anamendra.y(2420)\.m2\repository\com\google\guava\guava\31.0.1-jre\guava-31.0.1-jre.jar;C:\Users\anamendra.y(2420)\.m2\repository\com\google\guava\failureaccess\1.0.1\failureaccess-1.0.1.jar;C:\Users\anamendra.y(2420)\.m2\repository\com\google\guava\listenablefuture\9999.0-empty-to-avoid-conflict-with-guava\listenablefuture-9999.0-empty-to-avoid-conflict-with-guava.jar;C:\Users\anamendra.y(2420)\.m2\repository\com\google\code\findbugs\jsr305\3.0.2\jsr305-3.0.2.jar;C:\Users\anamendra.y(2420)\.m2\repository\org\checkerframework\checker-qual\3.12.0\checker-qual-3.12.0.jar;C:\Users\anamendra.y(2420)\.m2\repository\com
Launcher Type: SUN_STANDARD

[Global flags]
     intx CICompilerCount                          = 3                                         {product} {ergonomic}
     uint ConcGCThreads                            = 1                                         {product} {ergonomic}
     uint G1ConcRefinementThreads                  = 4                                         {product} {ergonomic}
   size_t G1HeapRegionSize                         = 1048576                                   {product} {ergonomic}
    uintx GCDrainStackTargetSize                   = 64                                        {product} {ergonomic}
   size_t InitialHeapSize                          = 67108864                                  {product} {ergonomic}
   size_t MarkStackSize                            = 4194304                                   {product} {ergonomic}
   size_t MaxHeapSize                              = 1052770304                                {product} {ergonomic}
   size_t MaxNewSize                               = 631242752                                 {product} {ergonomic}
   size_t MinHeapDeltaBytes                        = 1048576                                   {product} {ergonomic}
   size_t MinHeapSize                              = 8388608                                   {product} {ergonomic}
    uintx NonNMethodCodeHeapSize                   = 5832780                                {pd product} {ergonomic}
    uintx NonProfiledCodeHeapSize                  = 122912730                              {pd product} {ergonomic}
    uintx ProfiledCodeHeapSize                     = 122912730                              {pd product} {ergonomic}
    uintx ReservedCodeCacheSize                    = 251658240                              {pd product} {ergonomic}
     bool SegmentedCodeCache                       = true                                      {product} {ergonomic}
     bool ShowCodeDetailsInExceptionMessages       = true                                   {manageable} {command line}
   size_t SoftMaxHeapSize                          = 1052770304                             {manageable} {ergonomic}
     bool UseCompressedClassPointers               = true                           {product lp64_product} {ergonomic}
     bool UseCompressedOops                        = true                           {product lp64_product} {ergonomic}
     bool UseG1GC                                  = true                                      {product} {ergonomic}
     bool UseLargePagesIndividualAllocation        = false                                  {pd product} {ergonomic}

Logging:
Log output configuration:
 #0: stdout all=warning uptime,level,tags
 #1: stderr all=off uptime,level,tags

Environment Variables:
PATH=C:/Users/anamendra.y(2420)/.p2/pool/plugins/org.eclipse.justj.openjdk.hotspot.jre.full.win32.x86_64_17.0.1.v20211116-1657/jre/bin/server;C:/Users/anamendra.y(2420)/.p2/pool/plugins/org.eclipse.justj.openjdk.hotspot.jre.full.win32.x86_64_17.0.1.v20211116-1657/jre/bin;"C:\Program Files\nodejs\node_modules\npm\bin;C:\Users\anamendra.y(2420)\Downloads\chromedriver_win32;";C:\Python310\;C:\Program Files (x86)\Common Files\Oracle\Java\javapath;C:\Program Files (x86)\Intel\iCLS Client\;C:\Users\anamendra.y(2420)\Downloads\apache-ant-1.10.12\apache-ant-1.10.12\bin;C:\Program Files\Intel\iCLS Client\;C:\WINDOWS\system32;C:\WINDOWS;C:\WINDOWS\System32\Wbem;C:\WINDOWS\System32\WindowsPowerShell\v1.0\;C:\Program Files\Intel\Intel(R) Management Engine Components\DAL;C:\Program Files\Intel\Intel(R) Management Engine Components\IPT;C:\Program Files (x86)\Intel\Intel(R) Management Engine Components\DAL;C:\Program Files (x86)\Intel\Intel(R) Management Engine Components\IPT;C:\WINDOWS\System32\OpenSSH\;D:\Softwares\apache-jmeter-5.2.1\apache-jmeter-5.2.1\bin;D:\apache-ant-1.9.9\bin;C:\Program Files\Git\cmd;C:\Program Files\nodejs\;C:\Program Files (x86)\dotnet\;C:\ProgramData\chocolatey\bin;C:\Program Files\Microsoft VS Code\bin;C:\apache-maven-3.8.4\bin;C:\Program Files\dotnet\;C:\Users\anamendra.y(2420)\AppData\Local\Microsoft\WindowsApps;C:\Users\anamendra.y(2420)\AppData\Roaming\npm;C:\Users\anamendra.y(2420)\.dotnet\tools;C:\WINDOWS\system32;
USERNAME=anamendra.y(2420)
OS=Windows_NT
PROCESSOR_IDENTIFIER=Intel64 Family 6 Model 60 Stepping 3, GenuineIntel



---------------  S Y S T E M  ---------------

OS:
 Windows 10 , 64 bit Build 19041 (10.0.19041.1348)
OS uptime: 0 days 5:00 hours

CPU: total 4 (initial active 4) (4 cores per cpu, 1 threads per core) family 6 model 60 stepping 3 microcode 0x27, cx8, cmov, fxsr, mmx, sse, sse2, sse3, ssse3, sse4.1, sse4.2, popcnt, lzcnt, tsc, tscinvbit, avx, avx2, aes, erms, clmul, bmi1, bmi2, fma, vzeroupper, clflush

Memory: 4k page, system-wide physical 4013M (133M free)
TotalPageFile size 10526M (AvailPageFile size 13M)
current process WorkingSet (physical memory assigned to process): 193M, peak: 193M
current process commit charge ("private bytes"): 239M, peak: 254M

vm_info: OpenJDK 64-Bit Server VM (17.0.1+12) for windows-amd64 JRE (17.0.1+12), built on Oct 20 2021 07:42:55 by "" with MS VC++ 16.7 (VS2019)

END.
