#
# There is insufficient memory for the Java Runtime Environment to continue.
# Native memory allocation (mmap) failed to map 65536 bytes for Failed to commit metaspace.
# Possible reasons:
#   The system is out of physical RAM or swap space
#   The process is running with CompressedOops enabled, and the Java Heap may be blocking the growth of the native heap
# Possible solutions:
#   Reduce memory load on the system
#   Increase physical memory or swap space
#   Check if swap backing store is full
#   Decrease Java heap size (-Xmx/-Xms)
#   Decrease number of Java threads
#   Decrease Java thread stack sizes (-Xss)
#   Set larger code cache with -XX:ReservedCodeCacheSize=
#   JVM is running with Unscaled Compressed Oops mode in which the Java heap is
#     placed in the first 4GB address space. The Java Heap base address is the
#     maximum limit for the native heap growth. Please use -XX:HeapBaseMinAddress
#     to set the Java Heap base and to place the Java Heap above 4GB virtual address.
# This output file may be truncated or incomplete.
#
#  Out of Memory Error (virtualSpaceNode.cpp:110), pid=8284, tid=5684
#
# JRE version: OpenJDK Runtime Environment Temurin-17.0.1+12 (17.0.1+12) (build 17.0.1+12)
# Java VM: OpenJDK 64-Bit Server VM Temurin-17.0.1+12 (17.0.1+12, mixed mode, tiered, compressed oops, compressed class ptrs, g1 gc, windows-amd64)
# No core dump will be written. Minidumps are not enabled by default on client versions of Windows
#

---------------  S U M M A R Y ------------

Command Line: -ea -Dfile.encoding=Cp1252 -XX:+ShowCodeDetailsInExceptionMessages org.testng.remote.RemoteTestNG -serport 61268 -protocol json -d C:\Users\anamendra.y(2420)\eclipse-workspace\automateDemo\test-output C:\Users\ANAMEN~1.Y(2\AppData\Local\Temp\testng-eclipse-1177149925\testng-customsuite.xml

Host: Intel(R) Core(TM) i5-4590T CPU @ 2.00GHz, 4 cores, 3G,  Windows 10 , 64 bit Build 19041 (10.0.19041.1348)
Time: Tue Mar  8 14:27:43 2022 India Standard Time elapsed time: 7.429915 seconds (0d 0h 0m 7s)

---------------  T H R E A D  ---------------

Current thread (0x0000025c1254f8e0):  JavaThread "Forwarding newSession on session null to remote" [_thread_in_vm, id=5684, stack(0x000000d5c0100000,0x000000d5c0200000)]

Stack: [0x000000d5c0100000,0x000000d5c0200000]
Native frames: (J=compiled Java code, j=interpreted, Vv=VM code, C=native code)
V  [jvm.dll+0x6744da]
V  [jvm.dll+0x82e144]
V  [jvm.dll+0x82f8ee]
V  [jvm.dll+0x82ff53]
V  [jvm.dll+0x245175]
V  [jvm.dll+0x82a0eb]
V  [jvm.dll+0x619566]
V  [jvm.dll+0x6195ca]
V  [jvm.dll+0x61bdea]
V  [jvm.dll+0x619f06]
V  [jvm.dll+0x623b87]
V  [jvm.dll+0x1e9e4b]
V  [jvm.dll+0x1ea385]
V  [jvm.dll+0x1eadbf]
V  [jvm.dll+0x1e0261]
V  [jvm.dll+0x53b150]
V  [jvm.dll+0x1f0a57]
V  [jvm.dll+0x7a87ab]
V  [jvm.dll+0x7a9b52]
V  [jvm.dll+0x7a9e88]
V  [jvm.dll+0x23d45e]
V  [jvm.dll+0x37eb86]
C  0x0000025c15c0b8ea

Java frames: (J=compiled Java code, j=interpreted, Vv=VM code)
j  java.time.zone.ZoneRules.readExternal(Ljava/io/DataInput;)Ljava/time/zone/ZoneRules;+61 java.base@17.0.1
j  java.time.zone.Ser.readInternal(BLjava/io/DataInput;)Ljava/io/Serializable;+29 java.base@17.0.1
j  java.time.zone.Ser.read(Ljava/io/DataInput;)Ljava/io/Serializable;+9 java.base@17.0.1
j  java.time.zone.TzdbZoneRulesProvider.provideRules(Ljava/lang/String;Z)Ljava/time/zone/ZoneRules;+75 java.base@17.0.1
j  java.time.zone.ZoneRulesProvider.getRules(Ljava/lang/String;Z)Ljava/time/zone/ZoneRules;+13 java.base@17.0.1
j  java.time.ZoneRegion.ofId(Ljava/lang/String;Z)Ljava/time/ZoneRegion;+15 java.base@17.0.1
j  java.time.ZoneId.of(Ljava/lang/String;Z)Ljava/time/ZoneId;+81 java.base@17.0.1
j  java.time.ZoneId.of(Ljava/lang/String;)Ljava/time/ZoneId;+2 java.base@17.0.1
j  java.time.ZoneId.of(Ljava/lang/String;Ljava/util/Map;)Ljava/time/ZoneId;+33 java.base@17.0.1
j  java.util.TimeZone.toZoneId0()Ljava/time/ZoneId;+97 java.base@17.0.1
j  java.util.TimeZone.toZoneId()Ljava/time/ZoneId;+11 java.base@17.0.1
j  java.util.TimeZone.toZoneId0()Ljava/time/ZoneId;+30 java.base@17.0.1
j  java.util.TimeZone.toZoneId()Ljava/time/ZoneId;+11 java.base@17.0.1
j  java.time.ZoneId.systemDefault()Ljava/time/ZoneId;+3 java.base@17.0.1
j  java.util.logging.SimpleFormatter.format(Ljava/util/logging/LogRecord;)Ljava/lang/String;+4 java.logging@17.0.1
j  java.util.logging.StreamHandler.publish(Ljava/util/logging/LogRecord;)V+14 java.logging@17.0.1
j  java.util.logging.ConsoleHandler.publish(Ljava/util/logging/LogRecord;)V+2 java.logging@17.0.1
j  java.util.logging.Logger.log(Ljava/util/logging/LogRecord;)V+90 java.logging@17.0.1
j  java.util.logging.Logger.doLog(Ljava/util/logging/LogRecord;)V+46 java.logging@17.0.1
j  java.util.logging.Logger.log(Ljava/util/logging/Level;Ljava/lang/String;)V+21 java.logging@17.0.1
j  java.util.logging.Logger.info(Ljava/lang/String;)V+5 java.logging@17.0.1
j  org.openqa.selenium.remote.ProtocolHandshake.createSession(Lorg/openqa/selenium/remote/http/HttpHandler;Lorg/openqa/selenium/remote/Command;)Lorg/openqa/selenium/remote/ProtocolHandshake$Result;+84
j  org.openqa.selenium.remote.HttpCommandExecutor.execute(Lorg/openqa/selenium/remote/Command;)Lorg/openqa/selenium/remote/Response;+122
j  org.openqa.selenium.remote.service.DriverCommandExecutor.invokeExecute(Lorg/openqa/selenium/remote/Command;)Lorg/openqa/selenium/remote/Response;+2
j  org.openqa.selenium.remote.service.DriverCommandExecutor.execute(Lorg/openqa/selenium/remote/Command;)Lorg/openqa/selenium/remote/Response;+195
j  org.openqa.selenium.remote.RemoteWebDriver.execute(Lorg/openqa/selenium/remote/CommandPayload;)Lorg/openqa/selenium/remote/Response;+76
j  org.openqa.selenium.remote.RemoteWebDriver.startSession(Lorg/openqa/selenium/Capabilities;)V+8
j  org.openqa.selenium.remote.RemoteWebDriver.<init>(Lorg/openqa/selenium/remote/CommandExecutor;Lorg/openqa/selenium/Capabilities;)V+85
j  org.openqa.selenium.chromium.ChromiumDriver.<init>(Lorg/openqa/selenium/remote/CommandExecutor;Lorg/openqa/selenium/Capabilities;Ljava/lang/String;)V+3
j  org.openqa.selenium.chrome.ChromeDriver.<init>(Lorg/openqa/selenium/chrome/ChromeDriverService;Lorg/openqa/selenium/Capabilities;)V+12
j  org.openqa.selenium.chrome.ChromeDriver.<init>(Lorg/openqa/selenium/chrome/ChromeDriverService;Lorg/openqa/selenium/chrome/ChromeOptions;)V+3
j  org.openqa.selenium.chrome.ChromeDriver.<init>()V+11
j  pages.LoginClass.setUp()V+13
v  ~StubRoutines::call_stub
j  jdk.internal.reflect.NativeMethodAccessorImpl.invoke0(Ljava/lang/reflect/Method;Ljava/lang/Object;[Ljava/lang/Object;)Ljava/lang/Object;+0 java.base@17.0.1
j  jdk.internal.reflect.NativeMethodAccessorImpl.invoke(Ljava/lang/Object;[Ljava/lang/Object;)Ljava/lang/Object;+133 java.base@17.0.1
j  jdk.internal.reflect.DelegatingMethodAccessorImpl.invoke(Ljava/lang/Object;[Ljava/lang/Object;)Ljava/lang/Object;+6 java.base@17.0.1
j  java.lang.reflect.Method.invoke(Ljava/lang/Object;[Ljava/lang/Object;)Ljava/lang/Object;+59 java.base@17.0.1
j  org.testng.internal.MethodInvocationHelper.invokeMethod(Ljava/lang/reflect/Method;Ljava/lang/Object;[Ljava/lang/Object;)Ljava/lang/Object;+258
j  org.testng.internal.TestInvoker.invokeMethod(Lorg/testng/internal/TestMethodArguments;Lorg/testng/xml/XmlSuite;Lorg/testng/internal/ITestInvoker$FailureContext;)Lorg/testng/ITestResult;+699
j  org.testng.internal.TestInvoker.invokeTestMethod(Lorg/testng/internal/TestMethodArguments;Lorg/testng/xml/XmlSuite;Lorg/testng/internal/ITestInvoker$FailureContext;)Lorg/testng/ITestResult;+16
j  org.testng.internal.MethodRunner.runInSequence(Lorg/testng/internal/TestMethodArguments;Lorg/testng/internal/ITestInvoker;Lorg/testng/ITestContext;Ljava/util/concurrent/atomic/AtomicInteger;Lorg/testng/internal/ITestInvoker$FailureContext;Ljava/util/Iterator;Z)Ljava/util/List;+127
j  org.testng.internal.TestInvoker$MethodInvocationAgent.invoke(I)I+313
j  org.testng.internal.TestInvoker.invokeTestMethods(Lorg/testng/ITestNGMethod;Lorg/testng/internal/ConfigurationGroupMethods;Ljava/lang/Object;Lorg/testng/ITestContext;)Ljava/util/List;+389
j  org.testng.internal.TestMethodWorker.invokeTestMethods(Lorg/testng/ITestNGMethod;Ljava/lang/Object;)V+14
j  org.testng.internal.TestMethodWorker.run()V+127
j  org.testng.TestRunner$$Lambda$180+0x00000001001917a8.accept(Ljava/lang/Object;)V+7
j  java.util.ArrayList.forEach(Ljava/util/function/Consumer;)V+46 java.base@17.0.1
j  org.testng.TestRunner.privateRun(Lorg/testng/xml/XmlTest;)V+380
j  org.testng.TestRunner.run()V+25
j  org.testng.SuiteRunner.runTest(Lorg/testng/TestRunner;)V+21
j  org.testng.SuiteRunner.runSequentially()V+31
j  org.testng.SuiteRunner.privateRun()V+332
j  org.testng.SuiteRunner.run()V+6
j  org.testng.SuiteRunnerWorker.runSuite(Lorg/testng/internal/SuiteRunnerMap;Lorg/testng/xml/XmlSuite;)V+87
j  org.testng.SuiteRunnerWorker.run()V+12
j  org.testng.TestNG.runSuitesSequentially(Lorg/testng/xml/XmlSuite;Lorg/testng/internal/SuiteRunnerMap;ILjava/lang/String;)V+66
j  org.testng.TestNG.runSuitesLocally()Ljava/util/List;+156
j  org.testng.TestNG.runSuites()Ljava/util/List;+1
j  org.testng.TestNG.run()V+25
j  org.testng.remote.AbstractRemoteTestNG.run()V+149
j  org.testng.remote.RemoteTestNG.initAndRun(Lorg/testng/remote/IRemoteTestNG;[Ljava/lang/String;Lorg/testng/CommandLineArgs;Lorg/testng/remote/RemoteArgs;)V+184
j  org.testng.remote.RemoteTestNG.main([Ljava/lang/String;)V+201
v  ~StubRoutines::call_stub

---------------  P R O C E S S  ---------------

Threads class SMR info:
_java_thread_list=0x0000025c2bd24690, length=25, elements={
0x0000025c1254f8e0, 0x0000025c295dd100, 0x0000025c295de1f0, 0x0000025c296423a0,
0x0000025c29645e70, 0x0000025c29646820, 0x0000025c29649c60, 0x0000025c29665dd0,
0x0000025c29666d90, 0x0000025c29673280, 0x0000025c2a137d50, 0x0000025c2a152b30,
0x0000025c2a759dc0, 0x0000025c2a3e0f30, 0x0000025c2b8fa9d0, 0x0000025c2b8fb6c0,
0x0000025c2ba4e580, 0x0000025c2ba515a0, 0x0000025c2ba4ef20, 0x0000025c2ba4ea50,
0x0000025c2ba50260, 0x0000025c2ba4f3f0, 0x0000025c2ba50730, 0x0000025c2ba4f8c0,
0x0000025c2ba4fd90
}

Java Threads: ( => current thread )
=>0x0000025c1254f8e0 JavaThread "Forwarding newSession on session null to remote" [_thread_in_vm, id=5684, stack(0x000000d5c0100000,0x000000d5c0200000)]
  0x0000025c295dd100 JavaThread "Reference Handler" daemon [_thread_blocked, id=17572, stack(0x000000d5c0800000,0x000000d5c0900000)]
  0x0000025c295de1f0 JavaThread "Finalizer" daemon [_thread_blocked, id=13896, stack(0x000000d5c0900000,0x000000d5c0a00000)]
  0x0000025c296423a0 JavaThread "Signal Dispatcher" daemon [_thread_blocked, id=7072, stack(0x000000d5c0a00000,0x000000d5c0b00000)]
  0x0000025c29645e70 JavaThread "Attach Listener" daemon [_thread_blocked, id=8408, stack(0x000000d5c0b00000,0x000000d5c0c00000)]
  0x0000025c29646820 JavaThread "Service Thread" daemon [_thread_blocked, id=18400, stack(0x000000d5c0c00000,0x000000d5c0d00000)]
  0x0000025c29649c60 JavaThread "Monitor Deflation Thread" daemon [_thread_blocked, id=14624, stack(0x000000d5c0d00000,0x000000d5c0e00000)]
  0x0000025c29665dd0 JavaThread "C2 CompilerThread0" daemon [_thread_blocked, id=8120, stack(0x000000d5c0e00000,0x000000d5c0f00000)]
  0x0000025c29666d90 JavaThread "C1 CompilerThread0" daemon [_thread_blocked, id=15088, stack(0x000000d5c0f00000,0x000000d5c1000000)]
  0x0000025c29673280 JavaThread "Sweeper thread" daemon [_thread_blocked, id=2688, stack(0x000000d5c1000000,0x000000d5c1100000)]
  0x0000025c2a137d50 JavaThread "Notification Thread" daemon [_thread_blocked, id=13840, stack(0x000000d5c1100000,0x000000d5c1200000)]
  0x0000025c2a152b30 JavaThread "Common-Cleaner" daemon [_thread_blocked, id=18192, stack(0x000000d5c1300000,0x000000d5c1400000)]
  0x0000025c2a759dc0 JavaThread "ReaderThread" [_thread_in_native, id=14332, stack(0x000000d5c1500000,0x000000d5c1600000)]
  0x0000025c2a3e0f30 JavaThread "ForkJoinPool.commonPool-worker-1" daemon [_thread_blocked, id=908, stack(0x000000d5c1a00000,0x000000d5c1b00000)]
  0x0000025c2b8fa9d0 JavaThread "ForkJoinPool.commonPool-worker-2" daemon [_thread_blocked, id=1380, stack(0x000000d5c1b00000,0x000000d5c1c00000)]
  0x0000025c2b8fb6c0 JavaThread "ForkJoinPool.commonPool-worker-3" daemon [_thread_blocked, id=18296, stack(0x000000d5c1c00000,0x000000d5c1d00000)]
  0x0000025c2ba4e580 JavaThread "AsyncHttpClient-1-1" daemon [_thread_blocked, id=9800, stack(0x000000d5c1d00000,0x000000d5c1e00000)]
  0x0000025c2ba515a0 JavaThread "Exec Default Executor" daemon [_thread_in_native, id=9824, stack(0x000000d5c1e00000,0x000000d5c1f00000)]
  0x0000025c2ba4ef20 JavaThread "Driver Service Executor" daemon [_thread_blocked, id=9688, stack(0x000000d5c1f00000,0x000000d5c2000000)]
  0x0000025c2ba4ea50 JavaThread "Driver Service Executor" daemon [_thread_blocked, id=13652, stack(0x000000d5c2000000,0x000000d5c2100000)]
  0x0000025c2ba50260 JavaThread "UrlChecker-2" daemon [_thread_blocked, id=10488, stack(0x000000d5c2100000,0x000000d5c2200000)]
  0x0000025c2ba4f3f0 JavaThread "Exec Stream Pumper" daemon [_thread_in_native, id=1976, stack(0x000000d5c2200000,0x000000d5c2300000)]
  0x0000025c2ba50730 JavaThread "Exec Stream Pumper" daemon [_thread_in_native, id=8296, stack(0x000000d5c2300000,0x000000d5c2400000)]
  0x0000025c2ba4f8c0 JavaThread "Keep-Alive-Timer" daemon [_thread_in_vm, id=1668, stack(0x000000d5c2400000,0x000000d5c2500000)]
  0x0000025c2ba4fd90 JavaThread "AsyncHttpClient-1-2" daemon [_thread_in_native, id=13156, stack(0x000000d5c2500000,0x000000d5c2600000)]

Other Threads:
  0x0000025c1261ea30 VMThread "VM Thread" [stack: 0x000000d5c0700000,0x000000d5c0800000] [id=14272] _threads_hazard_ptr=0x0000025c2bd24690
  0x0000025c2a13a630 WatcherThread [stack: 0x000000d5c1200000,0x000000d5c1300000] [id=19380]
  0x0000025c1257e410 GCTaskThread "GC Thread#0" [stack: 0x000000d5c0200000,0x000000d5c0300000] [id=15328]
  0x0000025c2aa86930 GCTaskThread "GC Thread#1" [stack: 0x000000d5c1600000,0x000000d5c1700000] [id=396]
  0x0000025c2b824430 GCTaskThread "GC Thread#2" [stack: 0x000000d5c1700000,0x000000d5c1800000] [id=14836]
  0x0000025c2b8246e0 GCTaskThread "GC Thread#3" [stack: 0x000000d5c1800000,0x000000d5c1900000] [id=15024]
  0x0000025c12588880 ConcurrentGCThread "G1 Main Marker" [stack: 0x000000d5c0300000,0x000000d5c0400000] [id=13888]
  0x0000025c12589290 ConcurrentGCThread "G1 Conc#0" [stack: 0x000000d5c0400000,0x000000d5c0500000] [id=10936]
  0x0000025c125da730 ConcurrentGCThread "G1 Refine#0" [stack: 0x000000d5c0500000,0x000000d5c0600000] [id=7988]
  0x0000025c2abf8c40 ConcurrentGCThread "G1 Refine#1" [stack: 0x000000d5c1900000,0x000000d5c1a00000] [id=18408]
  0x0000025c125db150 ConcurrentGCThread "G1 Service" [stack: 0x000000d5c0600000,0x000000d5c0700000] [id=13336]

Threads with active compile tasks:

VM state: synchronizing (normal execution)

VM Mutex/Monitor currently owned by a thread:  ([mutex/lock_event])
[0x0000025c125488f0] Metaspace_lock - owner thread: 0x0000025c1254f8e0
[0x0000025c1254c380] Threads_lock - owner thread: 0x0000025c1261ea30

Heap address: 0x00000000c1400000, size: 1004 MB, Compressed Oops mode: 32-bit

CDS archive(s) not mapped
Compressed class space mapped at: 0x0000000100000000-0x0000000140000000, reserved size: 1073741824
Narrow klass base: 0x0000000000000000, Narrow klass shift: 3, Narrow klass range: 0x140000000

GC Precious Log:
 CPUs: 4 total, 4 available
 Memory: 4013M
 Large Page Support: Disabled
 NUMA Support: Disabled
 Compressed Oops: Enabled (32-bit)
 Heap Region Size: 1M
 Heap Min Capacity: 8M
 Heap Initial Capacity: 64M
 Heap Max Capacity: 1004M
 Pre-touch: Disabled
 Parallel Workers: 4
 Concurrent Workers: 1
 Concurrent Refinement Workers: 4
 Periodic GC: Disabled

Heap:
 garbage-first heap   total 39936K, used 30447K [0x00000000c1400000, 0x0000000100000000)
  region size 1024K, 5 young (5120K), 1 survivors (1024K)
 Metaspace       used 30835K, committed 31040K, reserved 1081344K
  class space    used 3544K, committed 3648K, reserved 1048576K

Heap Regions: E=young(eden), S=young(survivor), O=old, HS=humongous(starts), HC=humongous(continues), CS=collection set, F=free, OA=open archive, CA=closed archive, TAMS=top-at-mark-start (previous, next)
|   0|0x00000000c1400000, 0x00000000c1500000, 0x00000000c1500000|100%| O|  |TAMS 0x00000000c1500000, 0x00000000c1500000| Untracked 
|   1|0x00000000c1500000, 0x00000000c1600000, 0x00000000c1600000|100%| O|  |TAMS 0x00000000c1600000, 0x00000000c1600000| Untracked 
|   2|0x00000000c1600000, 0x00000000c1700000, 0x00000000c1700000|100%| O|  |TAMS 0x00000000c1700000, 0x00000000c1700000| Untracked 
|   3|0x00000000c1700000, 0x00000000c1800000, 0x00000000c1800000|100%| O|  |TAMS 0x00000000c1800000, 0x00000000c1800000| Untracked 
|   4|0x00000000c1800000, 0x00000000c1800000, 0x00000000c1900000|  0%| F|  |TAMS 0x00000000c1800000, 0x00000000c1800000| Untracked 
|   5|0x00000000c1900000, 0x00000000c1a00000, 0x00000000c1a00000|100%| O|  |TAMS 0x00000000c1900000, 0x00000000c1a00000| Untracked 
|   6|0x00000000c1a00000, 0x00000000c1b00000, 0x00000000c1b00000|100%| O|  |TAMS 0x00000000c1a00000, 0x00000000c1b00000| Untracked 
|   7|0x00000000c1b00000, 0x00000000c1c00000, 0x00000000c1c00000|100%| O|  |TAMS 0x00000000c1b00000, 0x00000000c1c00000| Untracked 
|   8|0x00000000c1c00000, 0x00000000c1c00000, 0x00000000c1d00000|  0%| F|  |TAMS 0x00000000c1c00000, 0x00000000c1c00000| Untracked 
|   9|0x00000000c1d00000, 0x00000000c1d00000, 0x00000000c1e00000|  0%| F|  |TAMS 0x00000000c1d00000, 0x00000000c1d00000| Untracked 
|  10|0x00000000c1e00000, 0x00000000c1e00000, 0x00000000c1f00000|  0%| F|  |TAMS 0x00000000c1e00000, 0x00000000c1e00000| Untracked 
|  11|0x00000000c1f00000, 0x00000000c1f00000, 0x00000000c2000000|  0%| F|  |TAMS 0x00000000c1f00000, 0x00000000c1f00000| Untracked 
|  12|0x00000000c2000000, 0x00000000c2100000, 0x00000000c2100000|100%| O|  |TAMS 0x00000000c2000000, 0x00000000c2100000| Untracked 
|  13|0x00000000c2100000, 0x00000000c21c4e00, 0x00000000c2200000| 76%| O|  |TAMS 0x00000000c2100000, 0x00000000c21c4e00| Untracked 
|  14|0x00000000c2200000, 0x00000000c2300000, 0x00000000c2300000|100%|HS|  |TAMS 0x00000000c2200000, 0x00000000c2200000| Complete 
|  15|0x00000000c2300000, 0x00000000c2400000, 0x00000000c2400000|100%|HC|  |TAMS 0x00000000c2300000, 0x00000000c2300000| Complete 
|  16|0x00000000c2400000, 0x00000000c2500000, 0x00000000c2500000|100%|HC|  |TAMS 0x00000000c2400000, 0x00000000c2400000| Complete 
|  17|0x00000000c2500000, 0x00000000c2600000, 0x00000000c2600000|100%|HC|  |TAMS 0x00000000c2500000, 0x00000000c2500000| Complete 
|  18|0x00000000c2600000, 0x00000000c2700000, 0x00000000c2700000|100%|HC|  |TAMS 0x00000000c2600000, 0x00000000c2600000| Complete 
|  19|0x00000000c2700000, 0x00000000c2800000, 0x00000000c2800000|100%|HC|  |TAMS 0x00000000c2700000, 0x00000000c2700000| Complete 
|  20|0x00000000c2800000, 0x00000000c2900000, 0x00000000c2900000|100%|HC|  |TAMS 0x00000000c2800000, 0x00000000c2800000| Complete 
|  21|0x00000000c2900000, 0x00000000c2a00000, 0x00000000c2a00000|100%|HC|  |TAMS 0x00000000c2900000, 0x00000000c2900000| Complete 
|  22|0x00000000c2a00000, 0x00000000c2b00000, 0x00000000c2b00000|100%|HC|  |TAMS 0x00000000c2a00000, 0x00000000c2a00000| Complete 
|  23|0x00000000c2b00000, 0x00000000c2c00000, 0x00000000c2c00000|100%|HC|  |TAMS 0x00000000c2b00000, 0x00000000c2b00000| Complete 
|  24|0x00000000c2c00000, 0x00000000c2d00000, 0x00000000c2d00000|100%|HC|  |TAMS 0x00000000c2c00000, 0x00000000c2c00000| Complete 
|  25|0x00000000c2d00000, 0x00000000c2e00000, 0x00000000c2e00000|100%|HC|  |TAMS 0x00000000c2d00000, 0x00000000c2d00000| Complete 
|  26|0x00000000c2e00000, 0x00000000c2f00000, 0x00000000c2f00000|100%|HC|  |TAMS 0x00000000c2e00000, 0x00000000c2e00000| Complete 
|  27|0x00000000c2f00000, 0x00000000c3000000, 0x00000000c3000000|100%|HC|  |TAMS 0x00000000c2f00000, 0x00000000c2f00000| Complete 
|  28|0x00000000c3000000, 0x00000000c3100000, 0x00000000c3100000|100%|HC|  |TAMS 0x00000000c3000000, 0x00000000c3000000| Complete 
|  29|0x00000000c3100000, 0x00000000c3200000, 0x00000000c3200000|100%|HC|  |TAMS 0x00000000c3100000, 0x00000000c3100000| Complete 
|  30|0x00000000c3200000, 0x00000000c3300000, 0x00000000c3300000|100%|HC|  |TAMS 0x00000000c3200000, 0x00000000c3200000| Complete 
|  31|0x00000000c3300000, 0x00000000c3300000, 0x00000000c3400000|  0%| F|  |TAMS 0x00000000c3300000, 0x00000000c3300000| Untracked 
|  32|0x00000000c3400000, 0x00000000c3400000, 0x00000000c3500000|  0%| F|  |TAMS 0x00000000c3400000, 0x00000000c3400000| Untracked 
|  33|0x00000000c3500000, 0x00000000c3500000, 0x00000000c3600000|  0%| F|  |TAMS 0x00000000c3500000, 0x00000000c3500000| Untracked 
|  34|0x00000000c3600000, 0x00000000c36f7178, 0x00000000c3700000| 96%| S|CS|TAMS 0x00000000c3600000, 0x00000000c3600000| Complete 
|  45|0x00000000c4100000, 0x00000000c41777a8, 0x00000000c4200000| 46%| E|  |TAMS 0x00000000c4100000, 0x00000000c4100000| Complete 
|  46|0x00000000c4200000, 0x00000000c4300000, 0x00000000c4300000|100%| E|CS|TAMS 0x00000000c4200000, 0x00000000c4200000| Complete 
|  47|0x00000000c4300000, 0x00000000c4400000, 0x00000000c4400000|100%| E|CS|TAMS 0x00000000c4300000, 0x00000000c4300000| Complete 
|  63|0x00000000c5300000, 0x00000000c5400000, 0x00000000c5400000|100%| E|CS|TAMS 0x00000000c5300000, 0x00000000c5300000| Complete 

Card table byte_map: [0x0000025c24df0000,0x0000025c24ff0000] _byte_map_base: 0x0000025c247e6000

Marking Bits (Prev, Next): (CMBitMap*) 0x0000025c1257fa70, (CMBitMap*) 0x0000025c1257fa30
 Prev Bits: [0x0000025c261a0000, 0x0000025c27150000)
 Next Bits: [0x0000025c251f0000, 0x0000025c261a0000)

Polling page: 0x0000025c10450000

Metaspace:

Usage:
  Non-class:     26.65 MB used.
      Class:      3.46 MB used.
       Both:     30.11 MB used.

Virtual space:
  Non-class space:       32.00 MB reserved,      26.75 MB ( 84%) committed,  4 nodes.
      Class space:        1.00 GB reserved,       3.56 MB ( <1%) committed,  1 nodes.
             Both:        1.03 GB reserved,      30.31 MB (  3%) committed. 

Chunk freelists:
   Non-Class:  486.00 KB
       Class:  398.00 KB
        Both:  884.00 KB

MaxMetaspaceSize: unlimited
CompressedClassSpaceSize: 1.00 GB
Initial GC threshold: 21.00 MB
Current GC threshold: 35.31 MB
CDS: off
MetaspaceReclaimPolicy: balanced
 - commit_granule_bytes: 65536.
 - commit_granule_words: 8192.
 - virtual_space_node_default_size: 1048576.
 - enlarge_chunks_in_place: 1.
 - new_chunks_are_fully_committed: 0.
 - uncommit_free_chunks: 1.
 - use_allocation_guard: 0.
 - handle_deallocations: 1.


Internal statistics:

num_allocs_failed_limit: 3.
num_arena_births: 192.
num_arena_deaths: 0.
num_vsnodes_births: 5.
num_vsnodes_deaths: 0.
num_space_committed: 485.
num_space_uncommitted: 0.
num_chunks_returned_to_freelist: 3.
num_chunks_taken_from_freelist: 775.
num_chunk_merges: 0.
num_chunk_splits: 511.
num_chunks_enlarged: 403.
num_purges: 0.
num_inconsistent_stats: 0.

CodeHeap 'non-profiled nmethods': size=120000Kb used=837Kb max_used=837Kb free=119162Kb
 bounds [0x0000025c1d6c0000, 0x0000025c1d930000, 0x0000025c24bf0000]
CodeHeap 'profiled nmethods': size=120000Kb used=3877Kb max_used=3877Kb free=116123Kb
 bounds [0x0000025c16190000, 0x0000025c16560000, 0x0000025c1d6c0000]
CodeHeap 'non-nmethods': size=5760Kb used=1275Kb max_used=1314Kb free=4484Kb
 bounds [0x0000025c15bf0000, 0x0000025c15e60000, 0x0000025c16190000]
 total_blobs=2623 nmethods=2035 adapters=500
 compilation: enabled
              stopped_count=0, restarted_count=0
 full_count=0

Compilation events (20 events):
Event: 7.403 Thread 0x0000025c29666d90 2026       3       java.lang.invoke.MethodHandles$Lookup::checkMethodName (45 bytes)
Event: 7.404 Thread 0x0000025c29666d90 nmethod 2026 0x0000025c16556410 code [0x0000025c16556660, 0x0000025c16556d88]
Event: 7.404 Thread 0x0000025c29666d90 2027       3       jdk.internal.org.objectweb.asm.FieldWriter::visitEnd (1 bytes)
Event: 7.404 Thread 0x0000025c29666d90 nmethod 2027 0x0000025c16557090 code [0x0000025c16557220, 0x0000025c16557338]
Event: 7.408 Thread 0x0000025c29666d90 2028       3       java.lang.invoke.SimpleMethodHandle::make (10 bytes)
Event: 7.408 Thread 0x0000025c29666d90 nmethod 2028 0x0000025c16557410 code [0x0000025c165575c0, 0x0000025c165577a8]
Event: 7.408 Thread 0x0000025c29666d90 2029       3       java.lang.invoke.SimpleMethodHandle::<init> (7 bytes)
Event: 7.408 Thread 0x0000025c29666d90 nmethod 2029 0x0000025c16557890 code [0x0000025c16557a40, 0x0000025c16557c08]
Event: 7.411 Thread 0x0000025c29666d90 2030       1       java.util.ArrayList$ArrayListSpliterator::characteristics (4 bytes)
Event: 7.411 Thread 0x0000025c29666d90 nmethod 2030 0x0000025c1d78b590 code [0x0000025c1d78b720, 0x0000025c1d78b7f8]
Event: 7.412 Thread 0x0000025c29666d90 2031       3       java.util.Map::entry (10 bytes)
Event: 7.413 Thread 0x0000025c29666d90 nmethod 2031 0x0000025c16557d10 code [0x0000025c16557f00, 0x0000025c16558478]
Event: 7.415 Thread 0x0000025c29666d90 2033       3       java.io.DataInputStream::readFully (9 bytes)
Event: 7.416 Thread 0x0000025c29666d90 nmethod 2033 0x0000025c16558690 code [0x0000025c16558840, 0x0000025c16558988]
Event: 7.417 Thread 0x0000025c29666d90 2035       3       java.util.concurrent.ConcurrentHashMap$KeyIterator::next (34 bytes)
Event: 7.417 Thread 0x0000025c29666d90 nmethod 2035 0x0000025c16558a90 code [0x0000025c16558c40, 0x0000025c16558ef8]
Event: 7.418 Thread 0x0000025c29666d90 2036       3       java.io.InputStream::<init> (5 bytes)
Event: 7.418 Thread 0x0000025c29666d90 nmethod 2036 0x0000025c16559010 code [0x0000025c165591a0, 0x0000025c16559318]
Event: 7.425 Thread 0x0000025c29665dd0 nmethod 2017 0x0000025c1d78b890 code [0x0000025c1d78ba60, 0x0000025c1d78ce28]
Event: 7.425 Thread 0x0000025c29665dd0 2032       4       java.io.DataInputStream::readUTF (501 bytes)

GC Heap History (14 events):
Event: 0.773 GC heap before
{Heap before GC invocations=0 (full 0):
 garbage-first heap   total 65536K, used 13312K [0x00000000c1400000, 0x0000000100000000)
  region size 1024K, 13 young (13312K), 0 survivors (0K)
 Metaspace       used 12063K, committed 12160K, reserved 1064960K
  class space    used 1136K, committed 1152K, reserved 1048576K
}
Event: 0.778 GC heap after
{Heap after GC invocations=1 (full 0):
 garbage-first heap   total 65536K, used 4548K [0x00000000c1400000, 0x0000000100000000)
  region size 1024K, 2 young (2048K), 2 survivors (2048K)
 Metaspace       used 12063K, committed 12160K, reserved 1064960K
  class space    used 1136K, committed 1152K, reserved 1048576K
}
Event: 1.174 GC heap before
{Heap before GC invocations=1 (full 0):
 garbage-first heap   total 65536K, used 15812K [0x00000000c1400000, 0x0000000100000000)
  region size 1024K, 13 young (13312K), 2 survivors (2048K)
 Metaspace       used 16557K, committed 16704K, reserved 1064960K
  class space    used 1656K, committed 1728K, reserved 1048576K
}
Event: 1.178 GC heap after
{Heap after GC invocations=2 (full 0):
 garbage-first heap   total 65536K, used 6037K [0x00000000c1400000, 0x0000000100000000)
  region size 1024K, 2 young (2048K), 2 survivors (2048K)
 Metaspace       used 16557K, committed 16704K, reserved 1064960K
  class space    used 1656K, committed 1728K, reserved 1048576K
}
Event: 1.684 GC heap before
{Heap before GC invocations=2 (full 0):
 garbage-first heap   total 65536K, used 19349K [0x00000000c1400000, 0x0000000100000000)
  region size 1024K, 16 young (16384K), 2 survivors (2048K)
 Metaspace       used 21316K, committed 21504K, reserved 1073152K
  class space    used 2289K, committed 2432K, reserved 1048576K
}
Event: 1.688 GC heap after
{Heap after GC invocations=3 (full 0):
 garbage-first heap   total 65536K, used 7328K [0x00000000c1400000, 0x0000000100000000)
  region size 1024K, 3 young (3072K), 3 survivors (3072K)
 Metaspace       used 21316K, committed 21504K, reserved 1073152K
  class space    used 2289K, committed 2432K, reserved 1048576K
}
Event: 2.148 GC heap before
{Heap before GC invocations=4 (full 0):
 garbage-first heap   total 30720K, used 21664K [0x00000000c1400000, 0x0000000100000000)
  region size 1024K, 18 young (18432K), 3 survivors (3072K)
 Metaspace       used 25772K, committed 25920K, reserved 1073152K
  class space    used 2816K, committed 2880K, reserved 1048576K
}
Event: 2.153 GC heap after
{Heap after GC invocations=5 (full 0):
 garbage-first heap   total 30720K, used 9201K [0x00000000c1400000, 0x0000000100000000)
  region size 1024K, 4 young (4096K), 4 survivors (4096K)
 Metaspace       used 25772K, committed 25920K, reserved 1073152K
  class space    used 2816K, committed 2880K, reserved 1048576K
}
Event: 2.180 GC heap before
{Heap before GC invocations=5 (full 0):
 garbage-first heap   total 30720K, used 10225K [0x00000000c1400000, 0x0000000100000000)
  region size 1024K, 5 young (5120K), 4 survivors (4096K)
 Metaspace       used 26027K, committed 26176K, reserved 1073152K
  class space    used 2866K, committed 2944K, reserved 1048576K
}
Event: 2.183 GC heap after
{Heap after GC invocations=6 (full 0):
 garbage-first heap   total 30720K, used 9556K [0x00000000c1400000, 0x0000000100000000)
  region size 1024K, 1 young (1024K), 1 survivors (1024K)
 Metaspace       used 26027K, committed 26176K, reserved 1073152K
  class space    used 2866K, committed 2944K, reserved 1048576K
}
Event: 2.703 GC heap before
{Heap before GC invocations=6 (full 0):
 garbage-first heap   total 30720K, used 18772K [0x00000000c1400000, 0x0000000100000000)
  region size 1024K, 11 young (11264K), 1 survivors (1024K)
 Metaspace       used 28802K, committed 28992K, reserved 1081344K
  class space    used 3244K, committed 3328K, reserved 1048576K
}
Event: 2.705 GC heap after
{Heap after GC invocations=7 (full 0):
 garbage-first heap   total 39936K, used 9681K [0x00000000c1400000, 0x0000000100000000)
  region size 1024K, 1 young (1024K), 1 survivors (1024K)
 Metaspace       used 28802K, committed 28992K, reserved 1081344K
  class space    used 3244K, committed 3328K, reserved 1048576K
}
Event: 2.810 GC heap before
{Heap before GC invocations=7 (full 0):
 garbage-first heap   total 39936K, used 12753K [0x00000000c1400000, 0x0000000100000000)
  region size 1024K, 5 young (5120K), 1 survivors (1024K)
 Metaspace       used 29831K, committed 30016K, reserved 1081344K
  class space    used 3401K, committed 3520K, reserved 1048576K
}
Event: 2.812 GC heap after
{Heap after GC invocations=8 (full 0):
 garbage-first heap   total 39936K, used 9967K [0x00000000c1400000, 0x0000000100000000)
  region size 1024K, 1 young (1024K), 1 survivors (1024K)
 Metaspace       used 29831K, committed 30016K, reserved 1081344K
  class space    used 3401K, committed 3520K, reserved 1048576K
}

Deoptimization events (20 events):
Event: 1.752 Thread 0x0000025c1254f8e0 DEOPT PACKING pc=0x0000025c164715be sp=0x000000d5c01fb640
Event: 1.752 Thread 0x0000025c1254f8e0 DEOPT UNPACKING pc=0x0000025c15c42b43 sp=0x000000d5c01faac0 mode 0
Event: 1.753 Thread 0x0000025c1254f8e0 DEOPT PACKING pc=0x0000025c164715be sp=0x000000d5c01fb6b0
Event: 1.753 Thread 0x0000025c1254f8e0 DEOPT UNPACKING pc=0x0000025c15c42b43 sp=0x000000d5c01fab30 mode 0
Event: 1.809 Thread 0x0000025c1254f8e0 Uncommon trap: trap_request=0xffffff45 fr.pc=0x0000025c1d74c434 relative=0x0000000000000394
Event: 1.809 Thread 0x0000025c1254f8e0 Uncommon trap: reason=unstable_if action=reinterpret pc=0x0000025c1d74c434 method=java.util.HashMap.putVal(ILjava/lang/Object;Ljava/lang/Object;ZZ)Ljava/lang/Object; @ 162 c2
Event: 1.809 Thread 0x0000025c1254f8e0 DEOPT PACKING pc=0x0000025c1d74c434 sp=0x000000d5c01f8970
Event: 1.809 Thread 0x0000025c1254f8e0 DEOPT UNPACKING pc=0x0000025c15c423a3 sp=0x000000d5c01f8920 mode 2
Event: 2.203 Thread 0x0000025c1254f8e0 Uncommon trap: trap_request=0xffffff45 fr.pc=0x0000025c1d7330a0 relative=0x0000000000000580
Event: 2.203 Thread 0x0000025c1254f8e0 Uncommon trap: reason=unstable_if action=reinterpret pc=0x0000025c1d7330a0 method=java.lang.String.replace(CC)Ljava/lang/String; @ 2 c2
Event: 2.203 Thread 0x0000025c1254f8e0 DEOPT PACKING pc=0x0000025c1d7330a0 sp=0x000000d5c01fd0c0
Event: 2.203 Thread 0x0000025c1254f8e0 DEOPT UNPACKING pc=0x0000025c15c423a3 sp=0x000000d5c01fd070 mode 2
Event: 2.223 Thread 0x0000025c2ba50260 Uncommon trap: trap_request=0xffffff45 fr.pc=0x0000025c1d749a78 relative=0x00000000000000d8
Event: 2.223 Thread 0x0000025c2ba50260 Uncommon trap: reason=unstable_if action=reinterpret pc=0x0000025c1d749a78 method=java.lang.CharacterDataLatin1.digit(II)I @ 12 c2
Event: 2.223 Thread 0x0000025c2ba50260 DEOPT PACKING pc=0x0000025c1d749a78 sp=0x000000d5c21feab0
Event: 2.223 Thread 0x0000025c2ba50260 DEOPT UNPACKING pc=0x0000025c15c423a3 sp=0x000000d5c21fe968 mode 2
Event: 2.246 Thread 0x0000025c2ba50260 Uncommon trap: trap_request=0xffffff45 fr.pc=0x0000025c1d7496c8 relative=0x00000000000000a8
Event: 2.246 Thread 0x0000025c2ba50260 Uncommon trap: reason=unstable_if action=reinterpret pc=0x0000025c1d7496c8 method=java.lang.CharacterDataLatin1.digit(II)I @ 12 c2
Event: 2.246 Thread 0x0000025c2ba50260 DEOPT PACKING pc=0x0000025c1d7496c8 sp=0x000000d5c21fea00
Event: 2.246 Thread 0x0000025c2ba50260 DEOPT UNPACKING pc=0x0000025c15c423a3 sp=0x000000d5c21fe978 mode 2

Classes unloaded (0 events):
No events

Classes redefined (0 events):
No events

Internal exceptions (20 events):
Event: 2.218 Thread 0x0000025c2ba515a0 Exception <a 'java/lang/NoSuchMethodError'{0x00000000c4216438}: 'java.lang.Object java.lang.invoke.DirectMethodHandle$Holder.newInvokeSpecial(java.lang.Object, java.lang.Object, long)'> (0x00000000c4216438) 
thrown [e:\jenkins\tmp\workspace\build\src\src\hotspot\share\interpreter\linkResolver.cpp, line 766]
Event: 2.219 Thread 0x0000025c2ba515a0 Exception <a 'java/lang/NoSuchMethodError'{0x00000000c4219fa8}: 'java.lang.Object java.lang.invoke.Invokers$Holder.linkToTargetMethod(java.lang.Object, long, java.lang.Object)'> (0x00000000c4219fa8) 
thrown [e:\jenkins\tmp\workspace\build\src\src\hotspot\share\interpreter\linkResolver.cpp, line 766]
Event: 2.223 Thread 0x0000025c2ba50260 Exception <a 'java/net/ConnectException'{0x00000000c53fb088}: Connection refused: no further information> (0x00000000c53fb088) 
thrown [e:\jenkins\tmp\workspace\build\src\src\hotspot\share\prims\jni.cpp, line 535]
Event: 2.223 Thread 0x0000025c2ba50260 Exception <a 'java/net/SocketException'{0x00000000c53fb3c0}: Socket is not connected: shutdown> (0x00000000c53fb3c0) 
thrown [e:\jenkins\tmp\workspace\build\src\src\hotspot\share\prims\jni.cpp, line 535]
Event: 2.246 Thread 0x0000025c2ba50260 Exception <a 'java/net/ConnectException'{0x00000000c53fc428}: Connection refused: no further information> (0x00000000c53fc428) 
thrown [e:\jenkins\tmp\workspace\build\src\src\hotspot\share\prims\jni.cpp, line 535]
Event: 2.246 Thread 0x0000025c2ba50260 Exception <a 'java/net/SocketException'{0x00000000c53fc760}: Socket is not connected: shutdown> (0x00000000c53fc760) 
thrown [e:\jenkins\tmp\workspace\build\src\src\hotspot\share\prims\jni.cpp, line 535]
Event: 2.281 Thread 0x0000025c2ba50260 Exception <a 'java/net/ConnectException'{0x00000000c53fd6f8}: Connection refused: no further information> (0x00000000c53fd6f8) 
thrown [e:\jenkins\tmp\workspace\build\src\src\hotspot\share\prims\jni.cpp, line 535]
Event: 2.282 Thread 0x0000025c2ba50260 Exception <a 'java/net/SocketException'{0x00000000c53fda30}: Socket is not connected: shutdown> (0x00000000c53fda30) 
thrown [e:\jenkins\tmp\workspace\build\src\src\hotspot\share\prims\jni.cpp, line 535]
Event: 2.324 Thread 0x0000025c2ba50260 Exception <a 'java/net/ConnectException'{0x00000000c53fe9c8}: Connection refused: no further information> (0x00000000c53fe9c8) 
thrown [e:\jenkins\tmp\workspace\build\src\src\hotspot\share\prims\jni.cpp, line 535]
Event: 2.324 Thread 0x0000025c2ba50260 Exception <a 'java/net/SocketException'{0x00000000c53fed00}: Socket is not connected: shutdown> (0x00000000c53fed00) 
thrown [e:\jenkins\tmp\workspace\build\src\src\hotspot\share\prims\jni.cpp, line 535]
Event: 2.438 Thread 0x0000025c1254f8e0 Exception <a 'java/lang/NoSuchMethodError'{0x00000000c42bd3d8}: 'double java.lang.invoke.DirectMethodHandle$Holder.invokeVirtual(java.lang.Object, java.lang.Object)'> (0x00000000c42bd3d8) 
thrown [e:\jenkins\tmp\workspace\build\src\src\hotspot\share\interpreter\linkResolver.cpp, line 766]
Event: 2.438 Thread 0x0000025c1254f8e0 Exception <a 'java/lang/NoSuchMethodError'{0x00000000c42c3b80}: 'float java.lang.invoke.DirectMethodHandle$Holder.invokeVirtual(java.lang.Object, java.lang.Object)'> (0x00000000c42c3b80) 
thrown [e:\jenkins\tmp\workspace\build\src\src\hotspot\share\interpreter\linkResolver.cpp, line 766]
Event: 2.439 Thread 0x0000025c1254f8e0 Exception <a 'java/lang/NoSuchMethodError'{0x00000000c42ccb60}: 'long java.lang.invoke.DirectMethodHandle$Holder.invokeVirtual(java.lang.Object, java.lang.Object)'> (0x00000000c42ccb60) 
thrown [e:\jenkins\tmp\workspace\build\src\src\hotspot\share\interpreter\linkResolver.cpp, line 766]
Event: 2.475 Thread 0x0000025c1254f8e0 Exception <a 'java/lang/NoSuchMethodError'{0x00000000c2d16f18}: 'void java.lang.invoke.DirectMethodHandle$Holder.invokeSpecial(java.lang.Object, java.lang.Object, java.lang.Object, java.lang.Object, java.lang.Object)'> (0x00000000c2d16f18) 
thrown [e:\jenkins\tmp\workspace\build\src\src\hotspot\share\interpreter\linkResolver.cpp, line 766]
Event: 2.475 Thread 0x0000025c1254f8e0 Exception <a 'java/lang/NoSuchMethodError'{0x00000000c2d1ddf8}: 'void java.lang.invoke.DirectMethodHandle$Holder.invokeStatic(java.lang.Object, java.lang.Object, int)'> (0x00000000c2d1ddf8) 
thrown [e:\jenkins\tmp\workspace\build\src\src\hotspot\share\interpreter\linkResolver.cpp, line 766]
Event: 2.494 Thread 0x0000025c1254f8e0 Exception <a 'java/lang/NoSuchMethodError'{0x00000000c2dda088}: 'java.lang.Object java.lang.invoke.DirectMethodHandle$Holder.newInvokeSpecial(java.lang.Object, java.lang.Object, java.lang.Object, java.lang.Object, java.lang.Object)'> (0x00000000c2dda088) 
thrown [e:\jenkins\tmp\workspace\build\src\src\hotspot\share\interpreter\linkResolver.cpp, line 766]
Event: 2.518 Thread 0x0000025c1254f8e0 Exception <a 'java/lang/NoSuchMethodError'{0x00000000c2cb0968}: 'int java.lang.invoke.DirectMethodHandle$Holder.invokeSpecialIFC(java.lang.Object, java.lang.Object, java.lang.Object)'> (0x00000000c2cb0968) 
thrown [e:\jenkins\tmp\workspace\build\src\src\hotspot\share\interpreter\linkResolver.cpp, line 766]
Event: 2.617 Thread 0x0000025c1254f8e0 Exception <a 'java/lang/NoSuchMethodError'{0x00000000c2811de8}: 'void java.lang.invoke.DirectMethodHandle$Holder.invokeSpecial(java.lang.Object, java.lang.Object, java.lang.Object, java.lang.Object, java.lang.Object, java.lang.Object)'> (0x00000000c2811de8) 
thrown [e:\jenkins\tmp\workspace\build\src\src\hotspot\share\interpreter\linkResolver.cpp, line 766]
Event: 7.394 Thread 0x0000025c1254f8e0 Exception <a 'java/lang/NoSuchMethodError'{0x00000000c42989d8}: 'java.lang.Object java.lang.invoke.DirectMethodHandle$Holder.invokeSpecialIFC(java.lang.Object, java.lang.Object, java.lang.Object)'> (0x00000000c42989d8) 
thrown [e:\jenkins\tmp\workspace\build\src\src\hotspot\share\interpreter\linkResolver.cpp, line 766]
Event: 7.401 Thread 0x0000025c1254f8e0 Exception <a 'java/lang/NoSuchMethodError'{0x00000000c42c52a8}: 'void java.lang.invoke.DirectMethodHandle$Holder.invokeSpecial(java.lang.Object, java.lang.Object, java.lang.Object)'> (0x00000000c42c52a8) 
thrown [e:\jenkins\tmp\workspace\build\src\src\hotspot\share\interpreter\linkResolver.cpp, line 766]

VM Operations (20 events):
Event: 1.698 Executing VM operation: G1Concurrent
Event: 1.698 Executing VM operation: G1Concurrent done
Event: 2.148 Executing VM operation: G1CollectForAllocation
Event: 2.153 Executing VM operation: G1CollectForAllocation done
Event: 2.180 Executing VM operation: G1CollectForAllocation
Event: 2.183 Executing VM operation: G1CollectForAllocation done
Event: 2.422 Executing VM operation: HandshakeAllThreads
Event: 2.422 Executing VM operation: HandshakeAllThreads done
Event: 2.422 Executing VM operation: HandshakeAllThreads
Event: 2.422 Executing VM operation: HandshakeAllThreads done
Event: 2.424 Executing VM operation: HandshakeAllThreads
Event: 2.424 Executing VM operation: HandshakeAllThreads done
Event: 2.555 Executing VM operation: HandshakeAllThreads
Event: 2.555 Executing VM operation: HandshakeAllThreads done
Event: 2.703 Executing VM operation: G1CollectForAllocation
Event: 2.705 Executing VM operation: G1CollectForAllocation done
Event: 2.810 Executing VM operation: G1TryInitiateConcMark
Event: 2.812 Executing VM operation: G1TryInitiateConcMark done
Event: 3.815 Executing VM operation: Cleanup
Event: 3.815 Executing VM operation: Cleanup done

Events (20 events):
Event: 7.413 loading class java/time/ZoneRegion done
Event: 7.413 loading class java/time/zone/ZoneRulesProvider
Event: 7.413 loading class java/time/zone/ZoneRulesProvider done
Event: 7.413 loading class java/time/zone/ZoneRulesProvider$1
Event: 7.414 loading class java/time/zone/ZoneRulesProvider$1 done
Event: 7.414 loading class java/time/zone/TzdbZoneRulesProvider
Event: 7.414 loading class java/time/zone/TzdbZoneRulesProvider done
Event: 7.418 loading class java/time/zone/Ser
Event: 7.418 loading class java/io/Externalizable
Event: 7.418 loading class java/io/Externalizable done
Event: 7.418 loading class java/time/zone/Ser done
Event: 7.418 loading class java/time/zone/ZoneRules
Event: 7.419 loading class java/time/zone/ZoneRules done
Event: 7.419 loading class java/time/zone/ZoneOffsetTransitionRule
Event: 7.419 loading class java/time/zone/ZoneOffsetTransitionRule done
Event: 7.419 loading class java/time/LocalDateTime
Event: 7.421 loading class java/time/chrono/ChronoLocalDateTime
Event: 7.422 loading class java/time/chrono/ChronoLocalDateTime done
Event: 7.422 loading class java/time/LocalDateTime done
Event: 7.422 loading class java/time/ZoneOffset


Dynamic libraries:
0x00007ff6a1a70000 - 0x00007ff6a1a7e000 	C:\Users\anamendra.y(2420)\.p2\pool\plugins\org.eclipse.justj.openjdk.hotspot.jre.full.win32.x86_64_17.0.1.v20211116-1657\jre\bin\javaw.exe
0x00007ff873b10000 - 0x00007ff873d05000 	C:\WINDOWS\SYSTEM32\ntdll.dll
0x00007ff873a00000 - 0x00007ff873abe000 	C:\WINDOWS\System32\KERNEL32.DLL
0x00007ff871560000 - 0x00007ff871828000 	C:\WINDOWS\System32\KERNELBASE.dll
0x00007ff871350000 - 0x00007ff871450000 	C:\WINDOWS\System32\ucrtbase.dll
0x00007ff861680000 - 0x00007ff861699000 	C:\Users\anamendra.y(2420)\.p2\pool\plugins\org.eclipse.justj.openjdk.hotspot.jre.full.win32.x86_64_17.0.1.v20211116-1657\jre\bin\VCRUNTIME140.dll
0x00007ff862dc0000 - 0x00007ff862dd8000 	C:\Users\anamendra.y(2420)\.p2\pool\plugins\org.eclipse.justj.openjdk.hotspot.jre.full.win32.x86_64_17.0.1.v20211116-1657\jre\bin\jli.dll
0x00007ff873680000 - 0x00007ff873821000 	C:\WINDOWS\System32\USER32.dll
0x00007ff871a90000 - 0x00007ff871ab2000 	C:\WINDOWS\System32\win32u.dll
0x00007ff85d8e0000 - 0x00007ff85db7a000 	C:\WINDOWS\WinSxS\amd64_microsoft.windows.common-controls_6595b64144ccf1df_6.0.19041.1110_none_60b5254171f9507e\COMCTL32.dll
0x00007ff872550000 - 0x00007ff87257b000 	C:\WINDOWS\System32\GDI32.dll
0x00007ff871450000 - 0x00007ff87155d000 	C:\WINDOWS\System32\gdi32full.dll
0x00007ff871220000 - 0x00007ff8712bd000 	C:\WINDOWS\System32\msvcp_win.dll
0x00007ff873260000 - 0x00007ff8732fe000 	C:\WINDOWS\System32\msvcrt.dll
0x00007ff872f30000 - 0x00007ff872f60000 	C:\WINDOWS\System32\IMM32.DLL
0x00007ff862db0000 - 0x00007ff862dbc000 	C:\Users\anamendra.y(2420)\.p2\pool\plugins\org.eclipse.justj.openjdk.hotspot.jre.full.win32.x86_64_17.0.1.v20211116-1657\jre\bin\vcruntime140_1.dll
0x00007ff860b50000 - 0x00007ff860be1000 	C:\Users\anamendra.y(2420)\.p2\pool\plugins\org.eclipse.justj.openjdk.hotspot.jre.full.win32.x86_64_17.0.1.v20211116-1657\jre\bin\msvcp140.dll
0x00007ff80a030000 - 0x00007ff80ac76000 	C:\Users\anamendra.y(2420)\.p2\pool\plugins\org.eclipse.justj.openjdk.hotspot.jre.full.win32.x86_64_17.0.1.v20211116-1657\jre\bin\server\jvm.dll
0x00007ff872140000 - 0x00007ff8721ec000 	C:\WINDOWS\System32\ADVAPI32.dll
0x00007ff873310000 - 0x00007ff8733ab000 	C:\WINDOWS\System32\sechost.dll
0x00007ff8726b0000 - 0x00007ff8727da000 	C:\WINDOWS\System32\RPCRT4.dll
0x00007ff873ac0000 - 0x00007ff873ac8000 	C:\WINDOWS\System32\PSAPI.DLL
0x00007ff862ed0000 - 0x00007ff862ef7000 	C:\WINDOWS\SYSTEM32\WINMM.dll
0x00007ff870000000 - 0x00007ff87000a000 	C:\WINDOWS\SYSTEM32\VERSION.dll
0x00007ff85ed60000 - 0x00007ff85ed69000 	C:\WINDOWS\SYSTEM32\WSOCK32.dll
0x00007ff873550000 - 0x00007ff8735bb000 	C:\WINDOWS\System32\WS2_32.dll
0x00007ff86ffc0000 - 0x00007ff86ffd2000 	C:\WINDOWS\SYSTEM32\kernel.appcore.dll
0x00007ff86aed0000 - 0x00007ff86aeda000 	C:\Users\anamendra.y(2420)\.p2\pool\plugins\org.eclipse.justj.openjdk.hotspot.jre.full.win32.x86_64_17.0.1.v20211116-1657\jre\bin\jimage.dll
0x00007ff85f260000 - 0x00007ff85f444000 	C:\WINDOWS\SYSTEM32\DBGHELP.DLL
0x00007ff85ed30000 - 0x00007ff85ed5c000 	C:\WINDOWS\SYSTEM32\dbgcore.DLL
0x00007ff871ac0000 - 0x00007ff871b42000 	C:\WINDOWS\System32\bcryptPrimitives.dll
0x00007ff84a500000 - 0x00007ff84a525000 	C:\Users\anamendra.y(2420)\.p2\pool\plugins\org.eclipse.justj.openjdk.hotspot.jre.full.win32.x86_64_17.0.1.v20211116-1657\jre\bin\java.dll
0x00007ff8616e0000 - 0x00007ff8616f8000 	C:\Users\anamendra.y(2420)\.p2\pool\plugins\org.eclipse.justj.openjdk.hotspot.jre.full.win32.x86_64_17.0.1.v20211116-1657\jre\bin\zip.dll
0x00007ff8727e0000 - 0x00007ff872f24000 	C:\WINDOWS\System32\SHELL32.dll
0x00007ff86f150000 - 0x00007ff86f8e4000 	C:\WINDOWS\SYSTEM32\windows.storage.dll
0x00007ff8721f0000 - 0x00007ff872545000 	C:\WINDOWS\System32\combase.dll
0x00007ff870ba0000 - 0x00007ff870bce000 	C:\WINDOWS\SYSTEM32\Wldp.dll
0x00007ff873440000 - 0x00007ff8734ed000 	C:\WINDOWS\System32\SHCORE.dll
0x00007ff8735c0000 - 0x00007ff873615000 	C:\WINDOWS\System32\shlwapi.dll
0x00007ff871160000 - 0x00007ff87117f000 	C:\WINDOWS\SYSTEM32\profapi.dll
0x00007ff81a2d0000 - 0x00007ff81a2e9000 	C:\Users\anamendra.y(2420)\.p2\pool\plugins\org.eclipse.justj.openjdk.hotspot.jre.full.win32.x86_64_17.0.1.v20211116-1657\jre\bin\net.dll
0x00007ff8698b0000 - 0x00007ff8699bc000 	C:\WINDOWS\SYSTEM32\WINHTTP.dll
0x00007ff870900000 - 0x00007ff87096a000 	C:\WINDOWS\system32\mswsock.dll
0x00007ff817110000 - 0x00007ff817125000 	C:\Users\anamendra.y(2420)\.p2\pool\plugins\org.eclipse.justj.openjdk.hotspot.jre.full.win32.x86_64_17.0.1.v20211116-1657\jre\bin\nio.dll
0x00007ff870630000 - 0x00007ff8706fb000 	C:\WINDOWS\SYSTEM32\DNSAPI.dll
0x00007ff8705f0000 - 0x00007ff87062b000 	C:\WINDOWS\SYSTEM32\IPHLPAPI.DLL
0x00007ff873300000 - 0x00007ff873308000 	C:\WINDOWS\System32\NSI.dll
0x00007ff864880000 - 0x00007ff86488a000 	C:\Windows\System32\rasadhlp.dll
0x00007ff86c450000 - 0x00007ff86c4cf000 	C:\WINDOWS\System32\fwpuclnt.dll
0x00007ff8712c0000 - 0x00007ff8712e7000 	C:\WINDOWS\System32\bcrypt.dll
0x00007ff870b00000 - 0x00007ff870b18000 	C:\WINDOWS\SYSTEM32\CRYPTSP.dll
0x00007ff870280000 - 0x00007ff8702b4000 	C:\WINDOWS\system32\rsaenh.dll
0x00007ff871120000 - 0x00007ff87114e000 	C:\WINDOWS\SYSTEM32\USERENV.dll
0x00007ff870af0000 - 0x00007ff870afc000 	C:\WINDOWS\SYSTEM32\CRYPTBASE.dll
0x00007ff86c140000 - 0x00007ff86c157000 	C:\WINDOWS\SYSTEM32\dhcpcsvc6.DLL
0x00007ff86c0c0000 - 0x00007ff86c0dd000 	C:\WINDOWS\SYSTEM32\dhcpcsvc.DLL
0x00007ff85ddc0000 - 0x00007ff85ddd7000 	C:\WINDOWS\system32\napinsp.dll
0x00007ff85dda0000 - 0x00007ff85ddbb000 	C:\WINDOWS\system32\pnrpnsp.dll
0x00007ff85dcb0000 - 0x00007ff85dcc5000 	C:\WINDOWS\system32\wshbth.dll
0x00007ff86cb00000 - 0x00007ff86cb1d000 	C:\WINDOWS\system32\NLAapi.dll
0x00007ff85dc30000 - 0x00007ff85dc42000 	C:\WINDOWS\System32\winrnr.dll
0x00007ff861eb0000 - 0x00007ff861ec0000 	C:\Users\anamendra.y(2420)\.p2\pool\plugins\org.eclipse.justj.openjdk.hotspot.jre.full.win32.x86_64_17.0.1.v20211116-1657\jre\bin\verify.dll
0x00007ff861ea0000 - 0x00007ff861ea9000 	C:\Users\anamendra.y(2420)\.p2\pool\plugins\org.eclipse.justj.openjdk.hotspot.jre.full.win32.x86_64_17.0.1.v20211116-1657\jre\bin\management.dll
0x00007ff861620000 - 0x00007ff86162b000 	C:\Users\anamendra.y(2420)\.p2\pool\plugins\org.eclipse.justj.openjdk.hotspot.jre.full.win32.x86_64_17.0.1.v20211116-1657\jre\bin\management_ext.dll
0x00007ff86aec0000 - 0x00007ff86aece000 	C:\Users\anamendra.y(2420)\.p2\pool\plugins\org.eclipse.justj.openjdk.hotspot.jre.full.win32.x86_64_17.0.1.v20211116-1657\jre\bin\sunmscapi.dll
0x00007ff8718e0000 - 0x00007ff871a36000 	C:\WINDOWS\System32\CRYPT32.dll
0x00007ff870c10000 - 0x00007ff870c37000 	C:\WINDOWS\SYSTEM32\ncrypt.dll
0x00007ff870bd0000 - 0x00007ff870c0b000 	C:\WINDOWS\SYSTEM32\NTASN1.dll
0x00007ff86c350000 - 0x00007ff86c357000 	C:\WINDOWS\system32\wshunix.dll

dbghelp: loaded successfully - version: 4.0.5 - missing functions: none
symbol engine: initialized successfully - sym options: 0x614 - pdb path: .;C:\Users\anamendra.y(2420)\.p2\pool\plugins\org.eclipse.justj.openjdk.hotspot.jre.full.win32.x86_64_17.0.1.v20211116-1657\jre\bin;C:\WINDOWS\SYSTEM32;C:\WINDOWS\WinSxS\amd64_microsoft.windows.common-controls_6595b64144ccf1df_6.0.19041.1110_none_60b5254171f9507e;C:\Users\anamendra.y(2420)\.p2\pool\plugins\org.eclipse.justj.openjdk.hotspot.jre.full.win32.x86_64_17.0.1.v20211116-1657\jre\bin\server

VM Arguments:
jvm_args: -ea -Dfile.encoding=Cp1252 -XX:+ShowCodeDetailsInExceptionMessages 
java_command: org.testng.remote.RemoteTestNG -serport 61268 -protocol json -d C:\Users\anamendra.y(2420)\eclipse-workspace\automateDemo\test-output C:\Users\ANAMEN~1.Y(2\AppData\Local\Temp\testng-eclipse-1177149925\testng-customsuite.xml
java_class_path (initial): C:\Users\anamendra.y(2420)\eclipse\java-2021-12\eclipse\configuration\org.eclipse.osgi\429\0\.cp\lib\testng-remote.jar;C:\Users\anamendra.y(2420)\eclipse-workspace\automateDemo\target\test-classes;C:\Users\anamendra.y(2420)\eclipse-workspace\automateDemo\target\classes;C:\Users\anamendra.y(2420)\.p2\pool\plugins\org.testng_7.4.0.r202105021533.jar;C:\Users\anamendra.y(2420)\.p2\pool\plugins\com.beust.jcommander_1.78.0.jar;C:\Users\anamendra.y(2420)\.p2\pool\plugins\org.apache-extras.beanshell.bsh_2.0.0.b6.jar;C:\Users\anamendra.y(2420)\.p2\pool\plugins\org.yaml.snakeyaml_1.21.0.jar;C:\Users\anamendra.y(2420)\.p2\pool\plugins\org.webjars.jquery_3.5.1.jar;C:\Users\anamendra.y(2420)\.m2\repository\org\seleniumhq\selenium\selenium-java\4.1.1\selenium-java-4.1.1.jar;C:\Users\anamendra.y(2420)\.m2\repository\org\seleniumhq\selenium\selenium-api\4.1.1\selenium-api-4.1.1.jar;C:\Users\anamendra.y(2420)\.m2\repository\org\seleniumhq\selenium\selenium-chrome-driver\4.1.1\selenium-chrome-driver-4.1.1.jar;C:\Users\anamendra.y(2420)\.m2\repository\com\google\auto\service\auto-service-annotations\1.0.1\auto-service-annotations-1.0.1.jar;C:\Users\anamendra.y(2420)\.m2\repository\com\google\auto\service\auto-service\1.0.1\auto-service-1.0.1.jar;C:\Users\anamendra.y(2420)\.m2\repository\com\google\auto\auto-common\1.2\auto-common-1.2.jar;C:\Users\anamendra.y(2420)\.m2\repository\com\google\guava\guava\31.0.1-jre\guava-31.0.1-jre.jar;C:\Users\anamendra.y(2420)\.m2\repository\com\google\guava\failureaccess\1.0.1\failureaccess-1.0.1.jar;C:\Users\anamendra.y(2420)\.m2\repository\com\google\guava\listenablefuture\9999.0-empty-to-avoid-conflict-with-guava\listenablefuture-9999.0-empty-to-avoid-conflict-with-guava.jar;C:\Users\anamendra.y(2420)\.m2\repository\com\google\code\findbugs\jsr305\3.0.2\jsr305-3.0.2.jar;C:\Users\anamendra.y(2420)\.m2\repository\org\checkerframework\checker-qual\3.12.0\checker-qual-3.12.0.jar;C:\Users\anamendra.y(2420)\.m2\repository\com
Launcher Type: SUN_STANDARD

[Global flags]
     intx CICompilerCount                          = 3                                         {product} {ergonomic}
     uint ConcGCThreads                            = 1                                         {product} {ergonomic}
     uint G1ConcRefinementThreads                  = 4                                         {product} {ergonomic}
   size_t G1HeapRegionSize                         = 1048576                                   {product} {ergonomic}
    uintx GCDrainStackTargetSize                   = 64                                        {product} {ergonomic}
   size_t InitialHeapSize                          = 67108864                                  {product} {ergonomic}
   size_t MarkStackSize                            = 4194304                                   {product} {ergonomic}
   size_t MaxHeapSize                              = 1052770304                                {product} {ergonomic}
   size_t MaxNewSize                               = 631242752                                 {product} {ergonomic}
   size_t MinHeapDeltaBytes                        = 1048576                                   {product} {ergonomic}
   size_t MinHeapSize                              = 8388608                                   {product} {ergonomic}
    uintx NonNMethodCodeHeapSize                   = 5832780                                {pd product} {ergonomic}
    uintx NonProfiledCodeHeapSize                  = 122912730                              {pd product} {ergonomic}
    uintx ProfiledCodeHeapSize                     = 122912730                              {pd product} {ergonomic}
    uintx ReservedCodeCacheSize                    = 251658240                              {pd product} {ergonomic}
     bool SegmentedCodeCache                       = true                                      {product} {ergonomic}
     bool ShowCodeDetailsInExceptionMessages       = true                                   {manageable} {command line}
   size_t SoftMaxHeapSize                          = 1052770304                             {manageable} {ergonomic}
     bool UseCompressedClassPointers               = true                           {product lp64_product} {ergonomic}
     bool UseCompressedOops                        = true                           {product lp64_product} {ergonomic}
     bool UseG1GC                                  = true                                      {product} {ergonomic}
     bool UseLargePagesIndividualAllocation        = false                                  {pd product} {ergonomic}

Logging:
Log output configuration:
 #0: stdout all=warning uptime,level,tags
 #1: stderr all=off uptime,level,tags

Environment Variables:
PATH=C:/Users/anamendra.y(2420)/.p2/pool/plugins/org.eclipse.justj.openjdk.hotspot.jre.full.win32.x86_64_17.0.1.v20211116-1657/jre/bin/server;C:/Users/anamendra.y(2420)/.p2/pool/plugins/org.eclipse.justj.openjdk.hotspot.jre.full.win32.x86_64_17.0.1.v20211116-1657/jre/bin;"C:\Program Files\nodejs\node_modules\npm\bin;C:\Users\anamendra.y(2420)\Downloads\chromedriver_win32;";C:\Python310\;C:\Program Files (x86)\Common Files\Oracle\Java\javapath;C:\Program Files (x86)\Intel\iCLS Client\;C:\Users\anamendra.y(2420)\Downloads\apache-ant-1.10.12\apache-ant-1.10.12\bin;C:\Program Files\Intel\iCLS Client\;C:\WINDOWS\system32;C:\WINDOWS;C:\WINDOWS\System32\Wbem;C:\WINDOWS\System32\WindowsPowerShell\v1.0\;C:\Program Files\Intel\Intel(R) Management Engine Components\DAL;C:\Program Files\Intel\Intel(R) Management Engine Components\IPT;C:\Program Files (x86)\Intel\Intel(R) Management Engine Components\DAL;C:\Program Files (x86)\Intel\Intel(R) Management Engine Components\IPT;C:\WINDOWS\System32\OpenSSH\;D:\Softwares\apache-jmeter-5.2.1\apache-jmeter-5.2.1\bin;D:\apache-ant-1.9.9\bin;C:\Program Files\Git\cmd;C:\Program Files\nodejs\;C:\Program Files (x86)\dotnet\;C:\ProgramData\chocolatey\bin;C:\Program Files\Microsoft VS Code\bin;C:\apache-maven-3.8.4\bin;C:\Program Files\dotnet\;C:\Users\anamendra.y(2420)\AppData\Local\Microsoft\WindowsApps;C:\Users\anamendra.y(2420)\AppData\Roaming\npm;C:\Users\anamendra.y(2420)\.dotnet\tools;C:\WINDOWS\system32;
USERNAME=anamendra.y(2420)
OS=Windows_NT
PROCESSOR_IDENTIFIER=Intel64 Family 6 Model 60 Stepping 3, GenuineIntel



---------------  S Y S T E M  ---------------

OS:
 Windows 10 , 64 bit Build 19041 (10.0.19041.1348)
OS uptime: 0 days 4:06 hours

CPU: total 4 (initial active 4) (4 cores per cpu, 1 threads per core) family 6 model 60 stepping 3 microcode 0x27, cx8, cmov, fxsr, mmx, sse, sse2, sse3, ssse3, sse4.1, sse4.2, popcnt, lzcnt, tsc, tscinvbit, avx, avx2, aes, erms, clmul, bmi1, bmi2, fma, vzeroupper, clflush

Memory: 4k page, system-wide physical 4013M (275M free)
TotalPageFile size 10526M (AvailPageFile size 6M)
current process WorkingSet (physical memory assigned to process): 136M, peak: 158M
current process commit charge ("private bytes"): 166M, peak: 190M

vm_info: OpenJDK 64-Bit Server VM (17.0.1+12) for windows-amd64 JRE (17.0.1+12), built on Oct 20 2021 07:42:55 by "" with MS VC++ 16.7 (VS2019)

END.
