#
# There is insufficient memory for the Java Runtime Environment to continue.
# Native memory allocation (malloc) failed to allocate 32744 bytes for ChunkPool::allocate
# Possible reasons:
#   The system is out of physical RAM or swap space
#   The process is running with CompressedOops enabled, and the Java Heap may be blocking the growth of the native heap
# Possible solutions:
#   Reduce memory load on the system
#   Increase physical memory or swap space
#   Check if swap backing store is full
#   Decrease Java heap size (-Xmx/-Xms)
#   Decrease number of Java threads
#   Decrease Java thread stack sizes (-Xss)
#   Set larger code cache with -XX:ReservedCodeCacheSize=
#   JVM is running with Unscaled Compressed Oops mode in which the Java heap is
#     placed in the first 4GB address space. The Java Heap base address is the
#     maximum limit for the native heap growth. Please use -XX:HeapBaseMinAddress
#     to set the Java Heap base and to place the Java Heap above 4GB virtual address.
# This output file may be truncated or incomplete.
#
#  Out of Memory Error (arena.cpp:78), pid=12488, tid=17332
#
# JRE version: OpenJDK Runtime Environment Temurin-17.0.1+12 (17.0.1+12) (build 17.0.1+12)
# Java VM: OpenJDK 64-Bit Server VM Temurin-17.0.1+12 (17.0.1+12, mixed mode, tiered, compressed oops, compressed class ptrs, g1 gc, windows-amd64)
# No core dump will be written. Minidumps are not enabled by default on client versions of Windows
#

---------------  S U M M A R Y ------------

Command Line: -ea -Dfile.encoding=Cp1252 -XX:+ShowCodeDetailsInExceptionMessages org.testng.remote.RemoteTestNG -serport 50383 -protocol json -d C:\Users\anamendra.y(2420)\eclipse-workspace\automateDemo\test-output C:\Users\anamendra.y(2420)\eclipse-workspace\automateDemo\testng.xml

Host: Intel(R) Core(TM) i5-4590T CPU @ 2.00GHz, 4 cores, 3G,  Windows 10 , 64 bit Build 19041 (10.0.19041.1348)
Time: Mon Feb 28 15:39:17 2022 India Standard Time elapsed time: 6.327827 seconds (0d 0h 0m 6s)

---------------  T H R E A D  ---------------

Current thread (0x0000028324e1c3d0):  JavaThread "C1 CompilerThread0" daemon [_thread_in_native, id=17332, stack(0x00000096ace00000,0x00000096acf00000)]


Current CompileTask:
C1:   6327 2005   !   3       java.io.PrintStream::write (66 bytes)

Stack: [0x00000096ace00000,0x00000096acf00000]
Native frames: (J=compiled Java code, j=interpreted, Vv=VM code, C=native code)
V  [jvm.dll+0x6744da]
V  [jvm.dll+0x82e144]
V  [jvm.dll+0x82f8ee]
V  [jvm.dll+0x82ff53]
V  [jvm.dll+0x245175]
V  [jvm.dll+0xabaa0]
V  [jvm.dll+0xabdec]
V  [jvm.dll+0x1747d5]
V  [jvm.dll+0x17a254]
V  [jvm.dll+0x1342b3]
V  [jvm.dll+0x133baf]
V  [jvm.dll+0x133de6]
V  [jvm.dll+0x13327a]
V  [jvm.dll+0x134f41]
V  [jvm.dll+0x226e38]
V  [jvm.dll+0x224f7c]
V  [jvm.dll+0x7e3f5b]
V  [jvm.dll+0x7de51a]
V  [jvm.dll+0x673305]
C  [ucrtbase.dll+0x21bb2]
C  [KERNEL32.DLL+0x17034]
C  [ntdll.dll+0x52651]


---------------  P R O C E S S  ---------------

Threads class SMR info:
_java_thread_list=0x0000028327298630, length=25, elements={
0x000002830dd0f310, 0x0000028324d91020, 0x0000028324d92110, 0x0000028324df2480,
0x0000028324df3030, 0x0000028324df7a10, 0x0000028324e0dd40, 0x0000028324e19ab0,
0x0000028324e1c3d0, 0x0000028324e1e9e0, 0x0000028324e0fa20, 0x0000028324e0ced0,
0x0000028324e0e210, 0x0000028324e0f080, 0x0000028324e0f550, 0x0000028324e0e6e0,
0x0000028324e0c530, 0x0000028324e0ebb0, 0x0000028324e0ca00, 0x0000028324e0d3a0,
0x0000028324e0d870, 0x0000028327408f20, 0x0000028327403880, 0x0000028327405560,
0x0000028327407240
}

Java Threads: ( => current thread )
  0x000002830dd0f310 JavaThread "Forwarding newSession on session null to remote" [_thread_blocked, id=19140, stack(0x00000096ac000000,0x00000096ac100000)]
  0x0000028324d91020 JavaThread "Reference Handler" daemon [_thread_blocked, id=20688, stack(0x00000096ac700000,0x00000096ac800000)]
  0x0000028324d92110 JavaThread "Finalizer" daemon [_thread_blocked, id=15416, stack(0x00000096ac800000,0x00000096ac900000)]
  0x0000028324df2480 JavaThread "Signal Dispatcher" daemon [_thread_blocked, id=19116, stack(0x00000096ac900000,0x00000096aca00000)]
  0x0000028324df3030 JavaThread "Attach Listener" daemon [_thread_blocked, id=1332, stack(0x00000096aca00000,0x00000096acb00000)]
  0x0000028324df7a10 JavaThread "Service Thread" daemon [_thread_blocked, id=22992, stack(0x00000096acb00000,0x00000096acc00000)]
  0x0000028324e0dd40 JavaThread "Monitor Deflation Thread" daemon [_thread_blocked, id=12368, stack(0x00000096acc00000,0x00000096acd00000)]
  0x0000028324e19ab0 JavaThread "C2 CompilerThread0" daemon [_thread_blocked, id=5840, stack(0x00000096acd00000,0x00000096ace00000)]
=>0x0000028324e1c3d0 JavaThread "C1 CompilerThread0" daemon [_thread_in_native, id=17332, stack(0x00000096ace00000,0x00000096acf00000)]
  0x0000028324e1e9e0 JavaThread "Sweeper thread" daemon [_thread_blocked, id=22316, stack(0x00000096acf00000,0x00000096ad000000)]
  0x0000028324e0fa20 JavaThread "Notification Thread" daemon [_thread_blocked, id=24940, stack(0x00000096ad000000,0x00000096ad100000)]
  0x0000028324e0ced0 JavaThread "Common-Cleaner" daemon [_thread_blocked, id=17688, stack(0x00000096ad200000,0x00000096ad300000)]
  0x0000028324e0e210 JavaThread "ReaderThread" [_thread_in_native, id=6324, stack(0x00000096ad400000,0x00000096ad500000)]
  0x0000028324e0f080 JavaThread "ForkJoinPool.commonPool-worker-1" daemon [_thread_blocked, id=21160, stack(0x00000096ad900000,0x00000096ada00000)]
  0x0000028324e0f550 JavaThread "ForkJoinPool.commonPool-worker-2" daemon [_thread_blocked, id=14912, stack(0x00000096ada00000,0x00000096adb00000)]
  0x0000028324e0e6e0 JavaThread "ForkJoinPool.commonPool-worker-3" daemon [_thread_blocked, id=25972, stack(0x00000096adb00000,0x00000096adc00000)]
  0x0000028324e0c530 JavaThread "AsyncHttpClient-1-1" daemon [_thread_blocked, id=25616, stack(0x00000096adc00000,0x00000096add00000)]
  0x0000028324e0ebb0 JavaThread "Exec Default Executor" daemon [_thread_in_native, id=11988, stack(0x00000096add00000,0x00000096ade00000)]
  0x0000028324e0ca00 JavaThread "Driver Service Executor" daemon [_thread_blocked, id=2604, stack(0x00000096ade00000,0x00000096adf00000)]
  0x0000028324e0d3a0 JavaThread "Driver Service Executor" daemon [_thread_blocked, id=4988, stack(0x00000096adf00000,0x00000096ae000000)]
  0x0000028324e0d870 JavaThread "UrlChecker-2" daemon [_thread_blocked, id=11472, stack(0x00000096ae000000,0x00000096ae100000)]
  0x0000028327408f20 JavaThread "Exec Stream Pumper" daemon [_thread_in_native, id=17484, stack(0x00000096ae100000,0x00000096ae200000)]
  0x0000028327403880 JavaThread "Exec Stream Pumper" daemon [_thread_in_native, id=16448, stack(0x00000096ae200000,0x00000096ae300000)]
  0x0000028327405560 JavaThread "Keep-Alive-Timer" daemon [_thread_blocked, id=23904, stack(0x00000096ae300000,0x00000096ae400000)]
  0x0000028327407240 JavaThread "AsyncHttpClient-1-2" daemon [_thread_in_native, id=19876, stack(0x00000096ae400000,0x00000096ae500000)]

Other Threads:
  0x0000028324daf010 VMThread "VM Thread" [stack: 0x00000096ac600000,0x00000096ac700000] [id=26340]
  0x0000028325883f50 WatcherThread [stack: 0x00000096ad100000,0x00000096ad200000] [id=20336]
  0x000002830dd3df10 GCTaskThread "GC Thread#0" [stack: 0x00000096ac100000,0x00000096ac200000] [id=21936]
  0x00000283263bad60 GCTaskThread "GC Thread#1" [stack: 0x00000096ad500000,0x00000096ad600000] [id=26500]
  0x00000283263c6960 GCTaskThread "GC Thread#2" [stack: 0x00000096ad600000,0x00000096ad700000] [id=13192]
  0x00000283263f8c70 GCTaskThread "GC Thread#3" [stack: 0x00000096ad700000,0x00000096ad800000] [id=17804]
  0x000002830dd47370 ConcurrentGCThread "G1 Main Marker" [stack: 0x00000096ac200000,0x00000096ac300000] [id=19396]
  0x000002830dd47d80 ConcurrentGCThread "G1 Conc#0" [stack: 0x00000096ac300000,0x00000096ac400000] [id=27552]
  0x000002830dd98b00 ConcurrentGCThread "G1 Refine#0" [stack: 0x00000096ac400000,0x00000096ac500000] [id=14268]
  0x0000028327013ce0 ConcurrentGCThread "G1 Refine#1" [stack: 0x00000096ad800000,0x00000096ad900000] [id=6044]
  0x000002830dd99520 ConcurrentGCThread "G1 Service" [stack: 0x00000096ac500000,0x00000096ac600000] [id=5436]

Threads with active compile tasks:
C1 CompilerThread0     6392 2005   !   3       java.io.PrintStream::write (66 bytes)

VM state: not at safepoint (normal execution)

VM Mutex/Monitor currently owned by a thread: None

Heap address: 0x00000000c1400000, size: 1004 MB, Compressed Oops mode: 32-bit

CDS archive(s) not mapped
Compressed class space mapped at: 0x0000000100000000-0x0000000140000000, reserved size: 1073741824
Narrow klass base: 0x0000000000000000, Narrow klass shift: 3, Narrow klass range: 0x140000000

GC Precious Log:
 CPUs: 4 total, 4 available
 Memory: 4013M
 Large Page Support: Disabled
 NUMA Support: Disabled
 Compressed Oops: Enabled (32-bit)
 Heap Region Size: 1M
 Heap Min Capacity: 8M
 Heap Initial Capacity: 64M
 Heap Max Capacity: 1004M
 Pre-touch: Disabled
 Parallel Workers: 4
 Concurrent Workers: 1
 Concurrent Refinement Workers: 4
 Periodic GC: Disabled

Heap:
 garbage-first heap   total 48128K, used 27404K [0x00000000c1400000, 0x0000000100000000)
  region size 1024K, 2 young (2048K), 1 survivors (1024K)
 Metaspace       used 29853K, committed 30080K, reserved 1081344K
  class space    used 3401K, committed 3520K, reserved 1048576K

Heap Regions: E=young(eden), S=young(survivor), O=old, HS=humongous(starts), HC=humongous(continues), CS=collection set, F=free, OA=open archive, CA=closed archive, TAMS=top-at-mark-start (previous, next)
|   0|0x00000000c1400000, 0x00000000c1500000, 0x00000000c1500000|100%| O|  |TAMS 0x00000000c1500000, 0x00000000c1500000| Untracked 
|   1|0x00000000c1500000, 0x00000000c1600000, 0x00000000c1600000|100%| O|  |TAMS 0x00000000c1600000, 0x00000000c1600000| Untracked 
|   2|0x00000000c1600000, 0x00000000c1700000, 0x00000000c1700000|100%| O|  |TAMS 0x00000000c1700000, 0x00000000c1700000| Untracked 
|   3|0x00000000c1700000, 0x00000000c1800000, 0x00000000c1800000|100%| O|  |TAMS 0x00000000c1800000, 0x00000000c1800000| Untracked 
|   4|0x00000000c1800000, 0x00000000c1800000, 0x00000000c1900000|  0%| F|  |TAMS 0x00000000c1800000, 0x00000000c1800000| Untracked 
|   5|0x00000000c1900000, 0x00000000c1a00000, 0x00000000c1a00000|100%| O|  |TAMS 0x00000000c1900000, 0x00000000c1a00000| Untracked 
|   6|0x00000000c1a00000, 0x00000000c1b00000, 0x00000000c1b00000|100%| O|  |TAMS 0x00000000c1a00000, 0x00000000c1b00000| Untracked 
|   7|0x00000000c1b00000, 0x00000000c1c00000, 0x00000000c1c00000|100%| O|  |TAMS 0x00000000c1b00000, 0x00000000c1c00000| Untracked 
|   8|0x00000000c1c00000, 0x00000000c1c00000, 0x00000000c1d00000|  0%| F|  |TAMS 0x00000000c1c00000, 0x00000000c1c00000| Untracked 
|   9|0x00000000c1d00000, 0x00000000c1d00000, 0x00000000c1e00000|  0%| F|  |TAMS 0x00000000c1d00000, 0x00000000c1d00000| Untracked 
|  10|0x00000000c1e00000, 0x00000000c1e00000, 0x00000000c1f00000|  0%| F|  |TAMS 0x00000000c1e00000, 0x00000000c1e00000| Untracked 
|  11|0x00000000c1f00000, 0x00000000c1f00000, 0x00000000c2000000|  0%| F|  |TAMS 0x00000000c1f00000, 0x00000000c1f00000| Untracked 
|  12|0x00000000c2000000, 0x00000000c2100000, 0x00000000c2100000|100%| O|  |TAMS 0x00000000c2000000, 0x00000000c2100000| Untracked 
|  13|0x00000000c2100000, 0x00000000c21ce200, 0x00000000c2200000| 80%| O|  |TAMS 0x00000000c2100000, 0x00000000c21ce200| Untracked 
|  14|0x00000000c2200000, 0x00000000c2200000, 0x00000000c2300000|  0%| F|  |TAMS 0x00000000c2200000, 0x00000000c2200000| Untracked 
|  15|0x00000000c2300000, 0x00000000c2300000, 0x00000000c2400000|  0%| F|  |TAMS 0x00000000c2300000, 0x00000000c2300000| Untracked 
|  16|0x00000000c2400000, 0x00000000c2400000, 0x00000000c2500000|  0%| F|  |TAMS 0x00000000c2400000, 0x00000000c2400000| Untracked 
|  17|0x00000000c2500000, 0x00000000c2500000, 0x00000000c2600000|  0%| F|  |TAMS 0x00000000c2500000, 0x00000000c2500000| Untracked 
|  18|0x00000000c2600000, 0x00000000c2600000, 0x00000000c2700000|  0%| F|  |TAMS 0x00000000c2600000, 0x00000000c2600000| Untracked 
|  19|0x00000000c2700000, 0x00000000c2700000, 0x00000000c2800000|  0%| F|  |TAMS 0x00000000c2700000, 0x00000000c2700000| Untracked 
|  20|0x00000000c2800000, 0x00000000c2800000, 0x00000000c2900000|  0%| F|  |TAMS 0x00000000c2800000, 0x00000000c2800000| Untracked 
|  21|0x00000000c2900000, 0x00000000c2900000, 0x00000000c2a00000|  0%| F|  |TAMS 0x00000000c2900000, 0x00000000c2900000| Untracked 
|  22|0x00000000c2a00000, 0x00000000c2a00000, 0x00000000c2b00000|  0%| F|  |TAMS 0x00000000c2a00000, 0x00000000c2a00000| Untracked 
|  23|0x00000000c2b00000, 0x00000000c2b00000, 0x00000000c2c00000|  0%| F|  |TAMS 0x00000000c2b00000, 0x00000000c2b00000| Untracked 
|  24|0x00000000c2c00000, 0x00000000c2c00000, 0x00000000c2d00000|  0%| F|  |TAMS 0x00000000c2c00000, 0x00000000c2c00000| Untracked 
|  25|0x00000000c2d00000, 0x00000000c2df51f8, 0x00000000c2e00000| 95%| S|CS|TAMS 0x00000000c2d00000, 0x00000000c2d00000| Complete 
|  26|0x00000000c2e00000, 0x00000000c2f00000, 0x00000000c2f00000|100%|HS|  |TAMS 0x00000000c2e00000, 0x00000000c2e00000| Complete 
|  27|0x00000000c2f00000, 0x00000000c3000000, 0x00000000c3000000|100%|HC|  |TAMS 0x00000000c2f00000, 0x00000000c2f00000| Complete 
|  28|0x00000000c3000000, 0x00000000c3100000, 0x00000000c3100000|100%|HC|  |TAMS 0x00000000c3000000, 0x00000000c3000000| Complete 
|  29|0x00000000c3100000, 0x00000000c3200000, 0x00000000c3200000|100%|HC|  |TAMS 0x00000000c3100000, 0x00000000c3100000| Complete 
|  30|0x00000000c3200000, 0x00000000c3300000, 0x00000000c3300000|100%|HC|  |TAMS 0x00000000c3200000, 0x00000000c3200000| Complete 
|  31|0x00000000c3300000, 0x00000000c3400000, 0x00000000c3400000|100%|HC|  |TAMS 0x00000000c3300000, 0x00000000c3300000| Complete 
|  32|0x00000000c3400000, 0x00000000c3500000, 0x00000000c3500000|100%|HC|  |TAMS 0x00000000c3400000, 0x00000000c3400000| Complete 
|  33|0x00000000c3500000, 0x00000000c3600000, 0x00000000c3600000|100%|HC|  |TAMS 0x00000000c3500000, 0x00000000c3500000| Complete 
|  34|0x00000000c3600000, 0x00000000c3700000, 0x00000000c3700000|100%|HC|  |TAMS 0x00000000c3600000, 0x00000000c3600000| Complete 
|  35|0x00000000c3700000, 0x00000000c3800000, 0x00000000c3800000|100%|HC|  |TAMS 0x00000000c3700000, 0x00000000c3700000| Complete 
|  36|0x00000000c3800000, 0x00000000c3900000, 0x00000000c3900000|100%|HC|  |TAMS 0x00000000c3800000, 0x00000000c3800000| Complete 
|  37|0x00000000c3900000, 0x00000000c3a00000, 0x00000000c3a00000|100%|HC|  |TAMS 0x00000000c3900000, 0x00000000c3900000| Complete 
|  38|0x00000000c3a00000, 0x00000000c3b00000, 0x00000000c3b00000|100%|HC|  |TAMS 0x00000000c3a00000, 0x00000000c3a00000| Complete 
|  39|0x00000000c3b00000, 0x00000000c3c00000, 0x00000000c3c00000|100%|HC|  |TAMS 0x00000000c3b00000, 0x00000000c3b00000| Complete 
|  40|0x00000000c3c00000, 0x00000000c3d00000, 0x00000000c3d00000|100%|HC|  |TAMS 0x00000000c3c00000, 0x00000000c3c00000| Complete 
|  41|0x00000000c3d00000, 0x00000000c3e00000, 0x00000000c3e00000|100%|HC|  |TAMS 0x00000000c3d00000, 0x00000000c3d00000| Complete 
|  42|0x00000000c3e00000, 0x00000000c3f00000, 0x00000000c3f00000|100%|HC|  |TAMS 0x00000000c3e00000, 0x00000000c3e00000| Complete 
|  45|0x00000000c4100000, 0x00000000c4100000, 0x00000000c4200000|  0%| F|  |TAMS 0x00000000c4100000, 0x00000000c4100000| Untracked 
|  46|0x00000000c4200000, 0x00000000c4200000, 0x00000000c4300000|  0%| F|  |TAMS 0x00000000c4200000, 0x00000000c4200000| Untracked 
|  47|0x00000000c4300000, 0x00000000c4300000, 0x00000000c4400000|  0%| F|  |TAMS 0x00000000c4300000, 0x00000000c4300000| Untracked 
|  63|0x00000000c5300000, 0x00000000c531b320, 0x00000000c5400000| 10%| E|  |TAMS 0x00000000c5300000, 0x00000000c5300000| Complete 

Card table byte_map: [0x00000283205b0000,0x00000283207b0000] _byte_map_base: 0x000002831ffa6000

Marking Bits (Prev, Next): (CMBitMap*) 0x000002830dd3e560, (CMBitMap*) 0x000002830dd3e520
 Prev Bits: [0x0000028321960000, 0x0000028322910000)
 Next Bits: [0x00000283209b0000, 0x0000028321960000)

Polling page: 0x000002830bbd0000

Metaspace:

Usage:
  Non-class:     25.83 MB used.
      Class:      3.32 MB used.
       Both:     29.15 MB used.

Virtual space:
  Non-class space:       32.00 MB reserved,      25.94 MB ( 81%) committed,  4 nodes.
      Class space:        1.00 GB reserved,       3.44 MB ( <1%) committed,  1 nodes.
             Both:        1.03 GB reserved,      29.38 MB (  3%) committed. 

Chunk freelists:
   Non-Class:  1.62 MB
       Class:  512.00 KB
        Both:  2.12 MB

MaxMetaspaceSize: unlimited
CompressedClassSpaceSize: 1.00 GB
Initial GC threshold: 21.00 MB
Current GC threshold: 35.25 MB
CDS: off
MetaspaceReclaimPolicy: balanced
 - commit_granule_bytes: 65536.
 - commit_granule_words: 8192.
 - virtual_space_node_default_size: 1048576.
 - enlarge_chunks_in_place: 1.
 - new_chunks_are_fully_committed: 0.
 - uncommit_free_chunks: 1.
 - use_allocation_guard: 0.
 - handle_deallocations: 1.


Internal statistics:

num_allocs_failed_limit: 3.
num_arena_births: 188.
num_arena_deaths: 0.
num_vsnodes_births: 5.
num_vsnodes_deaths: 0.
num_space_committed: 470.
num_space_uncommitted: 0.
num_chunks_returned_to_freelist: 3.
num_chunks_taken_from_freelist: 736.
num_chunk_merges: 0.
num_chunk_splits: 484.
num_chunks_enlarged: 382.
num_purges: 0.
num_inconsistent_stats: 0.

CodeHeap 'non-profiled nmethods': size=120000Kb used=830Kb max_used=830Kb free=119169Kb
 bounds [0x0000028318e80000, 0x00000283190f0000, 0x00000283203b0000]
CodeHeap 'profiled nmethods': size=120000Kb used=3825Kb max_used=3825Kb free=116174Kb
 bounds [0x0000028311950000, 0x0000028311d10000, 0x0000028318e80000]
CodeHeap 'non-nmethods': size=5760Kb used=1256Kb max_used=1311Kb free=4504Kb
 bounds [0x00000283113b0000, 0x0000028311620000, 0x0000028311950000]
 total_blobs=2569 nmethods=2004 adapters=478
 compilation: enabled
              stopped_count=0, restarted_count=0
 full_count=0

Compilation events (20 events):
Event: 4.518 Thread 0x0000028324e1c3d0 1996       3       java.util.logging.LogManager$LoggerContext::requiresDefaultLoggers (29 bytes)
Event: 4.518 Thread 0x0000028324e1c3d0 nmethod 1996 0x0000028311d09b10 code [0x0000028311d09cc0, 0x0000028311d09ee8]
Event: 4.557 Thread 0x0000028324e19ab0 nmethod 1991 0x0000028318f3d090 code [0x0000028318f3d2a0, 0x0000028318f3e4f8]
Event: 4.557 Thread 0x0000028324e19ab0 1992   !   4       jdk.internal.loader.URLClassPath$JarLoader::getResource (354 bytes)
Event: 4.571 Thread 0x0000028324e1c3d0 1998       3       java.lang.reflect.Method::getRoot (5 bytes)
Event: 4.571 Thread 0x0000028324e1c3d0 nmethod 1998 0x0000028311d0a010 code [0x0000028311d0a1a0, 0x0000028311d0a2b8]
Event: 4.571 Thread 0x0000028324e1c3d0 1999       3       java.lang.Class::getMethod (59 bytes)
Event: 4.572 Thread 0x0000028324e1c3d0 nmethod 1999 0x0000028311d0a390 code [0x0000028311d0a640, 0x0000028311d0b248]
Event: 4.572 Thread 0x0000028324e1c3d0 2000       3       java.lang.Class::getMethod0 (31 bytes)
Event: 4.572 Thread 0x0000028324e1c3d0 nmethod 2000 0x0000028311d0b710 code [0x0000028311d0b8c0, 0x0000028311d0baf8]
Event: 4.622 Thread 0x0000028324e1c3d0 2003       3       jdk.internal.misc.Unsafe::checkSize (32 bytes)
Event: 4.623 Thread 0x0000028324e1c3d0 nmethod 2003 0x0000028311d0bc10 code [0x0000028311d0bdc0, 0x0000028311d0c028]
Event: 5.241 Thread 0x0000028324e19ab0 nmethod 1992 0x0000028318f3f310 code [0x0000028318f3f920, 0x0000028318f4a0e0]
Event: 5.243 Thread 0x0000028324e19ab0 1997       4       java.lang.ref.SoftReference::get (29 bytes)
Event: 5.245 Thread 0x0000028324e19ab0 nmethod 1997 0x0000028318f4e710 code [0x0000028318f4e880, 0x0000028318f4e978]
Event: 5.246 Thread 0x0000028324e19ab0 2002   !   4       java.util.zip.Inflater::inflate (418 bytes)
Event: 5.251 Thread 0x0000028324e19ab0 nmethod 2002 0x0000028318f4ea10 code [0x0000028318f4ebc0, 0x0000028318f4f278]
Event: 5.937 Thread 0x0000028324e1c3d0 2004       3       java.lang.Thread::interrupted (23 bytes)
Event: 5.937 Thread 0x0000028324e1c3d0 nmethod 2004 0x0000028311d0c110 code [0x0000028311d0c2c0, 0x0000028311d0c448]
Event: 6.321 Thread 0x0000028324e1c3d0 2005   !   3       java.io.PrintStream::write (66 bytes)

GC Heap History (14 events):
Event: 1.518 GC heap before
{Heap before GC invocations=0 (full 0):
 garbage-first heap   total 65536K, used 13312K [0x00000000c1400000, 0x0000000100000000)
  region size 1024K, 13 young (13312K), 0 survivors (0K)
 Metaspace       used 12194K, committed 12416K, reserved 1064960K
  class space    used 1151K, committed 1280K, reserved 1048576K
}
Event: 1.522 GC heap after
{Heap after GC invocations=1 (full 0):
 garbage-first heap   total 65536K, used 4581K [0x00000000c1400000, 0x0000000100000000)
  region size 1024K, 2 young (2048K), 2 survivors (2048K)
 Metaspace       used 12194K, committed 12416K, reserved 1064960K
  class space    used 1151K, committed 1280K, reserved 1048576K
}
Event: 2.350 GC heap before
{Heap before GC invocations=1 (full 0):
 garbage-first heap   total 65536K, used 15845K [0x00000000c1400000, 0x0000000100000000)
  region size 1024K, 13 young (13312K), 2 survivors (2048K)
 Metaspace       used 16853K, committed 17088K, reserved 1064960K
  class space    used 1702K, committed 1856K, reserved 1048576K
}
Event: 2.355 GC heap after
{Heap after GC invocations=2 (full 0):
 garbage-first heap   total 65536K, used 6144K [0x00000000c1400000, 0x0000000100000000)
  region size 1024K, 2 young (2048K), 2 survivors (2048K)
 Metaspace       used 16853K, committed 17088K, reserved 1064960K
  class space    used 1702K, committed 1856K, reserved 1048576K
}
Event: 3.133 GC heap before
{Heap before GC invocations=2 (full 0):
 garbage-first heap   total 65536K, used 19456K [0x00000000c1400000, 0x0000000100000000)
  region size 1024K, 16 young (16384K), 2 survivors (2048K)
 Metaspace       used 21303K, committed 21504K, reserved 1073152K
  class space    used 2286K, committed 2432K, reserved 1048576K
}
Event: 3.137 GC heap after
{Heap after GC invocations=3 (full 0):
 garbage-first heap   total 65536K, used 7429K [0x00000000c1400000, 0x0000000100000000)
  region size 1024K, 3 young (3072K), 3 survivors (3072K)
 Metaspace       used 21303K, committed 21504K, reserved 1073152K
  class space    used 2286K, committed 2432K, reserved 1048576K
}
Event: 3.756 GC heap before
{Heap before GC invocations=4 (full 0):
 garbage-first heap   total 30720K, used 21765K [0x00000000c1400000, 0x0000000100000000)
  region size 1024K, 18 young (18432K), 3 survivors (3072K)
 Metaspace       used 25734K, committed 25920K, reserved 1073152K
  class space    used 2811K, committed 2880K, reserved 1048576K
}
Event: 3.765 GC heap after
{Heap after GC invocations=5 (full 0):
 garbage-first heap   total 30720K, used 9238K [0x00000000c1400000, 0x0000000100000000)
  region size 1024K, 4 young (4096K), 4 survivors (4096K)
 Metaspace       used 25734K, committed 25920K, reserved 1073152K
  class space    used 2811K, committed 2880K, reserved 1048576K
}
Event: 3.804 GC heap before
{Heap before GC invocations=5 (full 0):
 garbage-first heap   total 30720K, used 10262K [0x00000000c1400000, 0x0000000100000000)
  region size 1024K, 5 young (5120K), 4 survivors (4096K)
 Metaspace       used 25985K, committed 26176K, reserved 1073152K
  class space    used 2861K, committed 2944K, reserved 1048576K
}
Event: 3.808 GC heap after
{Heap after GC invocations=6 (full 0):
 garbage-first heap   total 30720K, used 9580K [0x00000000c1400000, 0x0000000100000000)
  region size 1024K, 1 young (1024K), 1 survivors (1024K)
 Metaspace       used 25985K, committed 26176K, reserved 1073152K
  class space    used 2861K, committed 2944K, reserved 1048576K
}
Event: 4.471 GC heap before
{Heap before GC invocations=6 (full 0):
 garbage-first heap   total 30720K, used 18796K [0x00000000c1400000, 0x0000000100000000)
  region size 1024K, 11 young (11264K), 1 survivors (1024K)
 Metaspace       used 28776K, committed 28992K, reserved 1081344K
  class space    used 3238K, committed 3328K, reserved 1048576K
}
Event: 4.474 GC heap after
{Heap after GC invocations=7 (full 0):
 garbage-first heap   total 30720K, used 9755K [0x00000000c1400000, 0x0000000100000000)
  region size 1024K, 1 young (1024K), 1 survivors (1024K)
 Metaspace       used 28776K, committed 28992K, reserved 1081344K
  class space    used 3238K, committed 3328K, reserved 1048576K
}
Event: 4.651 GC heap before
{Heap before GC invocations=7 (full 0):
 garbage-first heap   total 30720K, used 12827K [0x00000000c1400000, 0x0000000100000000)
  region size 1024K, 5 young (5120K), 1 survivors (1024K)
 Metaspace       used 29814K, committed 30080K, reserved 1081344K
  class space    used 3396K, committed 3520K, reserved 1048576K
}
Event: 4.653 GC heap after
{Heap after GC invocations=8 (full 0):
 garbage-first heap   total 30720K, used 9996K [0x00000000c1400000, 0x0000000100000000)
  region size 1024K, 1 young (1024K), 1 survivors (1024K)
 Metaspace       used 29814K, committed 30080K, reserved 1081344K
  class space    used 3396K, committed 3520K, reserved 1048576K
}

Deoptimization events (20 events):
Event: 3.355 Thread 0x000002830dd0f310 Uncommon trap: trap_request=0xffffff45 fr.pc=0x0000028318ef5544 relative=0x00000000000001c4
Event: 3.355 Thread 0x000002830dd0f310 Uncommon trap: reason=unstable_if action=reinterpret pc=0x0000028318ef5544 method=java.util.HashMap.putVal(ILjava/lang/Object;Ljava/lang/Object;ZZ)Ljava/lang/Object; @ 162 c2
Event: 3.356 Thread 0x000002830dd0f310 DEOPT PACKING pc=0x0000028318ef5544 sp=0x00000096ac0f8d60
Event: 3.356 Thread 0x000002830dd0f310 DEOPT UNPACKING pc=0x00000283114023a3 sp=0x00000096ac0f8cf0 mode 2
Event: 3.837 Thread 0x000002830dd0f310 Uncommon trap: trap_request=0xffffff45 fr.pc=0x0000028318ef3a20 relative=0x0000000000000580
Event: 3.837 Thread 0x000002830dd0f310 Uncommon trap: reason=unstable_if action=reinterpret pc=0x0000028318ef3a20 method=java.lang.String.replace(CC)Ljava/lang/String; @ 2 c2
Event: 3.837 Thread 0x000002830dd0f310 DEOPT PACKING pc=0x0000028318ef3a20 sp=0x00000096ac0fd490
Event: 3.837 Thread 0x000002830dd0f310 DEOPT UNPACKING pc=0x00000283114023a3 sp=0x00000096ac0fd440 mode 2
Event: 3.866 Thread 0x0000028324e0d870 Uncommon trap: trap_request=0xffffff45 fr.pc=0x0000028318f08374 relative=0x00000000000000d4
Event: 3.866 Thread 0x0000028324e0d870 Uncommon trap: reason=unstable_if action=reinterpret pc=0x0000028318f08374 method=java.lang.CharacterDataLatin1.digit(II)I @ 12 c2
Event: 3.866 Thread 0x0000028324e0d870 DEOPT PACKING pc=0x0000028318f08374 sp=0x00000096ae0fea90
Event: 3.866 Thread 0x0000028324e0d870 DEOPT UNPACKING pc=0x00000283114023a3 sp=0x00000096ae0fe948 mode 2
Event: 3.881 Thread 0x0000028324e0d870 Uncommon trap: trap_request=0xffffff45 fr.pc=0x0000028318f087c8 relative=0x00000000000000a8
Event: 3.881 Thread 0x0000028324e0d870 Uncommon trap: reason=unstable_if action=reinterpret pc=0x0000028318f087c8 method=java.lang.CharacterDataLatin1.digit(II)I @ 12 c2
Event: 3.881 Thread 0x0000028324e0d870 DEOPT PACKING pc=0x0000028318f087c8 sp=0x00000096ae0fe9e0
Event: 3.881 Thread 0x0000028324e0d870 DEOPT UNPACKING pc=0x00000283114023a3 sp=0x00000096ae0fe958 mode 2
Event: 4.165 Thread 0x000002830dd0f310 Uncommon trap: trap_request=0xffffff45 fr.pc=0x0000028318f2a104 relative=0x0000000000000084
Event: 4.165 Thread 0x000002830dd0f310 Uncommon trap: reason=unstable_if action=reinterpret pc=0x0000028318f2a104 method=java.lang.CharacterDataLatin1.isWhitespace(I)Z @ 14 c2
Event: 4.165 Thread 0x000002830dd0f310 DEOPT PACKING pc=0x0000028318f2a104 sp=0x00000096ac0fd310
Event: 4.165 Thread 0x000002830dd0f310 DEOPT UNPACKING pc=0x00000283114023a3 sp=0x00000096ac0fd280 mode 2

Classes unloaded (0 events):
No events

Classes redefined (0 events):
No events

Internal exceptions (20 events):
Event: 3.863 Thread 0x0000028324e0ebb0 Exception <a 'java/lang/NoSuchMethodError'{0x00000000c42057b0}: 'java.lang.Object java.lang.invoke.DirectMethodHandle$Holder.newInvokeSpecial(java.lang.Object, long)'> (0x00000000c42057b0) 
thrown [e:\jenkins\tmp\workspace\build\src\src\hotspot\share\interpreter\linkResolver.cpp, line 766]
Event: 3.866 Thread 0x0000028324e0ebb0 Exception <a 'java/lang/NoSuchMethodError'{0x00000000c420faa0}: 'java.lang.Object java.lang.invoke.DirectMethodHandle$Holder.invokeStaticInit(java.lang.Object, java.lang.Object, long, java.lang.Object)'> (0x00000000c420faa0) 
thrown [e:\jenkins\tmp\workspace\build\src\src\hotspot\share\interpreter\linkResolver.cpp, line 766]
Event: 3.867 Thread 0x0000028324e0d870 Exception <a 'java/net/ConnectException'{0x00000000c53f5fa0}: Connection refused: no further information> (0x00000000c53f5fa0) 
thrown [e:\jenkins\tmp\workspace\build\src\src\hotspot\share\prims\jni.cpp, line 535]
Event: 3.867 Thread 0x0000028324e0d870 Exception <a 'java/net/SocketException'{0x00000000c53f62d8}: Socket is not connected: shutdown> (0x00000000c53f62d8) 
thrown [e:\jenkins\tmp\workspace\build\src\src\hotspot\share\prims\jni.cpp, line 535]
Event: 3.868 Thread 0x0000028324e0ebb0 Exception <a 'java/lang/NoSuchMethodError'{0x00000000c4215d40}: 'java.lang.Object java.lang.invoke.DirectMethodHandle$Holder.newInvokeSpecial(java.lang.Object, java.lang.Object, long)'> (0x00000000c4215d40) 
thrown [e:\jenkins\tmp\workspace\build\src\src\hotspot\share\interpreter\linkResolver.cpp, line 766]
Event: 3.868 Thread 0x0000028324e0ebb0 Exception <a 'java/lang/NoSuchMethodError'{0x00000000c42198b0}: 'java.lang.Object java.lang.invoke.Invokers$Holder.linkToTargetMethod(java.lang.Object, long, java.lang.Object)'> (0x00000000c42198b0) 
thrown [e:\jenkins\tmp\workspace\build\src\src\hotspot\share\interpreter\linkResolver.cpp, line 766]
Event: 3.881 Thread 0x0000028324e0d870 Exception <a 'java/net/ConnectException'{0x00000000c53f7340}: Connection refused: no further information> (0x00000000c53f7340) 
thrown [e:\jenkins\tmp\workspace\build\src\src\hotspot\share\prims\jni.cpp, line 535]
Event: 3.882 Thread 0x0000028324e0d870 Exception <a 'java/net/SocketException'{0x00000000c53f7678}: Socket is not connected: shutdown> (0x00000000c53f7678) 
thrown [e:\jenkins\tmp\workspace\build\src\src\hotspot\share\prims\jni.cpp, line 535]
Event: 3.916 Thread 0x0000028324e0d870 Exception <a 'java/net/ConnectException'{0x00000000c53f8610}: Connection refused: no further information> (0x00000000c53f8610) 
thrown [e:\jenkins\tmp\workspace\build\src\src\hotspot\share\prims\jni.cpp, line 535]
Event: 3.916 Thread 0x0000028324e0d870 Exception <a 'java/net/SocketException'{0x00000000c53f8948}: Socket is not connected: shutdown> (0x00000000c53f8948) 
thrown [e:\jenkins\tmp\workspace\build\src\src\hotspot\share\prims\jni.cpp, line 535]
Event: 3.957 Thread 0x0000028324e0d870 Exception <a 'java/net/ConnectException'{0x00000000c53f98e0}: Connection refused: no further information> (0x00000000c53f98e0) 
thrown [e:\jenkins\tmp\workspace\build\src\src\hotspot\share\prims\jni.cpp, line 535]
Event: 3.962 Thread 0x0000028324e0d870 Exception <a 'java/net/SocketException'{0x00000000c53f9c18}: Socket is not connected: shutdown> (0x00000000c53f9c18) 
thrown [e:\jenkins\tmp\workspace\build\src\src\hotspot\share\prims\jni.cpp, line 535]
Event: 4.073 Thread 0x000002830dd0f310 Exception <a 'java/lang/NoSuchMethodError'{0x00000000c42c95e0}: 'double java.lang.invoke.DirectMethodHandle$Holder.invokeVirtual(java.lang.Object, java.lang.Object)'> (0x00000000c42c95e0) 
thrown [e:\jenkins\tmp\workspace\build\src\src\hotspot\share\interpreter\linkResolver.cpp, line 766]
Event: 4.074 Thread 0x000002830dd0f310 Exception <a 'java/lang/NoSuchMethodError'{0x00000000c42d01d8}: 'float java.lang.invoke.DirectMethodHandle$Holder.invokeVirtual(java.lang.Object, java.lang.Object)'> (0x00000000c42d01d8) 
thrown [e:\jenkins\tmp\workspace\build\src\src\hotspot\share\interpreter\linkResolver.cpp, line 766]
Event: 4.081 Thread 0x000002830dd0f310 Exception <a 'java/lang/NoSuchMethodError'{0x00000000c42d91b8}: 'long java.lang.invoke.DirectMethodHandle$Holder.invokeVirtual(java.lang.Object, java.lang.Object)'> (0x00000000c42d91b8) 
thrown [e:\jenkins\tmp\workspace\build\src\src\hotspot\share\interpreter\linkResolver.cpp, line 766]
Event: 4.136 Thread 0x000002830dd0f310 Exception <a 'java/lang/NoSuchMethodError'{0x00000000c2d24960}: 'void java.lang.invoke.DirectMethodHandle$Holder.invokeSpecial(java.lang.Object, java.lang.Object, java.lang.Object, java.lang.Object, java.lang.Object)'> (0x00000000c2d24960) 
thrown [e:\jenkins\tmp\workspace\build\src\src\hotspot\share\interpreter\linkResolver.cpp, line 766]
Event: 4.137 Thread 0x000002830dd0f310 Exception <a 'java/lang/NoSuchMethodError'{0x00000000c2d2b840}: 'void java.lang.invoke.DirectMethodHandle$Holder.invokeStatic(java.lang.Object, java.lang.Object, int)'> (0x00000000c2d2b840) 
thrown [e:\jenkins\tmp\workspace\build\src\src\hotspot\share\interpreter\linkResolver.cpp, line 766]
Event: 4.170 Thread 0x000002830dd0f310 Exception <a 'java/lang/NoSuchMethodError'{0x00000000c2de6f90}: 'java.lang.Object java.lang.invoke.DirectMethodHandle$Holder.newInvokeSpecial(java.lang.Object, java.lang.Object, java.lang.Object, java.lang.Object, java.lang.Object)'> (0x00000000c2de6f90) 
thrown [e:\jenkins\tmp\workspace\build\src\src\hotspot\share\interpreter\linkResolver.cpp, line 766]
Event: 4.206 Thread 0x000002830dd0f310 Exception <a 'java/lang/NoSuchMethodError'{0x00000000c2cbcd30}: 'int java.lang.invoke.DirectMethodHandle$Holder.invokeSpecialIFC(java.lang.Object, java.lang.Object, java.lang.Object)'> (0x00000000c2cbcd30) 
thrown [e:\jenkins\tmp\workspace\build\src\src\hotspot\share\interpreter\linkResolver.cpp, line 766]
Event: 4.365 Thread 0x000002830dd0f310 Exception <a 'java/lang/NoSuchMethodError'{0x00000000c281ccf8}: 'void java.lang.invoke.DirectMethodHandle$Holder.invokeSpecial(java.lang.Object, java.lang.Object, java.lang.Object, java.lang.Object, java.lang.Object, java.lang.Object)'> (0x00000000c281ccf8) 
thrown [e:\jenkins\tmp\workspace\build\src\src\hotspot\share\interpreter\linkResolver.cpp, line 766]

VM Operations (20 events):
Event: 3.151 Executing VM operation: G1Concurrent
Event: 3.151 Executing VM operation: G1Concurrent done
Event: 3.756 Executing VM operation: G1CollectForAllocation
Event: 3.765 Executing VM operation: G1CollectForAllocation done
Event: 3.804 Executing VM operation: G1CollectForAllocation
Event: 3.808 Executing VM operation: G1CollectForAllocation done
Event: 4.053 Executing VM operation: HandshakeAllThreads
Event: 4.053 Executing VM operation: HandshakeAllThreads done
Event: 4.053 Executing VM operation: HandshakeAllThreads
Event: 4.053 Executing VM operation: HandshakeAllThreads done
Event: 4.055 Executing VM operation: HandshakeAllThreads
Event: 4.055 Executing VM operation: HandshakeAllThreads done
Event: 4.266 Executing VM operation: HandshakeAllThreads
Event: 4.266 Executing VM operation: HandshakeAllThreads done
Event: 4.471 Executing VM operation: G1CollectForAllocation
Event: 4.474 Executing VM operation: G1CollectForAllocation done
Event: 4.651 Executing VM operation: G1TryInitiateConcMark
Event: 4.653 Executing VM operation: G1TryInitiateConcMark done
Event: 5.654 Executing VM operation: Cleanup
Event: 5.654 Executing VM operation: Cleanup done

Events (20 events):
Event: 4.507 loading class java/lang/invoke/ConstantBootstraps
Event: 4.512 loading class java/lang/invoke/ConstantBootstraps done
Event: 4.581 loading class java/nio/channels/UnsupportedAddressTypeException
Event: 4.581 loading class java/nio/channels/UnsupportedAddressTypeException done
Event: 4.586 loading class java/nio/channels/spi/AbstractSelector$1
Event: 4.586 loading class java/nio/channels/spi/AbstractSelector$1 done
Event: 4.600 loading class java/io/PushbackInputStream
Event: 4.600 loading class java/io/PushbackInputStream done
Event: 4.640 loading class java/nio/charset/IllegalCharsetNameException
Event: 4.640 loading class java/nio/charset/IllegalCharsetNameException done
Event: 4.640 loading class java/nio/charset/UnsupportedCharsetException
Event: 4.640 loading class java/nio/charset/UnsupportedCharsetException done
Event: 4.672 loading class sun/nio/ch/IOVecWrapper
Event: 4.672 loading class sun/nio/ch/IOVecWrapper done
Event: 4.672 loading class sun/nio/ch/AllocatedNativeObject
Event: 4.672 loading class sun/nio/ch/NativeObject
Event: 4.673 loading class sun/nio/ch/NativeObject done
Event: 4.673 loading class sun/nio/ch/AllocatedNativeObject done
Event: 4.673 loading class sun/nio/ch/IOVecWrapper$Deallocator
Event: 4.673 loading class sun/nio/ch/IOVecWrapper$Deallocator done


Dynamic libraries:
0x00007ff625dc0000 - 0x00007ff625dce000 	C:\Users\anamendra.y(2420)\.p2\pool\plugins\org.eclipse.justj.openjdk.hotspot.jre.full.win32.x86_64_17.0.1.v20211116-1657\jre\bin\javaw.exe
0x00007ff9be570000 - 0x00007ff9be765000 	C:\WINDOWS\SYSTEM32\ntdll.dll
0x00007ff9bd680000 - 0x00007ff9bd73e000 	C:\WINDOWS\System32\KERNEL32.DLL
0x00007ff9bc290000 - 0x00007ff9bc558000 	C:\WINDOWS\System32\KERNELBASE.dll
0x00007ff9bbe70000 - 0x00007ff9bbf70000 	C:\WINDOWS\System32\ucrtbase.dll
0x00007ff9b3db0000 - 0x00007ff9b3dc8000 	C:\Users\anamendra.y(2420)\.p2\pool\plugins\org.eclipse.justj.openjdk.hotspot.jre.full.win32.x86_64_17.0.1.v20211116-1657\jre\bin\jli.dll
0x00007ff9ad4e0000 - 0x00007ff9ad4f9000 	C:\Users\anamendra.y(2420)\.p2\pool\plugins\org.eclipse.justj.openjdk.hotspot.jre.full.win32.x86_64_17.0.1.v20211116-1657\jre\bin\VCRUNTIME140.dll
0x00007ff9bcc40000 - 0x00007ff9bcde1000 	C:\WINDOWS\System32\USER32.dll
0x00007ff9bbde0000 - 0x00007ff9bbe02000 	C:\WINDOWS\System32\win32u.dll
0x00007ff9be4a0000 - 0x00007ff9be4cb000 	C:\WINDOWS\System32\GDI32.dll
0x00007ff9bbf70000 - 0x00007ff9bc07d000 	C:\WINDOWS\System32\gdi32full.dll
0x00007ff9aa830000 - 0x00007ff9aaaca000 	C:\WINDOWS\WinSxS\amd64_microsoft.windows.common-controls_6595b64144ccf1df_6.0.19041.1110_none_60b5254171f9507e\COMCTL32.dll
0x00007ff9bbd40000 - 0x00007ff9bbddd000 	C:\WINDOWS\System32\msvcp_win.dll
0x00007ff9bcae0000 - 0x00007ff9bcb7e000 	C:\WINDOWS\System32\msvcrt.dll
0x00007ff9bc960000 - 0x00007ff9bc990000 	C:\WINDOWS\System32\IMM32.DLL
0x00007ff9b9360000 - 0x00007ff9b936c000 	C:\Users\anamendra.y(2420)\.p2\pool\plugins\org.eclipse.justj.openjdk.hotspot.jre.full.win32.x86_64_17.0.1.v20211116-1657\jre\bin\vcruntime140_1.dll
0x00007ff98e670000 - 0x00007ff98e701000 	C:\Users\anamendra.y(2420)\.p2\pool\plugins\org.eclipse.justj.openjdk.hotspot.jre.full.win32.x86_64_17.0.1.v20211116-1657\jre\bin\msvcp140.dll
0x00007ff9555f0000 - 0x00007ff956236000 	C:\Users\anamendra.y(2420)\.p2\pool\plugins\org.eclipse.justj.openjdk.hotspot.jre.full.win32.x86_64_17.0.1.v20211116-1657\jre\bin\server\jvm.dll
0x00007ff9bcb80000 - 0x00007ff9bcc2c000 	C:\WINDOWS\System32\ADVAPI32.dll
0x00007ff9bca40000 - 0x00007ff9bcadb000 	C:\WINDOWS\System32\sechost.dll
0x00007ff9bd740000 - 0x00007ff9bd86a000 	C:\WINDOWS\System32\RPCRT4.dll
0x00007ff9bcc30000 - 0x00007ff9bcc38000 	C:\WINDOWS\System32\PSAPI.DLL
0x00007ff9a9260000 - 0x00007ff9a9269000 	C:\WINDOWS\SYSTEM32\WSOCK32.dll
0x00007ff9bda20000 - 0x00007ff9bda8b000 	C:\WINDOWS\System32\WS2_32.dll
0x00007ff9adbd0000 - 0x00007ff9adbf7000 	C:\WINDOWS\SYSTEM32\WINMM.dll
0x00007ff9baa60000 - 0x00007ff9baa6a000 	C:\WINDOWS\SYSTEM32\VERSION.dll
0x00007ff9baa20000 - 0x00007ff9baa32000 	C:\WINDOWS\SYSTEM32\kernel.appcore.dll
0x00007ff9b4040000 - 0x00007ff9b404a000 	C:\Users\anamendra.y(2420)\.p2\pool\plugins\org.eclipse.justj.openjdk.hotspot.jre.full.win32.x86_64_17.0.1.v20211116-1657\jre\bin\jimage.dll
0x00007ff9a9900000 - 0x00007ff9a9ae4000 	C:\WINDOWS\SYSTEM32\DBGHELP.DLL
0x00007ff9a9880000 - 0x00007ff9a98ac000 	C:\WINDOWS\SYSTEM32\dbgcore.DLL
0x00007ff9bbc80000 - 0x00007ff9bbd02000 	C:\WINDOWS\System32\bcryptPrimitives.dll
0x00007ff9acb70000 - 0x00007ff9acb95000 	C:\Users\anamendra.y(2420)\.p2\pool\plugins\org.eclipse.justj.openjdk.hotspot.jre.full.win32.x86_64_17.0.1.v20211116-1657\jre\bin\java.dll
0x00007ff9b3b90000 - 0x00007ff9b3ba8000 	C:\Users\anamendra.y(2420)\.p2\pool\plugins\org.eclipse.justj.openjdk.hotspot.jre.full.win32.x86_64_17.0.1.v20211116-1657\jre\bin\zip.dll
0x00007ff9bcf20000 - 0x00007ff9bd664000 	C:\WINDOWS\System32\SHELL32.dll
0x00007ff9b9bb0000 - 0x00007ff9ba344000 	C:\WINDOWS\SYSTEM32\windows.storage.dll
0x00007ff9be140000 - 0x00007ff9be495000 	C:\WINDOWS\System32\combase.dll
0x00007ff9bb600000 - 0x00007ff9bb62e000 	C:\WINDOWS\SYSTEM32\Wldp.dll
0x00007ff9bc750000 - 0x00007ff9bc7fd000 	C:\WINDOWS\System32\SHCORE.dll
0x00007ff9bc6f0000 - 0x00007ff9bc745000 	C:\WINDOWS\System32\shlwapi.dll
0x00007ff9bbbc0000 - 0x00007ff9bbbdf000 	C:\WINDOWS\SYSTEM32\profapi.dll
0x00007ff9adac0000 - 0x00007ff9adad9000 	C:\Users\anamendra.y(2420)\.p2\pool\plugins\org.eclipse.justj.openjdk.hotspot.jre.full.win32.x86_64_17.0.1.v20211116-1657\jre\bin\net.dll
0x00007ff9ad740000 - 0x00007ff9ad84c000 	C:\WINDOWS\SYSTEM32\WINHTTP.dll
0x00007ff9bb360000 - 0x00007ff9bb3ca000 	C:\WINDOWS\system32\mswsock.dll
0x00007ff9ad900000 - 0x00007ff9ad915000 	C:\Users\anamendra.y(2420)\.p2\pool\plugins\org.eclipse.justj.openjdk.hotspot.jre.full.win32.x86_64_17.0.1.v20211116-1657\jre\bin\nio.dll
0x00007ff9bb090000 - 0x00007ff9bb15b000 	C:\WINDOWS\SYSTEM32\DNSAPI.dll
0x00007ff9bb050000 - 0x00007ff9bb08b000 	C:\WINDOWS\SYSTEM32\IPHLPAPI.DLL
0x00007ff9bdc50000 - 0x00007ff9bdc58000 	C:\WINDOWS\System32\NSI.dll
0x00007ff9af1e0000 - 0x00007ff9af1ea000 	C:\Windows\System32\rasadhlp.dll
0x00007ff9b6f90000 - 0x00007ff9b700f000 	C:\WINDOWS\System32\fwpuclnt.dll
0x00007ff9bbd10000 - 0x00007ff9bbd37000 	C:\WINDOWS\System32\bcrypt.dll
0x00007ff9bb560000 - 0x00007ff9bb578000 	C:\WINDOWS\SYSTEM32\CRYPTSP.dll
0x00007ff9bace0000 - 0x00007ff9bad14000 	C:\WINDOWS\system32\rsaenh.dll
0x00007ff9bbb80000 - 0x00007ff9bbbae000 	C:\WINDOWS\SYSTEM32\USERENV.dll
0x00007ff9bb550000 - 0x00007ff9bb55c000 	C:\WINDOWS\SYSTEM32\CRYPTBASE.dll
0x00007ff9b6d80000 - 0x00007ff9b6d97000 	C:\WINDOWS\SYSTEM32\dhcpcsvc6.DLL
0x00007ff9b6d60000 - 0x00007ff9b6d7d000 	C:\WINDOWS\SYSTEM32\dhcpcsvc.DLL
0x00007ff9aa790000 - 0x00007ff9aa7a7000 	C:\WINDOWS\system32\napinsp.dll
0x00007ff9aa7b0000 - 0x00007ff9aa7cb000 	C:\WINDOWS\system32\pnrpnsp.dll
0x00007ff9aa810000 - 0x00007ff9aa825000 	C:\WINDOWS\system32\wshbth.dll
0x00007ff9b7560000 - 0x00007ff9b757d000 	C:\WINDOWS\system32\NLAapi.dll
0x00007ff9aab80000 - 0x00007ff9aab92000 	C:\WINDOWS\System32\winrnr.dll
0x00007ff9b4030000 - 0x00007ff9b4040000 	C:\Users\anamendra.y(2420)\.p2\pool\plugins\org.eclipse.justj.openjdk.hotspot.jre.full.win32.x86_64_17.0.1.v20211116-1657\jre\bin\verify.dll
0x00007ff9b3d80000 - 0x00007ff9b3d89000 	C:\Users\anamendra.y(2420)\.p2\pool\plugins\org.eclipse.justj.openjdk.hotspot.jre.full.win32.x86_64_17.0.1.v20211116-1657\jre\bin\management.dll
0x00007ff9b3d70000 - 0x00007ff9b3d7b000 	C:\Users\anamendra.y(2420)\.p2\pool\plugins\org.eclipse.justj.openjdk.hotspot.jre.full.win32.x86_64_17.0.1.v20211116-1657\jre\bin\management_ext.dll
0x00007ff9b3d60000 - 0x00007ff9b3d6e000 	C:\Users\anamendra.y(2420)\.p2\pool\plugins\org.eclipse.justj.openjdk.hotspot.jre.full.win32.x86_64_17.0.1.v20211116-1657\jre\bin\sunmscapi.dll
0x00007ff9bc130000 - 0x00007ff9bc286000 	C:\WINDOWS\System32\CRYPT32.dll
0x00007ff9bb670000 - 0x00007ff9bb697000 	C:\WINDOWS\SYSTEM32\ncrypt.dll
0x00007ff9bb630000 - 0x00007ff9bb66b000 	C:\WINDOWS\SYSTEM32\NTASN1.dll
0x00007ff9b77d0000 - 0x00007ff9b77d7000 	C:\WINDOWS\system32\wshunix.dll

dbghelp: loaded successfully - version: 4.0.5 - missing functions: none
symbol engine: initialized successfully - sym options: 0x614 - pdb path: .;C:\Users\anamendra.y(2420)\.p2\pool\plugins\org.eclipse.justj.openjdk.hotspot.jre.full.win32.x86_64_17.0.1.v20211116-1657\jre\bin;C:\WINDOWS\SYSTEM32;C:\WINDOWS\WinSxS\amd64_microsoft.windows.common-controls_6595b64144ccf1df_6.0.19041.1110_none_60b5254171f9507e;C:\Users\anamendra.y(2420)\.p2\pool\plugins\org.eclipse.justj.openjdk.hotspot.jre.full.win32.x86_64_17.0.1.v20211116-1657\jre\bin\server

VM Arguments:
jvm_args: -ea -Dfile.encoding=Cp1252 -XX:+ShowCodeDetailsInExceptionMessages 
java_command: org.testng.remote.RemoteTestNG -serport 50383 -protocol json -d C:\Users\anamendra.y(2420)\eclipse-workspace\automateDemo\test-output C:\Users\anamendra.y(2420)\eclipse-workspace\automateDemo\testng.xml
java_class_path (initial): C:\Users\anamendra.y(2420)\eclipse\java-2021-12\eclipse\configuration\org.eclipse.osgi\429\0\.cp\lib\testng-remote.jar;C:\Users\anamendra.y(2420)\eclipse-workspace\automateDemo\target\test-classes;C:\Users\anamendra.y(2420)\eclipse-workspace\automateDemo\target\classes;C:\Users\anamendra.y(2420)\.p2\pool\plugins\org.testng_7.4.0.r202105021533.jar;C:\Users\anamendra.y(2420)\.p2\pool\plugins\com.beust.jcommander_1.78.0.jar;C:\Users\anamendra.y(2420)\.p2\pool\plugins\org.apache-extras.beanshell.bsh_2.0.0.b6.jar;C:\Users\anamendra.y(2420)\.p2\pool\plugins\org.yaml.snakeyaml_1.21.0.jar;C:\Users\anamendra.y(2420)\.p2\pool\plugins\org.webjars.jquery_3.5.1.jar;C:\Users\anamendra.y(2420)\.m2\repository\org\seleniumhq\selenium\selenium-java\4.1.1\selenium-java-4.1.1.jar;C:\Users\anamendra.y(2420)\.m2\repository\org\seleniumhq\selenium\selenium-api\4.1.1\selenium-api-4.1.1.jar;C:\Users\anamendra.y(2420)\.m2\repository\org\seleniumhq\selenium\selenium-chrome-driver\4.1.1\selenium-chrome-driver-4.1.1.jar;C:\Users\anamendra.y(2420)\.m2\repository\com\google\auto\service\auto-service-annotations\1.0.1\auto-service-annotations-1.0.1.jar;C:\Users\anamendra.y(2420)\.m2\repository\com\google\auto\service\auto-service\1.0.1\auto-service-1.0.1.jar;C:\Users\anamendra.y(2420)\.m2\repository\com\google\auto\auto-common\1.2\auto-common-1.2.jar;C:\Users\anamendra.y(2420)\.m2\repository\com\google\guava\guava\31.0.1-jre\guava-31.0.1-jre.jar;C:\Users\anamendra.y(2420)\.m2\repository\com\google\guava\failureaccess\1.0.1\failureaccess-1.0.1.jar;C:\Users\anamendra.y(2420)\.m2\repository\com\google\guava\listenablefuture\9999.0-empty-to-avoid-conflict-with-guava\listenablefuture-9999.0-empty-to-avoid-conflict-with-guava.jar;C:\Users\anamendra.y(2420)\.m2\repository\com\google\code\findbugs\jsr305\3.0.2\jsr305-3.0.2.jar;C:\Users\anamendra.y(2420)\.m2\repository\org\checkerframework\checker-qual\3.12.0\checker-qual-3.12.0.jar;C:\Users\anamendra.y(2420)\.m2\repository\com
Launcher Type: SUN_STANDARD

[Global flags]
     intx CICompilerCount                          = 3                                         {product} {ergonomic}
     uint ConcGCThreads                            = 1                                         {product} {ergonomic}
     uint G1ConcRefinementThreads                  = 4                                         {product} {ergonomic}
   size_t G1HeapRegionSize                         = 1048576                                   {product} {ergonomic}
    uintx GCDrainStackTargetSize                   = 64                                        {product} {ergonomic}
   size_t InitialHeapSize                          = 67108864                                  {product} {ergonomic}
   size_t MarkStackSize                            = 4194304                                   {product} {ergonomic}
   size_t MaxHeapSize                              = 1052770304                                {product} {ergonomic}
   size_t MaxNewSize                               = 631242752                                 {product} {ergonomic}
   size_t MinHeapDeltaBytes                        = 1048576                                   {product} {ergonomic}
   size_t MinHeapSize                              = 8388608                                   {product} {ergonomic}
    uintx NonNMethodCodeHeapSize                   = 5832780                                {pd product} {ergonomic}
    uintx NonProfiledCodeHeapSize                  = 122912730                              {pd product} {ergonomic}
    uintx ProfiledCodeHeapSize                     = 122912730                              {pd product} {ergonomic}
    uintx ReservedCodeCacheSize                    = 251658240                              {pd product} {ergonomic}
     bool SegmentedCodeCache                       = true                                      {product} {ergonomic}
     bool ShowCodeDetailsInExceptionMessages       = true                                   {manageable} {command line}
   size_t SoftMaxHeapSize                          = 1052770304                             {manageable} {ergonomic}
     bool UseCompressedClassPointers               = true                           {product lp64_product} {ergonomic}
     bool UseCompressedOops                        = true                           {product lp64_product} {ergonomic}
     bool UseG1GC                                  = true                                      {product} {ergonomic}
     bool UseLargePagesIndividualAllocation        = false                                  {pd product} {ergonomic}

Logging:
Log output configuration:
 #0: stdout all=warning uptime,level,tags
 #1: stderr all=off uptime,level,tags

Environment Variables:
PATH=C:/Users/anamendra.y(2420)/.p2/pool/plugins/org.eclipse.justj.openjdk.hotspot.jre.full.win32.x86_64_17.0.1.v20211116-1657/jre/bin/server;C:/Users/anamendra.y(2420)/.p2/pool/plugins/org.eclipse.justj.openjdk.hotspot.jre.full.win32.x86_64_17.0.1.v20211116-1657/jre/bin;"C:\Program Files\nodejs\node_modules\npm\bin;C:\Users\anamendra.y(2420)\Downloads\chromedriver_win32;";C:\Python310\;C:\Program Files (x86)\Common Files\Oracle\Java\javapath;C:\Program Files (x86)\Intel\iCLS Client\;C:\Users\anamendra.y(2420)\Downloads\apache-ant-1.10.12\apache-ant-1.10.12\bin;C:\Program Files\Intel\iCLS Client\;C:\WINDOWS\system32;C:\WINDOWS;C:\WINDOWS\System32\Wbem;C:\WINDOWS\System32\WindowsPowerShell\v1.0\;C:\Program Files\Intel\Intel(R) Management Engine Components\DAL;C:\Program Files\Intel\Intel(R) Management Engine Components\IPT;C:\Program Files (x86)\Intel\Intel(R) Management Engine Components\DAL;C:\Program Files (x86)\Intel\Intel(R) Management Engine Components\IPT;C:\WINDOWS\System32\OpenSSH\;D:\Softwares\apache-jmeter-5.2.1\apache-jmeter-5.2.1\bin;D:\apache-ant-1.9.9\bin;C:\Program Files\Git\cmd;C:\Program Files\nodejs\;C:\Program Files (x86)\dotnet\;C:\ProgramData\chocolatey\bin;C:\Program Files\Microsoft VS Code\bin;C:\apache-maven-3.8.4\bin;C:\Program Files\dotnet\;C:\Users\anamendra.y(2420)\AppData\Local\Microsoft\WindowsApps;C:\Users\anamendra.y(2420)\AppData\Roaming\npm;C:\Users\anamendra.y(2420)\.dotnet\tools;C:\WINDOWS\system32;
USERNAME=anamendra.y(2420)
OS=Windows_NT
PROCESSOR_IDENTIFIER=Intel64 Family 6 Model 60 Stepping 3, GenuineIntel



---------------  S Y S T E M  ---------------

OS:
 Windows 10 , 64 bit Build 19041 (10.0.19041.1348)
OS uptime: 25 days 4:01 hours

CPU: total 4 (initial active 4) (4 cores per cpu, 1 threads per core) family 6 model 60 stepping 3 microcode 0x27, cx8, cmov, fxsr, mmx, sse, sse2, sse3, ssse3, sse4.1, sse4.2, popcnt, lzcnt, tsc, tscinvbit, avx, avx2, aes, erms, clmul, bmi1, bmi2, fma, vzeroupper, clflush

Memory: 4k page, system-wide physical 4013M (347M free)
TotalPageFile size 10526M (AvailPageFile size 0M)
current process WorkingSet (physical memory assigned to process): 140M, peak: 168M
current process commit charge ("private bytes"): 167M, peak: 197M

vm_info: OpenJDK 64-Bit Server VM (17.0.1+12) for windows-amd64 JRE (17.0.1+12), built on Oct 20 2021 07:42:55 by "" with MS VC++ 16.7 (VS2019)

END.
